2023-11-06 10:05:34.3406–DEBUG–D:\YQRepos\SuperCarter\SuperCarter-main\SuperCarter\SuperCarter\bin\Debug\\config\PortCandidatelist.json
2023-11-06 10:05:34.3449–DEBUG–ReadPortCandidatelist
2023-11-06 10:05:45.1032–DEBUG–Auto_save_candidaters_process...
2023-11-06 10:05:45.1360–DEBUG–D:\YQRepos\SuperCarter\SuperCarter-main\SuperCarter\SuperCarter\bin\Debug\\config\PortCandidatelist.json
2023-11-06 10:05:45.1360–DEBUG–WritePortCandidatelist
2023-11-06 10:08:07.2964–DEBUG–D:\YQRepos\SuperCarter\SuperCarter-main\SuperCarter\SuperCarter\bin\Debug\\config\PortCandidatelist.json
2023-11-06 10:08:07.2964–DEBUG–ReadPortCandidatelist
2023-11-06 10:08:19.1411–DEBUG–Auto_save_candidaters_process...
2023-11-06 10:08:19.1712–DEBUG–D:\YQRepos\SuperCarter\SuperCarter-main\SuperCarter\SuperCarter\bin\Debug\\config\PortCandidatelist.json
2023-11-06 10:08:19.1712–DEBUG–WritePortCandidatelist
2023-11-06 10:11:29.2702–DEBUG–D:\YQRepos\SuperCarter\SuperCarter-main\SuperCarter\SuperCarter\bin\Debug\\config\PortCandidatelist.json
2023-11-06 10:11:29.2702–DEBUG–ReadPortCandidatelist
2023-11-06 10:11:36.7447–DEBUG–Auto_save_candidaters_process...
2023-11-06 10:11:36.7850–DEBUG–D:\YQRepos\SuperCarter\SuperCarter-main\SuperCarter\SuperCarter\bin\Debug\\config\PortCandidatelist.json
2023-11-06 10:11:36.7850–DEBUG–WritePortCandidatelist
2023-11-06 10:12:11.6709–DEBUG–D:\YQRepos\SuperCarter\SuperCarter-main\SuperCarter\SuperCarter\bin\Debug\\config\PortCandidatelist.json
2023-11-06 10:12:11.6709–DEBUG–ReadPortCandidatelist
2023-11-06 10:12:26.8942–DEBUG–Auto_save_candidaters_process...
2023-11-06 10:12:26.9358–DEBUG–D:\YQRepos\SuperCarter\SuperCarter-main\SuperCarter\SuperCarter\bin\Debug\\config\PortCandidatelist.json
2023-11-06 10:12:26.9358–DEBUG–WritePortCandidatelist
2023-11-06 10:13:09.9764–DEBUG–D:\YQRepos\SuperCarter\SuperCarter-main\SuperCarter\SuperCarter\bin\Debug\\config\PortCandidatelist.json
2023-11-06 10:13:09.9764–DEBUG–ReadPortCandidatelist
2023-11-06 10:13:26.6704–DEBUG–linked with COM85
2023-11-06 10:13:26.7788–DEBUG–Stop listeningCOM85
2023-11-06 10:13:28.9798–DEBUG–linked with COM85
2023-11-06 10:13:50.5250–DEBUG–Stop listeningCOM85
2023-11-06 10:13:55.8262–DEBUG–linked with COM85
2023-11-06 10:14:54.0577–DEBUG–D:\YQRepos\SuperCarter\SuperCarter-main\SuperCarter\SuperCarter\bin\Debug\\config\PortCandidatelist.json
2023-11-06 10:14:54.0577–DEBUG–ReadPortCandidatelist
2023-11-06 10:15:00.6168–DEBUG–linked with COM85
2023-11-06 10:15:05.6155–DEBUG–Stop listeningCOM85
2023-11-06 10:15:17.4114–DEBUG–linked with COM85
2023-11-06 10:15:18.2222–DEBUG–Stop listeningCOM85
2023-11-06 10:15:33.2689–DEBUG–linked with COM85
2023-11-06 10:20:08.7495–DEBUG–D:\YQRepos\SuperCarter\SuperCarter-main\SuperCarter\SuperCarter\bin\Debug\\config\PortCandidatelist.json
2023-11-06 10:20:08.7495–DEBUG–ReadPortCandidatelist
2023-11-06 10:20:10.9778–DEBUG–linked with COM85
2023-11-06 10:20:54.1157–DEBUG–Stop listeningCOM85
2023-11-06 10:20:56.6750–DEBUG–linked with COM85
2023-11-06 10:22:59.6929–DEBUG–D:\YQRepos\SuperCarter\SuperCarter-main\SuperCarter\SuperCarter\bin\Debug\\config\PortCandidatelist.json
2023-11-06 10:22:59.7141–DEBUG–ReadPortCandidatelist
2023-11-06 10:23:16.7785–DEBUG–linked with COM85
2023-11-06 10:23:16.9177–DEBUG–Stop listeningCOM85
2023-11-06 10:23:34.3184–DEBUG–linked with COM85
2023-11-06 10:25:41.8865–DEBUG–Stop listeningCOM85
2023-11-06 10:25:42.6364–DEBUG–linked with COM85
2023-11-06 10:26:33.7796–DEBUG–D:\YQRepos\SuperCarter\SuperCarter-main\SuperCarter\SuperCarter\bin\Debug\\config\PortCandidatelist.json
2023-11-06 10:26:33.7852–DEBUG–ReadPortCandidatelist
2023-11-06 10:26:39.8377–DEBUG–linked with COM85
2023-11-06 10:26:44.8430–DEBUG–Stop listeningCOM85
2023-11-06 10:27:10.0457–DEBUG–linked with COM85
2023-11-06 10:41:02.3539–DEBUG–Auto_save_candidaters_process...
2023-11-06 10:41:02.3917–DEBUG–D:\YQRepos\SuperCarter\SuperCarter-main\SuperCarter\SuperCarter\bin\Debug\\config\PortCandidatelist.json
2023-11-06 10:41:02.3917–DEBUG–WritePortCandidatelist
2023-11-06 10:47:54.9814–DEBUG–D:\YQRepos\SuperCarter\SuperCarter-main\SuperCarter\SuperCarter\bin\Debug\\config\PortCandidatelist.json
2023-11-06 10:47:54.9864–DEBUG–ReadPortCandidatelist
2023-11-06 10:48:02.1533–DEBUG–linked with COM85
2023-11-06 10:48:07.1600–DEBUG–Stop listeningCOM85
2023-11-06 10:48:12.1777–DEBUG–linked with COM85
2023-11-06 10:48:12.2755–DEBUG–Stop listeningCOM85
2023-11-06 10:48:16.0015–DEBUG–linked with COM85
2023-11-06 10:48:47.9261–DEBUG–Auto_save_candidaters_process...
2023-11-06 10:48:47.9729–DEBUG–D:\YQRepos\SuperCarter\SuperCarter-main\SuperCarter\SuperCarter\bin\Debug\\config\PortCandidatelist.json
2023-11-06 10:48:47.9729–DEBUG–WritePortCandidatelist
2023-11-06 10:49:24.0640–DEBUG–D:\YQRepos\SuperCarter\SuperCarter-main\SuperCarter\SuperCarter\bin\Debug\\config\PortCandidatelist.json
2023-11-06 10:49:24.0640–DEBUG–ReadPortCandidatelist
2023-11-06 10:49:26.2056–DEBUG–linked with COM85
2023-11-06 10:51:09.8440–DEBUG–D:\YQRepos\SuperCarter\SuperCarter-main\SuperCarter\SuperCarter\bin\Debug\\config\PortCandidatelist.json
2023-11-06 10:51:09.8440–DEBUG–ReadPortCandidatelist
2023-11-06 10:51:16.0016–DEBUG–linked with COM85
2023-11-06 10:51:21.0067–DEBUG–Stop listeningCOM85
2023-11-06 10:51:40.3057–DEBUG–linked with COM85
2023-11-06 10:52:14.1243–DEBUG–Auto_save_candidaters_process...
2023-11-06 10:52:14.1650–DEBUG–D:\YQRepos\SuperCarter\SuperCarter-main\SuperCarter\SuperCarter\bin\Debug\\config\PortCandidatelist.json
2023-11-06 10:52:14.1650–DEBUG–WritePortCandidatelist
2023-11-06 10:53:21.0239–DEBUG–D:\YQRepos\SuperCarter\SuperCarter-main\SuperCarter\SuperCarter\bin\Debug\\config\PortCandidatelist.json
2023-11-06 10:53:21.0239–DEBUG–ReadPortCandidatelist
2023-11-06 10:53:31.8870–DEBUG–linked with COM85
2023-11-06 10:53:34.9624–DEBUG–Stop listeningCOM85
2023-11-06 10:53:38.5142–DEBUG–linked with COM85
2023-11-06 10:53:56.6040–DEBUG–linked with COM85
2023-11-06 10:54:10.6535–DEBUG–Stop listeningCOM85
2023-11-06 10:54:14.2716–DEBUG–linked with COM85
2023-11-06 10:54:30.1973–DEBUG–linked with COM85
2023-11-06 10:54:30.2727–DEBUG–Stop listeningCOM85
2023-11-06 10:54:32.1246–DEBUG–linked with COM85
2023-11-06 10:54:46.6902–DEBUG–linked with COM85
2023-11-06 10:54:46.7546–DEBUG–Stop listeningCOM85
2023-11-06 10:54:52.8097–DEBUG–linked with COM85
2023-11-06 10:55:08.6068–DEBUG–linked with COM85
2023-11-06 10:55:08.6575–DEBUG–Stop listeningCOM85
2023-11-06 10:55:11.0639–DEBUG–linked with COM85
2023-11-06 10:55:21.5619–DEBUG–linked with COM85
2023-11-06 10:55:21.6175–DEBUG–Stop listeningCOM85
2023-11-06 10:55:27.2645–DEBUG–linked with COM85
2023-11-06 10:55:50.0614–DEBUG–linked with COM85
2023-11-06 10:55:50.1153–DEBUG–Stop listeningCOM85
2023-11-06 10:57:32.3405–DEBUG–D:\YQRepos\SuperCarter\SuperCarter-main\SuperCarter\SuperCarter\bin\Debug\\config\PortCandidatelist.json
2023-11-06 10:57:32.3405–DEBUG–ReadPortCandidatelist
2023-11-06 10:57:43.7514–DEBUG–linked with COM85
2023-11-06 10:58:13.3286–DEBUG–linked with COM85
2023-11-06 10:58:13.4297–DEBUG–Stop listeningCOM85
2023-11-06 10:58:16.2544–DEBUG–linked with COM85
2023-11-06 10:59:08.7907–DEBUG–D:\YQRepos\SuperCarter\SuperCarter-main\SuperCarter\SuperCarter\bin\Debug\\config\PortCandidatelist.json
2023-11-06 10:59:08.7907–DEBUG–ReadPortCandidatelist
2023-11-06 10:59:11.2962–DEBUG–linked with COM85
2023-11-06 10:59:59.8243–DEBUG–linked with COM85
2023-11-06 10:59:59.9247–DEBUG–Stop listeningCOM85
