2023-11-08 00:14:36.5780–DEBUG–D:\yqgithub\SuperCarter\SuperCarter\SuperCarter\bin\Debug\\config\PortCandidatelist.json
2023-11-08 00:14:36.5810–DEBUG–ReadPortCandidatelist
2023-11-08 00:14:38.2211–DEBUG–linked with COM4
2023-11-08 00:15:15.7535–DEBUG–D:\yqgithub\SuperCarter\SuperCarter\SuperCarter\bin\Debug\\config\PortCandidatelist.json
2023-11-08 00:15:15.7535–DEBUG–ReadPortCandidatelist
2023-11-08 00:15:17.4251–DEBUG–linked with COM4
2023-11-08 00:18:04.8066–DEBUG–D:\yqgithub\SuperCarter\SuperCarter\SuperCarter\bin\Debug\\config\PortCandidatelist.json
2023-11-08 00:18:04.8066–DEBUG–ReadPortCandidatelist
2023-11-08 00:18:25.1136–DEBUG–linked with COM4
2023-11-08 00:18:48.9535–DEBUG–Auto_save_candidaters_process...
2023-11-08 00:18:48.9773–DEBUG–D:\yqgithub\SuperCarter\SuperCarter\SuperCarter\bin\Debug\\config\PortCandidatelist.json
2023-11-08 00:18:48.9773–DEBUG–WritePortCandidatelist
2023-11-08 00:22:26.5773–DEBUG–D:\yqgithub\SuperCarter\SuperCarter\SuperCarter\bin\Debug\\config\PortCandidatelist.json
2023-11-08 00:22:26.5800–DEBUG–ReadPortCandidatelist
2023-11-08 00:22:27.9143–DEBUG–Auto_save_candidaters_process...
2023-11-08 00:22:27.9373–DEBUG–D:\yqgithub\SuperCarter\SuperCarter\SuperCarter\bin\Debug\\config\PortCandidatelist.json
2023-11-08 00:22:27.9373–DEBUG–WritePortCandidatelist
2023-11-08 00:22:35.9709–DEBUG–D:\yqgithub\SuperCarter\SuperCarter\SuperCarter\bin\Debug\\config\PortCandidatelist.json
2023-11-08 00:22:35.9709–DEBUG–ReadPortCandidatelist
2023-11-08 00:22:37.6645–DEBUG–linked with COM4
2023-11-08 00:22:51.4420–DEBUG–Auto_save_candidaters_process...
2023-11-08 00:22:51.4640–DEBUG–D:\yqgithub\SuperCarter\SuperCarter\SuperCarter\bin\Debug\\config\PortCandidatelist.json
2023-11-08 00:22:51.4640–DEBUG–WritePortCandidatelist
2023-11-08 00:23:30.3637–DEBUG–D:\yqgithub\SuperCarter\SuperCarter\SuperCarter\bin\Debug\\config\PortCandidatelist.json
2023-11-08 00:23:30.3637–DEBUG–ReadPortCandidatelist
2023-11-08 00:23:32.1326–DEBUG–linked with COM4
2023-11-08 00:23:53.6629–DEBUG–Auto_save_candidaters_process...
2023-11-08 00:23:53.6850–DEBUG–D:\yqgithub\SuperCarter\SuperCarter\SuperCarter\bin\Debug\\config\PortCandidatelist.json
2023-11-08 00:23:53.6850–DEBUG–WritePortCandidatelist
2023-11-08 00:25:18.7354–DEBUG–D:\yqgithub\SuperCarter\SuperCarter\SuperCarter\bin\Debug\\config\PortCandidatelist.json
2023-11-08 00:25:18.7354–DEBUG–ReadPortCandidatelist
2023-11-08 00:25:24.5399–DEBUG–linked with COM4
2023-11-08 00:27:01.9690–DEBUG–D:\yqgithub\SuperCarter\SuperCarter\SuperCarter\bin\Debug\\config\PortCandidatelist.json
2023-11-08 00:27:01.9690–DEBUG–ReadPortCandidatelist
2023-11-08 00:27:03.3540–DEBUG–linked with COM4
2023-11-08 00:27:24.5040–DEBUG–Auto_save_candidaters_process...
2023-11-08 00:27:24.5283–DEBUG–D:\yqgithub\SuperCarter\SuperCarter\SuperCarter\bin\Debug\\config\PortCandidatelist.json
2023-11-08 00:27:24.5283–DEBUG–WritePortCandidatelist
