2023-11-07 21:01:24.6388–DEBUG–D:\yqgithub\SuperCarter\SuperCarter\SuperCarter\bin\Debug\\config\PortCandidatelist.json
2023-11-07 21:01:24.6418–DEBUG–ReadPortCandidatelist
2023-11-07 21:01:48.5568–DEBUG–linked with COM4
2023-11-07 21:03:00.7795–DEBUG–D:\yqgithub\SuperCarter\SuperCarter\SuperCarter\bin\Debug\\config\PortCandidatelist.json
2023-11-07 21:03:00.7824–DEBUG–ReadPortCandidatelist
2023-11-07 21:03:08.0632–DEBUG–linked with COM4
2023-11-07 21:04:46.5150–DEBUG–D:\yqgithub\SuperCarter\SuperCarter\SuperCarter\bin\Debug\\config\PortCandidatelist.json
2023-11-07 21:04:46.5182–DEBUG–ReadPortCandidatelist
2023-11-07 21:04:50.1908–DEBUG–Auto_save_candidaters_process...
2023-11-07 21:04:50.2147–DEBUG–D:\yqgithub\SuperCarter\SuperCarter\SuperCarter\bin\Debug\\config\PortCandidatelist.json
2023-11-07 21:04:50.2147–DEBUG–WritePortCandidatelist
2023-11-07 21:13:52.0121–DEBUG–D:\yqgithub\SuperCarter\SuperCarter\SuperCarter\bin\Debug\\config\PortCandidatelist.json
2023-11-07 21:13:52.0121–DEBUG–ReadPortCandidatelist
2023-11-07 21:14:09.7922–DEBUG–linked with COM4
2023-11-07 21:15:22.3510–DEBUG–D:\yqgithub\SuperCarter\SuperCarter\SuperCarter\bin\Debug\\config\PortCandidatelist.json
2023-11-07 21:15:22.3510–DEBUG–ReadPortCandidatelist
2023-11-07 21:15:43.6230–DEBUG–linked with COM4
2023-11-07 21:16:52.8248–DEBUG–D:\yqgithub\SuperCarter\SuperCarter\SuperCarter\bin\Debug\\config\PortCandidatelist.json
2023-11-07 21:16:52.8248–DEBUG–ReadPortCandidatelist
2023-11-07 21:17:05.5238–DEBUG–linked with COM4
2023-11-07 21:17:50.3770–DEBUG–D:\yqgithub\SuperCarter\SuperCarter\SuperCarter\bin\Debug\\config\PortCandidatelist.json
2023-11-07 21:17:50.3770–DEBUG–ReadPortCandidatelist
2023-11-07 21:18:07.5336–DEBUG–linked with COM4
2023-11-07 21:21:28.7963–DEBUG–D:\yqgithub\SuperCarter\SuperCarter\SuperCarter\bin\Debug\\config\PortCandidatelist.json
2023-11-07 21:21:28.7991–DEBUG–ReadPortCandidatelist
2023-11-07 21:21:36.7032–DEBUG–linked with COM4
2023-11-07 21:23:11.7872–DEBUG–D:\yqgithub\SuperCarter\SuperCarter\SuperCarter\bin\Debug\\config\PortCandidatelist.json
2023-11-07 21:23:11.7872–DEBUG–ReadPortCandidatelist
2023-11-07 21:23:23.9166–DEBUG–linked with COM4
2023-11-07 21:24:09.3910–DEBUG–D:\yqgithub\SuperCarter\SuperCarter\SuperCarter\bin\Debug\\config\PortCandidatelist.json
2023-11-07 21:24:09.3910–DEBUG–ReadPortCandidatelist
2023-11-07 21:24:26.3650–DEBUG–linked with COM4
2023-11-07 21:24:52.0441–DEBUG–D:\yqgithub\SuperCarter\SuperCarter\SuperCarter\bin\Debug\\config\PortCandidatelist.json
2023-11-07 21:24:52.0441–DEBUG–ReadPortCandidatelist
2023-11-07 21:25:18.1890–DEBUG–linked with COM4
2023-11-07 21:25:18.8838–DEBUG–Auto_save_candidaters_process...
2023-11-07 21:25:18.9067–DEBUG–D:\yqgithub\SuperCarter\SuperCarter\SuperCarter\bin\Debug\\config\PortCandidatelist.json
2023-11-07 21:25:18.9067–DEBUG–WritePortCandidatelist
2023-11-07 21:25:33.9660–DEBUG–D:\yqgithub\SuperCarter\SuperCarter\SuperCarter\bin\Debug\\config\PortCandidatelist.json
2023-11-07 21:25:33.9660–DEBUG–ReadPortCandidatelist
2023-11-07 21:27:19.0425–DEBUG–linked with COM4
2023-11-07 21:40:39.0395–DEBUG–D:\yqgithub\SuperCarter\SuperCarter\SuperCarter\bin\Debug\\config\PortCandidatelist.json
2023-11-07 21:40:39.0395–DEBUG–ReadPortCandidatelist
2023-11-07 21:40:42.9438–DEBUG–linked with COM4
2023-11-07 21:41:45.4845–DEBUG–D:\yqgithub\SuperCarter\SuperCarter\SuperCarter\bin\Debug\\config\PortCandidatelist.json
2023-11-07 21:41:45.4845–DEBUG–ReadPortCandidatelist
2023-11-07 21:41:48.9183–DEBUG–Auto_save_candidaters_process...
2023-11-07 21:41:48.9418–DEBUG–D:\yqgithub\SuperCarter\SuperCarter\SuperCarter\bin\Debug\\config\PortCandidatelist.json
2023-11-07 21:41:48.9418–DEBUG–WritePortCandidatelist
2023-11-07 21:43:05.0837–DEBUG–D:\yqgithub\SuperCarter\SuperCarter\SuperCarter\bin\Debug\\config\PortCandidatelist.json
2023-11-07 21:43:05.0837–DEBUG–ReadPortCandidatelist
2023-11-07 21:43:08.0526–DEBUG–linked with COM4
2023-11-07 21:44:50.0511–DEBUG–D:\yqgithub\SuperCarter\SuperCarter\SuperCarter\bin\Debug\\config\PortCandidatelist.json
2023-11-07 21:44:50.0511–DEBUG–ReadPortCandidatelist
2023-11-07 21:45:17.5565–DEBUG–linked with COM4
2023-11-07 21:45:59.5297–DEBUG–D:\yqgithub\SuperCarter\SuperCarter\SuperCarter\bin\Debug\\config\PortCandidatelist.json
2023-11-07 21:45:59.5326–DEBUG–ReadPortCandidatelist
2023-11-07 21:46:04.9588–DEBUG–linked with COM4
2023-11-07 21:47:01.0752–DEBUG–D:\yqgithub\SuperCarter\SuperCarter\SuperCarter\bin\Debug\\config\PortCandidatelist.json
2023-11-07 21:47:01.0781–DEBUG–ReadPortCandidatelist
2023-11-07 21:47:03.2555–DEBUG–linked with COM4
2023-11-07 21:47:38.6878–DEBUG–D:\yqgithub\SuperCarter\SuperCarter\SuperCarter\bin\Debug\\config\PortCandidatelist.json
2023-11-07 21:47:38.6878–DEBUG–ReadPortCandidatelist
2023-11-07 21:47:42.1838–DEBUG–linked with COM4
2023-11-07 21:50:21.8657–DEBUG–D:\yqgithub\SuperCarter\SuperCarter\SuperCarter\bin\Debug\\config\PortCandidatelist.json
2023-11-07 21:50:21.8657–DEBUG–ReadPortCandidatelist
2023-11-07 21:50:23.2996–DEBUG–linked with COM4
2023-11-07 21:52:18.0562–DEBUG–D:\yqgithub\SuperCarter\SuperCarter\SuperCarter\bin\Debug\\config\PortCandidatelist.json
2023-11-07 21:52:18.0562–DEBUG–ReadPortCandidatelist
2023-11-07 21:52:21.9717–DEBUG–Auto_save_candidaters_process...
2023-11-07 21:52:22.0021–DEBUG–D:\yqgithub\SuperCarter\SuperCarter\SuperCarter\bin\Debug\\config\PortCandidatelist.json
2023-11-07 21:52:22.0021–DEBUG–WritePortCandidatelist
2023-11-07 21:52:37.5754–DEBUG–D:\yqgithub\SuperCarter\SuperCarter\SuperCarter\bin\Debug\\config\PortCandidatelist.json
2023-11-07 21:52:37.5789–DEBUG–ReadPortCandidatelist
2023-11-07 21:52:39.0633–DEBUG–linked with COM4
2023-11-07 21:54:46.3232–DEBUG–D:\yqgithub\SuperCarter\SuperCarter\SuperCarter\bin\Debug\\config\PortCandidatelist.json
2023-11-07 21:54:46.3232–DEBUG–ReadPortCandidatelist
2023-11-07 21:54:47.9441–DEBUG–linked with COM4
