2023-11-08 01:06:34.4004–DEBUG–D:\yqgithub\SuperCarter\SuperCarter\SuperCarter\bin\Debug\\config\PortCandidatelist.json
2023-11-08 01:06:34.4004–DEBUG–ReadPortCandidatelist
2023-11-08 01:06:35.9305–DEBUG–linked with COM4
2023-11-08 01:07:16.7872–DEBUG–Auto_save_candidaters_process...
2023-11-08 01:07:16.8122–DEBUG–D:\yqgithub\SuperCarter\SuperCarter\SuperCarter\bin\Debug\\config\PortCandidatelist.json
2023-11-08 01:07:16.8122–DEBUG–WritePortCandidatelist
2023-11-08 01:10:17.3030–DEBUG–D:\yqgithub\SuperCarter\SuperCarter\SuperCarter\bin\Debug\\config\PortCandidatelist.json
2023-11-08 01:10:17.3030–DEBUG–ReadPortCandidatelist
2023-11-08 01:10:18.8361–DEBUG–linked with COM4
2023-11-08 01:10:33.1526–DEBUG–Auto_save_candidaters_process...
2023-11-08 01:10:33.1749–DEBUG–D:\yqgithub\SuperCarter\SuperCarter\SuperCarter\bin\Debug\\config\PortCandidatelist.json
2023-11-08 01:10:33.1749–DEBUG–WritePortCandidatelist
2023-11-08 01:17:12.6356–DEBUG–D:\yqgithub\SuperCarter\SuperCarter\SuperCarter\bin\Debug\\config\PortCandidatelist.json
2023-11-08 01:17:12.6356–DEBUG–ReadPortCandidatelist
2023-11-08 01:17:29.0188–DEBUG–linked with COM4
2023-11-08 01:17:45.0212–DEBUG–Auto_save_candidaters_process...
2023-11-08 01:17:45.0460–DEBUG–D:\yqgithub\SuperCarter\SuperCarter\SuperCarter\bin\Debug\\config\PortCandidatelist.json
2023-11-08 01:17:45.0460–DEBUG–WritePortCandidatelist
2023-11-08 01:18:43.2158–DEBUG–D:\yqgithub\SuperCarter\SuperCarter\SuperCarter\bin\Debug\\config\PortCandidatelist.json
2023-11-08 01:18:43.2193–DEBUG–ReadPortCandidatelist
2023-11-08 01:18:44.8027–DEBUG–linked with COM4
2023-11-08 01:19:17.1036–DEBUG–Auto_save_candidaters_process...
2023-11-08 01:19:17.1259–DEBUG–D:\yqgithub\SuperCarter\SuperCarter\SuperCarter\bin\Debug\\config\PortCandidatelist.json
2023-11-08 01:19:17.1259–DEBUG–WritePortCandidatelist
2023-11-08 01:20:30.9163–DEBUG–D:\yqgithub\SuperCarter\SuperCarter\SuperCarter\bin\Debug\\config\PortCandidatelist.json
2023-11-08 01:20:30.9163–DEBUG–ReadPortCandidatelist
2023-11-08 01:20:35.0318–DEBUG–linked with COM4
2023-11-08 01:20:46.8859–DEBUG–Auto_save_candidaters_process...
2023-11-08 01:20:46.9101–DEBUG–D:\yqgithub\SuperCarter\SuperCarter\SuperCarter\bin\Debug\\config\PortCandidatelist.json
2023-11-08 01:20:46.9101–DEBUG–WritePortCandidatelist
