2023-11-09 08:45:33.3025–DEBUG–D:\YQRepos\SuperCarter\SuperCarter-main\SuperCarter\SuperCarter\bin\Debug\\config\PortCandidatelist.json
2023-11-09 08:45:33.3075–DEBUG–ReadPortCandidatelist
2023-11-09 08:47:09.6462–DEBUG–Auto_save_candidaters_process...
2023-11-09 08:47:09.7179–DEBUG–D:\YQRepos\SuperCarter\SuperCarter-main\SuperCarter\SuperCarter\bin\Debug\\config\PortCandidatelist.json
2023-11-09 08:47:09.7179–DEBUG–WritePortCandidatelist
2023-11-09 08:49:27.6531–DEBUG–D:\YQRepos\SuperCarter\SuperCarter-main\SuperCarter\SuperCarter\bin\Debug\\config\PortCandidatelist.json
2023-11-09 08:49:27.6531–DEBUG–ReadPortCandidatelist
2023-11-09 08:49:41.1042–DEBUG–Auto_save_candidaters_process...
2023-11-09 08:49:41.1475–DEBUG–D:\YQRepos\SuperCarter\SuperCarter-main\SuperCarter\SuperCarter\bin\Debug\\config\PortCandidatelist.json
2023-11-09 08:49:41.1475–DEBUG–WritePortCandidatelist
2023-11-09 08:49:47.0067–DEBUG–D:\YQRepos\SuperCarter\SuperCarter-main\SuperCarter\SuperCarter\bin\Debug\\config\PortCandidatelist.json
2023-11-09 08:49:47.0067–DEBUG–ReadPortCandidatelist
2023-11-09 08:49:49.2335–DEBUG–linked with COM88
2023-11-09 08:57:48.7393–DEBUG–Auto_save_candidaters_process...
2023-11-09 08:57:48.7776–DEBUG–D:\YQRepos\SuperCarter\SuperCarter-main\SuperCarter\SuperCarter\bin\Debug\\config\PortCandidatelist.json
2023-11-09 08:57:48.7776–DEBUG–WritePortCandidatelist
2023-11-09 08:58:54.1150–DEBUG–D:\YQRepos\SuperCarter\SuperCarter-main\SuperCarter\SuperCarter\bin\Debug\\config\PortCandidatelist.json
2023-11-09 08:58:54.1150–DEBUG–ReadPortCandidatelist
2023-11-09 08:58:56.4471–DEBUG–linked with COM88
2023-11-09 08:59:09.4870–DEBUG–Auto_save_candidaters_process...
2023-11-09 08:59:09.5193–DEBUG–D:\YQRepos\SuperCarter\SuperCarter-main\SuperCarter\SuperCarter\bin\Debug\\config\PortCandidatelist.json
2023-11-09 08:59:09.5193–DEBUG–WritePortCandidatelist
