2023-12-01 10:01:03.1589–DEBUG–D:\YQRepos\SuperCarter\SuperCarter-main\SuperCarter\SuperCarter\bin\Debug\\config\PortCandidatelist.json
2023-12-01 10:01:03.1626–DEBUG–ReadPortCandidatelist
2023-12-01 10:01:06.3476–DEBUG–linked with COM83
2023-12-01 10:01:46.8789–DEBUG–Auto_save_candidaters_process...
2023-12-01 10:01:46.9259–DEBUG–D:\YQRepos\SuperCarter\SuperCarter-main\SuperCarter\SuperCarter\bin\Debug\\config\PortCandidatelist.json
2023-12-01 10:01:46.9259–DEBUG–WritePortCandidatelist
2023-12-01 10:04:20.6796–DEBUG–D:\YQRepos\SuperCarter\SuperCarter-main\SuperCarter\SuperCarter\bin\Debug\\config\PortCandidatelist.json
2023-12-01 10:04:20.6796–DEBUG–ReadPortCandidatelist
2023-12-01 10:04:22.6827–DEBUG–linked with COM83
2023-12-01 10:05:11.9880–DEBUG–Auto_save_candidaters_process...
2023-12-01 10:05:12.0263–DEBUG–D:\YQRepos\SuperCarter\SuperCarter-main\SuperCarter\SuperCarter\bin\Debug\\config\PortCandidatelist.json
2023-12-01 10:05:12.0263–DEBUG–WritePortCandidatelist
2023-12-01 10:06:31.7902–DEBUG–D:\YQRepos\SuperCarter\SuperCarter-main\SuperCarter\SuperCarter\bin\Debug\\config\PortCandidatelist.json
2023-12-01 10:06:31.7902–DEBUG–ReadPortCandidatelist
2023-12-01 10:06:38.9820–DEBUG–Auto_save_candidaters_process...
2023-12-01 10:06:39.0462–DEBUG–D:\YQRepos\SuperCarter\SuperCarter-main\SuperCarter\SuperCarter\bin\Debug\\config\PortCandidatelist.json
2023-12-01 10:06:39.0462–DEBUG–WritePortCandidatelist
2023-12-01 10:08:15.8644–DEBUG–D:\YQRepos\SuperCarter\SuperCarter-main\SuperCarter\SuperCarter\bin\Debug\\config\PortCandidatelist.json
2023-12-01 10:08:15.8687–DEBUG–ReadPortCandidatelist
2023-12-01 10:08:18.2609–DEBUG–linked with COM83
2023-12-01 10:10:34.2590–DEBUG–Auto_save_candidaters_process...
2023-12-01 10:10:34.2946–DEBUG–D:\YQRepos\SuperCarter\SuperCarter-main\SuperCarter\SuperCarter\bin\Debug\\config\PortCandidatelist.json
2023-12-01 10:10:34.2946–DEBUG–WritePortCandidatelist
2023-12-01 10:11:06.3694–DEBUG–D:\YQRepos\SuperCarter\SuperCarter-main\SuperCarter\SuperCarter\bin\Debug\\config\PortCandidatelist.json
2023-12-01 10:11:06.3727–DEBUG–ReadPortCandidatelist
2023-12-01 10:11:08.3480–DEBUG–linked with COM83
2023-12-01 10:14:55.9730–DEBUG–D:\YQRepos\SuperCarter\SuperCarter-main\SuperCarter\SuperCarter\bin\Debug\\config\PortCandidatelist.json
2023-12-01 10:14:55.9730–DEBUG–ReadPortCandidatelist
2023-12-01 10:14:58.1129–DEBUG–linked with COM83
2023-12-01 10:15:46.2959–DEBUG–D:\YQRepos\SuperCarter\SuperCarter-main\SuperCarter\SuperCarter\bin\Debug\\config\PortCandidatelist.json
2023-12-01 10:15:46.2959–DEBUG–ReadPortCandidatelist
2023-12-01 10:15:48.7352–DEBUG–Auto_save_candidaters_process...
2023-12-01 10:15:48.7928–DEBUG–D:\YQRepos\SuperCarter\SuperCarter-main\SuperCarter\SuperCarter\bin\Debug\\config\PortCandidatelist.json
2023-12-01 10:15:48.7928–DEBUG–WritePortCandidatelist
2023-12-01 10:16:05.5643–DEBUG–D:\YQRepos\SuperCarter\SuperCarter-main\SuperCarter\SuperCarter\bin\Debug\\config\PortCandidatelist.json
2023-12-01 10:16:05.5643–DEBUG–ReadPortCandidatelist
2023-12-01 10:16:08.0900–DEBUG–linked with COM83
2023-12-01 10:16:58.0398–DEBUG–D:\YQRepos\SuperCarter\SuperCarter-main\SuperCarter\SuperCarter\bin\Debug\\config\PortCandidatelist.json
2023-12-01 10:16:58.0398–DEBUG–ReadPortCandidatelist
2023-12-01 10:17:00.0750–DEBUG–linked with COM83
2023-12-01 10:17:41.5412–DEBUG–Auto_save_candidaters_process...
2023-12-01 10:17:41.5813–DEBUG–D:\YQRepos\SuperCarter\SuperCarter-main\SuperCarter\SuperCarter\bin\Debug\\config\PortCandidatelist.json
2023-12-01 10:17:41.5813–DEBUG–WritePortCandidatelist
2023-12-01 10:19:02.7401–DEBUG–D:\YQRepos\SuperCarter\SuperCarter-main\SuperCarter\SuperCarter\bin\Debug\\config\PortCandidatelist.json
2023-12-01 10:19:02.7401–DEBUG–ReadPortCandidatelist
2023-12-01 10:19:09.4768–DEBUG–linked with COM83
2023-12-01 10:19:33.4753–DEBUG–Auto_save_candidaters_process...
2023-12-01 10:19:33.5486–DEBUG–D:\YQRepos\SuperCarter\SuperCarter-main\SuperCarter\SuperCarter\bin\Debug\\config\PortCandidatelist.json
2023-12-01 10:19:33.5486–DEBUG–WritePortCandidatelist
2023-12-01 10:22:13.7806–DEBUG–D:\YQRepos\SuperCarter\SuperCarter-main\SuperCarter\SuperCarter\bin\Debug\\config\PortCandidatelist.json
2023-12-01 10:22:13.7806–DEBUG–ReadPortCandidatelist
2023-12-01 10:22:19.3200–DEBUG–linked with COM83
2023-12-01 10:22:42.9246–DEBUG–Auto_save_candidaters_process...
2023-12-01 10:22:42.9572–DEBUG–D:\YQRepos\SuperCarter\SuperCarter-main\SuperCarter\SuperCarter\bin\Debug\\config\PortCandidatelist.json
2023-12-01 10:22:42.9572–DEBUG–WritePortCandidatelist
2023-12-01 10:23:57.6464–DEBUG–D:\YQRepos\SuperCarter\SuperCarter-main\SuperCarter\SuperCarter\bin\Debug\\config\PortCandidatelist.json
2023-12-01 10:23:57.6464–DEBUG–ReadPortCandidatelist
2023-12-01 10:23:59.7884–DEBUG–linked with COM83
2023-12-01 10:24:27.0145–DEBUG–Stop listeningCOM83
2023-12-01 10:24:30.9359–DEBUG–Auto_save_candidaters_process...
2023-12-01 10:24:30.9726–DEBUG–D:\YQRepos\SuperCarter\SuperCarter-main\SuperCarter\SuperCarter\bin\Debug\\config\PortCandidatelist.json
2023-12-01 10:24:30.9726–DEBUG–WritePortCandidatelist
2023-12-01 10:24:55.7104–DEBUG–D:\YQRepos\SuperCarter\SuperCarter-main\SuperCarter\SuperCarter\bin\Debug\\config\PortCandidatelist.json
2023-12-01 10:24:55.7140–DEBUG–ReadPortCandidatelist
2023-12-01 10:24:59.4996–DEBUG–linked with COM83
2023-12-01 10:25:23.1588–DEBUG–linked with COM83
2023-12-01 10:26:50.8234–DEBUG–D:\YQRepos\SuperCarter\SuperCarter-main\SuperCarter\SuperCarter\bin\Debug\\config\PortCandidatelist.json
2023-12-01 10:26:50.8234–DEBUG–ReadPortCandidatelist
2023-12-01 10:26:53.4927–DEBUG–linked with COM83
2023-12-01 10:27:37.7693–DEBUG–Auto_save_candidaters_process...
2023-12-01 10:27:37.8166–DEBUG–D:\YQRepos\SuperCarter\SuperCarter-main\SuperCarter\SuperCarter\bin\Debug\\config\PortCandidatelist.json
2023-12-01 10:27:37.8166–DEBUG–WritePortCandidatelist
2023-12-01 10:31:46.1753–DEBUG–D:\YQRepos\SuperCarter\SuperCarter-main\SuperCarter\SuperCarter\bin\Debug\\config\PortCandidatelist.json
2023-12-01 10:31:46.1753–DEBUG–ReadPortCandidatelist
2023-12-01 10:31:58.1466–DEBUG–linked with COM83
2023-12-01 10:32:45.5070–DEBUG–linked with COM83
2023-12-01 10:35:51.0707–DEBUG–D:\YQRepos\SuperCarter\SuperCarter-main\SuperCarter\SuperCarter\bin\Debug\\config\PortCandidatelist.json
2023-12-01 10:35:51.0927–DEBUG–ReadPortCandidatelist
2023-12-01 10:40:32.6247–DEBUG–Auto_save_candidaters_process...
2023-12-01 10:40:32.6628–DEBUG–D:\YQRepos\SuperCarter\SuperCarter-main\SuperCarter\SuperCarter\bin\Debug\\config\PortCandidatelist.json
2023-12-01 10:40:32.6628–DEBUG–WritePortCandidatelist
2023-12-01 10:41:12.9859–DEBUG–D:\YQRepos\SuperCarter\SuperCarter-main\SuperCarter\SuperCarter\bin\Debug\\config\PortCandidatelist.json
2023-12-01 10:41:12.9893–DEBUG–ReadPortCandidatelist
2023-12-01 10:41:15.8089–DEBUG–linked with COM83
2023-12-01 10:41:34.7954–DEBUG–Auto_save_candidaters_process...
2023-12-01 10:41:34.8269–DEBUG–D:\YQRepos\SuperCarter\SuperCarter-main\SuperCarter\SuperCarter\bin\Debug\\config\PortCandidatelist.json
2023-12-01 10:41:34.8269–DEBUG–WritePortCandidatelist
2023-12-01 10:42:31.3857–DEBUG–D:\YQRepos\SuperCarter\SuperCarter-main\SuperCarter\SuperCarter\bin\Debug\\config\PortCandidatelist.json
2023-12-01 10:42:31.3857–DEBUG–ReadPortCandidatelist
2023-12-01 10:42:33.2503–DEBUG–linked with COM83
2023-12-01 10:42:43.0155–DEBUG–Auto_save_candidaters_process...
2023-12-01 10:42:43.0465–DEBUG–D:\YQRepos\SuperCarter\SuperCarter-main\SuperCarter\SuperCarter\bin\Debug\\config\PortCandidatelist.json
2023-12-01 10:42:43.0465–DEBUG–WritePortCandidatelist
2023-12-01 10:42:53.0208–DEBUG–D:\YQRepos\SuperCarter\SuperCarter-main\SuperCarter\SuperCarter\bin\Debug\\config\PortCandidatelist.json
2023-12-01 10:42:53.0208–DEBUG–ReadPortCandidatelist
2023-12-01 10:42:54.8896–DEBUG–linked with COM83
2023-12-01 10:43:24.6216–DEBUG–Auto_save_candidaters_process...
2023-12-01 10:43:24.6530–DEBUG–D:\YQRepos\SuperCarter\SuperCarter-main\SuperCarter\SuperCarter\bin\Debug\\config\PortCandidatelist.json
2023-12-01 10:43:24.6530–DEBUG–WritePortCandidatelist
2023-12-01 10:44:32.4160–DEBUG–D:\YQRepos\SuperCarter\SuperCarter-main\SuperCarter\SuperCarter\bin\Debug\\config\PortCandidatelist.json
2023-12-01 10:44:32.4243–DEBUG–ReadPortCandidatelist
2023-12-01 10:44:35.2514–DEBUG–linked with COM83
2023-12-01 10:45:32.6963–DEBUG–Auto_save_candidaters_process...
2023-12-01 10:45:32.7348–DEBUG–D:\YQRepos\SuperCarter\SuperCarter-main\SuperCarter\SuperCarter\bin\Debug\\config\PortCandidatelist.json
2023-12-01 10:45:32.7348–DEBUG–WritePortCandidatelist
2023-12-01 10:49:19.9255–DEBUG–D:\YQRepos\SuperCarter\SuperCarter-main\SuperCarter\SuperCarter\bin\Debug\\config\PortCandidatelist.json
2023-12-01 10:49:19.9255–DEBUG–ReadPortCandidatelist
2023-12-01 10:49:22.0827–DEBUG–linked with COM83
2023-12-01 10:51:28.9862–DEBUG–D:\YQRepos\SuperCarter\SuperCarter-main\SuperCarter\SuperCarter\bin\Debug\\config\PortCandidatelist.json
2023-12-01 10:51:28.9862–DEBUG–ReadPortCandidatelist
2023-12-01 10:51:57.4857–DEBUG–linked with COM83
2023-12-01 10:52:14.6015–DEBUG–Auto_save_candidaters_process...
2023-12-01 10:52:14.6425–DEBUG–D:\YQRepos\SuperCarter\SuperCarter-main\SuperCarter\SuperCarter\bin\Debug\\config\PortCandidatelist.json
2023-12-01 10:52:14.6425–DEBUG–WritePortCandidatelist
2023-12-01 10:52:20.6577–DEBUG–D:\YQRepos\SuperCarter\SuperCarter-main\SuperCarter\SuperCarter\bin\Debug\\config\PortCandidatelist.json
2023-12-01 10:52:20.6609–DEBUG–ReadPortCandidatelist
2023-12-01 10:52:58.0483–DEBUG–D:\YQRepos\SuperCarter\SuperCarter-main\SuperCarter\SuperCarter\bin\Debug\\config\PortCandidatelist.json
2023-12-01 10:52:58.0483–DEBUG–ReadPortCandidatelist
2023-12-01 10:53:24.0538–DEBUG–Auto_save_candidaters_process...
2023-12-01 10:53:24.0753–DEBUG–D:\YQRepos\SuperCarter\SuperCarter-main\SuperCarter\SuperCarter\bin\Debug\\config\PortCandidatelist.json
2023-12-01 10:53:24.0753–DEBUG–WritePortCandidatelist
2023-12-01 10:53:30.7423–DEBUG–D:\YQRepos\SuperCarter\SuperCarter-main\SuperCarter\SuperCarter\bin\Debug\\config\PortCandidatelist.json
2023-12-01 10:53:30.7423–DEBUG–ReadPortCandidatelist
2023-12-01 10:57:46.8681–DEBUG–D:\YQRepos\SuperCarter\SuperCarter-main\SuperCarter\SuperCarter\bin\Debug\\config\PortCandidatelist.json
2023-12-01 10:57:46.8681–DEBUG–ReadPortCandidatelist
2023-12-01 10:58:16.6820–DEBUG–linked with COM83
2023-12-01 10:58:52.8266–DEBUG–Auto_save_candidaters_process...
2023-12-01 10:58:52.8563–DEBUG–D:\YQRepos\SuperCarter\SuperCarter-main\SuperCarter\SuperCarter\bin\Debug\\config\PortCandidatelist.json
2023-12-01 10:58:52.8563–DEBUG–WritePortCandidatelist
2023-12-01 10:59:39.9667–DEBUG–D:\YQRepos\SuperCarter\SuperCarter-main\SuperCarter\SuperCarter\bin\Debug\\config\PortCandidatelist.json
2023-12-01 10:59:39.9667–DEBUG–ReadPortCandidatelist
2023-12-01 10:59:41.8766–DEBUG–linked with COM83
