2023-11-08 13:26:57.3763–DEBUG–D:\YQRepos\SuperCarter\SuperCarter-main\SuperCarter\SuperCarter\bin\Debug\\config\PortCandidatelist.json
2023-11-08 13:26:57.3763–DEBUG–ReadPortCandidatelist
2023-11-08 13:27:13.6470–DEBUG–linked with COM79
2023-11-08 13:31:50.1383–DEBUG–D:\YQRepos\SuperCarter\SuperCarter-main\SuperCarter\SuperCarter\bin\Debug\\config\PortCandidatelist.json
2023-11-08 13:31:50.1383–DEBUG–ReadPortCandidatelist
2023-11-08 13:31:51.9282–DEBUG–linked with COM79
2023-11-08 13:32:15.9044–DEBUG–Auto_save_candidaters_process...
2023-11-08 13:32:15.9549–DEBUG–D:\YQRepos\SuperCarter\SuperCarter-main\SuperCarter\SuperCarter\bin\Debug\\config\PortCandidatelist.json
2023-11-08 13:32:15.9549–DEBUG–WritePortCandidatelist
2023-11-08 13:39:38.7339–DEBUG–D:\YQRepos\SuperCarter\SuperCarter-main\SuperCarter\SuperCarter\bin\Debug\\config\PortCandidatelist.json
2023-11-08 13:39:38.7339–DEBUG–ReadPortCandidatelist
2023-11-08 13:39:48.6572–DEBUG–linked with COM79
2023-11-08 13:40:20.9731–DEBUG–Auto_save_candidaters_process...
2023-11-08 13:40:21.0061–DEBUG–D:\YQRepos\SuperCarter\SuperCarter-main\SuperCarter\SuperCarter\bin\Debug\\config\PortCandidatelist.json
2023-11-08 13:40:21.0061–DEBUG–WritePortCandidatelist
2023-11-08 13:40:50.9200–DEBUG–D:\YQRepos\SuperCarter\SuperCarter-main\SuperCarter\SuperCarter\bin\Debug\\config\PortCandidatelist.json
2023-11-08 13:40:50.9200–DEBUG–ReadPortCandidatelist
2023-11-08 13:41:26.6499–DEBUG–D:\YQRepos\SuperCarter\SuperCarter-main\SuperCarter\SuperCarter\bin\Debug\\config\PortCandidatelist.json
2023-11-08 13:41:26.6499–DEBUG–ReadPortCandidatelist
2023-11-08 13:41:28.4738–DEBUG–linked with COM79
2023-11-08 13:41:57.7571–DEBUG–Auto_save_candidaters_process...
2023-11-08 13:41:57.7906–DEBUG–D:\YQRepos\SuperCarter\SuperCarter-main\SuperCarter\SuperCarter\bin\Debug\\config\PortCandidatelist.json
2023-11-08 13:41:57.7906–DEBUG–WritePortCandidatelist
2023-11-08 13:42:03.7655–DEBUG–D:\YQRepos\SuperCarter\SuperCarter-main\SuperCarter\SuperCarter\bin\Debug\\config\PortCandidatelist.json
2023-11-08 13:42:03.7655–DEBUG–ReadPortCandidatelist
2023-11-08 13:42:05.7188–DEBUG–linked with COM79
2023-11-08 13:42:45.3300–DEBUG–Auto_save_candidaters_process...
2023-11-08 13:42:45.3682–DEBUG–D:\YQRepos\SuperCarter\SuperCarter-main\SuperCarter\SuperCarter\bin\Debug\\config\PortCandidatelist.json
2023-11-08 13:42:45.3682–DEBUG–WritePortCandidatelist
2023-11-08 13:44:04.7471–DEBUG–D:\YQRepos\SuperCarter\SuperCarter-main\SuperCarter\SuperCarter\bin\Debug\\config\PortCandidatelist.json
2023-11-08 13:44:04.7505–DEBUG–ReadPortCandidatelist
2023-11-08 13:44:06.1698–DEBUG–Auto_save_candidaters_process...
2023-11-08 13:44:06.2046–DEBUG–D:\YQRepos\SuperCarter\SuperCarter-main\SuperCarter\SuperCarter\bin\Debug\\config\PortCandidatelist.json
2023-11-08 13:44:06.2046–DEBUG–WritePortCandidatelist
2023-11-08 13:44:19.0400–DEBUG–D:\YQRepos\SuperCarter\SuperCarter-main\SuperCarter\SuperCarter\bin\Debug\\config\PortCandidatelist.json
2023-11-08 13:44:19.0400–DEBUG–ReadPortCandidatelist
2023-11-08 13:44:20.9695–DEBUG–linked with COM79
2023-11-08 13:44:45.1441–DEBUG–Auto_save_candidaters_process...
2023-11-08 13:44:45.1788–DEBUG–D:\YQRepos\SuperCarter\SuperCarter-main\SuperCarter\SuperCarter\bin\Debug\\config\PortCandidatelist.json
2023-11-08 13:44:45.1788–DEBUG–WritePortCandidatelist
2023-11-08 13:50:20.1535–DEBUG–D:\YQRepos\SuperCarter\SuperCarter-main\SuperCarter\SuperCarter\bin\Debug\\config\PortCandidatelist.json
2023-11-08 13:50:20.1580–DEBUG–ReadPortCandidatelist
2023-11-08 13:50:24.2511–DEBUG–linked with COM79
2023-11-08 13:51:38.9206–DEBUG–D:\YQRepos\SuperCarter\SuperCarter-main\SuperCarter\SuperCarter\bin\Debug\\config\PortCandidatelist.json
2023-11-08 13:51:38.9206–DEBUG–ReadPortCandidatelist
2023-11-08 13:51:44.6402–DEBUG–linked with COM79
2023-11-08 13:51:49.6382–DEBUG–Stop listeningCOM79
2023-11-08 13:51:59.8906–DEBUG–D:\YQRepos\SuperCarter\SuperCarter-main\SuperCarter\SuperCarter\bin\Debug\\config\PortCandidatelist.json
2023-11-08 13:51:59.8906–DEBUG–ReadPortCandidatelist
2023-11-08 13:52:05.0010–DEBUG–linked with COM79
2023-11-08 13:52:39.2658–DEBUG–Auto_save_candidaters_process...
2023-11-08 13:52:39.3026–DEBUG–D:\YQRepos\SuperCarter\SuperCarter-main\SuperCarter\SuperCarter\bin\Debug\\config\PortCandidatelist.json
2023-11-08 13:52:39.3026–DEBUG–WritePortCandidatelist
2023-11-08 13:54:38.0082–DEBUG–D:\YQRepos\SuperCarter\SuperCarter-main\SuperCarter\SuperCarter\bin\Debug\\config\PortCandidatelist.json
2023-11-08 13:54:38.0082–DEBUG–ReadPortCandidatelist
2023-11-08 13:54:49.1360–DEBUG–linked with COM79
2023-11-08 13:55:05.8451–DEBUG–Auto_save_candidaters_process...
2023-11-08 13:55:05.8823–DEBUG–D:\YQRepos\SuperCarter\SuperCarter-main\SuperCarter\SuperCarter\bin\Debug\\config\PortCandidatelist.json
2023-11-08 13:55:05.8823–DEBUG–WritePortCandidatelist
2023-11-08 13:55:35.8383–DEBUG–D:\YQRepos\SuperCarter\SuperCarter-main\SuperCarter\SuperCarter\bin\Debug\\config\PortCandidatelist.json
2023-11-08 13:55:35.8383–DEBUG–ReadPortCandidatelist
2023-11-08 13:55:37.8421–DEBUG–linked with COM79
2023-11-08 13:57:46.8919–DEBUG–D:\YQRepos\SuperCarter\SuperCarter-main\SuperCarter\SuperCarter\bin\Debug\\config\PortCandidatelist.json
2023-11-08 13:57:46.8919–DEBUG–ReadPortCandidatelist
2023-11-08 13:57:49.1948–DEBUG–linked with COM79
2023-11-08 13:58:09.2063–DEBUG–Auto_save_candidaters_process...
2023-11-08 13:58:09.2627–DEBUG–D:\YQRepos\SuperCarter\SuperCarter-main\SuperCarter\SuperCarter\bin\Debug\\config\PortCandidatelist.json
2023-11-08 13:58:09.2627–DEBUG–WritePortCandidatelist
2023-11-08 13:59:43.1598–DEBUG–D:\YQRepos\SuperCarter\SuperCarter-main\SuperCarter\SuperCarter\bin\Debug\\config\PortCandidatelist.json
2023-11-08 13:59:43.1598–DEBUG–ReadPortCandidatelist
2023-11-08 13:59:45.5356–DEBUG–linked with COM79
