2023-12-24 09:52:48.3136–DEBUG–D:\yqgithub\SuperCarter\SuperCarter\SuperCarter\bin\Debug\\config\PortCandidatelist.json
2023-12-24 09:52:48.3136–DEBUG–ReadPortCandidatelist
2023-12-24 09:52:50.3946–DEBUG–linked with COM5
2023-12-24 09:52:56.0918–DEBUG–catch_COM5 be denied
2023-12-24 09:53:04.7282–DEBUG–Auto_save_candidaters_process...
2023-12-24 09:53:04.7526–DEBUG–D:\yqgithub\SuperCarter\SuperCarter\SuperCarter\bin\Debug\\config\PortCandidatelist.json
2023-12-24 09:53:04.7526–DEBUG–WritePortCandidatelist
2023-12-24 09:53:31.0413–DEBUG–D:\yqgithub\SuperCarter\SuperCarter\SuperCarter\bin\Debug\\config\PortCandidatelist.json
2023-12-24 09:53:31.0413–DEBUG–ReadPortCandidatelist
2023-12-24 09:53:51.1479–DEBUG–D:\yqgithub\SuperCarter\SuperCarter\SuperCarter\bin\Debug\\config\PortCandidatelist.json
2023-12-24 09:53:51.1514–DEBUG–ReadPortCandidatelist
2023-12-24 09:53:54.3480–DEBUG–linked with COM5
2023-12-24 09:54:03.7140–DEBUG–D:\yqgithub\SuperCarter\SuperCarter\SuperCarter\bin\Debug\scripts\macro\macro.json
2023-12-24 09:54:03.7140–DEBUG–ReadPortCandidatelist
2023-12-24 09:54:28.4376–DEBUG–D:\yqgithub\SuperCarter\SuperCarter\SuperCarter\bin\Debug\scripts\macro\macro.json
2023-12-24 09:54:28.4376–DEBUG–ReadPortCandidatelist
2023-12-24 09:56:05.4939–DEBUG–D:\yqgithub\SuperCarter\SuperCarter\SuperCarter\bin\Debug\scripts\macro\macro.json
2023-12-24 09:56:05.4939–DEBUG–WritePortCandidatelist
2023-12-24 09:56:08.3462–DEBUG–D:\yqgithub\SuperCarter\SuperCarter\SuperCarter\bin\Debug\scripts\macro\macro.json
2023-12-24 09:56:08.3462–DEBUG–ReadPortCandidatelist
2023-12-24 09:57:19.6627–DEBUG–D:\yqgithub\SuperCarter\SuperCarter\SuperCarter\bin\Debug\\config\PortCandidatelist.json
2023-12-24 09:57:19.6657–DEBUG–ReadPortCandidatelist
2023-12-24 09:57:21.6949–DEBUG–linked with COM5
2023-12-24 09:57:33.7483–DEBUG–D:\yqgithub\SuperCarter\SuperCarter\SuperCarter\bin\Debug\scripts\macro\macro.json
2023-12-24 09:57:33.7483–DEBUG–ReadPortCandidatelist
2023-12-24 09:57:50.3971–DEBUG–Auto_save_candidaters_process...
2023-12-24 09:57:50.4198–DEBUG–D:\yqgithub\SuperCarter\SuperCarter\SuperCarter\bin\Debug\\config\PortCandidatelist.json
2023-12-24 09:57:50.4198–DEBUG–WritePortCandidatelist
2023-12-24 09:58:29.8413–DEBUG–D:\yqgithub\SuperCarter\SuperCarter\SuperCarter\bin\Debug\\config\PortCandidatelist.json
2023-12-24 09:58:29.8413–DEBUG–ReadPortCandidatelist
2023-12-24 09:58:35.7704–DEBUG–linked with COM5
2023-12-24 09:58:43.6602–DEBUG–D:\yqgithub\SuperCarter\SuperCarter\SuperCarter\bin\Debug\scripts\macro\macro.json
2023-12-24 09:58:43.6602–DEBUG–ReadPortCandidatelist
2023-12-24 09:59:00.0104–DEBUG–Auto_save_candidaters_process...
2023-12-24 09:59:00.0396–DEBUG–D:\yqgithub\SuperCarter\SuperCarter\SuperCarter\bin\Debug\\config\PortCandidatelist.json
2023-12-24 09:59:00.0396–DEBUG–WritePortCandidatelist
2023-12-24 09:59:20.1884–DEBUG–D:\yqgithub\SuperCarter\SuperCarter\SuperCarter\bin\Debug\\config\PortCandidatelist.json
2023-12-24 09:59:20.1884–DEBUG–ReadPortCandidatelist
2023-12-24 09:59:22.0504–DEBUG–linked with COM5
2023-12-24 09:59:33.2976–DEBUG–D:\yqgithub\SuperCarter\SuperCarter\SuperCarter\bin\Debug\scripts\macro\macro.json
2023-12-24 09:59:33.2976–DEBUG–ReadPortCandidatelist
