2023-12-13 09:02:05.5361–DEBUG–D:\YQRepos\SuperCarter\SuperCarter-main\SuperCarter\SuperCarter\bin\Debug\\config\PortCandidatelist.json
2023-12-13 09:02:05.5361–DEBUG–ReadPortCandidatelist
2023-12-13 09:02:39.8225–DEBUG–Auto_save_candidaters_process...
2023-12-13 09:02:39.8554–DEBUG–D:\YQRepos\SuperCarter\SuperCarter-main\SuperCarter\SuperCarter\bin\Debug\\config\PortCandidatelist.json
2023-12-13 09:02:39.8554–DEBUG–WritePortCandidatelist
2023-12-13 09:02:56.4625–DEBUG–D:\YQRepos\SuperCarter\SuperCarter-main\SuperCarter\SuperCarter\bin\Debug\\config\PortCandidatelist.json
2023-12-13 09:02:56.4659–DEBUG–ReadPortCandidatelist
2023-12-13 09:03:48.4280–DEBUG–D:\YQRepos\SuperCarter\SuperCarter-main\SuperCarter\SuperCarter\bin\Debug\\config\PortCandidatelist.json
2023-12-13 09:03:48.4280–DEBUG–ReadPortCandidatelist
2023-12-13 09:03:58.6061–DEBUG–Auto_save_candidaters_process...
2023-12-13 09:03:58.6373–DEBUG–D:\YQRepos\SuperCarter\SuperCarter-main\SuperCarter\SuperCarter\bin\Debug\\config\PortCandidatelist.json
2023-12-13 09:03:58.6373–DEBUG–WritePortCandidatelist
2023-12-13 09:04:39.0873–DEBUG–D:\YQRepos\SuperCarter\SuperCarter-main\SuperCarter\SuperCarter\bin\Debug\\config\PortCandidatelist.json
2023-12-13 09:04:39.0909–DEBUG–ReadPortCandidatelist
2023-12-13 09:05:42.0979–DEBUG–D:\YQRepos\SuperCarter\SuperCarter-main\SuperCarter\SuperCarter\bin\Debug\\config\PortCandidatelist.json
2023-12-13 09:05:42.0979–DEBUG–ReadPortCandidatelist
2023-12-13 09:07:05.5335–DEBUG–D:\YQRepos\SuperCarter\SuperCarter-main\SuperCarter\SuperCarter\bin\Debug\\config\PortCandidatelist.json
2023-12-13 09:07:05.5335–DEBUG–ReadPortCandidatelist
2023-12-13 09:07:54.2455–DEBUG–Auto_save_candidaters_process...
2023-12-13 09:07:54.2785–DEBUG–D:\YQRepos\SuperCarter\SuperCarter-main\SuperCarter\SuperCarter\bin\Debug\\config\PortCandidatelist.json
2023-12-13 09:07:54.2785–DEBUG–WritePortCandidatelist
2023-12-13 09:08:52.0186–DEBUG–D:\YQRepos\SuperCarter\SuperCarter-main\SuperCarter\SuperCarter\bin\Debug\\config\PortCandidatelist.json
2023-12-13 09:08:52.0186–DEBUG–ReadPortCandidatelist
2023-12-13 09:09:59.0479–DEBUG–Auto_save_candidaters_process...
2023-12-13 09:09:59.0798–DEBUG–D:\YQRepos\SuperCarter\SuperCarter-main\SuperCarter\SuperCarter\bin\Debug\\config\PortCandidatelist.json
2023-12-13 09:09:59.0798–DEBUG–WritePortCandidatelist
2023-12-13 09:13:03.2536–DEBUG–D:\YQRepos\SuperCarter\SuperCarter-main\SuperCarter\SuperCarter\bin\Debug\\config\PortCandidatelist.json
2023-12-13 09:13:03.2536–DEBUG–ReadPortCandidatelist
2023-12-13 09:13:05.9218–DEBUG–Auto_save_candidaters_process...
2023-12-13 09:13:05.9534–DEBUG–D:\YQRepos\SuperCarter\SuperCarter-main\SuperCarter\SuperCarter\bin\Debug\\config\PortCandidatelist.json
2023-12-13 09:13:05.9534–DEBUG–WritePortCandidatelist
2023-12-13 09:13:37.0185–DEBUG–D:\YQRepos\SuperCarter\SuperCarter-main\SuperCarter\SuperCarter\bin\Debug\\config\PortCandidatelist.json
2023-12-13 09:13:37.0185–DEBUG–ReadPortCandidatelist
2023-12-13 09:16:23.4958–DEBUG–D:\YQRepos\SuperCarter\SuperCarter-main\SuperCarter\SuperCarter\bin\Debug\\config\PortCandidatelist.json
2023-12-13 09:16:23.4958–DEBUG–ReadPortCandidatelist
2023-12-13 09:18:48.1760–DEBUG–linked with COM90
2023-12-13 09:19:04.9085–DEBUG–Auto_save_candidaters_process...
2023-12-13 09:19:04.9388–DEBUG–D:\YQRepos\SuperCarter\SuperCarter-main\SuperCarter\SuperCarter\bin\Debug\\config\PortCandidatelist.json
2023-12-13 09:19:04.9388–DEBUG–WritePortCandidatelist
2023-12-13 09:19:56.4665–DEBUG–D:\YQRepos\SuperCarter\SuperCarter-main\SuperCarter\SuperCarter\bin\Debug\\config\PortCandidatelist.json
2023-12-13 09:19:56.4665–DEBUG–ReadPortCandidatelist
2023-12-13 09:19:59.3088–DEBUG–linked with COM90
2023-12-13 09:24:06.9432–DEBUG–D:\YQRepos\SuperCarter\SuperCarter-main\SuperCarter\SuperCarter\bin\Debug\\config\PortCandidatelist.json
2023-12-13 09:24:06.9432–DEBUG–ReadPortCandidatelist
2023-12-13 09:24:09.5599–DEBUG–linked with COM90
2023-12-13 09:25:00.4648–DEBUG–D:\YQRepos\SuperCarter\SuperCarter-main\SuperCarter\SuperCarter\bin\Debug\\config\PortCandidatelist.json
2023-12-13 09:25:00.4683–DEBUG–ReadPortCandidatelist
2023-12-13 09:25:04.9974–DEBUG–linked with COM90
2023-12-13 09:27:02.7600–DEBUG–Auto_save_candidaters_process...
2023-12-13 09:27:02.7920–DEBUG–D:\YQRepos\SuperCarter\SuperCarter-main\SuperCarter\SuperCarter\bin\Debug\\config\PortCandidatelist.json
2023-12-13 09:27:02.7920–DEBUG–WritePortCandidatelist
2023-12-13 09:28:21.9010–DEBUG–D:\YQRepos\SuperCarter\SuperCarter-main\SuperCarter\SuperCarter\bin\Debug\\config\PortCandidatelist.json
2023-12-13 09:28:21.9046–DEBUG–ReadPortCandidatelist
2023-12-13 09:28:52.7863–DEBUG–linked with COM90
2023-12-13 09:29:11.5369–DEBUG–Auto_save_candidaters_process...
2023-12-13 09:29:11.5681–DEBUG–D:\YQRepos\SuperCarter\SuperCarter-main\SuperCarter\SuperCarter\bin\Debug\\config\PortCandidatelist.json
2023-12-13 09:29:11.5681–DEBUG–WritePortCandidatelist
2023-12-13 09:30:24.5099–DEBUG–D:\YQRepos\SuperCarter\SuperCarter-main\SuperCarter\SuperCarter\bin\Debug\\config\PortCandidatelist.json
2023-12-13 09:30:24.5099–DEBUG–ReadPortCandidatelist
2023-12-13 09:31:56.9994–DEBUG–D:\YQRepos\SuperCarter\SuperCarter-main\SuperCarter\SuperCarter\bin\Debug\\config\PortCandidatelist.json
2023-12-13 09:31:56.9994–DEBUG–ReadPortCandidatelist
2023-12-13 09:35:46.8591–DEBUG–D:\YQRepos\SuperCarter\SuperCarter-main\SuperCarter\SuperCarter\bin\Debug\\config\PortCandidatelist.json
2023-12-13 09:35:46.8591–DEBUG–ReadPortCandidatelist
2023-12-13 09:38:19.6045–DEBUG–D:\YQRepos\SuperCarter\SuperCarter-main\SuperCarter\SuperCarter\bin\Debug\\config\PortCandidatelist.json
2023-12-13 09:38:19.6045–DEBUG–ReadPortCandidatelist
2023-12-13 09:46:19.4366–DEBUG–D:\YQRepos\SuperCarter\SuperCarter-main\SuperCarter\SuperCarter\bin\Debug\\config\PortCandidatelist.json
2023-12-13 09:46:19.4366–DEBUG–ReadPortCandidatelist
2023-12-13 09:49:19.4206–DEBUG–Auto_save_candidaters_process...
2023-12-13 09:49:19.4590–DEBUG–D:\YQRepos\SuperCarter\SuperCarter-main\SuperCarter\SuperCarter\bin\Debug\\config\PortCandidatelist.json
2023-12-13 09:49:19.4590–DEBUG–WritePortCandidatelist
2023-12-13 09:49:41.6996–DEBUG–D:\YQRepos\SuperCarter\SuperCarter-main\SuperCarter\SuperCarter\bin\Debug\\config\PortCandidatelist.json
2023-12-13 09:49:41.7032–DEBUG–ReadPortCandidatelist
2023-12-13 09:50:27.8975–DEBUG–Auto_save_candidaters_process...
2023-12-13 09:50:27.9328–DEBUG–D:\YQRepos\SuperCarter\SuperCarter-main\SuperCarter\SuperCarter\bin\Debug\\config\PortCandidatelist.json
2023-12-13 09:50:27.9328–DEBUG–WritePortCandidatelist
