2023-11-09 10:00:42.1362–DEBUG–D:\YQRepos\SuperCarter\SuperCarter-main\SuperCarter\SuperCarter\bin\Debug\\config\PortCandidatelist.json
2023-11-09 10:00:42.1403–DEBUG–ReadPortCandidatelist
2023-11-09 10:00:44.5494–DEBUG–linked with COM88
2023-11-09 10:01:39.9455–DEBUG–Auto_save_candidaters_process...
2023-11-09 10:01:39.9827–DEBUG–D:\YQRepos\SuperCarter\SuperCarter-main\SuperCarter\SuperCarter\bin\Debug\\config\PortCandidatelist.json
2023-11-09 10:01:39.9827–DEBUG–WritePortCandidatelist
2023-11-09 10:03:45.6033–DEBUG–D:\YQRepos\SuperCarter\SuperCarter-main\SuperCarter\SuperCarter\bin\Debug\\config\PortCandidatelist.json
2023-11-09 10:03:45.6033–DEBUG–ReadPortCandidatelist
2023-11-09 10:03:48.0898–DEBUG–linked with COM88
2023-11-09 10:05:57.0547–DEBUG–D:\YQRepos\SuperCarter\SuperCarter-main\SuperCarter\SuperCarter\bin\Debug\\config\PortCandidatelist.json
2023-11-09 10:05:57.0547–DEBUG–ReadPortCandidatelist
2023-11-09 10:05:59.1363–DEBUG–linked with COM88
2023-11-09 10:06:32.2242–DEBUG–Auto_save_candidaters_process...
2023-11-09 10:06:32.2626–DEBUG–D:\YQRepos\SuperCarter\SuperCarter-main\SuperCarter\SuperCarter\bin\Debug\\config\PortCandidatelist.json
2023-11-09 10:06:32.2626–DEBUG–WritePortCandidatelist
2023-11-09 10:07:14.9688–DEBUG–D:\YQRepos\SuperCarter\SuperCarter-main\SuperCarter\SuperCarter\bin\Debug\\config\PortCandidatelist.json
2023-11-09 10:07:14.9688–DEBUG–ReadPortCandidatelist
2023-11-09 10:08:47.2196–DEBUG–D:\YQRepos\SuperCarter\SuperCarter-main\SuperCarter\SuperCarter\bin\Debug\\config\PortCandidatelist.json
2023-11-09 10:08:47.2196–DEBUG–ReadPortCandidatelist
2023-11-09 10:08:49.1917–DEBUG–linked with COM88
2023-11-09 10:09:47.0494–DEBUG–Stop listeningCOM88
2023-11-09 10:09:56.3802–DEBUG–linked with COM88
2023-11-09 10:10:14.7264–DEBUG–Auto_save_candidaters_process...
2023-11-09 10:10:14.7588–DEBUG–D:\YQRepos\SuperCarter\SuperCarter-main\SuperCarter\SuperCarter\bin\Debug\\config\PortCandidatelist.json
2023-11-09 10:10:14.7588–DEBUG–WritePortCandidatelist
2023-11-09 10:12:15.7485–DEBUG–D:\YQRepos\SuperCarter\SuperCarter-main\SuperCarter\SuperCarter\bin\Debug\\config\PortCandidatelist.json
2023-11-09 10:12:15.7485–DEBUG–ReadPortCandidatelist
2023-11-09 10:12:23.9517–DEBUG–linked with COM88
2023-11-09 10:13:27.2071–DEBUG–D:\YQRepos\SuperCarter\SuperCarter-main\SuperCarter\SuperCarter\bin\Debug\\config\PortCandidatelist.json
2023-11-09 10:13:27.2104–DEBUG–ReadPortCandidatelist
2023-11-09 10:13:30.9654–DEBUG–linked with COM88
2023-11-09 10:21:53.6268–DEBUG–D:\YQRepos\SuperCarter\SuperCarter-main\SuperCarter\SuperCarter\bin\Debug\\config\PortCandidatelist.json
2023-11-09 10:21:53.6268–DEBUG–ReadPortCandidatelist
2023-11-09 10:21:59.5614–DEBUG–linked with COM88
2023-11-09 10:22:44.5872–DEBUG–Auto_save_candidaters_process...
2023-11-09 10:22:44.6231–DEBUG–D:\YQRepos\SuperCarter\SuperCarter-main\SuperCarter\SuperCarter\bin\Debug\\config\PortCandidatelist.json
2023-11-09 10:22:44.6231–DEBUG–WritePortCandidatelist
2023-11-09 10:28:00.0625–DEBUG–D:\YQRepos\SuperCarter\SuperCarter-main\SuperCarter\SuperCarter\bin\Debug\\config\PortCandidatelist.json
2023-11-09 10:28:00.0718–DEBUG–ReadPortCandidatelist
2023-11-09 10:28:05.0816–DEBUG–linked with COM88
2023-11-09 10:29:37.4504–DEBUG–D:\YQRepos\SuperCarter\SuperCarter-main\SuperCarter\SuperCarter\bin\Debug\\config\PortCandidatelist.json
2023-11-09 10:29:37.4540–DEBUG–ReadPortCandidatelist
