2023-12-15 17:19:22.2868–DEBUG–D:\YQRepos\SuperCarter\SuperCarter-main\SuperCarter\SuperCarter\bin\Debug\\config\PortCandidatelist.json
2023-12-15 17:19:22.2868–DEBUG–ReadPortCandidatelist
2023-12-15 17:20:35.9904–DEBUG–D:\YQRepos\SuperCarter\SuperCarter-main\SuperCarter\SuperCarter\bin\Debug\scripts\macro\macro.json
2023-12-15 17:20:35.9904–DEBUG–ReadPortCandidatelist
2023-12-15 17:21:07.9343–DEBUG–Auto_save_candidaters_process...
2023-12-15 17:21:07.9654–DEBUG–D:\YQRepos\SuperCarter\SuperCarter-main\SuperCarter\SuperCarter\bin\Debug\\config\PortCandidatelist.json
2023-12-15 17:21:07.9654–DEBUG–WritePortCandidatelist
2023-12-15 17:22:05.3744–DEBUG–D:\YQRepos\SuperCarter\SuperCarter-main\SuperCarter\SuperCarter\bin\Debug\\config\PortCandidatelist.json
2023-12-15 17:22:05.3787–DEBUG–ReadPortCandidatelist
2023-12-15 17:24:28.3752–DEBUG–Auto_save_candidaters_process...
2023-12-15 17:24:28.4094–DEBUG–D:\YQRepos\SuperCarter\SuperCarter-main\SuperCarter\SuperCarter\bin\Debug\\config\PortCandidatelist.json
2023-12-15 17:24:28.4094–DEBUG–WritePortCandidatelist
2023-12-15 17:26:09.9038–DEBUG–D:\YQRepos\SuperCarter\SuperCarter-main\SuperCarter\SuperCarter\bin\Debug\\config\PortCandidatelist.json
2023-12-15 17:26:09.9038–DEBUG–ReadPortCandidatelist
2023-12-15 17:26:16.7737–DEBUG–Auto_save_candidaters_process...
2023-12-15 17:26:16.8066–DEBUG–D:\YQRepos\SuperCarter\SuperCarter-main\SuperCarter\SuperCarter\bin\Debug\\config\PortCandidatelist.json
2023-12-15 17:26:16.8066–DEBUG–WritePortCandidatelist
2023-12-15 17:26:49.7400–DEBUG–D:\YQRepos\SuperCarter\SuperCarter-main\SuperCarter\SuperCarter\bin\Debug\\config\PortCandidatelist.json
2023-12-15 17:26:49.7485–DEBUG–ReadPortCandidatelist
2023-12-15 17:27:03.8904–DEBUG–Auto_save_candidaters_process...
2023-12-15 17:27:03.9218–DEBUG–D:\YQRepos\SuperCarter\SuperCarter-main\SuperCarter\SuperCarter\bin\Debug\\config\PortCandidatelist.json
2023-12-15 17:27:03.9218–DEBUG–WritePortCandidatelist
2023-12-15 17:27:26.3200–DEBUG–D:\YQRepos\SuperCarter\SuperCarter-main\SuperCarter\SuperCarter\bin\Debug\\config\PortCandidatelist.json
2023-12-15 17:27:26.3234–DEBUG–ReadPortCandidatelist
2023-12-15 17:27:35.8323–DEBUG–Auto_save_candidaters_process...
2023-12-15 17:27:35.8729–DEBUG–D:\YQRepos\SuperCarter\SuperCarter-main\SuperCarter\SuperCarter\bin\Debug\\config\PortCandidatelist.json
2023-12-15 17:27:35.8729–DEBUG–WritePortCandidatelist
2023-12-15 17:27:43.3719–DEBUG–D:\YQRepos\SuperCarter\SuperCarter-main\SuperCarter\SuperCarter\bin\Debug\\config\PortCandidatelist.json
2023-12-15 17:27:43.3719–DEBUG–ReadPortCandidatelist
2023-12-15 17:27:47.0505–DEBUG–Auto_save_candidaters_process...
2023-12-15 17:27:47.0854–DEBUG–D:\YQRepos\SuperCarter\SuperCarter-main\SuperCarter\SuperCarter\bin\Debug\\config\PortCandidatelist.json
2023-12-15 17:27:47.0854–DEBUG–WritePortCandidatelist
