2023-11-04 21:23:50.4962–DEBUG–D:\yqgithub\SuperCarter\SuperCarter\SuperCarter\bin\Debug\\config\PortCandidatelist.json
2023-11-04 21:23:50.4962–DEBUG–ReadPortCandidatelist
2023-11-04 21:24:18.7866–DEBUG–Auto_save_candidaters_process...
2023-11-04 21:24:18.8131–DEBUG–D:\yqgithub\SuperCarter\SuperCarter\SuperCarter\bin\Debug\\config\PortCandidatelist.json
2023-11-04 21:24:18.8131–DEBUG–WritePortCandidatelist
2023-11-04 21:25:52.4757–DEBUG–D:\yqgithub\SuperCarter\SuperCarter\SuperCarter\bin\Debug\\config\PortCandidatelist.json
2023-11-04 21:25:52.4757–DEBUG–ReadPortCandidatelist
2023-11-04 21:26:05.3651–DEBUG–Auto_save_candidaters_process...
2023-11-04 21:26:05.3903–DEBUG–D:\yqgithub\SuperCarter\SuperCarter\SuperCarter\bin\Debug\\config\PortCandidatelist.json
2023-11-04 21:26:05.3903–DEBUG–WritePortCandidatelist
2023-11-04 21:26:16.4309–DEBUG–D:\yqgithub\SuperCarter\SuperCarter\SuperCarter\bin\Debug\\config\PortCandidatelist.json
2023-11-04 21:26:16.4309–DEBUG–ReadPortCandidatelist
2023-11-04 21:29:05.3201–DEBUG–D:\yqgithub\SuperCarter\SuperCarter\SuperCarter\bin\Debug\\config\PortCandidatelist.json
2023-11-04 21:29:05.3201–DEBUG–ReadPortCandidatelist
2023-11-04 21:29:23.9046–DEBUG–D:\yqgithub\SuperCarter\SuperCarter\SuperCarter\bin\Debug\\config\PortCandidatelist.json
2023-11-04 21:29:23.9046–DEBUG–ReadPortCandidatelist
2023-11-04 21:29:50.0712–DEBUG–D:\yqgithub\SuperCarter\SuperCarter\SuperCarter\bin\Debug\\config\PortCandidatelist.json
2023-11-04 21:29:50.0712–DEBUG–ReadPortCandidatelist
2023-11-04 21:30:22.8710–DEBUG–Auto_save_candidaters_process...
2023-11-04 21:30:22.8958–DEBUG–D:\yqgithub\SuperCarter\SuperCarter\SuperCarter\bin\Debug\\config\PortCandidatelist.json
2023-11-04 21:30:22.8958–DEBUG–WritePortCandidatelist
2023-11-04 21:31:23.4060–DEBUG–D:\yqgithub\SuperCarter\SuperCarter\SuperCarter\bin\Debug\\config\PortCandidatelist.json
2023-11-04 21:31:23.4060–DEBUG–ReadPortCandidatelist
2023-11-04 21:31:51.3183–DEBUG–D:\yqgithub\SuperCarter\SuperCarter\SuperCarter\bin\Debug\\config\PortCandidatelist.json
2023-11-04 21:31:51.3183–DEBUG–ReadPortCandidatelist
2023-11-04 21:32:02.2309–DEBUG–Auto_save_candidaters_process...
2023-11-04 21:32:02.2540–DEBUG–D:\yqgithub\SuperCarter\SuperCarter\SuperCarter\bin\Debug\\config\PortCandidatelist.json
2023-11-04 21:32:02.2540–DEBUG–WritePortCandidatelist
2023-11-04 21:32:35.3323–DEBUG–D:\yqgithub\SuperCarter\SuperCarter\SuperCarter\bin\Debug\\config\PortCandidatelist.json
2023-11-04 21:32:35.3323–DEBUG–ReadPortCandidatelist
2023-11-04 21:33:55.7028–DEBUG–D:\yqgithub\SuperCarter\SuperCarter\SuperCarter\bin\Debug\\config\PortCandidatelist.json
2023-11-04 21:33:55.7028–DEBUG–ReadPortCandidatelist
2023-11-04 21:34:24.1514–DEBUG–D:\yqgithub\SuperCarter\SuperCarter\SuperCarter\bin\Debug\\config\PortCandidatelist.json
2023-11-04 21:34:24.1514–DEBUG–ReadPortCandidatelist
2023-11-04 21:36:39.8176–DEBUG–D:\yqgithub\SuperCarter\SuperCarter\SuperCarter\bin\Debug\\config\PortCandidatelist.json
2023-11-04 21:36:39.8176–DEBUG–ReadPortCandidatelist
2023-11-04 21:37:59.9619–DEBUG–D:\yqgithub\SuperCarter\SuperCarter\SuperCarter\bin\Debug\\config\PortCandidatelist.json
2023-11-04 21:37:59.9619–DEBUG–ReadPortCandidatelist
2023-11-04 21:41:49.3850–DEBUG–D:\yqgithub\SuperCarter\SuperCarter\SuperCarter\bin\Debug\\config\PortCandidatelist.json
2023-11-04 21:41:49.3850–DEBUG–ReadPortCandidatelist
2023-11-04 21:42:22.8718–DEBUG–D:\yqgithub\SuperCarter\SuperCarter\SuperCarter\bin\Debug\\config\PortCandidatelist.json
2023-11-04 21:42:22.8718–DEBUG–ReadPortCandidatelist
2023-11-04 21:42:42.3101–DEBUG–Auto_save_candidaters_process...
2023-11-04 21:42:42.3330–DEBUG–D:\yqgithub\SuperCarter\SuperCarter\SuperCarter\bin\Debug\\config\PortCandidatelist.json
2023-11-04 21:42:42.3330–DEBUG–WritePortCandidatelist
2023-11-04 21:44:17.4431–DEBUG–D:\yqgithub\SuperCarter\SuperCarter\SuperCarter\bin\Debug\\config\PortCandidatelist.json
2023-11-04 21:44:17.4431–DEBUG–ReadPortCandidatelist
2023-11-04 21:44:27.9165–DEBUG–linked with COM10
2023-11-04 21:44:28.1073–DEBUG–Stop listeningCOM10
2023-11-04 21:44:28.5750–DEBUG–linked with COM10
2023-11-04 21:44:28.9487–DEBUG–Stop listeningCOM10
2023-11-04 21:44:29.1308–DEBUG–linked with COM10
2023-11-04 21:44:29.3998–DEBUG–Stop listeningCOM10
2023-11-04 21:48:09.4936–DEBUG–D:\yqgithub\SuperCarter\SuperCarter\SuperCarter\bin\Debug\\config\PortCandidatelist.json
2023-11-04 21:48:09.4936–DEBUG–ReadPortCandidatelist
2023-11-04 21:48:13.3323–DEBUG–Auto_save_candidaters_process...
2023-11-04 21:48:13.3585–DEBUG–D:\yqgithub\SuperCarter\SuperCarter\SuperCarter\bin\Debug\\config\PortCandidatelist.json
2023-11-04 21:48:13.3585–DEBUG–WritePortCandidatelist
2023-11-04 21:49:49.2952–DEBUG–D:\yqgithub\SuperCarter\SuperCarter\SuperCarter\bin\Debug\\config\PortCandidatelist.json
2023-11-04 21:49:49.2952–DEBUG–ReadPortCandidatelist
2023-11-04 21:50:30.6921–DEBUG–D:\yqgithub\SuperCarter\SuperCarter\SuperCarter\bin\Debug\\config\PortCandidatelist.json
2023-11-04 21:50:30.6921–DEBUG–ReadPortCandidatelist
2023-11-04 21:51:04.5128–DEBUG–D:\yqgithub\SuperCarter\SuperCarter\SuperCarter\bin\Debug\\config\PortCandidatelist.json
2023-11-04 21:51:04.5128–DEBUG–ReadPortCandidatelist
2023-11-04 21:51:32.7825–DEBUG–D:\yqgithub\SuperCarter\SuperCarter\SuperCarter\bin\Debug\\config\PortCandidatelist.json
2023-11-04 21:51:32.7854–DEBUG–ReadPortCandidatelist
2023-11-04 21:53:10.4140–DEBUG–D:\yqgithub\SuperCarter\SuperCarter\SuperCarter\bin\Debug\\config\PortCandidatelist.json
2023-11-04 21:53:10.4140–DEBUG–ReadPortCandidatelist
2023-11-04 21:53:27.8324–DEBUG–Auto_save_candidaters_process...
2023-11-04 21:53:27.8552–DEBUG–D:\yqgithub\SuperCarter\SuperCarter\SuperCarter\bin\Debug\\config\PortCandidatelist.json
2023-11-04 21:53:27.8552–DEBUG–WritePortCandidatelist
2023-11-04 21:54:39.7840–DEBUG–D:\yqgithub\SuperCarter\SuperCarter\SuperCarter\bin\Debug\\config\PortCandidatelist.json
2023-11-04 21:54:39.7869–DEBUG–ReadPortCandidatelist
2023-11-04 21:55:15.6441–DEBUG–D:\yqgithub\SuperCarter\SuperCarter\SuperCarter\bin\Debug\\config\PortCandidatelist.json
2023-11-04 21:55:15.6470–DEBUG–ReadPortCandidatelist
2023-11-04 21:55:30.1925–DEBUG–D:\yqgithub\SuperCarter\SuperCarter\SuperCarter\bin\Debug\\config\PortCandidatelist.json
2023-11-04 21:55:30.1925–DEBUG–ReadPortCandidatelist
2023-11-04 21:56:42.0143–DEBUG–D:\yqgithub\SuperCarter\SuperCarter\SuperCarter\bin\Debug\\config\PortCandidatelist.json
2023-11-04 21:56:42.0143–DEBUG–ReadPortCandidatelist
2023-11-04 21:56:59.9567–DEBUG–D:\yqgithub\SuperCarter\SuperCarter\SuperCarter\bin\Debug\\config\PortCandidatelist.json
2023-11-04 21:56:59.9597–DEBUG–ReadPortCandidatelist
2023-11-04 21:57:06.0107–DEBUG–Auto_save_candidaters_process...
2023-11-04 21:57:06.0352–DEBUG–D:\yqgithub\SuperCarter\SuperCarter\SuperCarter\bin\Debug\\config\PortCandidatelist.json
2023-11-04 21:57:06.0352–DEBUG–WritePortCandidatelist
2023-11-04 21:58:05.5402–DEBUG–D:\yqgithub\SuperCarter\SuperCarter\SuperCarter\bin\Debug\\config\PortCandidatelist.json
2023-11-04 21:58:05.5402–DEBUG–ReadPortCandidatelist
