2023-11-08 14:00:05.2309–DEBUG–Auto_save_candidaters_process...
2023-11-08 14:00:05.2623–DEBUG–D:\YQRepos\SuperCarter\SuperCarter-main\SuperCarter\SuperCarter\bin\Debug\\config\PortCandidatelist.json
2023-11-08 14:00:05.2623–DEBUG–WritePortCandidatelist
2023-11-08 14:01:37.9968–DEBUG–D:\YQRepos\SuperCarter\SuperCarter-main\SuperCarter\SuperCarter\bin\Debug\\config\PortCandidatelist.json
2023-11-08 14:01:37.9968–DEBUG–ReadPortCandidatelist
2023-11-08 14:01:40.4012–DEBUG–linked with COM79
2023-11-08 14:01:59.3819–DEBUG–Auto_save_candidaters_process...
2023-11-08 14:01:59.4115–DEBUG–D:\YQRepos\SuperCarter\SuperCarter-main\SuperCarter\SuperCarter\bin\Debug\\config\PortCandidatelist.json
2023-11-08 14:01:59.4115–DEBUG–WritePortCandidatelist
2023-11-08 14:06:57.9316–DEBUG–D:\YQRepos\SuperCarter\SuperCarter-main\SuperCarter\SuperCarter\bin\Debug\\config\PortCandidatelist.json
2023-11-08 14:06:57.9316–DEBUG–ReadPortCandidatelist
2023-11-08 14:06:59.9667–DEBUG–linked with COM79
2023-11-08 14:11:18.2865–DEBUG–D:\YQRepos\SuperCarter\SuperCarter-main\SuperCarter\SuperCarter\bin\Debug\\config\PortCandidatelist.json
2023-11-08 14:11:18.2865–DEBUG–ReadPortCandidatelist
2023-11-08 14:11:24.4989–DEBUG–linked with COM79
2023-11-08 14:11:34.4158–DEBUG–D:\YQRepos\SuperCarter\SuperCarter-main\SuperCarter\SuperCarter\bin\Debug\\config\PortCandidatelist.json
2023-11-08 14:11:34.4158–DEBUG–ReadPortCandidatelist
2023-11-08 14:11:40.4384–DEBUG–linked with COM79
2023-11-08 14:12:06.4807–DEBUG–Auto_save_candidaters_process...
2023-11-08 14:12:06.5156–DEBUG–D:\YQRepos\SuperCarter\SuperCarter-main\SuperCarter\SuperCarter\bin\Debug\\config\PortCandidatelist.json
2023-11-08 14:12:06.5156–DEBUG–WritePortCandidatelist
2023-11-08 14:16:09.2749–DEBUG–D:\YQRepos\SuperCarter\SuperCarter-main\SuperCarter\SuperCarter\bin\Debug\\config\PortCandidatelist.json
2023-11-08 14:16:09.2813–DEBUG–ReadPortCandidatelist
2023-11-08 14:16:12.0438–DEBUG–linked with COM79
2023-11-08 14:17:01.4395–DEBUG–Auto_save_candidaters_process...
2023-11-08 14:17:01.4889–DEBUG–D:\YQRepos\SuperCarter\SuperCarter-main\SuperCarter\SuperCarter\bin\Debug\\config\PortCandidatelist.json
2023-11-08 14:17:01.4889–DEBUG–WritePortCandidatelist
2023-11-08 14:17:17.4651–DEBUG–D:\YQRepos\SuperCarter\SuperCarter-main\SuperCarter\SuperCarter\bin\Debug\\config\PortCandidatelist.json
2023-11-08 14:17:17.4693–DEBUG–ReadPortCandidatelist
2023-11-08 14:17:25.9998–DEBUG–linked with COM79
2023-11-08 14:17:50.9516–DEBUG–Auto_save_candidaters_process...
2023-11-08 14:17:50.9888–DEBUG–D:\YQRepos\SuperCarter\SuperCarter-main\SuperCarter\SuperCarter\bin\Debug\\config\PortCandidatelist.json
2023-11-08 14:17:50.9888–DEBUG–WritePortCandidatelist
2023-11-08 14:19:06.4579–DEBUG–D:\YQRepos\SuperCarter\SuperCarter-main\SuperCarter\SuperCarter\bin\Debug\\config\PortCandidatelist.json
2023-11-08 14:19:06.4579–DEBUG–ReadPortCandidatelist
2023-11-08 14:19:08.7585–DEBUG–linked with COM79
2023-11-08 14:20:04.3832–DEBUG–Auto_save_candidaters_process...
2023-11-08 14:20:04.4375–DEBUG–D:\YQRepos\SuperCarter\SuperCarter-main\SuperCarter\SuperCarter\bin\Debug\\config\PortCandidatelist.json
2023-11-08 14:20:04.4375–DEBUG–WritePortCandidatelist
2023-11-08 14:22:16.3290–DEBUG–D:\YQRepos\SuperCarter\SuperCarter-main\SuperCarter\SuperCarter\bin\Debug\\config\PortCandidatelist.json
2023-11-08 14:22:16.3290–DEBUG–ReadPortCandidatelist
2023-11-08 14:22:18.3471–DEBUG–linked with COM79
2023-11-08 14:22:57.4343–DEBUG–Auto_save_candidaters_process...
2023-11-08 14:22:57.4709–DEBUG–D:\YQRepos\SuperCarter\SuperCarter-main\SuperCarter\SuperCarter\bin\Debug\\config\PortCandidatelist.json
2023-11-08 14:22:57.4709–DEBUG–WritePortCandidatelist
2023-11-08 14:24:08.4609–DEBUG–D:\YQRepos\SuperCarter\SuperCarter-main\SuperCarter\SuperCarter\bin\Debug\\config\PortCandidatelist.json
2023-11-08 14:24:08.4609–DEBUG–ReadPortCandidatelist
2023-11-08 14:24:13.9023–DEBUG–linked with COM79
2023-11-08 14:25:01.1171–DEBUG–Auto_save_candidaters_process...
2023-11-08 14:25:01.1529–DEBUG–D:\YQRepos\SuperCarter\SuperCarter-main\SuperCarter\SuperCarter\bin\Debug\\config\PortCandidatelist.json
2023-11-08 14:25:01.1529–DEBUG–WritePortCandidatelist
