2023-12-13 11:07:53.8666–DEBUG–D:\YQRepos\SuperCarter\SuperCarter-main\SuperCarter\SuperCarter\bin\Debug\\config\PortCandidatelist.json
2023-12-13 11:07:53.8710–DEBUG–ReadPortCandidatelist
2023-12-13 11:07:56.6361–DEBUG–linked with COM90
2023-12-13 11:08:39.5639–DEBUG–Stop listeningCOM90
2023-12-13 11:08:39.9882–DEBUG–linked with COM89
2023-12-13 11:10:01.6525–DEBUG–D:\YQRepos\SuperCarter\SuperCarter-main\SuperCarter\SuperCarter\bin\Debug\\config\PortCandidatelist.json
2023-12-13 11:10:01.6525–DEBUG–ReadPortCandidatelist
2023-12-13 11:10:04.2338–DEBUG–linked with COM90
2023-12-13 11:10:17.8572–DEBUG–Stop listeningCOM90
2023-12-13 11:10:18.4122–DEBUG–linked with COM89
2023-12-13 11:12:11.9573–DEBUG–Stop listeningCOM89
2023-12-13 11:12:12.3220–DEBUG–linked with COM89
2023-12-13 11:12:17.9793–DEBUG–Stop listeningCOM89
2023-12-13 11:12:18.6161–DEBUG–linked with COM89
2023-12-13 11:12:45.6259–DEBUG–Stop listeningCOM89
2023-12-13 11:12:46.0066–DEBUG–linked with COM89
2023-12-13 11:12:54.0442–DEBUG–Stop listeningCOM89
2023-12-13 11:20:04.3434–DEBUG–Auto_save_candidaters_process...
2023-12-13 11:20:04.3797–DEBUG–D:\YQRepos\SuperCarter\SuperCarter-main\SuperCarter\SuperCarter\bin\Debug\\config\PortCandidatelist.json
2023-12-13 11:20:04.3797–DEBUG–WritePortCandidatelist
2023-12-13 11:20:20.6767–DEBUG–D:\YQRepos\SuperCarter\SuperCarter-main\SuperCarter\SuperCarter\bin\Debug\\config\PortCandidatelist.json
2023-12-13 11:20:20.6767–DEBUG–ReadPortCandidatelist
2023-12-13 11:32:10.9859–DEBUG–linked with COM89
2023-12-13 11:34:30.3222–DEBUG–Stop listeningCOM89
2023-12-13 11:34:30.5909–DEBUG–linked with COM89
