2023-11-14 16:05:21.3162–DEBUG–D:\YQRepos\SuperCarter\SuperCarter-main\SuperCarter\SuperCarter\bin\Debug\\config\PortCandidatelist.json
2023-11-14 16:05:21.3196–DEBUG–ReadPortCandidatelist
2023-11-14 16:08:31.5917–DEBUG–D:\YQRepos\SuperCarter\SuperCarter-main\SuperCarter\SuperCarter\bin\Debug\\config\PortCandidatelist.json
2023-11-14 16:08:31.5917–DEBUG–ReadPortCandidatelist
2023-11-14 16:11:58.7913–DEBUG–Auto_save_candidaters_process...
2023-11-14 16:11:58.8259–DEBUG–D:\YQRepos\SuperCarter\SuperCarter-main\SuperCarter\SuperCarter\bin\Debug\\config\PortCandidatelist.json
2023-11-14 16:11:58.8259–DEBUG–WritePortCandidatelist
2023-11-14 16:13:43.3204–DEBUG–D:\YQRepos\SuperCarter\SuperCarter-main\SuperCarter\SuperCarter\bin\Debug\\config\PortCandidatelist.json
2023-11-14 16:13:43.3204–DEBUG–ReadPortCandidatelist
2023-11-14 16:14:23.0654–DEBUG–Auto_save_candidaters_process...
2023-11-14 16:14:23.0975–DEBUG–D:\YQRepos\SuperCarter\SuperCarter-main\SuperCarter\SuperCarter\bin\Debug\\config\PortCandidatelist.json
2023-11-14 16:14:23.0975–DEBUG–WritePortCandidatelist
2023-11-14 16:14:37.6946–DEBUG–D:\YQRepos\SuperCarter\SuperCarter-main\SuperCarter\SuperCarter\bin\Debug\\config\PortCandidatelist.json
2023-11-14 16:14:37.6946–DEBUG–ReadPortCandidatelist
2023-11-14 16:17:05.1773–DEBUG–Auto_save_candidaters_process...
2023-11-14 16:17:05.2133–DEBUG–D:\YQRepos\SuperCarter\SuperCarter-main\SuperCarter\SuperCarter\bin\Debug\\config\PortCandidatelist.json
2023-11-14 16:17:05.2133–DEBUG–WritePortCandidatelist
2023-11-14 16:20:21.6268–DEBUG–D:\YQRepos\SuperCarter\SuperCarter-main\SuperCarter\SuperCarter\bin\Debug\\config\PortCandidatelist.json
2023-11-14 16:20:21.6306–DEBUG–ReadPortCandidatelist
2023-11-14 16:21:30.9618–DEBUG–linked with COM83
2023-11-14 16:24:27.4396–DEBUG–Auto_save_candidaters_process...
2023-11-14 16:24:27.4710–DEBUG–D:\YQRepos\SuperCarter\SuperCarter-main\SuperCarter\SuperCarter\bin\Debug\\config\PortCandidatelist.json
2023-11-14 16:24:27.4710–DEBUG–WritePortCandidatelist
