2023-12-23 20:13:15.6782–DEBUG–D:\yqgithub\SuperCarter\SuperCarter\SuperCarter\bin\Debug\\config\PortCandidatelist.json
2023-12-23 20:13:15.6814–DEBUG–ReadPortCandidatelist
2023-12-23 20:13:27.3125–DEBUG–linked with COM10
2023-12-23 20:13:28.0255–DEBUG–linked with COM5
2023-12-23 20:14:37.1816–DEBUG–D:\yqgithub\SuperCarter\SuperCarter\SuperCarter\bin\Debug\\config\PortCandidatelist.json
2023-12-23 20:14:37.1816–DEBUG–ReadPortCandidatelist
2023-12-23 20:14:39.0354–DEBUG–linked with COM10
2023-12-23 20:14:39.6306–DEBUG–linked with COM5
2023-12-23 20:14:41.5020–DEBUG–Stop listeningCOM5
2023-12-23 20:14:41.8899–DEBUG–Stop listeningCOM10
2023-12-23 20:14:53.8273–DEBUG–linked with COM10
2023-12-23 20:17:48.4680–DEBUG–D:\yqgithub\SuperCarter\SuperCarter\SuperCarter\bin\Debug\\config\PortCandidatelist.json
2023-12-23 20:17:48.4680–DEBUG–ReadPortCandidatelist
2023-12-23 20:17:50.4804–DEBUG–linked with COM10
2023-12-23 20:23:16.5400–DEBUG–D:\yqgithub\SuperCarter\SuperCarter\SuperCarter\bin\Debug\\config\PortCandidatelist.json
2023-12-23 20:23:16.5400–DEBUG–ReadPortCandidatelist
2023-12-23 20:23:18.1760–DEBUG–linked with COM10
2023-12-23 20:23:30.3113–DEBUG–Auto_save_candidaters_process...
2023-12-23 20:23:30.3340–DEBUG–D:\yqgithub\SuperCarter\SuperCarter\SuperCarter\bin\Debug\\config\PortCandidatelist.json
2023-12-23 20:23:30.3340–DEBUG–WritePortCandidatelist
2023-12-23 20:23:58.1368–DEBUG–D:\yqgithub\SuperCarter\SuperCarter\SuperCarter\bin\Debug\\config\PortCandidatelist.json
2023-12-23 20:23:58.1368–DEBUG–ReadPortCandidatelist
2023-12-23 20:24:01.4319–DEBUG–linked with COM10
2023-12-23 20:25:17.9042–DEBUG–D:\yqgithub\SuperCarter\SuperCarter\SuperCarter\bin\Debug\\config\PortCandidatelist.json
2023-12-23 20:25:17.9042–DEBUG–ReadPortCandidatelist
2023-12-23 20:25:21.1385–DEBUG–linked with COM10
2023-12-23 20:27:16.1782–DEBUG–D:\yqgithub\SuperCarter\SuperCarter\SuperCarter\bin\Debug\\config\PortCandidatelist.json
2023-12-23 20:27:16.1811–DEBUG–ReadPortCandidatelist
2023-12-23 20:27:37.3415–DEBUG–Auto_save_candidaters_process...
2023-12-23 20:27:37.3651–DEBUG–D:\yqgithub\SuperCarter\SuperCarter\SuperCarter\bin\Debug\\config\PortCandidatelist.json
2023-12-23 20:27:37.3651–DEBUG–WritePortCandidatelist
2023-12-23 20:27:48.3984–DEBUG–D:\yqgithub\SuperCarter\SuperCarter\SuperCarter\bin\Debug\\config\PortCandidatelist.json
2023-12-23 20:27:48.4013–DEBUG–ReadPortCandidatelist
2023-12-23 20:30:12.2367–DEBUG–D:\yqgithub\SuperCarter\SuperCarter\SuperCarter\bin\Debug\\config\PortCandidatelist.json
2023-12-23 20:30:12.2367–DEBUG–ReadPortCandidatelist
2023-12-23 20:30:18.0241–DEBUG–linked with COM10
2023-12-23 20:30:18.9351–DEBUG–linked with COM5
2023-12-23 20:30:20.9641–DEBUG–Stop listeningCOM5
2023-12-23 20:30:52.2808–DEBUG–Auto_save_candidaters_process...
2023-12-23 20:30:52.3056–DEBUG–D:\yqgithub\SuperCarter\SuperCarter\SuperCarter\bin\Debug\\config\PortCandidatelist.json
2023-12-23 20:30:52.3056–DEBUG–WritePortCandidatelist
2023-12-23 20:31:52.0842–DEBUG–D:\yqgithub\SuperCarter\SuperCarter\SuperCarter\bin\Debug\\config\PortCandidatelist.json
2023-12-23 20:31:52.0870–DEBUG–ReadPortCandidatelist
2023-12-23 20:31:54.6016–DEBUG–linked with COM10
2023-12-23 20:35:35.8932–DEBUG–D:\yqgithub\SuperCarter\SuperCarter\SuperCarter\bin\Debug\\config\PortCandidatelist.json
2023-12-23 20:35:35.8932–DEBUG–ReadPortCandidatelist
2023-12-23 20:35:42.9458–DEBUG–Auto_save_candidaters_process...
2023-12-23 20:35:42.9699–DEBUG–D:\yqgithub\SuperCarter\SuperCarter\SuperCarter\bin\Debug\\config\PortCandidatelist.json
2023-12-23 20:35:42.9699–DEBUG–WritePortCandidatelist
2023-12-23 20:35:51.8221–DEBUG–D:\yqgithub\SuperCarter\SuperCarter\SuperCarter\bin\Debug\\config\PortCandidatelist.json
2023-12-23 20:35:51.8221–DEBUG–ReadPortCandidatelist
2023-12-23 20:35:53.7062–DEBUG–linked with COM10
2023-12-23 20:36:34.9493–DEBUG–Auto_save_candidaters_process...
2023-12-23 20:36:34.9761–DEBUG–D:\yqgithub\SuperCarter\SuperCarter\SuperCarter\bin\Debug\\config\PortCandidatelist.json
2023-12-23 20:36:34.9761–DEBUG–WritePortCandidatelist
2023-12-23 20:37:13.6806–DEBUG–D:\yqgithub\SuperCarter\SuperCarter\SuperCarter\bin\Debug\\config\PortCandidatelist.json
2023-12-23 20:37:13.6836–DEBUG–ReadPortCandidatelist
2023-12-23 20:39:33.2509–DEBUG–Auto_save_candidaters_process...
2023-12-23 20:39:33.2741–DEBUG–D:\yqgithub\SuperCarter\SuperCarter\SuperCarter\bin\Debug\\config\PortCandidatelist.json
2023-12-23 20:39:33.2741–DEBUG–WritePortCandidatelist
2023-12-23 20:39:40.4264–DEBUG–D:\yqgithub\SuperCarter\SuperCarter\SuperCarter\bin\Debug\\config\PortCandidatelist.json
2023-12-23 20:39:40.4264–DEBUG–ReadPortCandidatelist
2023-12-23 20:39:42.2131–DEBUG–linked with COM10
2023-12-23 20:40:27.3896–DEBUG–D:\yqgithub\SuperCarter\SuperCarter\SuperCarter\bin\Debug\\config\PortCandidatelist.json
2023-12-23 20:40:27.3896–DEBUG–ReadPortCandidatelist
2023-12-23 20:40:41.7656–DEBUG–D:\yqgithub\SuperCarter\SuperCarter\SuperCarter\bin\Debug\\config\PortCandidatelist.json
2023-12-23 20:40:41.7656–DEBUG–ReadPortCandidatelist
2023-12-23 20:40:43.9094–DEBUG–linked with COM10
2023-12-23 20:42:04.1518–DEBUG–D:\yqgithub\SuperCarter\SuperCarter\SuperCarter\bin\Debug\\config\PortCandidatelist.json
2023-12-23 20:42:04.1518–DEBUG–ReadPortCandidatelist
2023-12-23 20:42:06.1996–DEBUG–linked with COM10
2023-12-23 20:42:36.6549–DEBUG–D:\yqgithub\SuperCarter\SuperCarter\SuperCarter\bin\Debug\\config\PortCandidatelist.json
2023-12-23 20:42:36.6549–DEBUG–ReadPortCandidatelist
2023-12-23 20:42:40.0559–DEBUG–linked with COM10
2023-12-23 20:43:28.6210–DEBUG–D:\yqgithub\SuperCarter\SuperCarter\SuperCarter\bin\Debug\\config\PortCandidatelist.json
2023-12-23 20:43:28.6210–DEBUG–ReadPortCandidatelist
2023-12-23 20:43:30.6413–DEBUG–linked with COM10
2023-12-23 20:43:50.2082–DEBUG–Stop listeningCOM10
2023-12-23 20:44:06.3602–DEBUG–Auto_save_candidaters_process...
2023-12-23 20:44:06.3757–DEBUG–D:\yqgithub\SuperCarter\SuperCarter\SuperCarter\bin\Debug\\config\PortCandidatelist.json
2023-12-23 20:44:06.3757–DEBUG–WritePortCandidatelist
2023-12-23 20:49:18.2674–DEBUG–D:\yqgithub\SuperCarter\SuperCarter\SuperCarter\bin\Debug\\config\PortCandidatelist.json
2023-12-23 20:49:18.2674–DEBUG–ReadPortCandidatelist
2023-12-23 20:49:39.9651–DEBUG–linked with COM10
2023-12-23 20:49:53.8920–WARN–   at SuperCarter.Model.CustomScriptEditor.HandleBufferSend_04(Byte sendByte4, SendAndReceiveDatabatchcheck bytes) in D:\yqgithub\SuperCarter\SuperCarter\SuperCarter\Model\CustomScriptEditor.cs:line 1823
   at SuperCarter.Model.CustomScriptEditor.ProcessBytes(SendAndReceiveDatabatchcheck bytes) in D:\yqgithub\SuperCarter\SuperCarter\SuperCarter\Model\CustomScriptEditor.cs:line 336
2023-12-23 20:49:55.4090–WARN–   at SuperCarter.Model.CustomScriptEditor.HandleBufferSend_04(Byte sendByte4, SendAndReceiveDatabatchcheck bytes) in D:\yqgithub\SuperCarter\SuperCarter\SuperCarter\Model\CustomScriptEditor.cs:line 1823
   at SuperCarter.Model.CustomScriptEditor.ProcessBytes(SendAndReceiveDatabatchcheck bytes) in D:\yqgithub\SuperCarter\SuperCarter\SuperCarter\Model\CustomScriptEditor.cs:line 336
2023-12-23 20:49:58.5637–WARN–   at SuperCarter.Model.CustomScriptEditor.HandleBufferSend_04(Byte sendByte4, SendAndReceiveDatabatchcheck bytes) in D:\yqgithub\SuperCarter\SuperCarter\SuperCarter\Model\CustomScriptEditor.cs:line 1823
   at SuperCarter.Model.CustomScriptEditor.ProcessBytes(SendAndReceiveDatabatchcheck bytes) in D:\yqgithub\SuperCarter\SuperCarter\SuperCarter\Model\CustomScriptEditor.cs:line 336
2023-12-23 20:50:53.8227–DEBUG–D:\yqgithub\SuperCarter\SuperCarter\SuperCarter\bin\Debug\\config\PortCandidatelist.json
2023-12-23 20:50:53.8227–DEBUG–ReadPortCandidatelist
2023-12-23 20:51:03.6840–DEBUG–linked with COM10
2023-12-23 20:51:14.6976–WARN–接收異常 - ID:9 Portnum:0 Command:FA 52 01 04 03 RecCommand:FA 52 01 04 03
2023-12-23 20:51:14.6976–WARN–   at SuperCarter.Model.CustomScriptEditor.HandleBufferSend_04(Byte sendByte4, SendAndReceiveDatabatchcheck bytes) in D:\yqgithub\SuperCarter\SuperCarter\SuperCarter\Model\CustomScriptEditor.cs:line 1824
   at SuperCarter.Model.CustomScriptEditor.ProcessBytes(SendAndReceiveDatabatchcheck bytes) in D:\yqgithub\SuperCarter\SuperCarter\SuperCarter\Model\CustomScriptEditor.cs:line 336
2023-12-23 20:51:15.9672–WARN–接收異常 - ID:10 Portnum:0 Command:FA 52 02 04 03 RecCommand:FA 52 02 04 03
2023-12-23 20:51:15.9672–WARN–   at SuperCarter.Model.CustomScriptEditor.HandleBufferSend_04(Byte sendByte4, SendAndReceiveDatabatchcheck bytes) in D:\yqgithub\SuperCarter\SuperCarter\SuperCarter\Model\CustomScriptEditor.cs:line 1824
   at SuperCarter.Model.CustomScriptEditor.ProcessBytes(SendAndReceiveDatabatchcheck bytes) in D:\yqgithub\SuperCarter\SuperCarter\SuperCarter\Model\CustomScriptEditor.cs:line 336
2023-12-23 20:51:17.2127–WARN–接收異常 - ID:11 Portnum:0 Command:FA 52 03 04 03 RecCommand:FA 52 03 04 03
2023-12-23 20:51:17.2127–WARN–   at SuperCarter.Model.CustomScriptEditor.HandleBufferSend_04(Byte sendByte4, SendAndReceiveDatabatchcheck bytes) in D:\yqgithub\SuperCarter\SuperCarter\SuperCarter\Model\CustomScriptEditor.cs:line 1824
   at SuperCarter.Model.CustomScriptEditor.ProcessBytes(SendAndReceiveDatabatchcheck bytes) in D:\yqgithub\SuperCarter\SuperCarter\SuperCarter\Model\CustomScriptEditor.cs:line 336
2023-12-23 20:51:41.6899–DEBUG–Auto_save_candidaters_process...
2023-12-23 20:51:41.7333–DEBUG–D:\yqgithub\SuperCarter\SuperCarter\SuperCarter\bin\Debug\\config\PortCandidatelist.json
2023-12-23 20:51:41.7333–DEBUG–WritePortCandidatelist
2023-12-23 20:53:30.1063–DEBUG–D:\yqgithub\SuperCarter\SuperCarter\SuperCarter\bin\Debug\\config\PortCandidatelist.json
2023-12-23 20:53:30.1063–DEBUG–ReadPortCandidatelist
2023-12-23 20:53:31.9573–DEBUG–linked with COM10
2023-12-23 20:53:40.2178–DEBUG–Stop listeningCOM10
2023-12-23 20:53:40.5936–DEBUG–linked with COM5
2023-12-23 20:56:31.7571–DEBUG–Auto_save_candidaters_process...
2023-12-23 20:56:31.7811–DEBUG–D:\yqgithub\SuperCarter\SuperCarter\SuperCarter\bin\Debug\\config\PortCandidatelist.json
2023-12-23 20:56:31.7811–DEBUG–WritePortCandidatelist
2023-12-23 20:57:03.9150–DEBUG–D:\yqgithub\SuperCarter\SuperCarter\SuperCarter\bin\Debug\\config\PortCandidatelist.json
2023-12-23 20:57:03.9150–DEBUG–ReadPortCandidatelist
2023-12-23 20:57:05.8688–DEBUG–linked with COM5
2023-12-23 20:57:07.0365–DEBUG–Stop listeningCOM5
2023-12-23 20:57:09.2817–DEBUG–Auto_save_candidaters_process...
2023-12-23 20:57:09.3049–DEBUG–D:\yqgithub\SuperCarter\SuperCarter\SuperCarter\bin\Debug\\config\PortCandidatelist.json
2023-12-23 20:57:09.3049–DEBUG–WritePortCandidatelist
2023-12-23 20:57:43.1620–DEBUG–D:\yqgithub\SuperCarter\SuperCarter\SuperCarter\bin\Debug\\config\PortCandidatelist.json
2023-12-23 20:57:43.1662–DEBUG–ReadPortCandidatelist
2023-12-23 20:57:45.5709–DEBUG–linked with COM5
