2023-12-27 11:09:01.5531–DEBUG–D:\YQRepos\SuperCarter\SuperCarter-main\SuperCarter\SuperCarter\bin\Debug\\config\PortCandidatelist.json
2023-12-27 11:09:01.5588–DEBUG–ReadPortCandidatelist
2023-12-27 11:09:34.0803–DEBUG–Auto_save_candidaters_process...
2023-12-27 11:09:34.1175–DEBUG–D:\YQRepos\SuperCarter\SuperCarter-main\SuperCarter\SuperCarter\bin\Debug\\config\PortCandidatelist.json
2023-12-27 11:09:34.1175–DEBUG–WritePortCandidatelist
2023-12-27 11:14:25.8162–DEBUG–D:\YQRepos\SuperCarter\SuperCarter-main\SuperCarter\SuperCarter\bin\Debug\\config\PortCandidatelist.json
2023-12-27 11:14:25.8162–DEBUG–ReadPortCandidatelist
2023-12-27 11:14:30.1343–DEBUG–linked with COM93
2023-12-27 11:19:59.3380–DEBUG–D:\YQRepos\SuperCarter\SuperCarter-main\SuperCarter\SuperCarter\bin\Debug\\config\PortCandidatelist.json
2023-12-27 11:19:59.3436–DEBUG–ReadPortCandidatelist
2023-12-27 11:24:59.2462–DEBUG–D:\YQRepos\SuperCarter\SuperCarter-main\SuperCarter\SuperCarter\bin\Debug\\config\PortCandidatelist.json
2023-12-27 11:24:59.2462–DEBUG–ReadPortCandidatelist
2023-12-27 11:29:01.5124–DEBUG–D:\YQRepos\SuperCarter\SuperCarter-main\SuperCarter\SuperCarter\bin\Debug\\config\PortCandidatelist.json
2023-12-27 11:29:01.5124–DEBUG–ReadPortCandidatelist
2023-12-27 11:29:10.3263–DEBUG–Auto_save_candidaters_process...
2023-12-27 11:29:10.3697–DEBUG–D:\YQRepos\SuperCarter\SuperCarter-main\SuperCarter\SuperCarter\bin\Debug\\config\PortCandidatelist.json
2023-12-27 11:29:10.3697–DEBUG–WritePortCandidatelist
2023-12-27 11:29:57.3798–DEBUG–D:\YQRepos\SuperCarter\SuperCarter-main\SuperCarter\SuperCarter\bin\Debug\\config\PortCandidatelist.json
2023-12-27 11:29:57.3798–DEBUG–ReadPortCandidatelist
2023-12-27 11:31:16.5621–DEBUG–D:\YQRepos\SuperCarter\SuperCarter-main\SuperCarter\SuperCarter\bin\Debug\\config\PortCandidatelist.json
2023-12-27 11:31:16.5621–DEBUG–ReadPortCandidatelist
2023-12-27 11:38:39.7485–DEBUG–D:\YQRepos\SuperCarter\SuperCarter-main\SuperCarter\SuperCarter\bin\Debug\scripts\macro\macro.json
2023-12-27 11:38:39.7485–DEBUG–WritePortCandidatelist
2023-12-27 11:38:47.0104–DEBUG–D:\YQRepos\SuperCarter\SuperCarter-main\SuperCarter\SuperCarter\bin\Debug\scripts\macro\macro.json
2023-12-27 11:38:47.0104–DEBUG–ReadPortCandidatelist
2023-12-27 11:39:00.3953–DEBUG–linked with COM93
