2023-11-09 09:00:07.3027–DEBUG–D:\YQRepos\SuperCarter\SuperCarter-main\SuperCarter\SuperCarter\bin\Debug\\config\PortCandidatelist.json
2023-11-09 09:00:07.3027–DEBUG–ReadPortCandidatelist
2023-11-09 09:00:18.9262–DEBUG–linked with COM88
2023-11-09 09:00:34.3472–DEBUG–Auto_save_candidaters_process...
2023-11-09 09:00:34.3821–DEBUG–D:\YQRepos\SuperCarter\SuperCarter-main\SuperCarter\SuperCarter\bin\Debug\\config\PortCandidatelist.json
2023-11-09 09:00:34.3821–DEBUG–WritePortCandidatelist
2023-11-09 09:03:07.3456–DEBUG–D:\YQRepos\SuperCarter\SuperCarter-main\SuperCarter\SuperCarter\bin\Debug\\config\PortCandidatelist.json
2023-11-09 09:03:07.3456–DEBUG–ReadPortCandidatelist
2023-11-09 09:03:10.1622–DEBUG–linked with COM88
2023-11-09 09:05:15.6554–DEBUG–Auto_save_candidaters_process...
2023-11-09 09:05:15.6896–DEBUG–D:\YQRepos\SuperCarter\SuperCarter-main\SuperCarter\SuperCarter\bin\Debug\\config\PortCandidatelist.json
2023-11-09 09:05:15.6896–DEBUG–WritePortCandidatelist
2023-11-09 09:09:49.2908–DEBUG–D:\YQRepos\SuperCarter\SuperCarter-main\SuperCarter\SuperCarter\bin\Debug\\config\PortCandidatelist.json
2023-11-09 09:09:49.2908–DEBUG–ReadPortCandidatelist
2023-11-09 09:09:51.4214–DEBUG–linked with COM88
2023-11-09 09:19:09.2469–DEBUG–Auto_save_candidaters_process...
2023-11-09 09:19:09.3369–DEBUG–D:\YQRepos\SuperCarter\SuperCarter-main\SuperCarter\SuperCarter\bin\Debug\\config\PortCandidatelist.json
2023-11-09 09:19:09.3369–DEBUG–WritePortCandidatelist
2023-11-09 09:23:35.6589–DEBUG–D:\YQRepos\SuperCarter\SuperCarter-main\SuperCarter\SuperCarter\bin\Debug\\config\PortCandidatelist.json
2023-11-09 09:23:35.6627–DEBUG–ReadPortCandidatelist
2023-11-09 09:26:50.4531–DEBUG–D:\YQRepos\SuperCarter\SuperCarter-main\SuperCarter\SuperCarter\bin\Debug\\config\PortCandidatelist.json
2023-11-09 09:26:50.4531–DEBUG–ReadPortCandidatelist
2023-11-09 09:26:56.9566–DEBUG–Auto_save_candidaters_process...
2023-11-09 09:26:57.0078–DEBUG–D:\YQRepos\SuperCarter\SuperCarter-main\SuperCarter\SuperCarter\bin\Debug\\config\PortCandidatelist.json
2023-11-09 09:26:57.0078–DEBUG–WritePortCandidatelist
2023-11-09 09:28:44.9500–DEBUG–D:\YQRepos\SuperCarter\SuperCarter-main\SuperCarter\SuperCarter\bin\Debug\\config\PortCandidatelist.json
2023-11-09 09:28:44.9500–DEBUG–ReadPortCandidatelist
2023-11-09 09:28:47.4233–DEBUG–linked with COM88
2023-11-09 09:29:31.0189–DEBUG–Auto_save_candidaters_process...
2023-11-09 09:29:31.0554–DEBUG–D:\YQRepos\SuperCarter\SuperCarter-main\SuperCarter\SuperCarter\bin\Debug\\config\PortCandidatelist.json
2023-11-09 09:29:31.0554–DEBUG–WritePortCandidatelist
2023-11-09 09:29:55.9572–DEBUG–D:\YQRepos\SuperCarter\SuperCarter-main\SuperCarter\SuperCarter\bin\Debug\\config\PortCandidatelist.json
2023-11-09 09:29:55.9572–DEBUG–ReadPortCandidatelist
2023-11-09 09:29:57.9466–DEBUG–linked with COM88
2023-11-09 09:30:34.9035–DEBUG–Auto_save_candidaters_process...
2023-11-09 09:30:34.9373–DEBUG–D:\YQRepos\SuperCarter\SuperCarter-main\SuperCarter\SuperCarter\bin\Debug\\config\PortCandidatelist.json
2023-11-09 09:30:34.9373–DEBUG–WritePortCandidatelist
2023-11-09 09:31:22.6458–DEBUG–D:\YQRepos\SuperCarter\SuperCarter-main\SuperCarter\SuperCarter\bin\Debug\\config\PortCandidatelist.json
2023-11-09 09:31:22.6458–DEBUG–ReadPortCandidatelist
2023-11-09 09:31:24.6960–DEBUG–linked with COM88
2023-11-09 09:32:34.2808–DEBUG–Auto_save_candidaters_process...
2023-11-09 09:32:34.3147–DEBUG–D:\YQRepos\SuperCarter\SuperCarter-main\SuperCarter\SuperCarter\bin\Debug\\config\PortCandidatelist.json
2023-11-09 09:32:34.3147–DEBUG–WritePortCandidatelist
2023-11-09 09:34:44.8580–DEBUG–D:\YQRepos\SuperCarter\SuperCarter-main\SuperCarter\SuperCarter\bin\Debug\\config\PortCandidatelist.json
2023-11-09 09:34:44.8580–DEBUG–ReadPortCandidatelist
2023-11-09 09:34:47.2611–DEBUG–linked with COM88
2023-11-09 09:36:59.6730–DEBUG–Auto_save_candidaters_process...
2023-11-09 09:36:59.7097–DEBUG–D:\YQRepos\SuperCarter\SuperCarter-main\SuperCarter\SuperCarter\bin\Debug\\config\PortCandidatelist.json
2023-11-09 09:36:59.7097–DEBUG–WritePortCandidatelist
2023-11-09 09:38:51.3833–DEBUG–D:\YQRepos\SuperCarter\SuperCarter-main\SuperCarter\SuperCarter\bin\Debug\\config\PortCandidatelist.json
2023-11-09 09:38:51.3833–DEBUG–ReadPortCandidatelist
2023-11-09 09:38:53.4799–DEBUG–linked with COM88
2023-11-09 09:39:24.7416–DEBUG–Auto_save_candidaters_process...
2023-11-09 09:39:24.7913–DEBUG–D:\YQRepos\SuperCarter\SuperCarter-main\SuperCarter\SuperCarter\bin\Debug\\config\PortCandidatelist.json
2023-11-09 09:39:24.7913–DEBUG–WritePortCandidatelist
