2023-12-15 16:22:03.5795–DEBUG–D:\YQRepos\SuperCarter\SuperCarter-main\SuperCarter\SuperCarter\bin\Debug\\config\PortCandidatelist.json
2023-12-15 16:22:03.5795–DEBUG–ReadPortCandidatelist
2023-12-15 16:23:29.5927–DEBUG–Auto_save_candidaters_process...
2023-12-15 16:23:29.6359–DEBUG–D:\YQRepos\SuperCarter\SuperCarter-main\SuperCarter\SuperCarter\bin\Debug\\config\PortCandidatelist.json
2023-12-15 16:23:29.6359–DEBUG–WritePortCandidatelist
2023-12-15 16:24:28.0539–DEBUG–D:\YQRepos\SuperCarter\SuperCarter-main\SuperCarter\SuperCarter\bin\Debug\\config\PortCandidatelist.json
2023-12-15 16:24:28.0576–DEBUG–ReadPortCandidatelist
2023-12-15 16:25:32.4444–DEBUG–D:\YQRepos\SuperCarter\SuperCarter-main\SuperCarter\SuperCarter\bin\Debug\scripts\template\macro.json
2023-12-15 16:25:32.4444–DEBUG–WritePortCandidatelist
2023-12-15 16:26:20.0168–DEBUG–D:\YQRepos\SuperCarter\SuperCarter-main\SuperCarter\SuperCarter\bin\Debug\\config\PortCandidatelist.json
2023-12-15 16:26:20.0168–DEBUG–ReadPortCandidatelist
2023-12-15 16:28:14.9189–DEBUG–D:\YQRepos\SuperCarter\SuperCarter-main\SuperCarter\SuperCarter\bin\Debug\\config\PortCandidatelist.json
2023-12-15 16:28:14.9232–DEBUG–ReadPortCandidatelist
2023-12-15 16:29:32.7020–DEBUG–Auto_save_candidaters_process...
2023-12-15 16:29:32.7469–DEBUG–D:\YQRepos\SuperCarter\SuperCarter-main\SuperCarter\SuperCarter\bin\Debug\\config\PortCandidatelist.json
2023-12-15 16:29:32.7469–DEBUG–WritePortCandidatelist
2023-12-15 16:33:13.0464–DEBUG–D:\YQRepos\SuperCarter\SuperCarter-main\SuperCarter\SuperCarter\bin\Debug\\config\PortCandidatelist.json
2023-12-15 16:33:13.0464–DEBUG–ReadPortCandidatelist
2023-12-15 16:33:39.3565–DEBUG–D:\YQRepos\SuperCarter\SuperCarter-main\SuperCarter\SuperCarter\bin\Debug\scripts\template\macro.json
2023-12-15 16:33:39.3565–DEBUG–WritePortCandidatelist
2023-12-15 16:33:47.6994–DEBUG–D:\YQRepos\SuperCarter\SuperCarter-main\SuperCarter\SuperCarter\bin\Debug\scripts\template\macro.json
2023-12-15 16:33:47.6994–DEBUG–ReadPortCandidatelist
