2023-11-04 14:02:22.5663–DEBUG–D:\yqgithub\SuperCarter\SuperCarter\SuperCarter\bin\Debug\\config\PortCandidatelist.json
2023-11-04 14:02:22.5663–DEBUG–ReadPortCandidatelist
2023-11-04 14:03:43.2137–DEBUG–D:\yqgithub\SuperCarter\SuperCarter\SuperCarter\bin\Debug\\config\PortCandidatelist.json
2023-11-04 14:03:43.2137–DEBUG–ReadPortCandidatelist
2023-11-04 14:04:28.2844–DEBUG–D:\yqgithub\SuperCarter\SuperCarter\SuperCarter\bin\Debug\\config\PortCandidatelist.json
2023-11-04 14:04:28.2844–DEBUG–ReadPortCandidatelist
2023-11-04 14:04:47.1560–DEBUG–D:\yqgithub\SuperCarter\SuperCarter\SuperCarter\bin\Debug\\config\PortCandidatelist.json
2023-11-04 14:04:47.1560–DEBUG–ReadPortCandidatelist
2023-11-04 14:04:53.2539–DEBUG–linked with COM10
2023-11-04 14:05:02.3759–DEBUG–Stop listeningCOM10
2023-11-04 14:06:01.5770–DEBUG–D:\yqgithub\SuperCarter\SuperCarter\SuperCarter\bin\Debug\\config\PortCandidatelist.json
2023-11-04 14:06:01.5770–DEBUG–ReadPortCandidatelist
2023-11-04 14:06:36.8594–DEBUG–Auto_save_candidaters_process...
2023-11-04 14:06:36.8854–DEBUG–D:\yqgithub\SuperCarter\SuperCarter\SuperCarter\bin\Debug\\config\PortCandidatelist.json
2023-11-04 14:06:36.8854–DEBUG–WritePortCandidatelist
2023-11-04 14:07:26.0789–DEBUG–D:\yqgithub\SuperCarter\SuperCarter\SuperCarter\bin\Debug\\config\PortCandidatelist.json
2023-11-04 14:07:26.0789–DEBUG–ReadPortCandidatelist
2023-11-04 14:07:56.4540–DEBUG–Auto_save_candidaters_process...
2023-11-04 14:07:56.4776–DEBUG–D:\yqgithub\SuperCarter\SuperCarter\SuperCarter\bin\Debug\\config\PortCandidatelist.json
2023-11-04 14:07:56.4776–DEBUG–WritePortCandidatelist
2023-11-04 14:08:27.2839–DEBUG–D:\yqgithub\SuperCarter\SuperCarter\SuperCarter\bin\Debug\\config\PortCandidatelist.json
2023-11-04 14:08:27.2839–DEBUG–ReadPortCandidatelist
2023-11-04 14:09:13.2816–DEBUG–Auto_save_candidaters_process...
2023-11-04 14:09:13.3079–DEBUG–D:\yqgithub\SuperCarter\SuperCarter\SuperCarter\bin\Debug\\config\PortCandidatelist.json
2023-11-04 14:09:13.3079–DEBUG–WritePortCandidatelist
2023-11-04 14:09:37.1623–DEBUG–D:\yqgithub\SuperCarter\SuperCarter\SuperCarter\bin\Debug\\config\PortCandidatelist.json
2023-11-04 14:09:37.1653–DEBUG–ReadPortCandidatelist
2023-11-04 14:11:12.1566–DEBUG–Auto_save_candidaters_process...
2023-11-04 14:11:12.1802–DEBUG–D:\yqgithub\SuperCarter\SuperCarter\SuperCarter\bin\Debug\\config\PortCandidatelist.json
2023-11-04 14:11:12.1802–DEBUG–WritePortCandidatelist
2023-11-04 14:11:18.6135–DEBUG–D:\yqgithub\SuperCarter\SuperCarter\SuperCarter\bin\Debug\\config\PortCandidatelist.json
2023-11-04 14:11:18.6135–DEBUG–ReadPortCandidatelist
2023-11-04 14:19:09.3415–DEBUG–Auto_save_candidaters_process...
2023-11-04 14:19:09.3658–DEBUG–D:\yqgithub\SuperCarter\SuperCarter\SuperCarter\bin\Debug\\config\PortCandidatelist.json
2023-11-04 14:19:09.3658–DEBUG–WritePortCandidatelist
2023-11-04 14:19:38.0916–DEBUG–D:\yqgithub\SuperCarter\SuperCarter\SuperCarter\bin\Debug\\config\PortCandidatelist.json
2023-11-04 14:19:38.0916–DEBUG–ReadPortCandidatelist
2023-11-04 14:19:47.6697–DEBUG–Auto_save_candidaters_process...
2023-11-04 14:19:47.6944–DEBUG–D:\yqgithub\SuperCarter\SuperCarter\SuperCarter\bin\Debug\\config\PortCandidatelist.json
2023-11-04 14:19:47.6944–DEBUG–WritePortCandidatelist
2023-11-04 14:22:31.9143–DEBUG–D:\yqgithub\SuperCarter\SuperCarter\SuperCarter\bin\Debug\\config\PortCandidatelist.json
2023-11-04 14:22:31.9180–DEBUG–ReadPortCandidatelist
2023-11-04 14:22:45.7531–DEBUG–Auto_save_candidaters_process...
2023-11-04 14:22:45.7778–DEBUG–D:\yqgithub\SuperCarter\SuperCarter\SuperCarter\bin\Debug\\config\PortCandidatelist.json
2023-11-04 14:22:45.7778–DEBUG–WritePortCandidatelist
2023-11-04 14:44:27.3380–DEBUG–D:\yqgithub\SuperCarter\SuperCarter\SuperCarter\bin\Debug\\config\PortCandidatelist.json
2023-11-04 14:44:27.3380–DEBUG–ReadPortCandidatelist
2023-11-04 14:44:31.6921–DEBUG–Auto_save_candidaters_process...
2023-11-04 14:44:31.7161–DEBUG–D:\yqgithub\SuperCarter\SuperCarter\SuperCarter\bin\Debug\\config\PortCandidatelist.json
2023-11-04 14:44:31.7161–DEBUG–WritePortCandidatelist
2023-11-04 14:44:41.2769–DEBUG–D:\yqgithub\SuperCarter\SuperCarter\SuperCarter\bin\Debug\\config\PortCandidatelist.json
2023-11-04 14:44:41.2769–DEBUG–ReadPortCandidatelist
2023-11-04 14:44:44.0529–DEBUG–Auto_save_candidaters_process...
2023-11-04 14:44:44.0779–DEBUG–D:\yqgithub\SuperCarter\SuperCarter\SuperCarter\bin\Debug\\config\PortCandidatelist.json
2023-11-04 14:44:44.0779–DEBUG–WritePortCandidatelist
2023-11-04 14:46:00.4900–DEBUG–D:\yqgithub\SuperCarter\SuperCarter\SuperCarter\bin\Debug\\config\PortCandidatelist.json
2023-11-04 14:46:00.4900–DEBUG–ReadPortCandidatelist
2023-11-04 14:46:35.5813–DEBUG–Auto_save_candidaters_process...
2023-11-04 14:46:35.6051–DEBUG–D:\yqgithub\SuperCarter\SuperCarter\SuperCarter\bin\Debug\\config\PortCandidatelist.json
2023-11-04 14:46:35.6051–DEBUG–WritePortCandidatelist
2023-11-04 14:46:46.5198–DEBUG–D:\yqgithub\SuperCarter\SuperCarter\SuperCarter\bin\Debug\\config\PortCandidatelist.json
2023-11-04 14:46:46.5198–DEBUG–ReadPortCandidatelist
2023-11-04 14:46:53.1286–DEBUG–Auto_save_candidaters_process...
2023-11-04 14:46:53.1534–DEBUG–D:\yqgithub\SuperCarter\SuperCarter\SuperCarter\bin\Debug\\config\PortCandidatelist.json
2023-11-04 14:46:53.1534–DEBUG–WritePortCandidatelist
2023-11-04 14:47:13.3468–DEBUG–D:\yqgithub\SuperCarter\SuperCarter\SuperCarter\bin\Debug\\config\PortCandidatelist.json
2023-11-04 14:47:13.3468–DEBUG–ReadPortCandidatelist
2023-11-04 14:47:38.8054–DEBUG–Auto_save_candidaters_process...
2023-11-04 14:47:38.8312–DEBUG–D:\yqgithub\SuperCarter\SuperCarter\SuperCarter\bin\Debug\\config\PortCandidatelist.json
2023-11-04 14:47:38.8312–DEBUG–WritePortCandidatelist
2023-11-04 14:48:04.1302–DEBUG–D:\yqgithub\SuperCarter\SuperCarter\SuperCarter\bin\Debug\\config\PortCandidatelist.json
2023-11-04 14:48:04.1302–DEBUG–ReadPortCandidatelist
2023-11-04 14:55:35.2113–DEBUG–Auto_save_candidaters_process...
2023-11-04 14:55:35.2364–DEBUG–D:\yqgithub\SuperCarter\SuperCarter\SuperCarter\bin\Debug\\config\PortCandidatelist.json
2023-11-04 14:55:35.2364–DEBUG–WritePortCandidatelist
