2023-11-04 09:10:32.4608–DEBUG–D:\yqgithub\SuperCarter\SuperCarter\SuperCarter\bin\Debug\\config\PortCandidatelist.json
2023-11-04 09:10:32.4608–DEBUG–ReadPortCandidatelist
2023-11-04 09:10:49.4689–DEBUG–Auto_save_candidaters_process...
2023-11-04 09:10:49.4958–DEBUG–D:\yqgithub\SuperCarter\SuperCarter\SuperCarter\bin\Debug\\config\PortCandidatelist.json
2023-11-04 09:10:49.4958–DEBUG–WritePortCandidatelist
2023-11-04 09:14:45.8836–DEBUG–D:\yqgithub\SuperCarter\SuperCarter\SuperCarter\bin\Debug\\config\PortCandidatelist.json
2023-11-04 09:14:45.8836–DEBUG–ReadPortCandidatelist
2023-11-04 09:16:41.6532–DEBUG–Auto_save_candidaters_process...
2023-11-04 09:16:41.6760–DEBUG–D:\yqgithub\SuperCarter\SuperCarter\SuperCarter\bin\Debug\\config\PortCandidatelist.json
2023-11-04 09:16:41.6760–DEBUG–WritePortCandidatelist
2023-11-04 09:21:36.8991–DEBUG–D:\yqgithub\SuperCarter\SuperCarter\SuperCarter\bin\Debug\\config\PortCandidatelist.json
2023-11-04 09:21:36.8991–DEBUG–ReadPortCandidatelist
2023-11-04 09:21:49.6440–DEBUG–Auto_save_candidaters_process...
2023-11-04 09:21:49.6666–DEBUG–D:\yqgithub\SuperCarter\SuperCarter\SuperCarter\bin\Debug\\config\PortCandidatelist.json
2023-11-04 09:21:49.6666–DEBUG–WritePortCandidatelist
2023-11-04 09:23:20.7319–DEBUG–D:\yqgithub\SuperCarter\SuperCarter\SuperCarter\bin\Debug\\config\PortCandidatelist.json
2023-11-04 09:23:20.7319–DEBUG–ReadPortCandidatelist
2023-11-04 09:23:36.0324–DEBUG–Auto_save_candidaters_process...
2023-11-04 09:23:36.0492–DEBUG–D:\yqgithub\SuperCarter\SuperCarter\SuperCarter\bin\Debug\\config\PortCandidatelist.json
2023-11-04 09:23:36.0492–DEBUG–WritePortCandidatelist
2023-11-04 09:24:09.2273–DEBUG–D:\yqgithub\SuperCarter\SuperCarter\SuperCarter\bin\Debug\\config\PortCandidatelist.json
2023-11-04 09:24:09.2273–DEBUG–ReadPortCandidatelist
2023-11-04 09:24:13.2241–DEBUG–catch_COM8
2023-11-04 09:24:13.8036–DEBUG–catch_COM9 be denied
2023-11-04 09:24:16.4033–DEBUG–catch_COM1
2023-11-04 09:24:16.4033–DEBUG–catch_COM1
2023-11-04 09:24:21.2107–DEBUG–catch_COM9 be denied
2023-11-04 09:24:25.1118–DEBUG–catch_COM9
2023-11-04 09:24:25.6721–DEBUG–catch_COM1
2023-11-04 09:24:25.6721–DEBUG–catch_COM1
2023-11-04 09:24:31.3752–DEBUG–catch_COM8
2023-11-04 09:24:33.0175–DEBUG–catch_COM9
2023-11-04 09:24:34.1618–DEBUG–catch_COM8 be denied
2023-11-04 09:24:36.3272–DEBUG–catch_COM1
2023-11-04 09:24:36.3272–DEBUG–catch_COM1
2023-11-04 09:24:43.9772–DEBUG–catch_COM9
2023-11-04 09:24:44.5174–DEBUG–catch_COM8
2023-11-04 09:24:44.5174–DEBUG–catch_COM8
2023-11-04 09:24:53.4899–DEBUG–Auto_save_candidaters_process...
2023-11-04 09:24:53.5035–DEBUG–D:\yqgithub\SuperCarter\SuperCarter\SuperCarter\bin\Debug\\config\PortCandidatelist.json
2023-11-04 09:24:53.5035–DEBUG–WritePortCandidatelist
2023-11-04 09:26:20.0849–DEBUG–D:\yqgithub\SuperCarter\SuperCarter\SuperCarter\bin\Debug\\config\PortCandidatelist.json
2023-11-04 09:26:20.0849–DEBUG–ReadPortCandidatelist
2023-11-04 09:26:24.8074–DEBUG–catch_COM9
2023-11-04 09:26:25.5637–DEBUG–catch_COM8
2023-11-04 09:26:25.5637–DEBUG–catch_COM8
2023-11-04 09:26:39.1532–DEBUG–catch_COM8
2023-11-04 09:26:39.1532–DEBUG–catch_COM8
2023-11-04 09:26:44.1235–DEBUG–catch_COM9
2023-11-04 09:26:45.2373–DEBUG–catch_COM8 be denied
2023-11-04 09:26:46.8114–DEBUG–catch_COM9
2023-11-04 09:26:46.8114–DEBUG–catch_COM9 be denied
2023-11-04 09:26:47.9548–DEBUG–catch_COM9
2023-11-04 09:26:47.9548–DEBUG–catch_COM9 be denied
2023-11-04 09:26:49.2313–DEBUG–catch_COM1
2023-11-04 09:26:49.2313–DEBUG–catch_COM1
2023-11-04 09:27:28.1670–DEBUG–Auto_save_candidaters_process...
2023-11-04 09:27:28.2159–DEBUG–D:\yqgithub\SuperCarter\SuperCarter\SuperCarter\bin\Debug\\config\PortCandidatelist.json
2023-11-04 09:27:28.2159–DEBUG–WritePortCandidatelist
2023-11-04 09:28:06.8704–DEBUG–D:\yqgithub\SuperCarter\SuperCarter\SuperCarter\bin\Debug\\config\PortCandidatelist.json
2023-11-04 09:28:06.8704–DEBUG–ReadPortCandidatelist
2023-11-04 09:30:34.3379–DEBUG–D:\yqgithub\SuperCarter\SuperCarter\SuperCarter\bin\Debug\\config\PortCandidatelist.json
2023-11-04 09:30:34.3379–DEBUG–ReadPortCandidatelist
2023-11-04 09:31:12.4464–DEBUG–Auto_save_candidaters_process...
2023-11-04 09:31:12.4706–DEBUG–D:\yqgithub\SuperCarter\SuperCarter\SuperCarter\bin\Debug\\config\PortCandidatelist.json
2023-11-04 09:31:12.4706–DEBUG–WritePortCandidatelist
2023-11-04 09:32:13.3007–DEBUG–D:\yqgithub\SuperCarter\SuperCarter\SuperCarter\bin\Debug\\config\PortCandidatelist.json
2023-11-04 09:32:13.3007–DEBUG–ReadPortCandidatelist
2023-11-04 09:32:44.7928–DEBUG–Auto_save_candidaters_process...
2023-11-04 09:32:44.8164–DEBUG–D:\yqgithub\SuperCarter\SuperCarter\SuperCarter\bin\Debug\\config\PortCandidatelist.json
2023-11-04 09:32:44.8164–DEBUG–WritePortCandidatelist
2023-11-04 09:33:09.4930–DEBUG–D:\yqgithub\SuperCarter\SuperCarter\SuperCarter\bin\Debug\\config\PortCandidatelist.json
2023-11-04 09:33:09.4930–DEBUG–ReadPortCandidatelist
2023-11-04 09:33:31.6580–DEBUG–Auto_save_candidaters_process...
2023-11-04 09:33:31.6809–DEBUG–D:\yqgithub\SuperCarter\SuperCarter\SuperCarter\bin\Debug\\config\PortCandidatelist.json
2023-11-04 09:33:31.6809–DEBUG–WritePortCandidatelist
2023-11-04 09:35:36.7017–DEBUG–D:\yqgithub\SuperCarter\SuperCarter\SuperCarter\bin\Debug\\config\PortCandidatelist.json
2023-11-04 09:35:36.7017–DEBUG–ReadPortCandidatelist
2023-11-04 09:35:54.8100–DEBUG–Auto_save_candidaters_process...
2023-11-04 09:35:54.8339–DEBUG–D:\yqgithub\SuperCarter\SuperCarter\SuperCarter\bin\Debug\\config\PortCandidatelist.json
2023-11-04 09:35:54.8339–DEBUG–WritePortCandidatelist
2023-11-04 09:36:21.0284–DEBUG–D:\yqgithub\SuperCarter\SuperCarter\SuperCarter\bin\Debug\\config\PortCandidatelist.json
2023-11-04 09:36:21.0284–DEBUG–ReadPortCandidatelist
2023-11-04 09:36:29.7444–DEBUG–Auto_save_candidaters_process...
2023-11-04 09:36:29.7670–DEBUG–D:\yqgithub\SuperCarter\SuperCarter\SuperCarter\bin\Debug\\config\PortCandidatelist.json
2023-11-04 09:36:29.7670–DEBUG–WritePortCandidatelist
2023-11-04 09:37:24.5943–DEBUG–D:\yqgithub\SuperCarter\SuperCarter\SuperCarter\bin\Debug\\config\PortCandidatelist.json
2023-11-04 09:37:24.5943–DEBUG–ReadPortCandidatelist
2023-11-04 09:37:27.4648–DEBUG–Auto_save_candidaters_process...
2023-11-04 09:37:27.4876–DEBUG–D:\yqgithub\SuperCarter\SuperCarter\SuperCarter\bin\Debug\\config\PortCandidatelist.json
2023-11-04 09:37:27.4876–DEBUG–WritePortCandidatelist
2023-11-04 09:40:08.7707–DEBUG–D:\yqgithub\SuperCarter\SuperCarter\SuperCarter\bin\Debug\\config\PortCandidatelist.json
2023-11-04 09:40:08.7707–DEBUG–ReadPortCandidatelist
2023-11-04 09:42:21.7143–DEBUG–D:\yqgithub\SuperCarter\SuperCarter\SuperCarter\bin\Debug\\config\PortCandidatelist.json
2023-11-04 09:42:21.7143–DEBUG–ReadPortCandidatelist
2023-11-04 09:42:38.8569–DEBUG–Auto_save_candidaters_process...
2023-11-04 09:42:38.8826–DEBUG–D:\yqgithub\SuperCarter\SuperCarter\SuperCarter\bin\Debug\\config\PortCandidatelist.json
2023-11-04 09:42:38.8826–DEBUG–WritePortCandidatelist
2023-11-04 09:44:02.8924–DEBUG–D:\yqgithub\SuperCarter\SuperCarter\SuperCarter\bin\Debug\\config\PortCandidatelist.json
2023-11-04 09:44:02.8957–DEBUG–ReadPortCandidatelist
2023-11-04 09:44:18.9539–DEBUG–Auto_save_candidaters_process...
2023-11-04 09:44:18.9780–DEBUG–D:\yqgithub\SuperCarter\SuperCarter\SuperCarter\bin\Debug\\config\PortCandidatelist.json
2023-11-04 09:44:18.9780–DEBUG–WritePortCandidatelist
2023-11-04 09:44:31.4073–DEBUG–D:\yqgithub\SuperCarter\SuperCarter\SuperCarter\bin\Debug\\config\PortCandidatelist.json
2023-11-04 09:44:31.4100–DEBUG–ReadPortCandidatelist
2023-11-04 09:44:33.7967–DEBUG–Auto_save_candidaters_process...
2023-11-04 09:44:33.8225–DEBUG–D:\yqgithub\SuperCarter\SuperCarter\SuperCarter\bin\Debug\\config\PortCandidatelist.json
2023-11-04 09:44:33.8225–DEBUG–WritePortCandidatelist
2023-11-04 09:44:43.2995–DEBUG–D:\yqgithub\SuperCarter\SuperCarter\SuperCarter\bin\Debug\\config\PortCandidatelist.json
2023-11-04 09:44:43.3027–DEBUG–ReadPortCandidatelist
2023-11-04 09:45:05.7098–DEBUG–Auto_save_candidaters_process...
2023-11-04 09:45:05.7336–DEBUG–D:\yqgithub\SuperCarter\SuperCarter\SuperCarter\bin\Debug\\config\PortCandidatelist.json
2023-11-04 09:45:05.7336–DEBUG–WritePortCandidatelist
