2023-12-15 13:30:19.3720–DEBUG–D:\YQRepos\SuperCarter\SuperCarter-main\SuperCarter\SuperCarter\bin\Debug\\config\PortCandidatelist.json
2023-12-15 13:30:19.3768–DEBUG–ReadPortCandidatelist
2023-12-15 13:31:02.5784–DEBUG–D:\YQRepos\SuperCarter\SuperCarter-main\SuperCarter\SuperCarter\bin\Debug\scripts\template\test.json
2023-12-15 13:31:02.5784–DEBUG–WritePortCandidatelist
2023-12-15 13:32:16.2582–DEBUG–D:\YQRepos\SuperCarter\SuperCarter-main\SuperCarter\SuperCarter\bin\Debug\\config\PortCandidatelist.json
2023-12-15 13:32:16.2615–DEBUG–ReadPortCandidatelist
2023-12-15 13:32:41.0934–DEBUG–D:\YQRepos\SuperCarter\SuperCarter-main\SuperCarter\SuperCarter\bin\Debug\scripts\template\test2.json
2023-12-15 13:32:41.0934–DEBUG–WritePortCandidatelist
2023-12-15 13:33:17.4135–DEBUG–D:\YQRepos\SuperCarter\SuperCarter-main\SuperCarter\SuperCarter\bin\Debug\\config\PortCandidatelist.json
2023-12-15 13:33:17.4135–DEBUG–ReadPortCandidatelist
2023-12-15 13:33:42.1925–DEBUG–D:\YQRepos\SuperCarter\SuperCarter-main\SuperCarter\SuperCarter\bin\Debug\scripts\template\test.json
2023-12-15 13:33:42.1925–DEBUG–WritePortCandidatelist
2023-12-15 13:34:47.2265–DEBUG–D:\YQRepos\SuperCarter\SuperCarter-main\SuperCarter\SuperCarter\bin\Debug\scripts\template\test.json
2023-12-15 13:34:47.2265–DEBUG–WritePortCandidatelist
2023-12-15 13:35:58.5749–DEBUG–Auto_save_candidaters_process...
2023-12-15 13:35:58.5812–DEBUG–D:\YQRepos\SuperCarter\SuperCarter-main\SuperCarter\SuperCarter\bin\Debug\\config\PortCandidatelist.json
2023-12-15 13:35:58.5812–DEBUG–WritePortCandidatelist
2023-12-15 13:38:02.1254–DEBUG–D:\YQRepos\SuperCarter\SuperCarter-main\SuperCarter\SuperCarter\bin\Debug\\config\PortCandidatelist.json
2023-12-15 13:38:02.1254–DEBUG–ReadPortCandidatelist
2023-12-15 13:38:14.7024–DEBUG–Auto_save_candidaters_process...
2023-12-15 13:38:14.7402–DEBUG–D:\YQRepos\SuperCarter\SuperCarter-main\SuperCarter\SuperCarter\bin\Debug\\config\PortCandidatelist.json
2023-12-15 13:38:14.7402–DEBUG–WritePortCandidatelist
2023-12-15 13:42:51.2257–DEBUG–D:\YQRepos\SuperCarter\SuperCarter-main\SuperCarter\SuperCarter\bin\Debug\\config\PortCandidatelist.json
2023-12-15 13:42:51.2290–DEBUG–ReadPortCandidatelist
2023-12-15 13:52:44.1202–DEBUG–Auto_save_candidaters_process...
2023-12-15 13:52:44.1531–DEBUG–D:\YQRepos\SuperCarter\SuperCarter-main\SuperCarter\SuperCarter\bin\Debug\\config\PortCandidatelist.json
2023-12-15 13:52:44.1531–DEBUG–WritePortCandidatelist
2023-12-15 13:54:17.2375–DEBUG–D:\YQRepos\SuperCarter\SuperCarter-main\SuperCarter\SuperCarter\bin\Debug\\config\PortCandidatelist.json
2023-12-15 13:54:17.2375–DEBUG–ReadPortCandidatelist
2023-12-15 13:55:13.7180–DEBUG–D:\YQRepos\SuperCarter\SuperCarter-main\SuperCarter\SuperCarter\bin\Debug\\config\PortCandidatelist.json
2023-12-15 13:55:13.7180–DEBUG–ReadPortCandidatelist
