2023-12-14 17:00:51.5763–DEBUG–D:\YQRepos\SuperCarter\SuperCarter-main\SuperCarter\SuperCarter\bin\Debug\\config\PortCandidatelist.json
2023-12-14 17:00:51.5763–DEBUG–ReadPortCandidatelist
2023-12-14 17:02:06.7083–DEBUG–Auto_save_candidaters_process...
2023-12-14 17:02:06.7467–DEBUG–D:\YQRepos\SuperCarter\SuperCarter-main\SuperCarter\SuperCarter\bin\Debug\\config\PortCandidatelist.json
2023-12-14 17:02:06.7467–DEBUG–WritePortCandidatelist
2023-12-14 17:03:41.3255–DEBUG–D:\YQRepos\SuperCarter\SuperCarter-main\SuperCarter\SuperCarter\bin\Debug\\config\PortCandidatelist.json
2023-12-14 17:03:41.3255–DEBUG–ReadPortCandidatelist
2023-12-14 17:04:46.8117–DEBUG–D:\YQRepos\SuperCarter\SuperCarter-main\SuperCarter\SuperCarter\bin\Debug\scripts\template\test_long.json
2023-12-14 17:04:46.8117–DEBUG–WritePortCandidatelist
2023-12-14 17:05:09.3257–DEBUG–D:\YQRepos\SuperCarter\SuperCarter-main\SuperCarter\SuperCarter\bin\Debug\scripts\template\2023_12_14_17_05-NEW_Script.json
2023-12-14 17:05:09.3257–DEBUG–WritePortCandidatelist
2023-12-14 17:07:24.9054–DEBUG–D:\YQRepos\SuperCarter\SuperCarter-main\SuperCarter\SuperCarter\bin\Debug\\config\PortCandidatelist.json
2023-12-14 17:07:24.9054–DEBUG–ReadPortCandidatelist
2023-12-14 17:08:13.0903–DEBUG–D:\YQRepos\SuperCarter\SuperCarter-main\SuperCarter\SuperCarter\bin\Debug\scripts\template\2023_12_14_17_05-NEW_Script.json
2023-12-14 17:08:13.0903–DEBUG–WritePortCandidatelist
2023-12-14 17:10:37.0236–DEBUG–D:\YQRepos\SuperCarter\SuperCarter-main\SuperCarter\SuperCarter\bin\Debug\\config\PortCandidatelist.json
2023-12-14 17:10:37.0236–DEBUG–ReadPortCandidatelist
2023-12-14 17:11:07.4271–DEBUG–D:\YQRepos\SuperCarter\SuperCarter-main\SuperCarter\SuperCarter\bin\Debug\scripts\template\2023_12_14_17_05-NEW_Script.json
2023-12-14 17:11:07.4271–DEBUG–WritePortCandidatelist
2023-12-14 17:11:54.4744–DEBUG–Auto_save_candidaters_process...
2023-12-14 17:11:54.5177–DEBUG–D:\YQRepos\SuperCarter\SuperCarter-main\SuperCarter\SuperCarter\bin\Debug\\config\PortCandidatelist.json
2023-12-14 17:11:54.5177–DEBUG–WritePortCandidatelist
