2023-11-09 20:46:43.8393–DEBUG–D:\yqgithub\SuperCarter\SuperCarter\SuperCarter\bin\Debug\\config\PortCandidatelist.json
2023-11-09 20:46:43.8393–DEBUG–ReadPortCandidatelist
2023-11-09 20:46:57.6072–DEBUG–linked with COM5
2023-11-09 20:47:17.4535–DEBUG–linked with COM5
2023-11-09 20:47:57.9333–DEBUG–Auto_save_candidaters_process...
2023-11-09 20:47:57.9589–DEBUG–D:\yqgithub\SuperCarter\SuperCarter\SuperCarter\bin\Debug\\config\PortCandidatelist.json
2023-11-09 20:47:57.9589–DEBUG–WritePortCandidatelist
2023-11-09 20:49:05.9531–DEBUG–D:\yqgithub\SuperCarter\SuperCarter\SuperCarter\bin\Debug\\config\PortCandidatelist.json
2023-11-09 20:49:05.9531–DEBUG–ReadPortCandidatelist
2023-11-09 20:49:27.3367–DEBUG–linked with COM5
2023-11-09 20:50:27.6578–DEBUG–D:\yqgithub\SuperCarter\SuperCarter\SuperCarter\bin\Debug\\config\PortCandidatelist.json
2023-11-09 20:50:27.6578–DEBUG–ReadPortCandidatelist
2023-11-09 20:50:29.4981–DEBUG–linked with COM5
2023-11-09 20:51:43.1616–DEBUG–Auto_save_candidaters_process...
2023-11-09 20:51:43.1861–DEBUG–D:\yqgithub\SuperCarter\SuperCarter\SuperCarter\bin\Debug\\config\PortCandidatelist.json
2023-11-09 20:51:43.1861–DEBUG–WritePortCandidatelist
2023-11-09 20:52:23.8977–DEBUG–D:\yqgithub\SuperCarter\SuperCarter\SuperCarter\bin\Debug\\config\PortCandidatelist.json
2023-11-09 20:52:23.9020–DEBUG–ReadPortCandidatelist
2023-11-09 20:52:31.4195–DEBUG–linked with COM5
2023-11-09 20:54:55.6542–DEBUG–Auto_save_candidaters_process...
2023-11-09 20:54:55.6802–DEBUG–D:\yqgithub\SuperCarter\SuperCarter\SuperCarter\bin\Debug\\config\PortCandidatelist.json
2023-11-09 20:54:55.6802–DEBUG–WritePortCandidatelist
2023-11-09 20:57:41.9267–DEBUG–D:\yqgithub\SuperCarter\SuperCarter\SuperCarter\bin\Debug\\config\PortCandidatelist.json
2023-11-09 20:57:41.9267–DEBUG–ReadPortCandidatelist
2023-11-09 20:57:44.4462–DEBUG–linked with COM5
2023-11-09 20:58:38.3002–DEBUG–Auto_save_candidaters_process...
2023-11-09 20:58:38.3240–DEBUG–D:\yqgithub\SuperCarter\SuperCarter\SuperCarter\bin\Debug\\config\PortCandidatelist.json
2023-11-09 20:58:38.3240–DEBUG–WritePortCandidatelist
2023-11-09 20:59:36.5892–DEBUG–D:\yqgithub\SuperCarter\SuperCarter\SuperCarter\bin\Debug\\config\PortCandidatelist.json
2023-11-09 20:59:36.5892–DEBUG–ReadPortCandidatelist
2023-11-09 20:59:43.6873–DEBUG–linked with COM5
