2023-11-23 20:07:54.0689–DEBUG–D:\yqgithub\SuperCarter\SuperCarter\SuperCarter\bin\Debug\\config\PortCandidatelist.json
2023-11-23 20:07:54.0717–DEBUG–ReadPortCandidatelist
2023-11-23 20:07:55.8030–DEBUG–linked with COM5
2023-11-23 20:08:34.6293–DEBUG–Auto_save_candidaters_process...
2023-11-23 20:08:34.6530–DEBUG–D:\yqgithub\SuperCarter\SuperCarter\SuperCarter\bin\Debug\\config\PortCandidatelist.json
2023-11-23 20:08:34.6530–DEBUG–WritePortCandidatelist
2023-11-23 20:15:26.6928–DEBUG–D:\yqgithub\SuperCarter\SuperCarter\SuperCarter\bin\Debug\\config\PortCandidatelist.json
2023-11-23 20:15:26.6928–DEBUG–ReadPortCandidatelist
2023-11-23 20:15:29.0121–DEBUG–linked with COM5
2023-11-23 20:16:12.4701–DEBUG–Auto_save_candidaters_process...
2023-11-23 20:16:12.4935–DEBUG–D:\yqgithub\SuperCarter\SuperCarter\SuperCarter\bin\Debug\\config\PortCandidatelist.json
2023-11-23 20:16:12.4935–DEBUG–WritePortCandidatelist
2023-11-23 20:17:21.7616–DEBUG–D:\yqgithub\SuperCarter\SuperCarter\SuperCarter\bin\Debug\\config\PortCandidatelist.json
2023-11-23 20:17:21.7616–DEBUG–ReadPortCandidatelist
2023-11-23 20:17:23.3551–DEBUG–linked with COM5
2023-11-23 20:18:33.5462–DEBUG–Auto_save_candidaters_process...
2023-11-23 20:18:33.5706–DEBUG–D:\yqgithub\SuperCarter\SuperCarter\SuperCarter\bin\Debug\\config\PortCandidatelist.json
2023-11-23 20:18:33.5706–DEBUG–WritePortCandidatelist
2023-11-23 20:18:57.5169–DEBUG–D:\yqgithub\SuperCarter\SuperCarter\SuperCarter\bin\Debug\\config\PortCandidatelist.json
2023-11-23 20:18:57.5169–DEBUG–ReadPortCandidatelist
2023-11-23 20:18:59.2471–DEBUG–linked with COM5
2023-11-23 20:19:13.5721–DEBUG–Auto_save_candidaters_process...
2023-11-23 20:19:13.5956–DEBUG–D:\yqgithub\SuperCarter\SuperCarter\SuperCarter\bin\Debug\\config\PortCandidatelist.json
2023-11-23 20:19:13.5956–DEBUG–WritePortCandidatelist
2023-11-23 20:19:26.9107–DEBUG–D:\yqgithub\SuperCarter\SuperCarter\SuperCarter\bin\Debug\\config\PortCandidatelist.json
2023-11-23 20:19:26.9107–DEBUG–ReadPortCandidatelist
2023-11-23 20:19:28.4596–DEBUG–linked with COM5
2023-11-23 20:20:32.7931–DEBUG–D:\yqgithub\SuperCarter\SuperCarter\SuperCarter\bin\Debug\\config\PortCandidatelist.json
2023-11-23 20:20:32.7931–DEBUG–ReadPortCandidatelist
2023-11-23 20:20:34.9659–DEBUG–linked with COM5
2023-11-23 20:21:10.7282–DEBUG–Auto_save_candidaters_process...
2023-11-23 20:21:10.7516–DEBUG–D:\yqgithub\SuperCarter\SuperCarter\SuperCarter\bin\Debug\\config\PortCandidatelist.json
2023-11-23 20:21:10.7516–DEBUG–WritePortCandidatelist
2023-11-23 20:25:46.1820–DEBUG–D:\yqgithub\SuperCarter\SuperCarter\SuperCarter\bin\Debug\\config\PortCandidatelist.json
2023-11-23 20:25:46.1820–DEBUG–ReadPortCandidatelist
2023-11-23 20:25:49.9418–DEBUG–linked with COM5
2023-11-23 20:26:31.2257–DEBUG–Auto_save_candidaters_process...
2023-11-23 20:26:31.2501–DEBUG–D:\yqgithub\SuperCarter\SuperCarter\SuperCarter\bin\Debug\\config\PortCandidatelist.json
2023-11-23 20:26:31.2501–DEBUG–WritePortCandidatelist
2023-11-23 20:26:34.8872–DEBUG–D:\yqgithub\SuperCarter\SuperCarter\SuperCarter\bin\Debug\\config\PortCandidatelist.json
2023-11-23 20:26:34.8872–DEBUG–ReadPortCandidatelist
2023-11-23 20:26:36.6959–DEBUG–linked with COM5
2023-11-23 20:27:17.9205–DEBUG–Auto_save_candidaters_process...
2023-11-23 20:27:17.9435–DEBUG–D:\yqgithub\SuperCarter\SuperCarter\SuperCarter\bin\Debug\\config\PortCandidatelist.json
2023-11-23 20:27:17.9435–DEBUG–WritePortCandidatelist
2023-11-23 20:29:24.3583–DEBUG–D:\yqgithub\SuperCarter\SuperCarter\SuperCarter\bin\Debug\\config\PortCandidatelist.json
2023-11-23 20:29:24.3583–DEBUG–ReadPortCandidatelist
2023-11-23 20:31:34.5799–DEBUG–D:\yqgithub\SuperCarter\SuperCarter\SuperCarter\bin\Debug\\config\PortCandidatelist.json
2023-11-23 20:31:34.5799–DEBUG–ReadPortCandidatelist
2023-11-23 20:31:36.4159–DEBUG–linked with COM5
2023-11-23 20:32:25.0565–DEBUG–Auto_save_candidaters_process...
2023-11-23 20:32:25.0807–DEBUG–D:\yqgithub\SuperCarter\SuperCarter\SuperCarter\bin\Debug\\config\PortCandidatelist.json
2023-11-23 20:32:25.0807–DEBUG–WritePortCandidatelist
2023-11-23 20:33:09.2147–DEBUG–D:\yqgithub\SuperCarter\SuperCarter\SuperCarter\bin\Debug\\config\PortCandidatelist.json
2023-11-23 20:33:09.2147–DEBUG–ReadPortCandidatelist
2023-11-23 20:33:10.9769–DEBUG–linked with COM5
2023-11-23 20:33:56.3391–DEBUG–Auto_save_candidaters_process...
2023-11-23 20:33:56.3613–DEBUG–D:\yqgithub\SuperCarter\SuperCarter\SuperCarter\bin\Debug\\config\PortCandidatelist.json
2023-11-23 20:33:56.3613–DEBUG–WritePortCandidatelist
2023-11-23 20:34:00.2573–DEBUG–D:\yqgithub\SuperCarter\SuperCarter\SuperCarter\bin\Debug\\config\PortCandidatelist.json
2023-11-23 20:34:00.2601–DEBUG–ReadPortCandidatelist
2023-11-23 20:34:02.3814–DEBUG–linked with COM5
2023-11-23 20:34:37.6131–DEBUG–Auto_save_candidaters_process...
2023-11-23 20:34:37.6360–DEBUG–D:\yqgithub\SuperCarter\SuperCarter\SuperCarter\bin\Debug\\config\PortCandidatelist.json
2023-11-23 20:34:37.6360–DEBUG–WritePortCandidatelist
2023-11-23 20:36:55.5915–DEBUG–D:\yqgithub\SuperCarter\SuperCarter\SuperCarter\bin\Debug\\config\PortCandidatelist.json
2023-11-23 20:36:55.5915–DEBUG–ReadPortCandidatelist
2023-11-23 20:36:57.3976–DEBUG–linked with COM5
2023-11-23 20:37:33.8611–DEBUG–Auto_save_candidaters_process...
2023-11-23 20:37:33.8840–DEBUG–D:\yqgithub\SuperCarter\SuperCarter\SuperCarter\bin\Debug\\config\PortCandidatelist.json
2023-11-23 20:37:33.8840–DEBUG–WritePortCandidatelist
2023-11-23 20:38:30.5533–DEBUG–D:\yqgithub\SuperCarter\SuperCarter\SuperCarter\bin\Debug\\config\PortCandidatelist.json
2023-11-23 20:38:30.5576–DEBUG–ReadPortCandidatelist
2023-11-23 20:38:38.7256–DEBUG–linked with COM5
2023-11-23 20:39:43.5795–DEBUG–Auto_save_candidaters_process...
2023-11-23 20:39:43.6038–DEBUG–D:\yqgithub\SuperCarter\SuperCarter\SuperCarter\bin\Debug\\config\PortCandidatelist.json
2023-11-23 20:39:43.6038–DEBUG–WritePortCandidatelist
2023-11-23 20:42:29.8236–DEBUG–D:\yqgithub\SuperCarter\SuperCarter\SuperCarter\bin\Debug\\config\PortCandidatelist.json
2023-11-23 20:42:29.8236–DEBUG–ReadPortCandidatelist
2023-11-23 20:42:31.8089–DEBUG–linked with COM5
2023-11-23 20:43:56.0237–DEBUG–D:\yqgithub\SuperCarter\SuperCarter\SuperCarter\bin\Debug\\config\PortCandidatelist.json
2023-11-23 20:43:56.0266–DEBUG–ReadPortCandidatelist
2023-11-23 20:44:27.3622–DEBUG–linked with COM5
2023-11-23 20:45:53.3267–DEBUG–D:\yqgithub\SuperCarter\SuperCarter\SuperCarter\bin\Debug\\config\PortCandidatelist.json
2023-11-23 20:45:53.3267–DEBUG–ReadPortCandidatelist
2023-11-23 20:45:55.1993–DEBUG–linked with COM5
2023-11-23 20:46:39.4860–DEBUG–D:\yqgithub\SuperCarter\SuperCarter\SuperCarter\bin\Debug\\config\PortCandidatelist.json
2023-11-23 20:46:39.4860–DEBUG–ReadPortCandidatelist
2023-11-23 20:46:41.2697–DEBUG–linked with COM5
2023-11-23 20:54:08.0024–DEBUG–D:\yqgithub\SuperCarter\SuperCarter\SuperCarter\bin\Debug\\config\PortCandidatelist.json
2023-11-23 20:54:08.0024–DEBUG–ReadPortCandidatelist
2023-11-23 20:54:10.7268–DEBUG–linked with COM5
2023-11-23 20:54:10.8613–DEBUG–Stop listeningCOM5
2023-11-23 20:54:11.5493–DEBUG–linked with COM5
2023-11-23 20:55:02.8499–DEBUG–Auto_save_candidaters_process...
2023-11-23 20:55:02.8733–DEBUG–D:\yqgithub\SuperCarter\SuperCarter\SuperCarter\bin\Debug\\config\PortCandidatelist.json
2023-11-23 20:55:02.8733–DEBUG–WritePortCandidatelist
2023-11-23 20:57:17.8057–DEBUG–D:\yqgithub\SuperCarter\SuperCarter\SuperCarter\bin\Debug\\config\PortCandidatelist.json
2023-11-23 20:57:17.8087–DEBUG–ReadPortCandidatelist
2023-11-23 20:57:19.6471–DEBUG–linked with COM5
2023-11-23 20:58:03.0175–DEBUG–Auto_save_candidaters_process...
2023-11-23 20:58:03.0408–DEBUG–D:\yqgithub\SuperCarter\SuperCarter\SuperCarter\bin\Debug\\config\PortCandidatelist.json
2023-11-23 20:58:03.0408–DEBUG–WritePortCandidatelist
2023-11-23 20:58:21.1649–DEBUG–D:\yqgithub\SuperCarter\SuperCarter\SuperCarter\bin\Debug\\config\PortCandidatelist.json
2023-11-23 20:58:21.1649–DEBUG–ReadPortCandidatelist
2023-11-23 20:58:22.9156–DEBUG–linked with COM5
