2023-12-27 09:28:56.7156–DEBUG–D:\YQRepos\SuperCarter\SuperCarter-main\SuperCarter\SuperCarter\bin\Debug\\config\PortCandidatelist.json
2023-12-27 09:28:56.7156–DEBUG–ReadPortCandidatelist
2023-12-27 09:29:06.7841–DEBUG–Auto_save_candidaters_process...
2023-12-27 09:29:06.8200–DEBUG–D:\YQRepos\SuperCarter\SuperCarter-main\SuperCarter\SuperCarter\bin\Debug\\config\PortCandidatelist.json
2023-12-27 09:29:06.8200–DEBUG–WritePortCandidatelist
2023-12-27 09:33:59.7318–DEBUG–D:\YQRepos\SuperCarter\SuperCarter-main\SuperCarter\SuperCarter\bin\Debug\\config\PortCandidatelist.json
2023-12-27 09:33:59.7351–DEBUG–ReadPortCandidatelist
2023-12-27 09:34:06.1336–DEBUG–Auto_save_candidaters_process...
2023-12-27 09:34:06.1645–DEBUG–D:\YQRepos\SuperCarter\SuperCarter-main\SuperCarter\SuperCarter\bin\Debug\\config\PortCandidatelist.json
2023-12-27 09:34:06.1645–DEBUG–WritePortCandidatelist
2023-12-27 09:37:36.2869–DEBUG–D:\YQRepos\SuperCarter\SuperCarter-main\SuperCarter\SuperCarter\bin\Debug\\config\PortCandidatelist.json
2023-12-27 09:37:36.2869–DEBUG–ReadPortCandidatelist
2023-12-27 09:37:47.4371–DEBUG–Auto_save_candidaters_process...
2023-12-27 09:37:47.4809–DEBUG–D:\YQRepos\SuperCarter\SuperCarter-main\SuperCarter\SuperCarter\bin\Debug\\config\PortCandidatelist.json
2023-12-27 09:37:47.4809–DEBUG–WritePortCandidatelist
2023-12-27 09:38:16.2347–DEBUG–D:\YQRepos\SuperCarter\SuperCarter-main\SuperCarter\SuperCarter\bin\Debug\\config\PortCandidatelist.json
2023-12-27 09:38:16.2383–DEBUG–ReadPortCandidatelist
2023-12-27 09:38:47.8646–DEBUG–D:\YQRepos\SuperCarter\SuperCarter-main\SuperCarter\SuperCarter\bin\Debug\\config\PortCandidatelist.json
2023-12-27 09:38:47.8646–DEBUG–ReadPortCandidatelist
2023-12-27 09:39:18.6546–DEBUG–Auto_save_candidaters_process...
2023-12-27 09:39:18.6871–DEBUG–D:\YQRepos\SuperCarter\SuperCarter-main\SuperCarter\SuperCarter\bin\Debug\\config\PortCandidatelist.json
2023-12-27 09:39:18.6871–DEBUG–WritePortCandidatelist
2023-12-27 09:39:33.6814–DEBUG–D:\YQRepos\SuperCarter\SuperCarter-main\SuperCarter\SuperCarter\bin\Debug\\config\PortCandidatelist.json
2023-12-27 09:39:33.6814–DEBUG–ReadPortCandidatelist
2023-12-27 09:40:00.4379–DEBUG–linked with COM93
2023-12-27 09:43:23.2874–DEBUG–Auto_save_candidaters_process...
2023-12-27 09:43:23.3375–DEBUG–D:\YQRepos\SuperCarter\SuperCarter-main\SuperCarter\SuperCarter\bin\Debug\\config\PortCandidatelist.json
2023-12-27 09:43:23.3375–DEBUG–WritePortCandidatelist
2023-12-27 09:43:32.3835–DEBUG–D:\YQRepos\SuperCarter\SuperCarter-main\SuperCarter\SuperCarter\bin\Debug\\config\PortCandidatelist.json
2023-12-27 09:43:32.3835–DEBUG–ReadPortCandidatelist
2023-12-27 09:45:45.7405–DEBUG–Auto_save_candidaters_process...
2023-12-27 09:45:45.7831–DEBUG–D:\YQRepos\SuperCarter\SuperCarter-main\SuperCarter\SuperCarter\bin\Debug\\config\PortCandidatelist.json
2023-12-27 09:45:45.7831–DEBUG–WritePortCandidatelist
2023-12-27 09:45:53.6143–DEBUG–D:\YQRepos\SuperCarter\SuperCarter-main\SuperCarter\SuperCarter\bin\Debug\\config\PortCandidatelist.json
2023-12-27 09:45:53.6143–DEBUG–ReadPortCandidatelist
2023-12-27 09:47:25.4588–DEBUG–Auto_save_candidaters_process...
2023-12-27 09:47:25.4924–DEBUG–D:\YQRepos\SuperCarter\SuperCarter-main\SuperCarter\SuperCarter\bin\Debug\\config\PortCandidatelist.json
2023-12-27 09:47:25.4924–DEBUG–WritePortCandidatelist
2023-12-27 09:47:32.9694–DEBUG–D:\YQRepos\SuperCarter\SuperCarter-main\SuperCarter\SuperCarter\bin\Debug\\config\PortCandidatelist.json
2023-12-27 09:47:32.9694–DEBUG–ReadPortCandidatelist
2023-12-27 09:47:50.4010–DEBUG–Auto_save_candidaters_process...
2023-12-27 09:47:50.4491–DEBUG–D:\YQRepos\SuperCarter\SuperCarter-main\SuperCarter\SuperCarter\bin\Debug\\config\PortCandidatelist.json
2023-12-27 09:47:50.4491–DEBUG–WritePortCandidatelist
2023-12-27 09:48:54.3670–DEBUG–D:\YQRepos\SuperCarter\SuperCarter-main\SuperCarter\SuperCarter\bin\Debug\\config\PortCandidatelist.json
2023-12-27 09:48:54.3703–DEBUG–ReadPortCandidatelist
2023-12-27 09:50:07.9463–DEBUG–Auto_save_candidaters_process...
2023-12-27 09:50:07.9925–DEBUG–D:\YQRepos\SuperCarter\SuperCarter-main\SuperCarter\SuperCarter\bin\Debug\\config\PortCandidatelist.json
2023-12-27 09:50:07.9925–DEBUG–WritePortCandidatelist
2023-12-27 09:50:20.1652–DEBUG–D:\YQRepos\SuperCarter\SuperCarter-main\SuperCarter\SuperCarter\bin\Debug\\config\PortCandidatelist.json
2023-12-27 09:50:20.1685–DEBUG–ReadPortCandidatelist
2023-12-27 09:50:44.9275–DEBUG–Auto_save_candidaters_process...
2023-12-27 09:50:44.9707–DEBUG–D:\YQRepos\SuperCarter\SuperCarter-main\SuperCarter\SuperCarter\bin\Debug\\config\PortCandidatelist.json
2023-12-27 09:50:44.9707–DEBUG–WritePortCandidatelist
2023-12-27 09:51:15.5760–DEBUG–D:\YQRepos\SuperCarter\SuperCarter-main\SuperCarter\SuperCarter\bin\Debug\\config\PortCandidatelist.json
2023-12-27 09:51:15.5760–DEBUG–ReadPortCandidatelist
2023-12-27 09:53:19.7424–DEBUG–D:\YQRepos\SuperCarter\SuperCarter-main\SuperCarter\SuperCarter\bin\Debug\\config\PortCandidatelist.json
2023-12-27 09:53:19.7424–DEBUG–ReadPortCandidatelist
2023-12-27 09:54:02.6787–DEBUG–Auto_save_candidaters_process...
2023-12-27 09:54:02.7157–DEBUG–D:\YQRepos\SuperCarter\SuperCarter-main\SuperCarter\SuperCarter\bin\Debug\\config\PortCandidatelist.json
2023-12-27 09:54:02.7157–DEBUG–WritePortCandidatelist
2023-12-27 09:54:20.2889–DEBUG–D:\YQRepos\SuperCarter\SuperCarter-main\SuperCarter\SuperCarter\bin\Debug\\config\PortCandidatelist.json
2023-12-27 09:54:20.2889–DEBUG–ReadPortCandidatelist
2023-12-27 09:55:08.9310–DEBUG–D:\YQRepos\SuperCarter\SuperCarter-main\SuperCarter\SuperCarter\bin\Debug\\config\PortCandidatelist.json
2023-12-27 09:55:08.9310–DEBUG–ReadPortCandidatelist
2023-12-27 09:55:28.1237–DEBUG–Auto_save_candidaters_process...
2023-12-27 09:55:28.1581–DEBUG–D:\YQRepos\SuperCarter\SuperCarter-main\SuperCarter\SuperCarter\bin\Debug\\config\PortCandidatelist.json
2023-12-27 09:55:28.1581–DEBUG–WritePortCandidatelist
2023-12-27 09:55:55.3232–DEBUG–D:\YQRepos\SuperCarter\SuperCarter-main\SuperCarter\SuperCarter\bin\Debug\\config\PortCandidatelist.json
2023-12-27 09:55:55.3264–DEBUG–ReadPortCandidatelist
2023-12-27 09:56:43.8640–DEBUG–linked with COM93
2023-12-27 09:57:10.4378–DEBUG–Auto_save_candidaters_process...
2023-12-27 09:57:10.4718–DEBUG–D:\YQRepos\SuperCarter\SuperCarter-main\SuperCarter\SuperCarter\bin\Debug\\config\PortCandidatelist.json
2023-12-27 09:57:10.4718–DEBUG–WritePortCandidatelist
2023-12-27 09:58:05.9767–DEBUG–D:\YQRepos\SuperCarter\SuperCarter-main\SuperCarter\SuperCarter\bin\Debug\\config\PortCandidatelist.json
2023-12-27 09:58:05.9767–DEBUG–ReadPortCandidatelist
2023-12-27 09:58:16.8176–DEBUG–Auto_save_candidaters_process...
2023-12-27 09:58:16.8580–DEBUG–D:\YQRepos\SuperCarter\SuperCarter-main\SuperCarter\SuperCarter\bin\Debug\\config\PortCandidatelist.json
2023-12-27 09:58:16.8580–DEBUG–WritePortCandidatelist
2023-12-27 09:59:16.1710–DEBUG–D:\YQRepos\SuperCarter\SuperCarter-main\SuperCarter\SuperCarter\bin\Debug\\config\PortCandidatelist.json
2023-12-27 09:59:16.1710–DEBUG–ReadPortCandidatelist
2023-12-27 09:59:23.6645–DEBUG–Auto_save_candidaters_process...
2023-12-27 09:59:23.7017–DEBUG–D:\YQRepos\SuperCarter\SuperCarter-main\SuperCarter\SuperCarter\bin\Debug\\config\PortCandidatelist.json
2023-12-27 09:59:23.7017–DEBUG–WritePortCandidatelist
