2023-12-13 10:50:39.7093–DEBUG–D:\YQRepos\SuperCarter\SuperCarter-main\SuperCarter\SuperCarter\bin\Debug\\config\PortCandidatelist.json
2023-12-13 10:50:39.7093–DEBUG–ReadPortCandidatelist
2023-12-13 10:52:01.1783–DEBUG–D:\YQRepos\SuperCarter\SuperCarter-main\SuperCarter\SuperCarter\bin\Debug\\config\PortCandidatelist.json
2023-12-13 10:52:01.1783–DEBUG–ReadPortCandidatelist
2023-12-13 10:52:52.9192–DEBUG–linked with COM90
2023-12-13 10:53:29.1198–DEBUG–Auto_save_candidaters_process...
2023-12-13 10:53:29.1545–DEBUG–D:\YQRepos\SuperCarter\SuperCarter-main\SuperCarter\SuperCarter\bin\Debug\\config\PortCandidatelist.json
2023-12-13 10:53:29.1545–DEBUG–WritePortCandidatelist
2023-12-13 10:55:15.1259–DEBUG–D:\YQRepos\SuperCarter\SuperCarter-main\SuperCarter\SuperCarter\bin\Debug\\config\PortCandidatelist.json
2023-12-13 10:55:15.1259–DEBUG–ReadPortCandidatelist
2023-12-13 10:55:23.7992–DEBUG–linked with COM90
2023-12-13 10:58:01.1005–DEBUG–D:\YQRepos\SuperCarter\SuperCarter-main\SuperCarter\SuperCarter\bin\Debug\\config\PortCandidatelist.json
2023-12-13 10:58:01.1005–DEBUG–ReadPortCandidatelist
2023-12-13 10:58:03.6581–DEBUG–linked with COM90
2023-12-13 10:58:31.1299–DEBUG–D:\YQRepos\SuperCarter\SuperCarter-main\SuperCarter\SuperCarter\bin\Debug\\config\PortCandidatelist.json
2023-12-13 10:58:31.1299–DEBUG–ReadPortCandidatelist
2023-12-13 10:58:34.9029–DEBUG–linked with COM90
2023-12-13 10:59:00.4515–DEBUG–Stop listeningCOM90
2023-12-13 10:59:00.8787–DEBUG–linked with COM90
2023-12-13 10:59:41.9081–DEBUG–D:\YQRepos\SuperCarter\SuperCarter-main\SuperCarter\SuperCarter\bin\Debug\\config\PortCandidatelist.json
2023-12-13 10:59:41.9081–DEBUG–ReadPortCandidatelist
2023-12-13 10:59:44.7974–DEBUG–linked with COM90
