2023-12-23 19:02:06.3811–DEBUG–D:\yqgithub\SuperCarter\SuperCarter\SuperCarter\bin\Debug\\config\PortCandidatelist.json
2023-12-23 19:02:06.3843–DEBUG–ReadPortCandidatelist
2023-12-23 19:02:11.8787–DEBUG–linked with COM5
2023-12-23 19:02:12.8117–DEBUG–Stop listeningCOM5
2023-12-23 19:02:30.5494–DEBUG–Auto_save_candidaters_process...
2023-12-23 19:02:30.5754–DEBUG–D:\yqgithub\SuperCarter\SuperCarter\SuperCarter\bin\Debug\\config\PortCandidatelist.json
2023-12-23 19:02:30.5754–DEBUG–WritePortCandidatelist
2023-12-23 19:03:56.2230–DEBUG–D:\yqgithub\SuperCarter\SuperCarter\SuperCarter\bin\Debug\\config\PortCandidatelist.json
2023-12-23 19:03:56.2230–DEBUG–ReadPortCandidatelist
2023-12-23 19:03:58.0674–DEBUG–linked with COM5
2023-12-23 19:04:49.8041–DEBUG–catch_COM10
2023-12-23 19:05:00.3202–DEBUG–catch_COM10
2023-12-23 19:05:00.3202–DEBUG–catch_COM10 be denied
2023-12-23 19:05:02.8055–DEBUG–catch_COM10
2023-12-23 19:05:02.8055–DEBUG–catch_COM10 be denied
2023-12-23 19:05:24.3083–DEBUG–Auto_save_candidaters_process...
2023-12-23 19:05:24.3342–DEBUG–D:\yqgithub\SuperCarter\SuperCarter\SuperCarter\bin\Debug\\config\PortCandidatelist.json
2023-12-23 19:05:24.3342–DEBUG–WritePortCandidatelist
2023-12-23 19:15:05.4187–DEBUG–D:\yqgithub\SuperCarter\SuperCarter\SuperCarter\bin\Debug\\config\PortCandidatelist.json
2023-12-23 19:15:05.4187–DEBUG–ReadPortCandidatelist
2023-12-23 19:15:07.4842–DEBUG–linked with COM10
2023-12-23 19:17:48.7098–DEBUG–Auto_save_candidaters_process...
2023-12-23 19:17:48.7323–DEBUG–D:\yqgithub\SuperCarter\SuperCarter\SuperCarter\bin\Debug\\config\PortCandidatelist.json
2023-12-23 19:17:48.7323–DEBUG–WritePortCandidatelist
2023-12-23 19:23:39.0466–DEBUG–D:\yqgithub\SuperCarter\SuperCarter\SuperCarter\bin\Debug\\config\PortCandidatelist.json
2023-12-23 19:23:39.0466–DEBUG–ReadPortCandidatelist
2023-12-23 19:23:45.9906–DEBUG–catch_COM5
2023-12-23 19:24:06.3739–DEBUG–linked with COM10
2023-12-23 19:24:07.0039–DEBUG–linked with COM5
2023-12-23 19:24:28.4931–DEBUG–Auto_save_candidaters_process...
2023-12-23 19:24:28.5173–DEBUG–D:\yqgithub\SuperCarter\SuperCarter\SuperCarter\bin\Debug\\config\PortCandidatelist.json
2023-12-23 19:24:28.5173–DEBUG–WritePortCandidatelist
2023-12-23 19:29:29.2114–DEBUG–D:\yqgithub\SuperCarter\SuperCarter\SuperCarter\bin\Debug\\config\PortCandidatelist.json
2023-12-23 19:29:29.2144–DEBUG–ReadPortCandidatelist
2023-12-23 19:29:30.8837–DEBUG–linked with COM10
2023-12-23 19:29:31.3755–DEBUG–linked with COM5
2023-12-23 19:33:32.2619–DEBUG–D:\yqgithub\SuperCarter\SuperCarter\SuperCarter\bin\Debug\\config\PortCandidatelist.json
2023-12-23 19:33:32.2619–DEBUG–ReadPortCandidatelist
2023-12-23 19:33:34.2177–DEBUG–linked with COM10
2023-12-23 19:33:34.7140–DEBUG–linked with COM5
2023-12-23 19:34:42.4964–DEBUG–D:\yqgithub\SuperCarter\SuperCarter\SuperCarter\bin\Debug\\config\PortCandidatelist.json
2023-12-23 19:34:42.4964–DEBUG–ReadPortCandidatelist
2023-12-23 19:34:44.4117–DEBUG–linked with COM10
2023-12-23 19:34:49.9385–DEBUG–linked with COM5
2023-12-23 19:35:57.5374–DEBUG–D:\yqgithub\SuperCarter\SuperCarter\SuperCarter\bin\Debug\\config\PortCandidatelist.json
2023-12-23 19:35:57.5404–DEBUG–ReadPortCandidatelist
2023-12-23 19:36:00.1208–DEBUG–linked with COM10
2023-12-23 19:36:00.5544–DEBUG–linked with COM5
2023-12-23 19:36:16.5921–DEBUG–Stop listeningCOM5
2023-12-23 19:36:17.4667–DEBUG–linked with COM5
2023-12-23 19:38:40.3799–DEBUG–D:\yqgithub\SuperCarter\SuperCarter\SuperCarter\bin\Debug\\config\PortCandidatelist.json
2023-12-23 19:38:40.3799–DEBUG–ReadPortCandidatelist
2023-12-23 19:41:38.5687–DEBUG–D:\yqgithub\SuperCarter\SuperCarter\SuperCarter\bin\Debug\\config\PortCandidatelist.json
2023-12-23 19:41:38.5719–DEBUG–ReadPortCandidatelist
2023-12-23 19:41:54.7295–DEBUG–linked with COM10
2023-12-23 19:41:55.1119–DEBUG–linked with COM5
2023-12-23 19:48:32.2598–DEBUG–D:\yqgithub\SuperCarter\SuperCarter\SuperCarter\bin\Debug\\config\PortCandidatelist.json
2023-12-23 19:48:32.2598–DEBUG–ReadPortCandidatelist
2023-12-23 19:48:44.5315–DEBUG–linked with COM10
2023-12-23 19:48:44.9513–DEBUG–linked with COM5
2023-12-23 19:50:47.0659–DEBUG–D:\yqgithub\SuperCarter\SuperCarter\SuperCarter\bin\Debug\\config\PortCandidatelist.json
2023-12-23 19:50:47.0659–DEBUG–ReadPortCandidatelist
2023-12-23 19:50:48.6611–DEBUG–linked with COM10
2023-12-23 19:50:49.1494–DEBUG–linked with COM5
2023-12-23 19:51:05.0664–DEBUG–Auto_save_candidaters_process...
2023-12-23 19:51:05.0932–DEBUG–D:\yqgithub\SuperCarter\SuperCarter\SuperCarter\bin\Debug\\config\PortCandidatelist.json
2023-12-23 19:51:05.0932–DEBUG–WritePortCandidatelist
2023-12-23 19:51:15.6550–DEBUG–D:\yqgithub\SuperCarter\SuperCarter\SuperCarter\bin\Debug\\config\PortCandidatelist.json
2023-12-23 19:51:15.6550–DEBUG–ReadPortCandidatelist
2023-12-23 19:51:17.5779–DEBUG–linked with COM10
2023-12-23 19:51:17.9634–DEBUG–linked with COM5
2023-12-23 19:54:32.1621–DEBUG–Auto_save_candidaters_process...
2023-12-23 19:54:32.1864–DEBUG–D:\yqgithub\SuperCarter\SuperCarter\SuperCarter\bin\Debug\\config\PortCandidatelist.json
2023-12-23 19:54:32.1864–DEBUG–WritePortCandidatelist
