2023-12-12 14:02:21.6614–DEBUG–D:\YQRepos\SuperCarter\SuperCarter-main\SuperCarter\SuperCarter\bin\Debug\\config\PortCandidatelist.json
2023-12-12 14:02:21.6614–DEBUG–ReadPortCandidatelist
2023-12-12 14:02:46.0561–DEBUG–Auto_save_candidaters_process...
2023-12-12 14:02:46.1132–DEBUG–D:\YQRepos\SuperCarter\SuperCarter-main\SuperCarter\SuperCarter\bin\Debug\\config\PortCandidatelist.json
2023-12-12 14:02:46.1132–DEBUG–WritePortCandidatelist
2023-12-12 14:03:13.6486–DEBUG–D:\YQRepos\SuperCarter\SuperCarter-main\SuperCarter\SuperCarter\bin\Debug\\config\PortCandidatelist.json
2023-12-12 14:03:13.6486–DEBUG–ReadPortCandidatelist
2023-12-12 14:03:15.7160–DEBUG–Auto_save_candidaters_process...
2023-12-12 14:03:15.7546–DEBUG–D:\YQRepos\SuperCarter\SuperCarter-main\SuperCarter\SuperCarter\bin\Debug\\config\PortCandidatelist.json
2023-12-12 14:03:15.7546–DEBUG–WritePortCandidatelist
2023-12-12 14:03:38.6695–DEBUG–D:\YQRepos\SuperCarter\SuperCarter-main\SuperCarter\SuperCarter\bin\Debug\\config\PortCandidatelist.json
2023-12-12 14:03:38.6695–DEBUG–ReadPortCandidatelist
2023-12-12 14:04:13.7437–DEBUG–Auto_save_candidaters_process...
2023-12-12 14:04:13.7807–DEBUG–D:\YQRepos\SuperCarter\SuperCarter-main\SuperCarter\SuperCarter\bin\Debug\\config\PortCandidatelist.json
2023-12-12 14:04:13.7807–DEBUG–WritePortCandidatelist
2023-12-12 14:06:15.5799–DEBUG–D:\YQRepos\SuperCarter\SuperCarter-main\SuperCarter\SuperCarter\bin\Debug\\config\PortCandidatelist.json
2023-12-12 14:06:15.5853–DEBUG–ReadPortCandidatelist
2023-12-12 14:06:36.4264–DEBUG–Auto_save_candidaters_process...
2023-12-12 14:06:36.4601–DEBUG–D:\YQRepos\SuperCarter\SuperCarter-main\SuperCarter\SuperCarter\bin\Debug\\config\PortCandidatelist.json
2023-12-12 14:06:36.4601–DEBUG–WritePortCandidatelist
2023-12-12 14:07:41.3034–DEBUG–D:\YQRepos\SuperCarter\SuperCarter-main\SuperCarter\SuperCarter\bin\Debug\\config\PortCandidatelist.json
2023-12-12 14:07:41.3034–DEBUG–ReadPortCandidatelist
2023-12-12 14:09:31.0766–DEBUG–Auto_save_candidaters_process...
2023-12-12 14:09:31.1148–DEBUG–D:\YQRepos\SuperCarter\SuperCarter-main\SuperCarter\SuperCarter\bin\Debug\\config\PortCandidatelist.json
2023-12-12 14:09:31.1148–DEBUG–WritePortCandidatelist
2023-12-12 14:39:57.0032–DEBUG–D:\YQRepos\SuperCarter\SuperCarter-main\SuperCarter\SuperCarter\bin\Debug\\config\PortCandidatelist.json
2023-12-12 14:39:57.0032–DEBUG–ReadPortCandidatelist
2023-12-12 14:40:03.0231–DEBUG–linked with COM89
2023-12-12 14:40:13.2588–DEBUG–Auto_save_candidaters_process...
2023-12-12 14:40:13.3168–DEBUG–D:\YQRepos\SuperCarter\SuperCarter-main\SuperCarter\SuperCarter\bin\Debug\\config\PortCandidatelist.json
2023-12-12 14:40:13.3168–DEBUG–WritePortCandidatelist
2023-12-12 14:40:47.1956–DEBUG–D:\YQRepos\SuperCarter\SuperCarter-main\SuperCarter\SuperCarter\bin\Debug\\config\PortCandidatelist.json
2023-12-12 14:40:47.1995–DEBUG–ReadPortCandidatelist
2023-12-12 14:41:06.5318–DEBUG–Auto_save_candidaters_process...
2023-12-12 14:41:06.5658–DEBUG–D:\YQRepos\SuperCarter\SuperCarter-main\SuperCarter\SuperCarter\bin\Debug\\config\PortCandidatelist.json
2023-12-12 14:41:06.5658–DEBUG–WritePortCandidatelist
2023-12-12 14:41:49.1242–DEBUG–D:\YQRepos\SuperCarter\SuperCarter-main\SuperCarter\SuperCarter\bin\Debug\\config\PortCandidatelist.json
2023-12-12 14:41:49.1242–DEBUG–ReadPortCandidatelist
2023-12-12 14:42:14.2562–DEBUG–Auto_save_candidaters_process...
2023-12-12 14:42:14.2899–DEBUG–D:\YQRepos\SuperCarter\SuperCarter-main\SuperCarter\SuperCarter\bin\Debug\\config\PortCandidatelist.json
2023-12-12 14:42:14.2899–DEBUG–WritePortCandidatelist
2023-12-12 14:42:20.7349–DEBUG–D:\YQRepos\SuperCarter\SuperCarter-main\SuperCarter\SuperCarter\bin\Debug\\config\PortCandidatelist.json
2023-12-12 14:42:20.7394–DEBUG–ReadPortCandidatelist
2023-12-12 14:42:33.0338–DEBUG–linked with COM89
2023-12-12 14:53:53.6675–DEBUG–Auto_save_candidaters_process...
2023-12-12 14:53:53.7049–DEBUG–D:\YQRepos\SuperCarter\SuperCarter-main\SuperCarter\SuperCarter\bin\Debug\\config\PortCandidatelist.json
2023-12-12 14:53:53.7049–DEBUG–WritePortCandidatelist
2023-12-12 14:54:30.2789–DEBUG–D:\YQRepos\SuperCarter\SuperCarter-main\SuperCarter\SuperCarter\bin\Debug\\config\PortCandidatelist.json
2023-12-12 14:54:30.2789–DEBUG–ReadPortCandidatelist
2023-12-12 14:54:57.7087–DEBUG–Auto_save_candidaters_process...
2023-12-12 14:54:57.7491–DEBUG–D:\YQRepos\SuperCarter\SuperCarter-main\SuperCarter\SuperCarter\bin\Debug\\config\PortCandidatelist.json
2023-12-12 14:54:57.7491–DEBUG–WritePortCandidatelist
2023-12-12 14:56:19.3570–DEBUG–D:\YQRepos\SuperCarter\SuperCarter-main\SuperCarter\SuperCarter\bin\Debug\\config\PortCandidatelist.json
2023-12-12 14:56:19.3570–DEBUG–ReadPortCandidatelist
