2023-11-06 13:03:22.6445–DEBUG–D:\YQRepos\SuperCarter\SuperCarter-main\SuperCarter\SuperCarter\bin\Debug\\config\PortCandidatelist.json
2023-11-06 13:03:22.6445–DEBUG–ReadPortCandidatelist
2023-11-06 13:03:31.3874–DEBUG–linked with COM84
2023-11-06 13:03:44.9734–DEBUG–linked with COM84
2023-11-06 13:18:39.0955–DEBUG–D:\YQRepos\SuperCarter\SuperCarter-main\SuperCarter\SuperCarter\bin\Debug\\config\PortCandidatelist.json
2023-11-06 13:18:39.0989–DEBUG–ReadPortCandidatelist
2023-11-06 13:18:46.8341–DEBUG–catch_COM84
2023-11-06 13:18:52.4201–DEBUG–linked with COM84
2023-11-06 13:20:20.4497–DEBUG–D:\YQRepos\SuperCarter\SuperCarter-main\SuperCarter\SuperCarter\bin\Debug\\config\PortCandidatelist.json
2023-11-06 13:20:20.4497–DEBUG–ReadPortCandidatelist
2023-11-06 13:20:27.6421–DEBUG–Auto_save_candidaters_process...
2023-11-06 13:20:27.6814–DEBUG–D:\YQRepos\SuperCarter\SuperCarter-main\SuperCarter\SuperCarter\bin\Debug\\config\PortCandidatelist.json
2023-11-06 13:20:27.6814–DEBUG–WritePortCandidatelist
2023-11-06 13:20:48.6949–DEBUG–D:\YQRepos\SuperCarter\SuperCarter-main\SuperCarter\SuperCarter\bin\Debug\\config\PortCandidatelist.json
2023-11-06 13:20:48.6949–DEBUG–ReadPortCandidatelist
2023-11-06 13:20:54.8941–DEBUG–linked with COM84
2023-11-06 13:23:36.6117–DEBUG–D:\YQRepos\SuperCarter\SuperCarter-main\SuperCarter\SuperCarter\bin\Debug\\config\PortCandidatelist.json
2023-11-06 13:23:36.6173–DEBUG–ReadPortCandidatelist
2023-11-06 13:23:47.5632–DEBUG–linked with COM84
2023-11-06 13:24:54.6628–DEBUG–Auto_save_candidaters_process...
2023-11-06 13:24:54.6999–DEBUG–D:\YQRepos\SuperCarter\SuperCarter-main\SuperCarter\SuperCarter\bin\Debug\\config\PortCandidatelist.json
2023-11-06 13:24:54.6999–DEBUG–WritePortCandidatelist
2023-11-06 13:29:36.1573–DEBUG–D:\YQRepos\SuperCarter\SuperCarter-main\SuperCarter\SuperCarter\bin\Debug\\config\PortCandidatelist.json
2023-11-06 13:29:36.1573–DEBUG–ReadPortCandidatelist
2023-11-06 13:29:45.9652–DEBUG–catch_COM77
2023-11-06 13:29:49.3908–DEBUG–linked with COM77
2023-11-06 13:30:44.5982–DEBUG–D:\YQRepos\SuperCarter\SuperCarter-main\SuperCarter\SuperCarter\bin\Debug\\config\PortCandidatelist.json
2023-11-06 13:30:44.5982–DEBUG–ReadPortCandidatelist
2023-11-06 13:31:13.7652–DEBUG–Auto_save_candidaters_process...
2023-11-06 13:31:13.8032–DEBUG–D:\YQRepos\SuperCarter\SuperCarter-main\SuperCarter\SuperCarter\bin\Debug\\config\PortCandidatelist.json
2023-11-06 13:31:13.8032–DEBUG–WritePortCandidatelist
2023-11-06 13:31:20.6763–DEBUG–D:\YQRepos\SuperCarter\SuperCarter-main\SuperCarter\SuperCarter\bin\Debug\\config\PortCandidatelist.json
2023-11-06 13:31:20.6797–DEBUG–ReadPortCandidatelist
2023-11-06 13:31:22.8787–DEBUG–Auto_save_candidaters_process...
2023-11-06 13:31:22.9118–DEBUG–D:\YQRepos\SuperCarter\SuperCarter-main\SuperCarter\SuperCarter\bin\Debug\\config\PortCandidatelist.json
2023-11-06 13:31:22.9118–DEBUG–WritePortCandidatelist
2023-11-06 13:31:34.5368–DEBUG–D:\YQRepos\SuperCarter\SuperCarter-main\SuperCarter\SuperCarter\bin\Debug\\config\PortCandidatelist.json
2023-11-06 13:31:34.5402–DEBUG–ReadPortCandidatelist
2023-11-06 13:33:21.2661–DEBUG–Auto_save_candidaters_process...
2023-11-06 13:33:21.3162–DEBUG–D:\YQRepos\SuperCarter\SuperCarter-main\SuperCarter\SuperCarter\bin\Debug\\config\PortCandidatelist.json
2023-11-06 13:33:21.3162–DEBUG–WritePortCandidatelist
2023-11-06 13:37:17.1372–DEBUG–D:\YQRepos\SuperCarter\SuperCarter-main\SuperCarter\SuperCarter\bin\Debug\\config\PortCandidatelist.json
2023-11-06 13:37:17.1489–DEBUG–ReadPortCandidatelist
2023-11-06 13:37:42.9874–DEBUG–D:\YQRepos\SuperCarter\SuperCarter-main\SuperCarter\SuperCarter\bin\Debug\\config\PortCandidatelist.json
2023-11-06 13:37:42.9953–DEBUG–ReadPortCandidatelist
2023-11-06 13:39:27.1930–DEBUG–D:\YQRepos\SuperCarter\SuperCarter-main\SuperCarter\SuperCarter\bin\Debug\\config\PortCandidatelist.json
2023-11-06 13:39:27.1930–DEBUG–ReadPortCandidatelist
2023-11-06 13:40:06.2181–DEBUG–Auto_save_candidaters_process...
2023-11-06 13:40:06.2576–DEBUG–D:\YQRepos\SuperCarter\SuperCarter-main\SuperCarter\SuperCarter\bin\Debug\\config\PortCandidatelist.json
2023-11-06 13:40:06.2576–DEBUG–WritePortCandidatelist
2023-11-06 13:42:36.5894–DEBUG–D:\YQRepos\SuperCarter\SuperCarter-main\SuperCarter\SuperCarter\bin\Debug\\config\PortCandidatelist.json
2023-11-06 13:42:36.5933–DEBUG–ReadPortCandidatelist
2023-11-06 13:43:28.7776–DEBUG–D:\YQRepos\SuperCarter\SuperCarter-main\SuperCarter\SuperCarter\bin\Debug\\config\PortCandidatelist.json
2023-11-06 13:43:28.7850–DEBUG–ReadPortCandidatelist
2023-11-06 13:50:46.5293–DEBUG–D:\YQRepos\SuperCarter\SuperCarter-main\SuperCarter\SuperCarter\bin\Debug\\config\PortCandidatelist.json
2023-11-06 13:50:46.5293–DEBUG–ReadPortCandidatelist
2023-11-06 13:51:13.5992–DEBUG–D:\YQRepos\SuperCarter\SuperCarter-main\SuperCarter\SuperCarter\bin\Debug\\config\PortCandidatelist.json
2023-11-06 13:51:13.5992–DEBUG–ReadPortCandidatelist
2023-11-06 13:51:48.9684–DEBUG–D:\YQRepos\SuperCarter\SuperCarter-main\SuperCarter\SuperCarter\bin\Debug\\config\PortCandidatelist.json
2023-11-06 13:51:48.9718–DEBUG–ReadPortCandidatelist
2023-11-06 13:52:38.6901–DEBUG–D:\YQRepos\SuperCarter\SuperCarter-main\SuperCarter\SuperCarter\bin\Debug\\config\PortCandidatelist.json
2023-11-06 13:52:38.6901–DEBUG–ReadPortCandidatelist
2023-11-06 13:53:02.0045–DEBUG–D:\YQRepos\SuperCarter\SuperCarter-main\SuperCarter\SuperCarter\bin\Debug\\config\PortCandidatelist.json
2023-11-06 13:53:02.0045–DEBUG–ReadPortCandidatelist
2023-11-06 13:53:14.9716–DEBUG–Auto_save_candidaters_process...
2023-11-06 13:53:15.0100–DEBUG–D:\YQRepos\SuperCarter\SuperCarter-main\SuperCarter\SuperCarter\bin\Debug\\config\PortCandidatelist.json
2023-11-06 13:53:15.0100–DEBUG–WritePortCandidatelist
2023-11-06 13:57:06.5433–DEBUG–D:\YQRepos\SuperCarter\SuperCarter-main\SuperCarter\SuperCarter\bin\Debug\\config\PortCandidatelist.json
2023-11-06 13:57:06.5548–DEBUG–ReadPortCandidatelist
2023-11-06 13:57:16.3090–DEBUG–Auto_save_candidaters_process...
2023-11-06 13:57:16.3433–DEBUG–D:\YQRepos\SuperCarter\SuperCarter-main\SuperCarter\SuperCarter\bin\Debug\\config\PortCandidatelist.json
2023-11-06 13:57:16.3433–DEBUG–WritePortCandidatelist
2023-11-06 13:58:05.6079–DEBUG–D:\YQRepos\SuperCarter\SuperCarter-main\SuperCarter\SuperCarter\bin\Debug\\config\PortCandidatelist.json
2023-11-06 13:58:05.6237–DEBUG–ReadPortCandidatelist
