2023-12-26 10:18:15.1201–DEBUG–D:\YQRepos\SuperCarter\SuperCarter-main\SuperCarter\SuperCarter\bin\Debug\\config\PortCandidatelist.json
2023-12-26 10:18:15.1201–DEBUG–ReadPortCandidatelist
2023-12-26 10:18:42.5345–DEBUG–linked with COM93
2023-12-26 10:19:14.6101–DEBUG–Stop listeningCOM93
2023-12-26 10:19:15.1354–DEBUG–linked with COM93
2023-12-26 10:33:59.3005–DEBUG–Auto_save_candidaters_process...
2023-12-26 10:33:59.3650–DEBUG–D:\YQRepos\SuperCarter\SuperCarter-main\SuperCarter\SuperCarter\bin\Debug\\config\PortCandidatelist.json
2023-12-26 10:33:59.3650–DEBUG–WritePortCandidatelist
2023-12-26 10:46:12.2555–DEBUG–D:\YQRepos\SuperCarter\SuperCarter-main\SuperCarter\SuperCarter\bin\Debug\\config\PortCandidatelist.json
2023-12-26 10:46:12.2555–DEBUG–ReadPortCandidatelist
2023-12-26 10:46:15.7488–DEBUG–linked with COM93
2023-12-26 10:47:18.9125–DEBUG–D:\YQRepos\SuperCarter\SuperCarter-main\SuperCarter\SuperCarter\bin\Debug\\config\PortCandidatelist.json
2023-12-26 10:47:18.9125–DEBUG–ReadPortCandidatelist
2023-12-26 10:47:22.9578–DEBUG–linked with COM93
2023-12-26 10:47:42.4390–DEBUG–Auto_save_candidaters_process...
2023-12-26 10:47:42.4800–DEBUG–D:\YQRepos\SuperCarter\SuperCarter-main\SuperCarter\SuperCarter\bin\Debug\\config\PortCandidatelist.json
2023-12-26 10:47:42.4800–DEBUG–WritePortCandidatelist
2023-12-26 10:51:04.2695–DEBUG–D:\YQRepos\SuperCarter\SuperCarter-main\SuperCarter\SuperCarter\bin\Debug\\config\PortCandidatelist.json
2023-12-26 10:51:04.2742–DEBUG–ReadPortCandidatelist
2023-12-26 10:51:07.1859–DEBUG–linked with COM93
2023-12-26 10:51:12.7759–DEBUG–Auto_save_candidaters_process...
2023-12-26 10:51:12.8160–DEBUG–D:\YQRepos\SuperCarter\SuperCarter-main\SuperCarter\SuperCarter\bin\Debug\\config\PortCandidatelist.json
2023-12-26 10:51:12.8160–DEBUG–WritePortCandidatelist
2023-12-26 10:51:36.2910–DEBUG–D:\YQRepos\SuperCarter\SuperCarter-main\SuperCarter\SuperCarter\bin\Debug\\config\PortCandidatelist.json
2023-12-26 10:51:36.2910–DEBUG–ReadPortCandidatelist
2023-12-26 10:52:06.3792–DEBUG–linked with COM93
2023-12-26 10:56:32.3647–DEBUG–Auto_save_candidaters_process...
2023-12-26 10:56:32.4392–DEBUG–D:\YQRepos\SuperCarter\SuperCarter-main\SuperCarter\SuperCarter\bin\Debug\\config\PortCandidatelist.json
2023-12-26 10:56:32.4392–DEBUG–WritePortCandidatelist
