2023-12-01 11:01:16.4267–DEBUG–D:\YQRepos\SuperCarter\SuperCarter-main\SuperCarter\SuperCarter\bin\Debug\\config\PortCandidatelist.json
2023-12-01 11:01:16.4267–DEBUG–ReadPortCandidatelist
2023-12-01 11:01:18.5937–DEBUG–linked with COM83
2023-12-01 11:02:34.7122–DEBUG–Auto_save_candidaters_process...
2023-12-01 11:02:34.7431–DEBUG–D:\YQRepos\SuperCarter\SuperCarter-main\SuperCarter\SuperCarter\bin\Debug\\config\PortCandidatelist.json
2023-12-01 11:02:34.7431–DEBUG–WritePortCandidatelist
2023-12-01 11:04:12.1095–DEBUG–D:\YQRepos\SuperCarter\SuperCarter-main\SuperCarter\SuperCarter\bin\Debug\\config\PortCandidatelist.json
2023-12-01 11:04:12.1130–DEBUG–ReadPortCandidatelist
2023-12-01 11:04:14.5282–DEBUG–Auto_save_candidaters_process...
2023-12-01 11:04:14.5659–DEBUG–D:\YQRepos\SuperCarter\SuperCarter-main\SuperCarter\SuperCarter\bin\Debug\\config\PortCandidatelist.json
2023-12-01 11:04:14.5659–DEBUG–WritePortCandidatelist
2023-12-01 11:14:15.1327–DEBUG–D:\YQRepos\SuperCarter\SuperCarter-main\SuperCarter\SuperCarter\bin\Debug\\config\PortCandidatelist.json
2023-12-01 11:14:15.1327–DEBUG–ReadPortCandidatelist
2023-12-01 11:14:18.9520–DEBUG–Auto_save_candidaters_process...
2023-12-01 11:14:18.9915–DEBUG–D:\YQRepos\SuperCarter\SuperCarter-main\SuperCarter\SuperCarter\bin\Debug\\config\PortCandidatelist.json
2023-12-01 11:14:18.9915–DEBUG–WritePortCandidatelist
2023-12-01 11:27:56.8670–DEBUG–D:\YQRepos\SuperCarter\SuperCarter-main\SuperCarter\SuperCarter\bin\Debug\\config\PortCandidatelist.json
2023-12-01 11:27:56.8670–DEBUG–ReadPortCandidatelist
2023-12-01 11:28:14.2271–DEBUG–Auto_save_candidaters_process...
2023-12-01 11:28:14.2644–DEBUG–D:\YQRepos\SuperCarter\SuperCarter-main\SuperCarter\SuperCarter\bin\Debug\\config\PortCandidatelist.json
2023-12-01 11:28:14.2644–DEBUG–WritePortCandidatelist
2023-12-01 11:34:57.7721–DEBUG–D:\YQRepos\SuperCarter\SuperCarter-main\SuperCarter\SuperCarter\bin\Debug\\config\PortCandidatelist.json
2023-12-01 11:34:57.7760–DEBUG–ReadPortCandidatelist
2023-12-01 11:35:11.7485–DEBUG–linked with COM83
2023-12-01 11:35:20.7638–DEBUG–Auto_save_candidaters_process...
2023-12-01 11:35:20.7927–DEBUG–D:\YQRepos\SuperCarter\SuperCarter-main\SuperCarter\SuperCarter\bin\Debug\\config\PortCandidatelist.json
2023-12-01 11:35:20.7927–DEBUG–WritePortCandidatelist
2023-12-01 11:36:05.1359–DEBUG–D:\YQRepos\SuperCarter\SuperCarter-main\SuperCarter\SuperCarter\bin\Debug\\config\PortCandidatelist.json
2023-12-01 11:36:05.1359–DEBUG–ReadPortCandidatelist
2023-12-01 11:36:14.9888–DEBUG–linked with COM83
2023-12-01 11:36:43.7837–DEBUG–Auto_save_candidaters_process...
2023-12-01 11:36:43.8134–DEBUG–D:\YQRepos\SuperCarter\SuperCarter-main\SuperCarter\SuperCarter\bin\Debug\\config\PortCandidatelist.json
2023-12-01 11:36:43.8134–DEBUG–WritePortCandidatelist
2023-12-01 11:38:07.7731–DEBUG–D:\YQRepos\SuperCarter\SuperCarter-main\SuperCarter\SuperCarter\bin\Debug\\config\PortCandidatelist.json
2023-12-01 11:38:07.7763–DEBUG–ReadPortCandidatelist
2023-12-01 11:45:56.9503–DEBUG–Auto_save_candidaters_process...
2023-12-01 11:45:56.9821–DEBUG–D:\YQRepos\SuperCarter\SuperCarter-main\SuperCarter\SuperCarter\bin\Debug\\config\PortCandidatelist.json
2023-12-01 11:45:56.9821–DEBUG–WritePortCandidatelist
2023-12-01 11:46:14.8479–DEBUG–D:\YQRepos\SuperCarter\SuperCarter-main\SuperCarter\SuperCarter\bin\Debug\\config\PortCandidatelist.json
2023-12-01 11:46:14.8479–DEBUG–ReadPortCandidatelist
2023-12-01 11:46:16.8859–DEBUG–linked with COM83
2023-12-01 11:48:27.6680–DEBUG–Auto_save_candidaters_process...
2023-12-01 11:48:27.7016–DEBUG–D:\YQRepos\SuperCarter\SuperCarter-main\SuperCarter\SuperCarter\bin\Debug\\config\PortCandidatelist.json
2023-12-01 11:48:27.7016–DEBUG–WritePortCandidatelist
