2023-11-23 22:03:30.4705–DEBUG–D:\yqgithub\SuperCarter\SuperCarter\SuperCarter\bin\Debug\\config\PortCandidatelist.json
2023-11-23 22:03:30.4705–DEBUG–ReadPortCandidatelist
2023-11-23 22:03:32.3802–DEBUG–Auto_save_candidaters_process...
2023-11-23 22:03:32.4052–DEBUG–D:\yqgithub\SuperCarter\SuperCarter\SuperCarter\bin\Debug\\config\PortCandidatelist.json
2023-11-23 22:03:32.4052–DEBUG–WritePortCandidatelist
2023-11-23 22:04:14.7297–DEBUG–D:\yqgithub\SuperCarter\SuperCarter\SuperCarter\bin\Debug\\config\PortCandidatelist.json
2023-11-23 22:04:14.7297–DEBUG–ReadPortCandidatelist
2023-11-23 22:04:16.4821–DEBUG–linked with COM5
2023-11-23 22:05:04.8604–DEBUG–Auto_save_candidaters_process...
2023-11-23 22:05:04.8846–DEBUG–D:\yqgithub\SuperCarter\SuperCarter\SuperCarter\bin\Debug\\config\PortCandidatelist.json
2023-11-23 22:05:04.8846–DEBUG–WritePortCandidatelist
2023-11-23 22:05:27.9256–DEBUG–D:\yqgithub\SuperCarter\SuperCarter\SuperCarter\bin\Debug\\config\PortCandidatelist.json
2023-11-23 22:05:27.9256–DEBUG–ReadPortCandidatelist
2023-11-23 22:05:29.6694–DEBUG–linked with COM5
2023-11-23 22:12:55.3985–DEBUG–D:\yqgithub\SuperCarter\SuperCarter\SuperCarter\bin\Debug\\config\PortCandidatelist.json
2023-11-23 22:12:55.4015–DEBUG–ReadPortCandidatelist
2023-11-23 22:12:57.4135–DEBUG–linked with COM5
2023-11-23 22:15:19.7117–DEBUG–D:\yqgithub\SuperCarter\SuperCarter\SuperCarter\bin\Debug\\config\PortCandidatelist.json
2023-11-23 22:15:19.7146–DEBUG–ReadPortCandidatelist
2023-11-23 22:15:24.3770–DEBUG–linked with COM5
2023-11-23 22:15:41.5678–DEBUG–Auto_save_candidaters_process...
2023-11-23 22:15:41.5917–DEBUG–D:\yqgithub\SuperCarter\SuperCarter\SuperCarter\bin\Debug\\config\PortCandidatelist.json
2023-11-23 22:15:41.5917–DEBUG–WritePortCandidatelist
2023-11-23 22:15:45.9474–DEBUG–D:\yqgithub\SuperCarter\SuperCarter\SuperCarter\bin\Debug\\config\PortCandidatelist.json
2023-11-23 22:15:45.9474–DEBUG–ReadPortCandidatelist
2023-11-23 22:15:49.1421–DEBUG–linked with COM5
2023-11-23 22:23:57.3049–DEBUG–D:\yqgithub\SuperCarter\SuperCarter\SuperCarter\bin\Debug\\config\PortCandidatelist.json
2023-11-23 22:23:57.3075–DEBUG–ReadPortCandidatelist
2023-11-23 22:23:59.0166–DEBUG–linked with COM5
2023-11-23 22:28:29.2651–DEBUG–D:\yqgithub\SuperCarter\SuperCarter\SuperCarter\bin\Debug\\config\PortCandidatelist.json
2023-11-23 22:28:29.2651–DEBUG–ReadPortCandidatelist
2023-11-23 22:28:31.0646–DEBUG–linked with COM5
2023-11-23 22:45:55.7675–DEBUG–D:\yqgithub\SuperCarter\SuperCarter\SuperCarter\bin\Debug\\config\PortCandidatelist.json
2023-11-23 22:45:55.7675–DEBUG–ReadPortCandidatelist
2023-11-23 22:45:57.6287–DEBUG–linked with COM5
2023-11-23 22:48:24.9132–DEBUG–D:\yqgithub\SuperCarter\SuperCarter\SuperCarter\bin\Debug\\config\PortCandidatelist.json
2023-11-23 22:48:24.9162–DEBUG–ReadPortCandidatelist
2023-11-23 22:48:26.6437–DEBUG–linked with COM5
2023-11-23 22:58:07.9678–DEBUG–D:\yqgithub\SuperCarter\SuperCarter\SuperCarter\bin\Debug\\config\PortCandidatelist.json
2023-11-23 22:58:07.9678–DEBUG–ReadPortCandidatelist
2023-11-23 22:58:10.4255–DEBUG–linked with COM5
