2023-12-01 09:00:04.3394–DEBUG–D:\YQRepos\SuperCarter\SuperCarter-main\SuperCarter\SuperCarter\bin\Debug\\config\PortCandidatelist.json
2023-12-01 09:00:04.3394–DEBUG–ReadPortCandidatelist
2023-12-01 09:08:28.9547–DEBUG–Auto_save_candidaters_process...
2023-12-01 09:08:29.0037–DEBUG–D:\YQRepos\SuperCarter\SuperCarter-main\SuperCarter\SuperCarter\bin\Debug\\config\PortCandidatelist.json
2023-12-01 09:08:29.0037–DEBUG–WritePortCandidatelist
2023-12-01 09:11:39.2826–DEBUG–D:\YQRepos\SuperCarter\SuperCarter-main\SuperCarter\SuperCarter\bin\Debug\\config\PortCandidatelist.json
2023-12-01 09:11:39.2826–DEBUG–ReadPortCandidatelist
2023-12-01 09:11:53.9574–DEBUG–linked with COM83
2023-12-01 09:13:25.3685–DEBUG–D:\YQRepos\SuperCarter\SuperCarter-main\SuperCarter\SuperCarter\bin\Debug\\config\PortCandidatelist.json
2023-12-01 09:13:25.3685–DEBUG–ReadPortCandidatelist
2023-12-01 09:13:34.3831–DEBUG–Auto_save_candidaters_process...
2023-12-01 09:13:34.4290–DEBUG–D:\YQRepos\SuperCarter\SuperCarter-main\SuperCarter\SuperCarter\bin\Debug\\config\PortCandidatelist.json
2023-12-01 09:13:34.4290–DEBUG–WritePortCandidatelist
2023-12-01 09:13:40.8116–DEBUG–D:\YQRepos\SuperCarter\SuperCarter-main\SuperCarter\SuperCarter\bin\Debug\\config\PortCandidatelist.json
2023-12-01 09:13:40.8116–DEBUG–ReadPortCandidatelist
2023-12-01 09:13:42.9316–DEBUG–Auto_save_candidaters_process...
2023-12-01 09:13:42.9661–DEBUG–D:\YQRepos\SuperCarter\SuperCarter-main\SuperCarter\SuperCarter\bin\Debug\\config\PortCandidatelist.json
2023-12-01 09:13:42.9661–DEBUG–WritePortCandidatelist
2023-12-01 09:16:36.3942–DEBUG–D:\YQRepos\SuperCarter\SuperCarter-main\SuperCarter\SuperCarter\bin\Debug\\config\PortCandidatelist.json
2023-12-01 09:16:36.3942–DEBUG–ReadPortCandidatelist
2023-12-01 09:16:39.3303–DEBUG–Auto_save_candidaters_process...
2023-12-01 09:16:39.3694–DEBUG–D:\YQRepos\SuperCarter\SuperCarter-main\SuperCarter\SuperCarter\bin\Debug\\config\PortCandidatelist.json
2023-12-01 09:16:39.3694–DEBUG–WritePortCandidatelist
2023-12-01 09:16:47.0591–DEBUG–D:\YQRepos\SuperCarter\SuperCarter-main\SuperCarter\SuperCarter\bin\Debug\\config\PortCandidatelist.json
2023-12-01 09:16:47.0623–DEBUG–ReadPortCandidatelist
2023-12-01 09:16:50.3630–DEBUG–Auto_save_candidaters_process...
2023-12-01 09:16:50.4127–DEBUG–D:\YQRepos\SuperCarter\SuperCarter-main\SuperCarter\SuperCarter\bin\Debug\\config\PortCandidatelist.json
2023-12-01 09:16:50.4127–DEBUG–WritePortCandidatelist
2023-12-01 09:17:19.8592–DEBUG–D:\YQRepos\SuperCarter\SuperCarter-main\SuperCarter\SuperCarter\bin\Debug\\config\PortCandidatelist.json
2023-12-01 09:17:19.8592–DEBUG–ReadPortCandidatelist
2023-12-01 09:17:22.8419–DEBUG–Auto_save_candidaters_process...
2023-12-01 09:17:22.8830–DEBUG–D:\YQRepos\SuperCarter\SuperCarter-main\SuperCarter\SuperCarter\bin\Debug\\config\PortCandidatelist.json
2023-12-01 09:17:22.8830–DEBUG–WritePortCandidatelist
2023-12-01 09:18:38.2804–DEBUG–D:\YQRepos\SuperCarter\SuperCarter-main\SuperCarter\SuperCarter\bin\Debug\\config\PortCandidatelist.json
2023-12-01 09:18:38.2804–DEBUG–ReadPortCandidatelist
2023-12-01 09:18:41.6259–DEBUG–Auto_save_candidaters_process...
2023-12-01 09:18:41.6621–DEBUG–D:\YQRepos\SuperCarter\SuperCarter-main\SuperCarter\SuperCarter\bin\Debug\\config\PortCandidatelist.json
2023-12-01 09:18:41.6621–DEBUG–WritePortCandidatelist
2023-12-01 09:18:50.9677–DEBUG–D:\YQRepos\SuperCarter\SuperCarter-main\SuperCarter\SuperCarter\bin\Debug\\config\PortCandidatelist.json
2023-12-01 09:18:50.9677–DEBUG–ReadPortCandidatelist
2023-12-01 09:19:00.9861–DEBUG–catch_COM83
2023-12-01 09:19:12.5723–DEBUG–linked with COM83
2023-12-01 09:19:26.5297–DEBUG–D:\YQRepos\SuperCarter\SuperCarter-main\SuperCarter\SuperCarter\bin\Debug\\config\PortCandidatelist.json
2023-12-01 09:19:26.5337–DEBUG–ReadPortCandidatelist
2023-12-01 09:19:34.1033–DEBUG–linked with COM83
2023-12-01 09:21:34.9023–DEBUG–D:\YQRepos\SuperCarter\SuperCarter-main\SuperCarter\SuperCarter\bin\Debug\\config\PortCandidatelist.json
2023-12-01 09:21:34.9023–DEBUG–ReadPortCandidatelist
2023-12-01 09:21:42.8963–DEBUG–linked with COM83
2023-12-01 09:23:08.3610–DEBUG–D:\YQRepos\SuperCarter\SuperCarter-main\SuperCarter\SuperCarter\bin\Debug\\config\PortCandidatelist.json
2023-12-01 09:23:08.3610–DEBUG–ReadPortCandidatelist
2023-12-01 09:23:16.7574–DEBUG–linked with COM83
2023-12-01 09:24:19.6437–DEBUG–D:\YQRepos\SuperCarter\SuperCarter-main\SuperCarter\SuperCarter\bin\Debug\\config\PortCandidatelist.json
2023-12-01 09:24:19.6437–DEBUG–ReadPortCandidatelist
2023-12-01 09:24:29.4950–DEBUG–linked with COM83
2023-12-01 09:25:43.9022–DEBUG–D:\YQRepos\SuperCarter\SuperCarter-main\SuperCarter\SuperCarter\bin\Debug\\config\PortCandidatelist.json
2023-12-01 09:25:43.9072–DEBUG–ReadPortCandidatelist
2023-12-01 09:26:02.7152–DEBUG–D:\YQRepos\SuperCarter\SuperCarter-main\SuperCarter\SuperCarter\bin\Debug\\config\PortCandidatelist.json
2023-12-01 09:26:02.7187–DEBUG–ReadPortCandidatelist
2023-12-01 09:27:25.6878–DEBUG–D:\YQRepos\SuperCarter\SuperCarter-main\SuperCarter\SuperCarter\bin\Debug\\config\PortCandidatelist.json
2023-12-01 09:27:25.6878–DEBUG–ReadPortCandidatelist
2023-12-01 09:27:32.6956–DEBUG–linked with COM83
2023-12-01 09:28:14.8038–DEBUG–D:\YQRepos\SuperCarter\SuperCarter-main\SuperCarter\SuperCarter\bin\Debug\\config\PortCandidatelist.json
2023-12-01 09:28:14.8038–DEBUG–ReadPortCandidatelist
2023-12-01 09:28:30.9250–DEBUG–linked with COM83
2023-12-01 09:28:31.6141–DEBUG–Auto_save_candidaters_process...
2023-12-01 09:28:31.6526–DEBUG–D:\YQRepos\SuperCarter\SuperCarter-main\SuperCarter\SuperCarter\bin\Debug\\config\PortCandidatelist.json
2023-12-01 09:28:31.6526–DEBUG–WritePortCandidatelist
2023-12-01 09:28:38.3831–DEBUG–D:\YQRepos\SuperCarter\SuperCarter-main\SuperCarter\SuperCarter\bin\Debug\\config\PortCandidatelist.json
2023-12-01 09:28:38.3831–DEBUG–ReadPortCandidatelist
2023-12-01 09:28:40.4332–DEBUG–linked with COM83
2023-12-01 09:30:06.2919–DEBUG–D:\YQRepos\SuperCarter\SuperCarter-main\SuperCarter\SuperCarter\bin\Debug\\config\PortCandidatelist.json
2023-12-01 09:30:06.2952–DEBUG–ReadPortCandidatelist
2023-12-01 09:30:58.8397–DEBUG–D:\YQRepos\SuperCarter\SuperCarter-main\SuperCarter\SuperCarter\bin\Debug\\config\PortCandidatelist.json
2023-12-01 09:30:58.8397–DEBUG–ReadPortCandidatelist
2023-12-01 09:31:21.4189–DEBUG–linked with COM83
2023-12-01 09:35:17.0360–DEBUG–D:\YQRepos\SuperCarter\SuperCarter-main\SuperCarter\SuperCarter\bin\Debug\\config\PortCandidatelist.json
2023-12-01 09:35:17.0360–DEBUG–ReadPortCandidatelist
2023-12-01 09:35:18.8882–DEBUG–Auto_save_candidaters_process...
2023-12-01 09:35:18.9306–DEBUG–D:\YQRepos\SuperCarter\SuperCarter-main\SuperCarter\SuperCarter\bin\Debug\\config\PortCandidatelist.json
2023-12-01 09:35:18.9306–DEBUG–WritePortCandidatelist
2023-12-01 09:38:12.7157–DEBUG–D:\YQRepos\SuperCarter\SuperCarter-main\SuperCarter\SuperCarter\bin\Debug\\config\PortCandidatelist.json
2023-12-01 09:38:12.7157–DEBUG–ReadPortCandidatelist
2023-12-01 09:38:17.7740–DEBUG–linked with COM83
2023-12-01 09:38:49.6780–DEBUG–Auto_save_candidaters_process...
2023-12-01 09:38:49.7283–DEBUG–D:\YQRepos\SuperCarter\SuperCarter-main\SuperCarter\SuperCarter\bin\Debug\\config\PortCandidatelist.json
2023-12-01 09:38:49.7283–DEBUG–WritePortCandidatelist
2023-12-01 09:41:32.1215–DEBUG–D:\YQRepos\SuperCarter\SuperCarter-main\SuperCarter\SuperCarter\bin\Debug\\config\PortCandidatelist.json
2023-12-01 09:41:32.1215–DEBUG–ReadPortCandidatelist
2023-12-01 09:41:34.2634–DEBUG–linked with COM83
2023-12-01 09:57:09.4709–DEBUG–Auto_save_candidaters_process...
2023-12-01 09:57:09.5114–DEBUG–D:\YQRepos\SuperCarter\SuperCarter-main\SuperCarter\SuperCarter\bin\Debug\\config\PortCandidatelist.json
2023-12-01 09:57:09.5114–DEBUG–WritePortCandidatelist
