2023-11-30 11:09:29.5353–DEBUG–D:\YQRepos\SuperCarter\SuperCarter-main\SuperCarter\SuperCarter\bin\Debug\\config\PortCandidatelist.json
2023-11-30 11:09:29.5353–DEBUG–ReadPortCandidatelist
2023-11-30 11:10:14.7130–DEBUG–Auto_save_candidaters_process...
2023-11-30 11:10:14.7538–DEBUG–D:\YQRepos\SuperCarter\SuperCarter-main\SuperCarter\SuperCarter\bin\Debug\\config\PortCandidatelist.json
2023-11-30 11:10:14.7538–DEBUG–WritePortCandidatelist
2023-11-30 11:12:36.8400–DEBUG–D:\YQRepos\SuperCarter\SuperCarter-main\SuperCarter\SuperCarter\bin\Debug\\config\PortCandidatelist.json
2023-11-30 11:12:36.8400–DEBUG–ReadPortCandidatelist
2023-11-30 11:12:43.6847–DEBUG–Auto_save_candidaters_process...
2023-11-30 11:12:43.7188–DEBUG–D:\YQRepos\SuperCarter\SuperCarter-main\SuperCarter\SuperCarter\bin\Debug\\config\PortCandidatelist.json
2023-11-30 11:12:43.7188–DEBUG–WritePortCandidatelist
2023-11-30 11:15:55.8087–DEBUG–D:\YQRepos\SuperCarter\SuperCarter-main\SuperCarter\SuperCarter\bin\Debug\\config\PortCandidatelist.json
2023-11-30 11:15:55.8122–DEBUG–ReadPortCandidatelist
2023-11-30 11:15:57.6720–DEBUG–Auto_save_candidaters_process...
2023-11-30 11:15:57.7082–DEBUG–D:\YQRepos\SuperCarter\SuperCarter-main\SuperCarter\SuperCarter\bin\Debug\\config\PortCandidatelist.json
2023-11-30 11:15:57.7082–DEBUG–WritePortCandidatelist
2023-11-30 11:16:15.3143–DEBUG–D:\YQRepos\SuperCarter\SuperCarter-main\SuperCarter\SuperCarter\bin\Debug\\config\PortCandidatelist.json
2023-11-30 11:16:15.3143–DEBUG–ReadPortCandidatelist
2023-11-30 11:16:27.2190–DEBUG–D:\YQRepos\SuperCarter\SuperCarter-main\SuperCarter\SuperCarter\bin\Debug\\config\PortCandidatelist.json
2023-11-30 11:16:27.2190–DEBUG–ReadPortCandidatelist
2023-11-30 11:16:44.7382–DEBUG–Auto_save_candidaters_process...
2023-11-30 11:16:44.7725–DEBUG–D:\YQRepos\SuperCarter\SuperCarter-main\SuperCarter\SuperCarter\bin\Debug\\config\PortCandidatelist.json
2023-11-30 11:16:44.7725–DEBUG–WritePortCandidatelist
2023-11-30 11:17:35.1641–DEBUG–D:\YQRepos\SuperCarter\SuperCarter-main\SuperCarter\SuperCarter\bin\Debug\\config\PortCandidatelist.json
2023-11-30 11:17:35.1701–DEBUG–ReadPortCandidatelist
2023-11-30 11:18:42.0514–DEBUG–D:\YQRepos\SuperCarter\SuperCarter-main\SuperCarter\SuperCarter\bin\Debug\\config\PortCandidatelist.json
2023-11-30 11:18:42.0514–DEBUG–ReadPortCandidatelist
2023-11-30 11:20:17.4064–DEBUG–D:\YQRepos\SuperCarter\SuperCarter-main\SuperCarter\SuperCarter\bin\Debug\\config\PortCandidatelist.json
2023-11-30 11:20:17.4064–DEBUG–ReadPortCandidatelist
2023-11-30 11:21:06.9741–DEBUG–Auto_save_candidaters_process...
2023-11-30 11:21:07.0085–DEBUG–D:\YQRepos\SuperCarter\SuperCarter-main\SuperCarter\SuperCarter\bin\Debug\\config\PortCandidatelist.json
2023-11-30 11:21:07.0085–DEBUG–WritePortCandidatelist
2023-11-30 11:21:42.5944–DEBUG–D:\YQRepos\SuperCarter\SuperCarter-main\SuperCarter\SuperCarter\bin\Debug\\config\PortCandidatelist.json
2023-11-30 11:21:42.5986–DEBUG–ReadPortCandidatelist
2023-11-30 11:22:17.1670–DEBUG–Auto_save_candidaters_process...
2023-11-30 11:22:17.2002–DEBUG–D:\YQRepos\SuperCarter\SuperCarter-main\SuperCarter\SuperCarter\bin\Debug\\config\PortCandidatelist.json
2023-11-30 11:22:17.2002–DEBUG–WritePortCandidatelist
2023-11-30 11:25:07.1104–DEBUG–D:\YQRepos\SuperCarter\SuperCarter-main\SuperCarter\SuperCarter\bin\Debug\\config\PortCandidatelist.json
2023-11-30 11:25:07.1104–DEBUG–ReadPortCandidatelist
2023-11-30 11:25:23.2397–DEBUG–Auto_save_candidaters_process...
2023-11-30 11:25:23.2775–DEBUG–D:\YQRepos\SuperCarter\SuperCarter-main\SuperCarter\SuperCarter\bin\Debug\\config\PortCandidatelist.json
2023-11-30 11:25:23.2775–DEBUG–WritePortCandidatelist
2023-11-30 11:27:20.9252–DEBUG–D:\YQRepos\SuperCarter\SuperCarter-main\SuperCarter\SuperCarter\bin\Debug\\config\PortCandidatelist.json
2023-11-30 11:27:20.9303–DEBUG–ReadPortCandidatelist
2023-11-30 11:27:25.3612–DEBUG–Auto_save_candidaters_process...
2023-11-30 11:27:25.3911–DEBUG–D:\YQRepos\SuperCarter\SuperCarter-main\SuperCarter\SuperCarter\bin\Debug\\config\PortCandidatelist.json
2023-11-30 11:27:25.3911–DEBUG–WritePortCandidatelist
2023-11-30 11:27:37.9138–DEBUG–D:\YQRepos\SuperCarter\SuperCarter-main\SuperCarter\SuperCarter\bin\Debug\\config\PortCandidatelist.json
2023-11-30 11:27:37.9138–DEBUG–ReadPortCandidatelist
2023-11-30 11:29:27.8987–DEBUG–linked with COM83
2023-11-30 11:30:15.7010–DEBUG–catch_COM83 be denied
2023-11-30 11:31:33.4025–DEBUG–linked with COM88
2023-11-30 11:34:44.4950–DEBUG–D:\YQRepos\SuperCarter\SuperCarter-main\SuperCarter\SuperCarter\bin\Debug\\config\PortCandidatelist.json
2023-11-30 11:34:44.4950–DEBUG–ReadPortCandidatelist
2023-11-30 11:35:48.6414–DEBUG–linked with COM88
2023-11-30 11:37:10.3902–DEBUG–Auto_save_candidaters_process...
2023-11-30 11:37:10.4221–DEBUG–D:\YQRepos\SuperCarter\SuperCarter-main\SuperCarter\SuperCarter\bin\Debug\\config\PortCandidatelist.json
2023-11-30 11:37:10.4221–DEBUG–WritePortCandidatelist
2023-11-30 11:40:00.1345–DEBUG–D:\YQRepos\SuperCarter\SuperCarter-main\SuperCarter\SuperCarter\bin\Debug\\config\PortCandidatelist.json
2023-11-30 11:40:00.1345–DEBUG–ReadPortCandidatelist
2023-11-30 11:40:34.4668–DEBUG–Auto_save_candidaters_process...
2023-11-30 11:40:34.5087–DEBUG–D:\YQRepos\SuperCarter\SuperCarter-main\SuperCarter\SuperCarter\bin\Debug\\config\PortCandidatelist.json
2023-11-30 11:40:34.5087–DEBUG–WritePortCandidatelist
2023-11-30 11:43:48.2763–DEBUG–D:\YQRepos\SuperCarter\SuperCarter-main\SuperCarter\SuperCarter\bin\Debug\\config\PortCandidatelist.json
2023-11-30 11:43:48.2763–DEBUG–ReadPortCandidatelist
2023-11-30 11:44:17.2330–DEBUG–Auto_save_candidaters_process...
2023-11-30 11:44:17.2724–DEBUG–D:\YQRepos\SuperCarter\SuperCarter-main\SuperCarter\SuperCarter\bin\Debug\\config\PortCandidatelist.json
2023-11-30 11:44:17.2724–DEBUG–WritePortCandidatelist
2023-11-30 11:45:47.8318–DEBUG–D:\YQRepos\SuperCarter\SuperCarter-main\SuperCarter\SuperCarter\bin\Debug\\config\PortCandidatelist.json
2023-11-30 11:45:47.8318–DEBUG–ReadPortCandidatelist
2023-11-30 11:46:01.5621–DEBUG–Auto_save_candidaters_process...
2023-11-30 11:46:01.5985–DEBUG–D:\YQRepos\SuperCarter\SuperCarter-main\SuperCarter\SuperCarter\bin\Debug\\config\PortCandidatelist.json
2023-11-30 11:46:01.5985–DEBUG–WritePortCandidatelist
