2023-12-23 13:14:52.9402–DEBUG–D:\yqgithub\SuperCarter\SuperCarter\SuperCarter\bin\Debug\\config\PortCandidatelist.json
2023-12-23 13:14:52.9402–DEBUG–ReadPortCandidatelist
2023-12-23 13:19:10.0730–DEBUG–catch_COM5
2023-12-23 13:19:55.7709–DEBUG–linked with COM5
2023-12-23 13:20:15.0230–DEBUG–Auto_save_candidaters_process...
2023-12-23 13:20:15.0479–DEBUG–D:\yqgithub\SuperCarter\SuperCarter\SuperCarter\bin\Debug\\config\PortCandidatelist.json
2023-12-23 13:20:15.0479–DEBUG–WritePortCandidatelist
2023-12-23 13:24:55.4888–DEBUG–D:\yqgithub\SuperCarter\SuperCarter\SuperCarter\bin\Debug\\config\PortCandidatelist.json
2023-12-23 13:24:55.4888–DEBUG–ReadPortCandidatelist
2023-12-23 13:25:02.2932–DEBUG–Auto_save_candidaters_process...
2023-12-23 13:25:02.3158–DEBUG–D:\yqgithub\SuperCarter\SuperCarter\SuperCarter\bin\Debug\\config\PortCandidatelist.json
2023-12-23 13:25:02.3158–DEBUG–WritePortCandidatelist
2023-12-23 13:25:34.0950–DEBUG–D:\yqgithub\SuperCarter\SuperCarter\SuperCarter\bin\Debug\\config\PortCandidatelist.json
2023-12-23 13:25:34.0950–DEBUG–ReadPortCandidatelist
2023-12-23 13:25:38.7399–DEBUG–Auto_save_candidaters_process...
2023-12-23 13:25:38.7656–DEBUG–D:\yqgithub\SuperCarter\SuperCarter\SuperCarter\bin\Debug\\config\PortCandidatelist.json
2023-12-23 13:25:38.7656–DEBUG–WritePortCandidatelist
2023-12-23 13:27:07.2575–DEBUG–D:\yqgithub\SuperCarter\SuperCarter\SuperCarter\bin\Debug\\config\PortCandidatelist.json
2023-12-23 13:27:07.2604–DEBUG–ReadPortCandidatelist
2023-12-23 13:28:49.4610–DEBUG–D:\yqgithub\SuperCarter\SuperCarter\SuperCarter\bin\Debug\\config\PortCandidatelist.json
2023-12-23 13:28:49.4610–DEBUG–ReadPortCandidatelist
2023-12-23 13:28:56.4989–DEBUG–Auto_save_candidaters_process...
2023-12-23 13:28:56.5213–DEBUG–D:\yqgithub\SuperCarter\SuperCarter\SuperCarter\bin\Debug\\config\PortCandidatelist.json
2023-12-23 13:28:56.5213–DEBUG–WritePortCandidatelist
2023-12-23 13:30:08.8459–DEBUG–D:\yqgithub\SuperCarter\SuperCarter\SuperCarter\bin\Debug\\config\PortCandidatelist.json
2023-12-23 13:30:08.8459–DEBUG–ReadPortCandidatelist
2023-12-23 13:30:13.7210–DEBUG–Auto_save_candidaters_process...
2023-12-23 13:30:13.7458–DEBUG–D:\yqgithub\SuperCarter\SuperCarter\SuperCarter\bin\Debug\\config\PortCandidatelist.json
2023-12-23 13:30:13.7458–DEBUG–WritePortCandidatelist
2023-12-23 13:32:32.1076–DEBUG–D:\yqgithub\SuperCarter\SuperCarter\SuperCarter\bin\Debug\\config\PortCandidatelist.json
2023-12-23 13:32:32.1076–DEBUG–ReadPortCandidatelist
2023-12-23 13:32:50.0719–DEBUG–Auto_save_candidaters_process...
2023-12-23 13:32:50.0960–DEBUG–D:\yqgithub\SuperCarter\SuperCarter\SuperCarter\bin\Debug\\config\PortCandidatelist.json
2023-12-23 13:32:50.0960–DEBUG–WritePortCandidatelist
2023-12-23 13:33:11.2330–DEBUG–D:\yqgithub\SuperCarter\SuperCarter\SuperCarter\bin\Debug\\config\PortCandidatelist.json
2023-12-23 13:33:11.2330–DEBUG–ReadPortCandidatelist
2023-12-23 13:33:20.1404–DEBUG–Auto_save_candidaters_process...
2023-12-23 13:33:20.1638–DEBUG–D:\yqgithub\SuperCarter\SuperCarter\SuperCarter\bin\Debug\\config\PortCandidatelist.json
2023-12-23 13:33:20.1638–DEBUG–WritePortCandidatelist
2023-12-23 13:34:37.0958–DEBUG–D:\yqgithub\SuperCarter\SuperCarter\SuperCarter\bin\Debug\\config\PortCandidatelist.json
2023-12-23 13:34:37.0958–DEBUG–ReadPortCandidatelist
2023-12-23 13:34:41.5431–DEBUG–Auto_save_candidaters_process...
2023-12-23 13:34:41.5699–DEBUG–D:\yqgithub\SuperCarter\SuperCarter\SuperCarter\bin\Debug\\config\PortCandidatelist.json
2023-12-23 13:34:41.5699–DEBUG–WritePortCandidatelist
2023-12-23 13:35:11.9071–DEBUG–D:\yqgithub\SuperCarter\SuperCarter\SuperCarter\bin\Debug\\config\PortCandidatelist.json
2023-12-23 13:35:11.9071–DEBUG–ReadPortCandidatelist
2023-12-23 13:35:31.3000–DEBUG–D:\yqgithub\SuperCarter\SuperCarter\SuperCarter\bin\Debug\\config\PortCandidatelist.json
2023-12-23 13:35:31.3000–DEBUG–ReadPortCandidatelist
2023-12-23 13:43:35.6462–DEBUG–D:\yqgithub\SuperCarter\SuperCarter\SuperCarter\bin\Debug\\config\PortCandidatelist.json
2023-12-23 13:43:35.6493–DEBUG–ReadPortCandidatelist
2023-12-23 13:43:44.5853–DEBUG–Auto_save_candidaters_process...
2023-12-23 13:43:44.6074–DEBUG–D:\yqgithub\SuperCarter\SuperCarter\SuperCarter\bin\Debug\\config\PortCandidatelist.json
2023-12-23 13:43:44.6074–DEBUG–WritePortCandidatelist
2023-12-23 13:46:49.7013–DEBUG–D:\yqgithub\SuperCarter\SuperCarter\SuperCarter\bin\Debug\\config\PortCandidatelist.json
2023-12-23 13:46:49.7013–DEBUG–ReadPortCandidatelist
2023-12-23 13:48:21.3534–DEBUG–D:\yqgithub\SuperCarter\SuperCarter\SuperCarter\bin\Debug\\config\PortCandidatelist.json
2023-12-23 13:48:21.3534–DEBUG–ReadPortCandidatelist
2023-12-23 13:48:46.8618–DEBUG–D:\yqgithub\SuperCarter\SuperCarter\SuperCarter\bin\Debug\\config\PortCandidatelist.json
2023-12-23 13:48:46.8618–DEBUG–ReadPortCandidatelist
2023-12-23 13:48:53.5454–DEBUG–Auto_save_candidaters_process...
2023-12-23 13:48:53.5685–DEBUG–D:\yqgithub\SuperCarter\SuperCarter\SuperCarter\bin\Debug\\config\PortCandidatelist.json
2023-12-23 13:48:53.5685–DEBUG–WritePortCandidatelist
2023-12-23 13:50:03.2072–DEBUG–D:\yqgithub\SuperCarter\SuperCarter\SuperCarter\bin\Debug\\config\PortCandidatelist.json
2023-12-23 13:50:03.2072–DEBUG–ReadPortCandidatelist
2023-12-23 13:50:11.2651–DEBUG–Auto_save_candidaters_process...
2023-12-23 13:50:11.2887–DEBUG–D:\yqgithub\SuperCarter\SuperCarter\SuperCarter\bin\Debug\\config\PortCandidatelist.json
2023-12-23 13:50:11.2887–DEBUG–WritePortCandidatelist
2023-12-23 13:50:14.7055–DEBUG–D:\yqgithub\SuperCarter\SuperCarter\SuperCarter\bin\Debug\\config\PortCandidatelist.json
2023-12-23 13:50:14.7055–DEBUG–ReadPortCandidatelist
2023-12-23 13:50:32.4174–DEBUG–D:\yqgithub\SuperCarter\SuperCarter\SuperCarter\bin\Debug\\config\PortCandidatelist.json
2023-12-23 13:50:32.4174–DEBUG–ReadPortCandidatelist
2023-12-23 13:50:57.2506–DEBUG–D:\yqgithub\SuperCarter\SuperCarter\SuperCarter\bin\Debug\\config\PortCandidatelist.json
2023-12-23 13:50:57.2506–DEBUG–ReadPortCandidatelist
2023-12-23 13:51:27.0517–DEBUG–D:\yqgithub\SuperCarter\SuperCarter\SuperCarter\bin\Debug\\config\PortCandidatelist.json
2023-12-23 13:51:27.0517–DEBUG–ReadPortCandidatelist
2023-12-23 13:52:40.3470–DEBUG–D:\yqgithub\SuperCarter\SuperCarter\SuperCarter\bin\Debug\\config\PortCandidatelist.json
2023-12-23 13:52:40.3470–DEBUG–ReadPortCandidatelist
2023-12-23 13:54:33.8716–DEBUG–Auto_save_candidaters_process...
2023-12-23 13:54:33.8961–DEBUG–D:\yqgithub\SuperCarter\SuperCarter\SuperCarter\bin\Debug\\config\PortCandidatelist.json
2023-12-23 13:54:33.8961–DEBUG–WritePortCandidatelist
2023-12-23 13:54:41.4675–DEBUG–D:\yqgithub\SuperCarter\SuperCarter\SuperCarter\bin\Debug\\config\PortCandidatelist.json
2023-12-23 13:54:41.4675–DEBUG–ReadPortCandidatelist
2023-12-23 13:55:21.0939–DEBUG–linked with COM5
2023-12-23 13:56:31.7003–DEBUG–D:\yqgithub\SuperCarter\SuperCarter\SuperCarter\bin\Debug\scripts\macro\macro.json
2023-12-23 13:56:31.7003–DEBUG–ReadPortCandidatelist
