2023-11-06 17:00:25.4304–DEBUG–Auto_save_candidaters_process...
2023-11-06 17:00:25.4706–DEBUG–D:\YQRepos\SuperCarter\SuperCarter-main\SuperCarter\SuperCarter\bin\Debug\\config\PortCandidatelist.json
2023-11-06 17:00:25.4706–DEBUG–WritePortCandidatelist
2023-11-06 17:01:12.9783–DEBUG–D:\YQRepos\SuperCarter\SuperCarter-main\SuperCarter\SuperCarter\bin\Debug\\config\PortCandidatelist.json
2023-11-06 17:01:12.9783–DEBUG–ReadPortCandidatelist
2023-11-06 17:01:15.1731–DEBUG–linked with COM77
2023-11-06 17:11:49.3365–DEBUG–Auto_save_candidaters_process...
2023-11-06 17:11:49.3728–DEBUG–D:\YQRepos\SuperCarter\SuperCarter-main\SuperCarter\SuperCarter\bin\Debug\\config\PortCandidatelist.json
2023-11-06 17:11:49.3728–DEBUG–WritePortCandidatelist
2023-11-06 17:12:31.5823–DEBUG–D:\YQRepos\SuperCarter\SuperCarter-main\SuperCarter\SuperCarter\bin\Debug\\config\PortCandidatelist.json
2023-11-06 17:12:31.5823–DEBUG–ReadPortCandidatelist
2023-11-06 17:12:34.0521–DEBUG–linked with COM77
2023-11-06 17:12:47.5523–DEBUG–Auto_save_candidaters_process...
2023-11-06 17:12:47.5923–DEBUG–D:\YQRepos\SuperCarter\SuperCarter-main\SuperCarter\SuperCarter\bin\Debug\\config\PortCandidatelist.json
2023-11-06 17:12:47.5923–DEBUG–WritePortCandidatelist
2023-11-06 17:14:49.1705–DEBUG–D:\YQRepos\SuperCarter\SuperCarter-main\SuperCarter\SuperCarter\bin\Debug\\config\PortCandidatelist.json
2023-11-06 17:14:49.1745–DEBUG–ReadPortCandidatelist
2023-11-06 17:14:52.4908–DEBUG–linked with COM77
2023-11-06 17:17:06.5236–DEBUG–Auto_save_candidaters_process...
2023-11-06 17:17:06.5568–DEBUG–D:\YQRepos\SuperCarter\SuperCarter-main\SuperCarter\SuperCarter\bin\Debug\\config\PortCandidatelist.json
2023-11-06 17:17:06.5568–DEBUG–WritePortCandidatelist
