2023-11-23 23:00:24.0128–DEBUG–D:\yqgithub\SuperCarter\SuperCarter\SuperCarter\bin\Debug\\config\PortCandidatelist.json
2023-11-23 23:00:24.0128–DEBUG–ReadPortCandidatelist
2023-11-23 23:00:26.0051–DEBUG–linked with COM5
2023-11-23 23:02:19.5459–DEBUG–Auto_save_candidaters_process...
2023-11-23 23:02:19.5685–DEBUG–D:\yqgithub\SuperCarter\SuperCarter\SuperCarter\bin\Debug\\config\PortCandidatelist.json
2023-11-23 23:02:19.5685–DEBUG–WritePortCandidatelist
2023-11-23 23:04:25.7081–DEBUG–D:\yqgithub\SuperCarter\SuperCarter\SuperCarter\bin\Debug\\config\PortCandidatelist.json
2023-11-23 23:04:25.7081–DEBUG–ReadPortCandidatelist
2023-11-23 23:04:28.6861–DEBUG–linked with COM5
2023-11-23 23:06:48.6114–DEBUG–D:\yqgithub\SuperCarter\SuperCarter\SuperCarter\bin\Debug\\config\PortCandidatelist.json
2023-11-23 23:06:48.6114–DEBUG–ReadPortCandidatelist
2023-11-23 23:06:50.1558–DEBUG–linked with COM5
2023-11-23 23:07:45.5546–DEBUG–D:\yqgithub\SuperCarter\SuperCarter\SuperCarter\bin\Debug\\config\PortCandidatelist.json
2023-11-23 23:07:45.5575–DEBUG–ReadPortCandidatelist
2023-11-23 23:07:56.5036–DEBUG–D:\yqgithub\SuperCarter\SuperCarter\SuperCarter\bin\Debug\\config\PortCandidatelist.json
2023-11-23 23:07:56.5036–DEBUG–ReadPortCandidatelist
2023-11-23 23:07:59.1659–DEBUG–linked with COM5
2023-11-23 23:09:44.2469–DEBUG–Auto_save_candidaters_process...
2023-11-23 23:09:44.2702–DEBUG–D:\yqgithub\SuperCarter\SuperCarter\SuperCarter\bin\Debug\\config\PortCandidatelist.json
2023-11-23 23:09:44.2702–DEBUG–WritePortCandidatelist
2023-11-23 23:11:43.5905–DEBUG–D:\yqgithub\SuperCarter\SuperCarter\SuperCarter\bin\Debug\\config\PortCandidatelist.json
2023-11-23 23:11:43.5905–DEBUG–ReadPortCandidatelist
2023-11-23 23:11:45.5585–DEBUG–linked with COM5
2023-11-23 23:32:21.2267–DEBUG–D:\yqgithub\SuperCarter\SuperCarter\SuperCarter\bin\Debug\\config\PortCandidatelist.json
2023-11-23 23:32:21.2296–DEBUG–ReadPortCandidatelist
2023-11-23 23:32:24.0375–DEBUG–linked with COM5
2023-11-23 23:43:38.3596–DEBUG–Auto_save_candidaters_process...
2023-11-23 23:43:38.3842–DEBUG–D:\yqgithub\SuperCarter\SuperCarter\SuperCarter\bin\Debug\\config\PortCandidatelist.json
2023-11-23 23:43:38.3842–DEBUG–WritePortCandidatelist
2023-11-23 23:47:09.0055–DEBUG–D:\yqgithub\SuperCarter\SuperCarter\SuperCarter\bin\Debug\\config\PortCandidatelist.json
2023-11-23 23:47:09.0055–DEBUG–ReadPortCandidatelist
2023-11-23 23:47:10.7231–DEBUG–linked with COM5
2023-11-23 23:48:01.7716–DEBUG–Auto_save_candidaters_process...
2023-11-23 23:48:01.7948–DEBUG–D:\yqgithub\SuperCarter\SuperCarter\SuperCarter\bin\Debug\\config\PortCandidatelist.json
2023-11-23 23:48:01.7948–DEBUG–WritePortCandidatelist
2023-11-23 23:51:34.9695–DEBUG–D:\yqgithub\SuperCarter\SuperCarter\SuperCarter\bin\Debug\\config\PortCandidatelist.json
2023-11-23 23:51:34.9695–DEBUG–ReadPortCandidatelist
2023-11-23 23:51:37.8503–DEBUG–linked with COM5
2023-11-23 23:56:41.4392–DEBUG–D:\yqgithub\SuperCarter\SuperCarter\SuperCarter\bin\Debug\\config\PortCandidatelist.json
2023-11-23 23:56:41.4392–DEBUG–ReadPortCandidatelist
2023-11-23 23:56:43.3451–DEBUG–linked with COM5
2023-11-23 23:58:49.9860–DEBUG–Auto_save_candidaters_process...
2023-11-23 23:58:50.0087–DEBUG–D:\yqgithub\SuperCarter\SuperCarter\SuperCarter\bin\Debug\\config\PortCandidatelist.json
2023-11-23 23:58:50.0087–DEBUG–WritePortCandidatelist
