2023-11-06 09:18:08.1507–DEBUG–D:\YQRepos\SuperCarter\SuperCarter-main\SuperCarter\SuperCarter\bin\Debug\\config\PortCandidatelist.json
2023-11-06 09:18:08.1543–DEBUG–ReadPortCandidatelist
2023-11-06 09:18:22.0437–DEBUG–linked with COM85
2023-11-06 09:18:37.2632–DEBUG–Auto_save_candidaters_process...
2023-11-06 09:18:37.2947–DEBUG–D:\YQRepos\SuperCarter\SuperCarter-main\SuperCarter\SuperCarter\bin\Debug\\config\PortCandidatelist.json
2023-11-06 09:18:37.2947–DEBUG–WritePortCandidatelist
2023-11-06 09:28:46.6424–DEBUG–D:\YQRepos\SuperCarter\SuperCarter-main\SuperCarter\SuperCarter\bin\Debug\\config\PortCandidatelist.json
2023-11-06 09:28:46.6424–DEBUG–ReadPortCandidatelist
2023-11-06 09:31:41.1194–DEBUG–linked with COM85
2023-11-06 09:33:21.7979–DEBUG–Auto_save_candidaters_process...
2023-11-06 09:33:21.8406–DEBUG–D:\YQRepos\SuperCarter\SuperCarter-main\SuperCarter\SuperCarter\bin\Debug\\config\PortCandidatelist.json
2023-11-06 09:33:21.8406–DEBUG–WritePortCandidatelist
2023-11-06 09:34:06.9740–DEBUG–D:\YQRepos\SuperCarter\SuperCarter-main\SuperCarter\SuperCarter\bin\Debug\\config\PortCandidatelist.json
2023-11-06 09:34:06.9740–DEBUG–ReadPortCandidatelist
2023-11-06 09:34:14.0400–DEBUG–linked with COM85
2023-11-06 09:34:19.0448–DEBUG–Stop listeningCOM85
2023-11-06 09:34:26.2700–DEBUG–D:\YQRepos\SuperCarter\SuperCarter-main\SuperCarter\SuperCarter\bin\Debug\\config\PortCandidatelist.json
2023-11-06 09:34:26.2700–DEBUG–ReadPortCandidatelist
2023-11-06 09:34:57.1773–DEBUG–linked with COM85
2023-11-06 09:34:57.5714–DEBUG–Stop listeningCOM85
2023-11-06 09:34:58.1865–DEBUG–linked with COM85
2023-11-06 09:34:58.4060–DEBUG–Stop listeningCOM85
2023-11-06 09:34:58.8441–DEBUG–linked with COM85
2023-11-06 09:35:02.2642–DEBUG–Auto_save_candidaters_process...
2023-11-06 09:35:02.2985–DEBUG–D:\YQRepos\SuperCarter\SuperCarter-main\SuperCarter\SuperCarter\bin\Debug\\config\PortCandidatelist.json
2023-11-06 09:35:02.2985–DEBUG–WritePortCandidatelist
2023-11-06 09:36:16.6369–DEBUG–D:\YQRepos\SuperCarter\SuperCarter-main\SuperCarter\SuperCarter\bin\Debug\\config\PortCandidatelist.json
2023-11-06 09:36:16.6369–DEBUG–ReadPortCandidatelist
2023-11-06 09:36:37.4446–DEBUG–Auto_save_candidaters_process...
2023-11-06 09:36:37.4755–DEBUG–D:\YQRepos\SuperCarter\SuperCarter-main\SuperCarter\SuperCarter\bin\Debug\\config\PortCandidatelist.json
2023-11-06 09:36:37.4755–DEBUG–WritePortCandidatelist
2023-11-06 09:36:54.9220–DEBUG–D:\YQRepos\SuperCarter\SuperCarter-main\SuperCarter\SuperCarter\bin\Debug\\config\PortCandidatelist.json
2023-11-06 09:36:54.9220–DEBUG–ReadPortCandidatelist
2023-11-06 09:37:05.7577–DEBUG–Auto_save_candidaters_process...
2023-11-06 09:37:05.7891–DEBUG–D:\YQRepos\SuperCarter\SuperCarter-main\SuperCarter\SuperCarter\bin\Debug\\config\PortCandidatelist.json
2023-11-06 09:37:05.7891–DEBUG–WritePortCandidatelist
2023-11-06 09:39:13.9052–DEBUG–D:\YQRepos\SuperCarter\SuperCarter-main\SuperCarter\SuperCarter\bin\Debug\\config\PortCandidatelist.json
2023-11-06 09:39:13.9052–DEBUG–ReadPortCandidatelist
2023-11-06 09:39:42.8174–DEBUG–Auto_save_candidaters_process...
2023-11-06 09:39:42.8595–DEBUG–D:\YQRepos\SuperCarter\SuperCarter-main\SuperCarter\SuperCarter\bin\Debug\\config\PortCandidatelist.json
2023-11-06 09:39:42.8595–DEBUG–WritePortCandidatelist
2023-11-06 09:40:57.1514–DEBUG–D:\YQRepos\SuperCarter\SuperCarter-main\SuperCarter\SuperCarter\bin\Debug\\config\PortCandidatelist.json
2023-11-06 09:40:57.1514–DEBUG–ReadPortCandidatelist
2023-11-06 09:42:01.6348–DEBUG–D:\YQRepos\SuperCarter\SuperCarter-main\SuperCarter\SuperCarter\bin\Debug\\config\PortCandidatelist.json
2023-11-06 09:42:01.6348–DEBUG–ReadPortCandidatelist
2023-11-06 09:43:09.0912–DEBUG–Auto_save_candidaters_process...
2023-11-06 09:43:09.1255–DEBUG–D:\YQRepos\SuperCarter\SuperCarter-main\SuperCarter\SuperCarter\bin\Debug\\config\PortCandidatelist.json
2023-11-06 09:43:09.1255–DEBUG–WritePortCandidatelist
2023-11-06 09:43:37.6271–DEBUG–D:\YQRepos\SuperCarter\SuperCarter-main\SuperCarter\SuperCarter\bin\Debug\\config\PortCandidatelist.json
2023-11-06 09:43:37.6271–DEBUG–ReadPortCandidatelist
2023-11-06 09:44:10.8399–DEBUG–Auto_save_candidaters_process...
2023-11-06 09:44:10.8777–DEBUG–D:\YQRepos\SuperCarter\SuperCarter-main\SuperCarter\SuperCarter\bin\Debug\\config\PortCandidatelist.json
2023-11-06 09:44:10.8777–DEBUG–WritePortCandidatelist
2023-11-06 09:44:31.6373–DEBUG–D:\YQRepos\SuperCarter\SuperCarter-main\SuperCarter\SuperCarter\bin\Debug\\config\PortCandidatelist.json
2023-11-06 09:44:31.6373–DEBUG–ReadPortCandidatelist
2023-11-06 09:48:57.7047–DEBUG–Auto_save_candidaters_process...
2023-11-06 09:48:57.7382–DEBUG–D:\YQRepos\SuperCarter\SuperCarter-main\SuperCarter\SuperCarter\bin\Debug\\config\PortCandidatelist.json
2023-11-06 09:48:57.7382–DEBUG–WritePortCandidatelist
2023-11-06 09:52:55.4077–DEBUG–D:\YQRepos\SuperCarter\SuperCarter-main\SuperCarter\SuperCarter\bin\Debug\\config\PortCandidatelist.json
2023-11-06 09:52:55.4077–DEBUG–ReadPortCandidatelist
2023-11-06 09:53:02.9343–DEBUG–linked with COM85
2023-11-06 09:53:07.9336–DEBUG–Stop listeningCOM85
2023-11-06 09:53:12.9413–DEBUG–linked with COM85
2023-11-06 09:53:16.0639–DEBUG–Stop listeningCOM85
2023-11-06 09:53:16.7046–DEBUG–linked with COM85
2023-11-06 09:53:23.2090–DEBUG–Auto_save_candidaters_process...
2023-11-06 09:53:23.2391–DEBUG–D:\YQRepos\SuperCarter\SuperCarter-main\SuperCarter\SuperCarter\bin\Debug\\config\PortCandidatelist.json
2023-11-06 09:53:23.2391–DEBUG–WritePortCandidatelist
2023-11-06 09:53:50.2835–DEBUG–D:\YQRepos\SuperCarter\SuperCarter-main\SuperCarter\SuperCarter\bin\Debug\\config\PortCandidatelist.json
2023-11-06 09:53:50.2884–DEBUG–ReadPortCandidatelist
2023-11-06 09:54:02.3133–DEBUG–linked with COM85
2023-11-06 09:54:07.3169–DEBUG–Stop listeningCOM85
2023-11-06 09:54:10.8310–DEBUG–linked with COM85
2023-11-06 09:54:12.6224–DEBUG–Stop listeningCOM85
2023-11-06 09:54:16.1389–DEBUG–Auto_save_candidaters_process...
2023-11-06 09:54:16.1725–DEBUG–D:\YQRepos\SuperCarter\SuperCarter-main\SuperCarter\SuperCarter\bin\Debug\\config\PortCandidatelist.json
2023-11-06 09:54:16.1725–DEBUG–WritePortCandidatelist
2023-11-06 09:54:50.0392–DEBUG–D:\YQRepos\SuperCarter\SuperCarter-main\SuperCarter\SuperCarter\bin\Debug\\config\PortCandidatelist.json
2023-11-06 09:54:50.0392–DEBUG–ReadPortCandidatelist
2023-11-06 09:54:58.5222–DEBUG–Auto_save_candidaters_process...
2023-11-06 09:54:58.5518–DEBUG–D:\YQRepos\SuperCarter\SuperCarter-main\SuperCarter\SuperCarter\bin\Debug\\config\PortCandidatelist.json
2023-11-06 09:54:58.5518–DEBUG–WritePortCandidatelist
2023-11-06 09:55:35.4902–DEBUG–D:\YQRepos\SuperCarter\SuperCarter-main\SuperCarter\SuperCarter\bin\Debug\\config\PortCandidatelist.json
2023-11-06 09:55:35.4940–DEBUG–ReadPortCandidatelist
2023-11-06 09:55:41.5314–DEBUG–Auto_save_candidaters_process...
2023-11-06 09:55:41.5615–DEBUG–D:\YQRepos\SuperCarter\SuperCarter-main\SuperCarter\SuperCarter\bin\Debug\\config\PortCandidatelist.json
2023-11-06 09:55:41.5615–DEBUG–WritePortCandidatelist
2023-11-06 09:57:49.7327–DEBUG–D:\YQRepos\SuperCarter\SuperCarter-main\SuperCarter\SuperCarter\bin\Debug\\config\PortCandidatelist.json
2023-11-06 09:57:49.7327–DEBUG–ReadPortCandidatelist
2023-11-06 09:57:57.8154–DEBUG–Auto_save_candidaters_process...
2023-11-06 09:57:57.8537–DEBUG–D:\YQRepos\SuperCarter\SuperCarter-main\SuperCarter\SuperCarter\bin\Debug\\config\PortCandidatelist.json
2023-11-06 09:57:57.8537–DEBUG–WritePortCandidatelist
2023-11-06 09:58:24.5121–DEBUG–D:\YQRepos\SuperCarter\SuperCarter-main\SuperCarter\SuperCarter\bin\Debug\\config\PortCandidatelist.json
2023-11-06 09:58:24.5121–DEBUG–ReadPortCandidatelist
2023-11-06 09:58:31.4169–DEBUG–Auto_save_candidaters_process...
2023-11-06 09:58:31.4544–DEBUG–D:\YQRepos\SuperCarter\SuperCarter-main\SuperCarter\SuperCarter\bin\Debug\\config\PortCandidatelist.json
2023-11-06 09:58:31.4544–DEBUG–WritePortCandidatelist
2023-11-06 09:59:46.7244–DEBUG–D:\YQRepos\SuperCarter\SuperCarter-main\SuperCarter\SuperCarter\bin\Debug\\config\PortCandidatelist.json
2023-11-06 09:59:46.7305–DEBUG–ReadPortCandidatelist
