2023-12-13 13:00:13.7581–DEBUG–D:\YQRepos\SuperCarter\SuperCarter-main\SuperCarter\SuperCarter\bin\Debug\\config\PortCandidatelist.json
2023-12-13 13:00:13.7581–DEBUG–ReadPortCandidatelist
2023-12-13 13:00:18.5564–DEBUG–linked with COM89
2023-12-13 13:06:24.9143–DEBUG–Auto_save_candidaters_process...
2023-12-13 13:06:24.9525–DEBUG–D:\YQRepos\SuperCarter\SuperCarter-main\SuperCarter\SuperCarter\bin\Debug\\config\PortCandidatelist.json
2023-12-13 13:06:24.9525–DEBUG–WritePortCandidatelist
2023-12-13 13:41:44.3916–DEBUG–D:\YQRepos\SuperCarter\SuperCarter-main\SuperCarter\SuperCarter\bin\Debug\\config\PortCandidatelist.json
2023-12-13 13:41:44.3916–DEBUG–ReadPortCandidatelist
2023-12-13 13:42:12.6257–DEBUG–Auto_save_candidaters_process...
2023-12-13 13:42:12.6570–DEBUG–D:\YQRepos\SuperCarter\SuperCarter-main\SuperCarter\SuperCarter\bin\Debug\\config\PortCandidatelist.json
2023-12-13 13:42:12.6570–DEBUG–WritePortCandidatelist
2023-12-13 13:42:56.8208–DEBUG–D:\YQRepos\SuperCarter\SuperCarter-main\SuperCarter\SuperCarter\bin\Debug\\config\PortCandidatelist.json
2023-12-13 13:42:56.8208–DEBUG–ReadPortCandidatelist
2023-12-13 13:43:37.3180–DEBUG–D:\YQRepos\SuperCarter\SuperCarter-main\SuperCarter\SuperCarter\bin\Debug\\config\PortCandidatelist.json
2023-12-13 13:43:37.3180–DEBUG–ReadPortCandidatelist
2023-12-13 13:44:02.5090–DEBUG–D:\YQRepos\SuperCarter\SuperCarter-main\SuperCarter\SuperCarter\bin\Debug\scripts\template\2023_12_13_13_43-NEW_Script.json
2023-12-13 13:44:02.5090–DEBUG–WritePortCandidatelist
2023-12-13 13:44:56.9173–DEBUG–Auto_save_candidaters_process...
2023-12-13 13:44:56.9255–DEBUG–D:\YQRepos\SuperCarter\SuperCarter-main\SuperCarter\SuperCarter\bin\Debug\\config\PortCandidatelist.json
2023-12-13 13:44:56.9255–DEBUG–WritePortCandidatelist
