2023-11-12 01:27:19.6544–TRACE–2023/11/12 01:27:19:6517| 0|  COM4| S | CommandID      0| FA57000201
2023-11-12 01:27:19.6769–TRACE–2023/11/12 01:27:19:6769| 0|  COM4| R | CommandID      0| C30D0A
2023-11-12 01:27:20.8616–TRACE–2023/11/12 01:27:20:8616| 0|  COM4| S | CommandID      1| FA52010501
2023-11-12 01:27:20.8782–TRACE–2023/11/12 01:27:20:8782| 0|  COM4| R | CommandID      1| FA010401480D0A
2023-11-12 01:27:21.0748–TRACE–2023/11/12 01:27:21:0747| 0|  COM4| S | CommandID      2| FA52020501
2023-11-12 01:27:21.0950–TRACE–2023/11/12 01:27:21:0950| 0|  COM4| R | CommandID      2| FA020401500D0A
2023-11-12 01:27:21.2858–TRACE–2023/11/12 01:27:21:2858| 0|  COM4| S | CommandID      3| FA52030501
2023-11-12 01:27:21.3001–TRACE–2023/11/12 01:27:21:3001| 0|  COM4| R | CommandID      3| FA030405300D0A
2023-11-12 01:27:21.4854–TRACE–2023/11/12 01:27:21:4854| 0|  COM4| S | CommandID      4| FA52010401
2023-11-12 01:27:21.5022–TRACE–2023/11/12 01:27:21:5022| 0|  COM4| R | CommandID      4| FA010A0101020304050607080D0A
2023-11-12 01:27:21.6955–TRACE–2023/11/12 01:27:21:6955| 0|  COM4| S | CommandID      5| FA52020401
2023-11-12 01:27:21.7256–TRACE–2023/11/12 01:27:21:7256| 0|  COM4| R | CommandID      5| FA020A0101020304050607080D0A
2023-11-12 01:27:21.9007–TRACE–2023/11/12 01:27:21:9007| 0|  COM4| S | CommandID      6| FA52030401
2023-11-12 01:27:21.9260–TRACE–2023/11/12 01:27:21:9260| 0|  COM4| R | CommandID      6| FA030A0101020304050607080D0A
2023-11-12 01:27:22.1109–TRACE–2023/11/12 01:27:22:1108| 0|  COM4| S | CommandID      7| FA52010402
2023-11-12 01:27:22.1266–TRACE–2023/11/12 01:27:22:1266| 0|  COM4| R | CommandID      7| FA010400890D0A
2023-11-12 01:27:22.3177–TRACE–2023/11/12 01:27:22:3177| 0|  COM4| S | CommandID      8| FA52020402
2023-11-12 01:27:22.3293–TRACE–2023/11/12 01:27:22:3293| 0|  COM4| R | CommandID      8| FA020400870D0A
2023-11-12 01:27:22.5267–TRACE–2023/11/12 01:27:22:5267| 0|  COM4| S | CommandID      9| FA52030402
2023-11-12 01:27:22.5520–TRACE–2023/11/12 01:27:22:5520| 0|  COM4| R | CommandID      9| FA030400850D0A
2023-11-12 01:27:22.7351–TRACE–2023/11/12 01:27:22:7350| 0|  COM4| S | CommandID     10| FA52010403
2023-11-12 01:27:22.7545–TRACE–2023/11/12 01:27:22:7545| 0|  COM4| R | CommandID     10| FA01054155550D0A
2023-11-12 01:27:22.9458–TRACE–2023/11/12 01:27:22:9458| 0|  COM4| S | CommandID     11| FA52020403
2023-11-12 01:27:22.9697–TRACE–2023/11/12 01:27:22:9697| 0|  COM4| R | CommandID     11| FA02054159550D0A
2023-11-12 01:27:23.1471–TRACE–2023/11/12 01:27:23:1471| 0|  COM4| S | CommandID     12| FA52030403
2023-11-12 01:27:23.1727–TRACE–2023/11/12 01:27:23:1726| 0|  COM4| R | CommandID     12| FA03054559550D0A
2023-11-12 01:27:23.3602–TRACE–2023/11/12 01:27:23:3602| 0|  COM4| S | CommandID     13| FA52010404
2023-11-12 01:27:23.3785–TRACE–2023/11/12 01:27:23:3784| 0|  COM4| R | CommandID     13| FA01034B0D0A
2023-11-12 01:27:23.5668–TRACE–2023/11/12 01:27:23:5668| 0|  COM4| S | CommandID     14| FA52020404
2023-11-12 01:27:23.5816–TRACE–2023/11/12 01:27:23:5816| 0|  COM4| R | CommandID     14| FA02034B0D0A
2023-11-12 01:27:23.7720–TRACE–2023/11/12 01:27:23:7720| 0|  COM4| S | CommandID     15| FA52030404
2023-11-12 01:27:23.7837–TRACE–2023/11/12 01:27:23:7837| 0|  COM4| R | CommandID     15| FA03035F0D0A
2023-11-12 01:27:23.9793–TRACE–2023/11/12 01:27:23:9793| 0|  COM4| S | CommandID     16| FA52010405
2023-11-12 01:27:24.0029–TRACE–2023/11/12 01:27:24:0029| 0|  COM4| R | CommandID     16| FA010412300D0A
2023-11-12 01:27:24.1807–TRACE–2023/11/12 01:27:24:1807| 0|  COM4| S | CommandID     17| FA52020405
2023-11-12 01:27:24.2061–TRACE–2023/11/12 01:27:24:2061| 0|  COM4| R | CommandID     17| FA02040F500D0A
2023-11-12 01:27:24.3911–TRACE–2023/11/12 01:27:24:3911| 0|  COM4| S | CommandID     18| FA52030405
2023-11-12 01:27:24.4078–TRACE–2023/11/12 01:27:24:4078| 0|  COM4| R | CommandID     18| FA03043C250D0A
2023-11-12 01:27:24.5989–TRACE–2023/11/12 01:27:24:5989| 0|  COM4| S | CommandID     19| FA52010101
2023-11-12 01:27:24.6114–TRACE–2023/11/12 01:27:24:6114| 0|  COM4| R | CommandID     19| FA0103640D0A
2023-11-12 01:27:24.8143–TRACE–2023/11/12 01:27:24:8142| 0|  COM4| S | CommandID     20| FA52020101
2023-11-12 01:27:24.8293–TRACE–2023/11/12 01:27:24:8293| 0|  COM4| R | CommandID     20| FA0203640D0A
2023-11-12 01:27:25.0175–TRACE–2023/11/12 01:27:25:0174| 0|  COM4| S | CommandID     21| FA52030101
2023-11-12 01:27:25.0351–TRACE–2023/11/12 01:27:25:0350| 0|  COM4| R | CommandID     21| FA0303640D0A
2023-11-12 01:27:25.2253–TRACE–2023/11/12 01:27:25:2253| 0|  COM4| S | CommandID     22| FA52010501
2023-11-12 01:27:25.2516–TRACE–2023/11/12 01:27:25:2516| 0|  COM4| R | CommandID     22| FA010401240D0A
2023-11-12 01:27:25.4405–TRACE–2023/11/12 01:27:25:4405| 0|  COM4| S | CommandID     23| FA52020501
2023-11-12 01:27:25.4553–TRACE–2023/11/12 01:27:25:4553| 0|  COM4| R | CommandID     23| FA020401280D0A
2023-11-12 01:27:25.6410–TRACE–2023/11/12 01:27:25:6410| 0|  COM4| S | CommandID     24| FA52030501
2023-11-12 01:27:25.6573–TRACE–2023/11/12 01:27:25:6573| 0|  COM4| R | CommandID     24| FA030401400D0A
2023-11-12 01:27:25.8504–TRACE–2023/11/12 01:27:25:8504| 0|  COM4| S | CommandID     25| FA57000201
2023-11-12 01:27:25.8768–TRACE–2023/11/12 01:27:25:8768| 0|  COM4| R | CommandID     25| C30D0A
2023-11-12 01:27:27.0641–TRACE–2023/11/12 01:27:27:0641| 0|  COM4| S | CommandID     26| FA52010501
2023-11-12 01:27:27.0817–TRACE–2023/11/12 01:27:27:0817| 0|  COM4| R | CommandID     26| FA010401180D0A
2023-11-12 01:27:27.2777–TRACE–2023/11/12 01:27:27:2777| 0|  COM4| S | CommandID     27| FA52020501
2023-11-12 01:27:27.3020–TRACE–2023/11/12 01:27:27:3020| 0|  COM4| R | CommandID     27| FA020401180D0A
2023-11-12 01:27:27.4870–TRACE–2023/11/12 01:27:27:4869| 0|  COM4| S | CommandID     28| FA52030501
2023-11-12 01:27:27.5019–TRACE–2023/11/12 01:27:27:5019| 0|  COM4| R | CommandID     28| FA030405440D0A
2023-11-12 01:27:27.6886–TRACE–2023/11/12 01:27:27:6885| 0|  COM4| S | CommandID     29| FA52010401
2023-11-12 01:27:27.7063–TRACE–2023/11/12 01:27:27:7063| 0|  COM4| R | CommandID     29| FA010A0101020304050607080D0A
2023-11-12 01:27:27.9039–TRACE–2023/11/12 01:27:27:9038| 0|  COM4| S | CommandID     30| FA52020401
2023-11-12 01:27:27.9267–TRACE–2023/11/12 01:27:27:9267| 0|  COM4| R | CommandID     30| FA020A0101020304050607080D0A
2023-11-12 01:27:28.1135–TRACE–2023/11/12 01:27:28:1135| 0|  COM4| S | CommandID     31| FA52030401
2023-11-12 01:27:28.1288–TRACE–2023/11/12 01:27:28:1287| 0|  COM4| R | CommandID     31| FA030A0101020304050607080D0A
2023-11-12 01:27:28.3149–TRACE–2023/11/12 01:27:28:3149| 0|  COM4| S | CommandID     32| FA52010402
2023-11-12 01:27:28.3310–TRACE–2023/11/12 01:27:28:3310| 0|  COM4| R | CommandID     32| FA010400890D0A
2023-11-12 01:27:28.5278–TRACE–2023/11/12 01:27:28:5278| 0|  COM4| S | CommandID     33| FA52020402
2023-11-12 01:27:28.5481–TRACE–2023/11/12 01:27:28:5481| 0|  COM4| R | CommandID     33| FA020400850D0A
2023-11-12 01:27:28.7401–TRACE–2023/11/12 01:27:28:7401| 0|  COM4| S | CommandID     34| FA52030402
2023-11-12 01:27:28.7704–TRACE–2023/11/12 01:27:28:7704| 0|  COM4| R | CommandID     34| FA030400850D0A
2023-11-12 01:27:28.9404–TRACE–2023/11/12 01:27:28:9404| 0|  COM4| S | CommandID     35| FA52010403
2023-11-12 01:27:28.9563–TRACE–2023/11/12 01:27:28:9563| 0|  COM4| R | CommandID     35| FA01054555550D0A
2023-11-12 01:27:29.1465–TRACE–2023/11/12 01:27:29:1465| 0|  COM4| S | CommandID     36| FA52020403
2023-11-12 01:27:29.1748–TRACE–2023/11/12 01:27:29:1747| 0|  COM4| R | CommandID     36| FA02054159550D0A
2023-11-12 01:27:29.3545–TRACE–2023/11/12 01:27:29:3545| 0|  COM4| S | CommandID     37| FA52030403
2023-11-12 01:27:29.3814–TRACE–2023/11/12 01:27:29:3814| 0|  COM4| R | CommandID     37| FA03054157550D0A
2023-11-12 01:27:29.5561–TRACE–2023/11/12 01:27:29:5560| 0|  COM4| S | CommandID     38| FA52010404
2023-11-12 01:27:29.5838–TRACE–2023/11/12 01:27:29:5838| 0|  COM4| R | CommandID     38| FA01034B0D0A
2023-11-12 01:27:29.7619–TRACE–2023/11/12 01:27:29:7619| 0|  COM4| S | CommandID     39| FA52020404
2023-11-12 01:27:29.7869–TRACE–2023/11/12 01:27:29:7869| 0|  COM4| R | CommandID     39| FA02034B0D0A
2023-11-12 01:27:29.9765–TRACE–2023/11/12 01:27:29:9765| 0|  COM4| S | CommandID     40| FA52030404
2023-11-12 01:27:30.0017–TRACE–2023/11/12 01:27:30:0017| 0|  COM4| R | CommandID     40| FA03034B0D0A
2023-11-12 01:27:30.1896–TRACE–2023/11/12 01:27:30:1896| 0|  COM4| S | CommandID     41| FA52010405
2023-11-12 01:27:30.2055–TRACE–2023/11/12 01:27:30:2054| 0|  COM4| R | CommandID     41| FA0104244E0D0A
2023-11-12 01:27:30.4017–TRACE–2023/11/12 01:27:30:4017| 0|  COM4| S | CommandID     42| FA52020405
2023-11-12 01:27:30.4293–TRACE–2023/11/12 01:27:30:4293| 0|  COM4| R | CommandID     42| FA02043A470D0A
2023-11-12 01:27:30.6118–TRACE–2023/11/12 01:27:30:6118| 0|  COM4| S | CommandID     43| FA52030405
2023-11-12 01:27:30.6264–TRACE–2023/11/12 01:27:30:6264| 0|  COM4| R | CommandID     43| FA0304502D0D0A
2023-11-12 01:27:30.8168–TRACE–2023/11/12 01:27:30:8168| 0|  COM4| S | CommandID     44| FA52010101
2023-11-12 01:27:30.8460–TRACE–2023/11/12 01:27:30:8459| 0|  COM4| R | CommandID     44| FA0103640D0A
2023-11-12 01:27:31.0250–TRACE–2023/11/12 01:27:31:0250| 0|  COM4| S | CommandID     45| FA52020101
2023-11-12 01:27:31.0485–TRACE–2023/11/12 01:27:31:0485| 0|  COM4| R | CommandID     45| FA0203640D0A
2023-11-12 01:27:31.2352–TRACE–2023/11/12 01:27:31:2352| 0|  COM4| S | CommandID     46| FA52030101
2023-11-12 01:27:31.2628–TRACE–2023/11/12 01:27:31:2628| 0|  COM4| R | CommandID     46| FA0303640D0A
2023-11-12 01:27:31.4489–TRACE–2023/11/12 01:27:31:4489| 0|  COM4| S | CommandID     47| FA52010501
2023-11-12 01:27:31.4721–TRACE–2023/11/12 01:27:31:4721| 0|  COM4| R | CommandID     47| FA010401200D0A
2023-11-12 01:27:31.6608–TRACE–2023/11/12 01:27:31:6608| 0|  COM4| S | CommandID     48| FA52020501
2023-11-12 01:27:31.6737–TRACE–2023/11/12 01:27:31:6737| 0|  COM4| R | CommandID     48| FA020401000D0A
2023-11-12 01:27:31.8621–TRACE–2023/11/12 01:27:31:8621| 0|  COM4| S | CommandID     49| FA52030501
2023-11-12 01:27:31.8769–TRACE–2023/11/12 01:27:31:8769| 0|  COM4| R | CommandID     49| FA030401180D0A
2023-11-12 01:27:32.0659–TRACE–2023/11/12 01:27:32:0658| 0|  COM4| S | CommandID     50| FA57000201
2023-11-12 01:27:32.0811–TRACE–2023/11/12 01:27:32:0811| 0|  COM4| R | CommandID     50| C30D0A
2023-11-12 01:27:33.2661–TRACE–2023/11/12 01:27:33:2661| 0|  COM4| S | CommandID     51| FA52010501
2023-11-12 01:27:33.2834–TRACE–2023/11/12 01:27:33:2834| 0|  COM4| R | CommandID     51| FA010401380D0A
2023-11-12 01:27:33.4754–TRACE–2023/11/12 01:27:33:4754| 0|  COM4| S | CommandID     52| FA52020501
2023-11-12 01:27:33.5032–TRACE–2023/11/12 01:27:33:5032| 0|  COM4| R | CommandID     52| FA020401240D0A
2023-11-12 01:27:33.6762–TRACE–2023/11/12 01:27:33:6762| 0|  COM4| S | CommandID     53| FA52030501
2023-11-12 01:27:33.6900–TRACE–2023/11/12 01:27:33:6900| 0|  COM4| R | CommandID     53| FA0304012C0D0A
2023-11-12 01:27:33.8784–TRACE–2023/11/12 01:27:33:8784| 0|  COM4| S | CommandID     54| FA52010401
2023-11-12 01:27:33.8943–TRACE–2023/11/12 01:27:33:8943| 0|  COM4| R | CommandID     54| FA010A0101020304050607080D0A
2023-11-12 01:27:34.0795–TRACE–2023/11/12 01:27:34:0795| 0|  COM4| S | CommandID     55| FA52020401
2023-11-12 01:27:34.1120–TRACE–2023/11/12 01:27:34:1120| 0|  COM4| R | CommandID     55| FA020A0101020304050607080D0A
2023-11-12 01:27:34.2937–TRACE–2023/11/12 01:27:34:2937| 0|  COM4| S | CommandID     56| FA52030401
2023-11-12 01:27:34.3157–TRACE–2023/11/12 01:27:34:3157| 0|  COM4| R | CommandID     56| FA030A0101020304050607080D0A
2023-11-12 01:27:34.5056–TRACE–2023/11/12 01:27:34:5056| 0|  COM4| S | CommandID     57| FA52010402
2023-11-12 01:27:34.5191–TRACE–2023/11/12 01:27:34:5191| 0|  COM4| R | CommandID     57| FA010400850D0A
2023-11-12 01:27:34.7198–TRACE–2023/11/12 01:27:34:7198| 0|  COM4| S | CommandID     58| FA52020402
2023-11-12 01:27:34.7363–TRACE–2023/11/12 01:27:34:7363| 0|  COM4| R | CommandID     58| FA020400890D0A
2023-11-12 01:27:34.9271–TRACE–2023/11/12 01:27:34:9271| 0|  COM4| S | CommandID     59| FA52030402
2023-11-12 01:27:34.9400–TRACE–2023/11/12 01:27:34:9399| 0|  COM4| R | CommandID     59| FA030400870D0A
2023-11-12 01:27:35.1278–TRACE–2023/11/12 01:27:35:1278| 0|  COM4| S | CommandID     60| FA52010403
2023-11-12 01:27:35.1460–TRACE–2023/11/12 01:27:35:1460| 0|  COM4| R | CommandID     60| FA01054555550D0A
2023-11-12 01:27:35.3337–TRACE–2023/11/12 01:27:35:3337| 0|  COM4| S | CommandID     61| FA52020403
2023-11-12 01:27:35.3466–TRACE–2023/11/12 01:27:35:3466| 0|  COM4| R | CommandID     61| FA02054557550D0A
2023-11-12 01:27:35.5360–TRACE–2023/11/12 01:27:35:5360| 0|  COM4| S | CommandID     62| FA52030403
2023-11-12 01:27:35.5501–TRACE–2023/11/12 01:27:35:5501| 0|  COM4| R | CommandID     62| FA03054555550D0A
2023-11-12 01:27:35.7513–TRACE–2023/11/12 01:27:35:7513| 0|  COM4| S | CommandID     63| FA52010404
2023-11-12 01:27:35.7887–TRACE–2023/11/12 01:27:35:7886| 0|  COM4| R | CommandID     63| FA01034B0D0A
2023-11-12 01:27:35.9575–TRACE–2023/11/12 01:27:35:9574| 0|  COM4| S | CommandID     64| FA52020404
2023-11-12 01:27:35.9698–TRACE–2023/11/12 01:27:35:9698| 0|  COM4| R | CommandID     64| FA02034B0D0A
2023-11-12 01:27:36.1654–TRACE–2023/11/12 01:27:36:1654| 0|  COM4| S | CommandID     65| FA52030404
2023-11-12 01:27:36.1907–TRACE–2023/11/12 01:27:36:1907| 0|  COM4| R | CommandID     65| FA03034B0D0A
2023-11-12 01:27:36.3776–TRACE–2023/11/12 01:27:36:3776| 0|  COM4| S | CommandID     66| FA52010405
2023-11-12 01:27:36.3954–TRACE–2023/11/12 01:27:36:3954| 0|  COM4| R | CommandID     66| FA0104370C0D0A
2023-11-12 01:27:36.5800–TRACE–2023/11/12 01:27:36:5799| 0|  COM4| S | CommandID     67| FA52020405
2023-11-12 01:27:36.6121–TRACE–2023/11/12 01:27:36:6121| 0|  COM4| R | CommandID     67| FA020422390D0A
2023-11-12 01:27:36.7882–TRACE–2023/11/12 01:27:36:7882| 0|  COM4| S | CommandID     68| FA52030405
2023-11-12 01:27:36.8140–TRACE–2023/11/12 01:27:36:8139| 0|  COM4| R | CommandID     68| FA03044A490D0A
2023-11-12 01:27:37.0020–TRACE–2023/11/12 01:27:37:0020| 0|  COM4| S | CommandID     69| FA52010101
2023-11-12 01:27:37.0185–TRACE–2023/11/12 01:27:37:0185| 0|  COM4| R | CommandID     69| FA0103640D0A
2023-11-12 01:27:37.2058–TRACE–2023/11/12 01:27:37:2057| 0|  COM4| S | CommandID     70| FA52020101
2023-11-12 01:27:37.2238–TRACE–2023/11/12 01:27:37:2237| 0|  COM4| R | CommandID     70| FA0203640D0A
2023-11-12 01:27:37.4194–TRACE–2023/11/12 01:27:37:4194| 0|  COM4| S | CommandID     71| FA52030101
2023-11-12 01:27:37.4416–TRACE–2023/11/12 01:27:37:4416| 0|  COM4| R | CommandID     71| FA0303640D0A
2023-11-12 01:27:37.6286–TRACE–2023/11/12 01:27:37:6286| 0|  COM4| S | CommandID     72| FA52010501
2023-11-12 01:27:37.6434–TRACE–2023/11/12 01:27:37:6434| 0|  COM4| R | CommandID     72| FA010401600D0A
2023-11-12 01:27:37.8292–TRACE–2023/11/12 01:27:37:8292| 0|  COM4| S | CommandID     73| FA52020501
2023-11-12 01:27:37.8470–TRACE–2023/11/12 01:27:37:8470| 0|  COM4| R | CommandID     73| FA020401240D0A
2023-11-12 01:27:38.0389–TRACE–2023/11/12 01:27:38:0388| 0|  COM4| S | CommandID     74| FA52030501
2023-11-12 01:27:38.0638–TRACE–2023/11/12 01:27:38:0638| 0|  COM4| R | CommandID     74| FA030401600D0A
2023-11-12 01:27:38.2521–TRACE–2023/11/12 01:27:38:2521| 0|  COM4| S | CommandID     75| FA57000201
2023-11-12 01:27:38.2673–TRACE–2023/11/12 01:27:38:2672| 0|  COM4| R | CommandID     75| C30D0A
2023-11-12 01:27:39.4589–TRACE–2023/11/12 01:27:39:4589| 0|  COM4| S | CommandID     76| FA52010501
2023-11-12 01:27:39.4738–TRACE–2023/11/12 01:27:39:4737| 0|  COM4| R | CommandID     76| FA0104011C0D0A
2023-11-12 01:27:39.6598–TRACE–2023/11/12 01:27:39:6598| 0|  COM4| S | CommandID     77| FA52020501
2023-11-12 01:27:39.6750–TRACE–2023/11/12 01:27:39:6750| 0|  COM4| R | CommandID     77| FA020401380D0A
2023-11-12 01:27:39.8624–TRACE–2023/11/12 01:27:39:8624| 0|  COM4| S | CommandID     78| FA52030501
2023-11-12 01:27:39.8756–TRACE–2023/11/12 01:27:39:8756| 0|  COM4| R | CommandID     78| FA0304015C0D0A
2023-11-12 01:27:40.0649–TRACE–2023/11/12 01:27:40:0649| 0|  COM4| S | CommandID     79| FA52010401
2023-11-12 01:27:40.0817–TRACE–2023/11/12 01:27:40:0817| 0|  COM4| R | CommandID     79| FA010A0101020304050607080D0A
2023-11-12 01:27:40.2664–TRACE–2023/11/12 01:27:40:2664| 0|  COM4| S | CommandID     80| FA52020401
2023-11-12 01:27:40.2839–TRACE–2023/11/12 01:27:40:2838| 0|  COM4| R | CommandID     80| FA020A0101020304050607080D0A
2023-11-12 01:27:40.4725–TRACE–2023/11/12 01:27:40:4725| 0|  COM4| S | CommandID     81| FA52030401
2023-11-12 01:27:40.4866–TRACE–2023/11/12 01:27:40:4866| 0|  COM4| R | CommandID     81| FA030A0101020304050607080D0A
2023-11-12 01:27:40.6730–TRACE–2023/11/12 01:27:40:6730| 0|  COM4| S | CommandID     82| FA52010402
2023-11-12 01:27:40.6912–TRACE–2023/11/12 01:27:40:6912| 0|  COM4| R | CommandID     82| FA010400850D0A
2023-11-12 01:27:40.8781–TRACE–2023/11/12 01:27:40:8781| 0|  COM4| S | CommandID     83| FA52020402
2023-11-12 01:27:40.8928–TRACE–2023/11/12 01:27:40:8928| 0|  COM4| R | CommandID     83| FA020400890D0A
2023-11-12 01:27:41.0843–TRACE–2023/11/12 01:27:41:0843| 0|  COM4| S | CommandID     84| FA52030402
2023-11-12 01:27:41.1112–TRACE–2023/11/12 01:27:41:1112| 0|  COM4| R | CommandID     84| FA030400890D0A
2023-11-12 01:27:41.2882–TRACE–2023/11/12 01:27:41:2882| 0|  COM4| S | CommandID     85| FA52010403
2023-11-12 01:27:41.3150–TRACE–2023/11/12 01:27:41:3150| 0|  COM4| R | CommandID     85| FA01054155550D0A
2023-11-12 01:27:41.5028–TRACE–2023/11/12 01:27:41:5028| 0|  COM4| S | CommandID     86| FA52020403
2023-11-12 01:27:41.5196–TRACE–2023/11/12 01:27:41:5196| 0|  COM4| R | CommandID     86| FA02054159550D0A
2023-11-12 01:27:41.7040–TRACE–2023/11/12 01:27:41:7039| 0|  COM4| S | CommandID     87| FA52030403
2023-11-12 01:27:41.7214–TRACE–2023/11/12 01:27:41:7214| 0|  COM4| R | CommandID     87| FA03054557550D0A
2023-11-12 01:27:41.9140–TRACE–2023/11/12 01:27:41:9140| 0|  COM4| S | CommandID     88| FA52010404
2023-11-12 01:27:41.9381–TRACE–2023/11/12 01:27:41:9381| 0|  COM4| R | CommandID     88| FA01034B0D0A
2023-11-12 01:27:42.1275–TRACE–2023/11/12 01:27:42:1274| 0|  COM4| S | CommandID     89| FA52020404
2023-11-12 01:27:42.1419–TRACE–2023/11/12 01:27:42:1418| 0|  COM4| R | CommandID     89| FA02034B0D0A
2023-11-12 01:27:42.3286–TRACE–2023/11/12 01:27:42:3286| 0|  COM4| S | CommandID     90| FA52030404
2023-11-12 01:27:42.3474–TRACE–2023/11/12 01:27:42:3473| 0|  COM4| R | CommandID     90| FA03034B0D0A
2023-11-12 01:27:42.5400–TRACE–2023/11/12 01:27:42:5400| 0|  COM4| S | CommandID     91| FA52010405
2023-11-12 01:27:42.5633–TRACE–2023/11/12 01:27:42:5633| 0|  COM4| R | CommandID     91| FA010412370D0A
2023-11-12 01:27:42.7527–TRACE–2023/11/12 01:27:42:7527| 0|  COM4| S | CommandID     92| FA52020405
2023-11-12 01:27:42.7669–TRACE–2023/11/12 01:27:42:7668| 0|  COM4| R | CommandID     92| FA020415330D0A
2023-11-12 01:27:42.9571–TRACE–2023/11/12 01:27:42:9571| 0|  COM4| S | CommandID     93| FA52030405
2023-11-12 01:27:42.9712–TRACE–2023/11/12 01:27:42:9712| 0|  COM4| R | CommandID     93| FA03042B340D0A
2023-11-12 01:27:43.1586–TRACE–2023/11/12 01:27:43:1586| 0|  COM4| S | CommandID     94| FA52010101
2023-11-12 01:27:43.1734–TRACE–2023/11/12 01:27:43:1734| 0|  COM4| R | CommandID     94| FA0103640D0A
2023-11-12 01:27:43.3607–TRACE–2023/11/12 01:27:43:3607| 0|  COM4| S | CommandID     95| FA52020101
2023-11-12 01:27:43.3766–TRACE–2023/11/12 01:27:43:3766| 0|  COM4| R | CommandID     95| FA0203640D0A
2023-11-12 01:27:43.5679–TRACE–2023/11/12 01:27:43:5679| 0|  COM4| S | CommandID     96| FA52030101
2023-11-12 01:27:43.5967–TRACE–2023/11/12 01:27:43:5967| 0|  COM4| R | CommandID     96| FA0303640D0A
2023-11-12 01:27:43.7734–TRACE–2023/11/12 01:27:43:7734| 0|  COM4| S | CommandID     97| FA52010501
2023-11-12 01:27:43.7984–TRACE–2023/11/12 01:27:43:7983| 0|  COM4| R | CommandID     97| FA010401180D0A
2023-11-12 01:27:43.9890–TRACE–2023/11/12 01:27:43:9890| 0|  COM4| S | CommandID     98| FA52020501
2023-11-12 01:27:44.0160–TRACE–2023/11/12 01:27:44:0160| 0|  COM4| R | CommandID     98| FA020401200D0A
2023-11-12 01:27:44.1900–TRACE–2023/11/12 01:27:44:1900| 0|  COM4| S | CommandID     99| FA52030501
2023-11-12 01:27:44.2056–TRACE–2023/11/12 01:27:44:2056| 0|  COM4| R | CommandID     99| FA030401200D0A
2023-11-12 01:27:44.3997–TRACE–2023/11/12 01:27:44:3997| 0|  COM4| S | CommandID    100| FA57000201
2023-11-12 01:27:44.4299–TRACE–2023/11/12 01:27:44:4299| 0|  COM4| R | CommandID    100| C30D0A
2023-11-12 01:27:45.6140–TRACE–2023/11/12 01:27:45:6139| 0|  COM4| S | CommandID    101| FA52010501
2023-11-12 01:27:45.6281–TRACE–2023/11/12 01:27:45:6281| 0|  COM4| R | CommandID    101| FA010401140D0A
2023-11-12 01:27:45.8206–TRACE–2023/11/12 01:27:45:8205| 0|  COM4| S | CommandID    102| FA52020501
2023-11-12 01:27:45.8454–TRACE–2023/11/12 01:27:45:8454| 0|  COM4| R | CommandID    102| FA0204013C0D0A
2023-11-12 01:27:46.0212–TRACE–2023/11/12 01:27:46:0212| 0|  COM4| S | CommandID    103| FA52030501
2023-11-12 01:27:46.0486–TRACE–2023/11/12 01:27:46:0485| 0|  COM4| R | CommandID    103| FA030401200D0A
2023-11-12 01:27:46.2366–TRACE–2023/11/12 01:27:46:2366| 0|  COM4| S | CommandID    104| FA52010401
2023-11-12 01:27:46.2533–TRACE–2023/11/12 01:27:46:2532| 0|  COM4| R | CommandID    104| FA010A0101020304050607080D0A
2023-11-12 01:27:46.4380–TRACE–2023/11/12 01:27:46:4380| 0|  COM4| S | CommandID    105| FA52020401
2023-11-12 01:27:46.4563–TRACE–2023/11/12 01:27:46:4563| 0|  COM4| R | CommandID    105| FA020A0101020304050607080D0A
2023-11-12 01:27:46.6418–TRACE–2023/11/12 01:27:46:6418| 0|  COM4| S | CommandID    106| FA52030401
2023-11-12 01:27:46.6595–TRACE–2023/11/12 01:27:46:6595| 0|  COM4| R | CommandID    106| FA030A0101020304050607080D0A
2023-11-12 01:27:46.8532–TRACE–2023/11/12 01:27:46:8532| 0|  COM4| S | CommandID    107| FA52010402
2023-11-12 01:27:46.8798–TRACE–2023/11/12 01:27:46:8798| 0|  COM4| R | CommandID    107| FA010400850D0A
2023-11-12 01:27:47.0630–TRACE–2023/11/12 01:27:47:0630| 0|  COM4| S | CommandID    108| FA52020402
2023-11-12 01:27:47.1030–TRACE–2023/11/12 01:27:47:1030| 0|  COM4| R | CommandID    108| FA020400850D0A
2023-11-12 01:27:47.2678–TRACE–2023/11/12 01:27:47:2678| 0|  COM4| S | CommandID    109| FA52030402
2023-11-12 01:27:47.2852–TRACE–2023/11/12 01:27:47:2851| 0|  COM4| R | CommandID    109| FA030400850D0A
2023-11-12 01:27:47.4774–TRACE–2023/11/12 01:27:47:4774| 0|  COM4| S | CommandID    110| FA52010403
2023-11-12 01:27:47.5016–TRACE–2023/11/12 01:27:47:5016| 0|  COM4| R | CommandID    110| FA01054555550D0A
2023-11-12 01:27:47.6809–TRACE–2023/11/12 01:27:47:6809| 0|  COM4| S | CommandID    111| FA52020403
2023-11-12 01:27:47.6931–TRACE–2023/11/12 01:27:47:6930| 0|  COM4| R | CommandID    111| FA02054155550D0A
2023-11-12 01:27:47.8818–TRACE–2023/11/12 01:27:47:8818| 0|  COM4| S | CommandID    112| FA52030403
2023-11-12 01:27:47.9093–TRACE–2023/11/12 01:27:47:9093| 0|  COM4| R | CommandID    112| FA03054559550D0A
2023-11-12 01:27:48.0859–TRACE–2023/11/12 01:27:48:0859| 0|  COM4| S | CommandID    113| FA52010404
2023-11-12 01:27:48.1112–TRACE–2023/11/12 01:27:48:1111| 0|  COM4| R | CommandID    113| FA01034B0D0A
2023-11-12 01:27:48.2995–TRACE–2023/11/12 01:27:48:2995| 0|  COM4| S | CommandID    114| FA52020404
2023-11-12 01:27:48.3149–TRACE–2023/11/12 01:27:48:3149| 0|  COM4| R | CommandID    114| FA02034B0D0A
2023-11-12 01:27:48.5014–TRACE–2023/11/12 01:27:48:5013| 0|  COM4| S | CommandID    115| FA52030404
2023-11-12 01:27:48.5397–TRACE–2023/11/12 01:27:48:5397| 0|  COM4| R | CommandID    115| FA03034B0D0A
2023-11-12 01:27:48.7175–TRACE–2023/11/12 01:27:48:7174| 0|  COM4| S | CommandID    116| FA52010405
2023-11-12 01:27:48.7421–TRACE–2023/11/12 01:27:48:7421| 0|  COM4| R | CommandID    116| FA0104344F0D0A
2023-11-12 01:27:48.9243–TRACE–2023/11/12 01:27:48:9242| 0|  COM4| S | CommandID    117| FA52020405
2023-11-12 01:27:48.9404–TRACE–2023/11/12 01:27:48:9404| 0|  COM4| R | CommandID    117| FA0204274A0D0A
2023-11-12 01:27:49.1334–TRACE–2023/11/12 01:27:49:1334| 0|  COM4| S | CommandID    118| FA52030405
2023-11-12 01:27:49.1579–TRACE–2023/11/12 01:27:49:1579| 0|  COM4| R | CommandID    118| FA03044F300D0A
2023-11-12 01:27:49.3483–TRACE–2023/11/12 01:27:49:3483| 0|  COM4| S | CommandID    119| FA52010101
2023-11-12 01:27:49.3625–TRACE–2023/11/12 01:27:49:3625| 0|  COM4| R | CommandID    119| FA0103640D0A
2023-11-12 01:27:49.5504–TRACE–2023/11/12 01:27:49:5504| 0|  COM4| S | CommandID    120| FA52020101
2023-11-12 01:27:49.5643–TRACE–2023/11/12 01:27:49:5643| 0|  COM4| R | CommandID    120| FA0203640D0A
2023-11-12 01:27:49.7515–TRACE–2023/11/12 01:27:49:7515| 0|  COM4| S | CommandID    121| FA52030101
2023-11-12 01:27:49.7666–TRACE–2023/11/12 01:27:49:7666| 0|  COM4| R | CommandID    121| FA0303640D0A
2023-11-12 01:27:49.9668–TRACE–2023/11/12 01:27:49:9668| 0|  COM4| S | CommandID    122| FA52010501
2023-11-12 01:27:50.0072–TRACE–2023/11/12 01:27:50:0071| 0|  COM4| R | CommandID    122| FA010401380D0A
2023-11-12 01:27:50.1794–TRACE–2023/11/12 01:27:50:1794| 0|  COM4| S | CommandID    123| FA52020501
2023-11-12 01:27:50.2047–TRACE–2023/11/12 01:27:50:2047| 0|  COM4| R | CommandID    123| FA020401040D0A
2023-11-12 01:27:50.3940–TRACE–2023/11/12 01:27:50:3940| 0|  COM4| S | CommandID    124| FA52030501
2023-11-12 01:27:50.4096–TRACE–2023/11/12 01:27:50:4096| 0|  COM4| R | CommandID    124| FA0304015C0D0A
2023-11-12 01:27:50.5991–TRACE–2023/11/12 01:27:50:5991| 0|  COM4| S | CommandID    125| FA57000201
2023-11-12 01:27:50.6128–TRACE–2023/11/12 01:27:50:6128| 0|  COM4| R | CommandID    125| C30D0A
2023-11-12 01:27:51.7998–TRACE–2023/11/12 01:27:51:7998| 0|  COM4| S | CommandID    126| FA52010501
2023-11-12 01:27:51.8135–TRACE–2023/11/12 01:27:51:8135| 0|  COM4| R | CommandID    126| FA010401380D0A
2023-11-12 01:27:52.0018–TRACE–2023/11/12 01:27:52:0017| 0|  COM4| S | CommandID    127| FA52020501
2023-11-12 01:27:52.0177–TRACE–2023/11/12 01:27:52:0177| 0|  COM4| R | CommandID    127| FA0204012C0D0A
2023-11-12 01:27:52.2123–TRACE–2023/11/12 01:27:52:2123| 0|  COM4| S | CommandID    128| FA52030501
2023-11-12 01:27:52.2406–TRACE–2023/11/12 01:27:52:2406| 0|  COM4| R | CommandID    128| FA030401380D0A
2023-11-12 01:27:52.4133–TRACE–2023/11/12 01:27:52:4133| 0|  COM4| S | CommandID    129| FA52010401
2023-11-12 01:27:52.4437–TRACE–2023/11/12 01:27:52:4437| 0|  COM4| R | CommandID    129| FA010A0101020304050607080D0A
2023-11-12 01:27:52.6266–TRACE–2023/11/12 01:27:52:6266| 0|  COM4| S | CommandID    130| FA52020401
2023-11-12 01:27:52.6443–TRACE–2023/11/12 01:27:52:6443| 0|  COM4| R | CommandID    130| FA020A0101020304050607080D0A
2023-11-12 01:27:52.8367–TRACE–2023/11/12 01:27:52:8367| 0|  COM4| S | CommandID    131| FA52030401
2023-11-12 01:27:52.8613–TRACE–2023/11/12 01:27:52:8612| 0|  COM4| R | CommandID    131| FA030A0101020304050607080D0A
2023-11-12 01:27:53.0482–TRACE–2023/11/12 01:27:53:0482| 0|  COM4| S | CommandID    132| FA52010402
2023-11-12 01:27:53.0645–TRACE–2023/11/12 01:27:53:0645| 0|  COM4| R | CommandID    132| FA010400890D0A
2023-11-12 01:27:53.2534–TRACE–2023/11/12 01:27:53:2533| 0|  COM4| S | CommandID    133| FA52020402
2023-11-12 01:27:53.2666–TRACE–2023/11/12 01:27:53:2666| 0|  COM4| R | CommandID    133| FA020400850D0A
2023-11-12 01:27:53.4560–TRACE–2023/11/12 01:27:53:4560| 0|  COM4| S | CommandID    134| FA52030402
2023-11-12 01:27:53.4706–TRACE–2023/11/12 01:27:53:4706| 0|  COM4| R | CommandID    134| FA030400890D0A
2023-11-12 01:27:53.6648–TRACE–2023/11/12 01:27:53:6648| 0|  COM4| S | CommandID    135| FA52010403
2023-11-12 01:27:53.6911–TRACE–2023/11/12 01:27:53:6911| 0|  COM4| R | CommandID    135| FA01054359550D0A
2023-11-12 01:27:53.8765–TRACE–2023/11/12 01:27:53:8765| 0|  COM4| S | CommandID    136| FA52020403
2023-11-12 01:27:53.8927–TRACE–2023/11/12 01:27:53:8927| 0|  COM4| R | CommandID    136| FA02054555550D0A
2023-11-12 01:27:54.0863–TRACE–2023/11/12 01:27:54:0863| 0|  COM4| S | CommandID    137| FA52030403
2023-11-12 01:27:54.1122–TRACE–2023/11/12 01:27:54:1122| 0|  COM4| R | CommandID    137| FA03054159550D0A
2023-11-12 01:27:54.2984–TRACE–2023/11/12 01:27:54:2984| 0|  COM4| S | CommandID    138| FA52010404
2023-11-12 01:27:54.3137–TRACE–2023/11/12 01:27:54:3137| 0|  COM4| R | CommandID    138| FA01034B0D0A
2023-11-12 01:27:54.5030–TRACE–2023/11/12 01:27:54:5030| 0|  COM4| S | CommandID    139| FA52020404
2023-11-12 01:27:54.5383–TRACE–2023/11/12 01:27:54:5383| 0|  COM4| R | CommandID    139| FA02034B0D0A
2023-11-12 01:27:54.7048–TRACE–2023/11/12 01:27:54:7048| 0|  COM4| S | CommandID    140| FA52030404
2023-11-12 01:27:54.7212–TRACE–2023/11/12 01:27:54:7212| 0|  COM4| R | CommandID    140| FA03034B0D0A
2023-11-12 01:27:54.9072–TRACE–2023/11/12 01:27:54:9072| 0|  COM4| S | CommandID    141| FA52010405
2023-11-12 01:27:54.9228–TRACE–2023/11/12 01:27:54:9228| 0|  COM4| R | CommandID    141| FA01042D100D0A
2023-11-12 01:27:55.1225–TRACE–2023/11/12 01:27:55:1225| 0|  COM4| S | CommandID    142| FA52020405
2023-11-12 01:27:55.1479–TRACE–2023/11/12 01:27:55:1479| 0|  COM4| R | CommandID    142| FA0204504F0D0A
2023-11-12 01:27:55.3321–TRACE–2023/11/12 01:27:55:3321| 0|  COM4| S | CommandID    143| FA52030405
2023-11-12 01:27:55.3477–TRACE–2023/11/12 01:27:55:3477| 0|  COM4| R | CommandID    143| FA0304330C0D0A
2023-11-12 01:27:55.5377–TRACE–2023/11/12 01:27:55:5376| 0|  COM4| S | CommandID    144| FA52010101
2023-11-12 01:27:55.5637–TRACE–2023/11/12 01:27:55:5637| 0|  COM4| R | CommandID    144| FA0103640D0A
2023-11-12 01:27:55.7398–TRACE–2023/11/12 01:27:55:7398| 0|  COM4| S | CommandID    145| FA52020101
2023-11-12 01:27:55.7535–TRACE–2023/11/12 01:27:55:7535| 0|  COM4| R | CommandID    145| FA0203640D0A
2023-11-12 01:27:55.9557–TRACE–2023/11/12 01:27:55:9557| 0|  COM4| S | CommandID    146| FA52030101
2023-11-12 01:27:55.9715–TRACE–2023/11/12 01:27:55:9715| 0|  COM4| R | CommandID    146| FA0303640D0A
2023-11-12 01:27:56.1607–TRACE–2023/11/12 01:27:56:1607| 0|  COM4| S | CommandID    147| FA52010501
2023-11-12 01:27:56.1744–TRACE–2023/11/12 01:27:56:1744| 0|  COM4| R | CommandID    147| FA010401240D0A
2023-11-12 01:27:56.3605–TRACE–2023/11/12 01:27:56:3605| 0|  COM4| S | CommandID    148| FA52020501
2023-11-12 01:27:56.3756–TRACE–2023/11/12 01:27:56:3756| 0|  COM4| R | CommandID    148| FA020401040D0A
2023-11-12 01:27:56.5666–TRACE–2023/11/12 01:27:56:5666| 0|  COM4| S | CommandID    149| FA52030501
2023-11-12 01:27:56.5806–TRACE–2023/11/12 01:27:56:5806| 0|  COM4| R | CommandID    149| FA030401040D0A
2023-11-12 01:27:56.7668–TRACE–2023/11/12 01:27:56:7667| 0|  COM4| S | CommandID    150| FA57000201
2023-11-12 01:27:56.7867–TRACE–2023/11/12 01:27:56:7867| 0|  COM4| R | CommandID    150| C30D0A
2023-11-12 01:27:57.9799–TRACE–2023/11/12 01:27:57:9798| 0|  COM4| S | CommandID    151| FA52010501
2023-11-12 01:27:58.0027–TRACE–2023/11/12 01:27:58:0027| 0|  COM4| R | CommandID    151| FA010405280D0A
2023-11-12 01:27:58.1894–TRACE–2023/11/12 01:27:58:1894| 0|  COM4| S | CommandID    152| FA52020501
2023-11-12 01:27:58.2057–TRACE–2023/11/12 01:27:58:2057| 0|  COM4| R | CommandID    152| FA020405180D0A
2023-11-12 01:27:58.4008–TRACE–2023/11/12 01:27:58:4008| 0|  COM4| S | CommandID    153| FA52030501
2023-11-12 01:27:58.4233–TRACE–2023/11/12 01:27:58:4233| 0|  COM4| R | CommandID    153| FA0304053C0D0A
2023-11-12 01:27:58.6160–TRACE–2023/11/12 01:27:58:6160| 0|  COM4| S | CommandID    154| FA52010401
2023-11-12 01:27:58.6431–TRACE–2023/11/12 01:27:58:6431| 0|  COM4| R | CommandID    154| FA010A0001020304050607080D0A
2023-11-12 01:27:58.8294–TRACE–2023/11/12 01:27:58:8293| 0|  COM4| S | CommandID    155| FA52020401
2023-11-12 01:27:58.8467–TRACE–2023/11/12 01:27:58:8467| 0|  COM4| R | CommandID    155| FA020A0101020304050607080D0A
2023-11-12 01:27:59.0358–TRACE–2023/11/12 01:27:59:0358| 0|  COM4| S | CommandID    156| FA52030401
2023-11-12 01:27:59.0637–TRACE–2023/11/12 01:27:59:0637| 0|  COM4| R | CommandID    156| FA030A0101020304050607080D0A
2023-11-12 01:27:59.2428–TRACE–2023/11/12 01:27:59:2427| 0|  COM4| S | CommandID    157| FA52010402
2023-11-12 01:27:59.2676–TRACE–2023/11/12 01:27:59:2675| 0|  COM4| R | CommandID    157| FA010400870D0A
2023-11-12 01:27:59.4552–TRACE–2023/11/12 01:27:59:4552| 0|  COM4| S | CommandID    158| FA52020402
2023-11-12 01:27:59.4711–TRACE–2023/11/12 01:27:59:4711| 0|  COM4| R | CommandID    158| FA020400890D0A
2023-11-12 01:27:59.6622–TRACE–2023/11/12 01:27:59:6622| 0|  COM4| S | CommandID    159| FA52030402
2023-11-12 01:27:59.6919–TRACE–2023/11/12 01:27:59:6919| 0|  COM4| R | CommandID    159| FA030400850D0A
2023-11-12 01:27:59.8669–TRACE–2023/11/12 01:27:59:8669| 0|  COM4| S | CommandID    160| FA52010403
2023-11-12 01:27:59.8920–TRACE–2023/11/12 01:27:59:8920| 0|  COM4| R | CommandID    160| FA01054357550D0A
2023-11-12 01:28:00.0938–TRACE–2023/11/12 01:28:00:0938| 0|  COM4| S | CommandID    161| FA52020403
2023-11-12 01:28:00.1192–TRACE–2023/11/12 01:28:00:1192| 0|  COM4| R | CommandID    161| FA02054557550D0A
2023-11-12 01:28:00.2978–TRACE–2023/11/12 01:28:00:2978| 0|  COM4| S | CommandID    162| FA52030403
2023-11-12 01:28:00.3149–TRACE–2023/11/12 01:28:00:3148| 0|  COM4| R | CommandID    162| FA03054157550D0A
2023-11-12 01:28:00.5073–TRACE–2023/11/12 01:28:00:5073| 0|  COM4| S | CommandID    163| FA52010404
2023-11-12 01:28:00.5364–TRACE–2023/11/12 01:28:00:5363| 0|  COM4| R | CommandID    163| FA01034B0D0A
2023-11-12 01:28:00.7216–TRACE–2023/11/12 01:28:00:7216| 0|  COM4| S | CommandID    164| FA52020404
2023-11-12 01:28:00.7361–TRACE–2023/11/12 01:28:00:7361| 0|  COM4| R | CommandID    164| FA02034B0D0A
2023-11-12 01:28:00.9287–TRACE–2023/11/12 01:28:00:9287| 0|  COM4| S | CommandID    165| FA52030404
2023-11-12 01:28:00.9563–TRACE–2023/11/12 01:28:00:9563| 0|  COM4| R | CommandID    165| FA03034B0D0A
2023-11-12 01:28:01.1420–TRACE–2023/11/12 01:28:01:1419| 0|  COM4| S | CommandID    166| FA52010405
2023-11-12 01:28:01.1586–TRACE–2023/11/12 01:28:01:1586| 0|  COM4| R | CommandID    166| FA010434220D0A
2023-11-12 01:28:01.3493–TRACE–2023/11/12 01:28:01:3493| 0|  COM4| S | CommandID    167| FA52020405
2023-11-12 01:28:01.3771–TRACE–2023/11/12 01:28:01:3771| 0|  COM4| R | CommandID    167| FA020415270D0A
2023-11-12 01:28:01.5498–TRACE–2023/11/12 01:28:01:5498| 0|  COM4| S | CommandID    168| FA52030405
2023-11-12 01:28:01.5642–TRACE–2023/11/12 01:28:01:5642| 0|  COM4| R | CommandID    168| FA0304333D0D0A
2023-11-12 01:28:01.7580–TRACE–2023/11/12 01:28:01:7580| 0|  COM4| S | CommandID    169| FA52010101
2023-11-12 01:28:01.7846–TRACE–2023/11/12 01:28:01:7845| 0|  COM4| R | CommandID    169| FA0103640D0A
2023-11-12 01:28:01.9724–TRACE–2023/11/12 01:28:01:9724| 0|  COM4| S | CommandID    170| FA52020101
2023-11-12 01:28:01.9868–TRACE–2023/11/12 01:28:01:9868| 0|  COM4| R | CommandID    170| FA0203640D0A
2023-11-12 01:28:02.1819–TRACE–2023/11/12 01:28:02:1819| 0|  COM4| S | CommandID    171| FA52030101
2023-11-12 01:28:02.2065–TRACE–2023/11/12 01:28:02:2065| 0|  COM4| R | CommandID    171| FA0303640D0A
2023-11-12 01:28:02.3940–TRACE–2023/11/12 01:28:02:3940| 0|  COM4| S | CommandID    172| FA52010501
2023-11-12 01:28:02.4124–TRACE–2023/11/12 01:28:02:4123| 0|  COM4| R | CommandID    172| FA0104013C0D0A
2023-11-12 01:28:02.5963–TRACE–2023/11/12 01:28:02:5963| 0|  COM4| S | CommandID    173| FA52020501
2023-11-12 01:28:02.6115–TRACE–2023/11/12 01:28:02:6115| 0|  COM4| R | CommandID    173| FA020401300D0A
2023-11-12 01:28:02.8047–TRACE–2023/11/12 01:28:02:8046| 0|  COM4| S | CommandID    174| FA52030501
2023-11-12 01:28:02.8324–TRACE–2023/11/12 01:28:02:8324| 0|  COM4| R | CommandID    174| FA030401600D0A
2023-11-12 01:28:03.0120–TRACE–2023/11/12 01:28:03:0120| 0|  COM4| S | CommandID    175| FA57000201
2023-11-12 01:28:03.0356–TRACE–2023/11/12 01:28:03:0355| 0|  COM4| R | CommandID    175| C30D0A
2023-11-12 01:28:04.2209–TRACE–2023/11/12 01:28:04:2209| 0|  COM4| S | CommandID    176| FA52010501
2023-11-12 01:28:04.2358–TRACE–2023/11/12 01:28:04:2358| 0|  COM4| R | CommandID    176| FA0104015C0D0A
2023-11-12 01:28:04.4253–TRACE–2023/11/12 01:28:04:4253| 0|  COM4| S | CommandID    177| FA52020501
2023-11-12 01:28:04.4400–TRACE–2023/11/12 01:28:04:4400| 0|  COM4| R | CommandID    177| FA020401200D0A
2023-11-12 01:28:04.6327–TRACE–2023/11/12 01:28:04:6327| 0|  COM4| S | CommandID    178| FA52030501
2023-11-12 01:28:04.6578–TRACE–2023/11/12 01:28:04:6578| 0|  COM4| R | CommandID    178| FA030401180D0A
2023-11-12 01:28:04.8474–TRACE–2023/11/12 01:28:04:8474| 0|  COM4| S | CommandID    179| FA52010401
2023-11-12 01:28:04.8776–TRACE–2023/11/12 01:28:04:8776| 0|  COM4| R | CommandID    179| FA010A0101020304050607080D0A
2023-11-12 01:28:05.0543–TRACE–2023/11/12 01:28:05:0543| 0|  COM4| S | CommandID    180| FA52020401
2023-11-12 01:28:05.0849–TRACE–2023/11/12 01:28:05:0849| 0|  COM4| R | CommandID    180| FA020A0101020304050607080D0A
2023-11-12 01:28:05.2672–TRACE–2023/11/12 01:28:05:2672| 0|  COM4| S | CommandID    181| FA52030401
2023-11-12 01:28:05.2859–TRACE–2023/11/12 01:28:05:2859| 0|  COM4| R | CommandID    181| FA030A0101020304050607080D0A
2023-11-12 01:28:05.4742–TRACE–2023/11/12 01:28:05:4742| 0|  COM4| S | CommandID    182| FA52010402
2023-11-12 01:28:05.5023–TRACE–2023/11/12 01:28:05:5022| 0|  COM4| R | CommandID    182| FA010400850D0A
2023-11-12 01:28:05.6894–TRACE–2023/11/12 01:28:05:6894| 0|  COM4| S | CommandID    183| FA52020402
2023-11-12 01:28:05.7268–TRACE–2023/11/12 01:28:05:7268| 0|  COM4| R | CommandID    183| FA020400890D0A
2023-11-12 01:28:05.9005–TRACE–2023/11/12 01:28:05:9005| 0|  COM4| S | CommandID    184| FA52030402
2023-11-12 01:28:05.9244–TRACE–2023/11/12 01:28:05:9244| 0|  COM4| R | CommandID    184| FA030400870D0A
2023-11-12 01:28:06.1100–TRACE–2023/11/12 01:28:06:1100| 0|  COM4| S | CommandID    185| FA52010403
2023-11-12 01:28:06.1263–TRACE–2023/11/12 01:28:06:1263| 0|  COM4| R | CommandID    185| FA01054557550D0A
2023-11-12 01:28:06.3154–TRACE–2023/11/12 01:28:06:3153| 0|  COM4| S | CommandID    186| FA52020403
2023-11-12 01:28:06.3509–TRACE–2023/11/12 01:28:06:3509| 0|  COM4| R | CommandID    186| FA02054355550D0A
2023-11-12 01:28:06.5172–TRACE–2023/11/12 01:28:06:5172| 0|  COM4| S | CommandID    187| FA52030403
2023-11-12 01:28:06.5367–TRACE–2023/11/12 01:28:06:5367| 0|  COM4| R | CommandID    187| FA03054359550D0A
2023-11-12 01:28:06.7251–TRACE–2023/11/12 01:28:06:7251| 0|  COM4| S | CommandID    188| FA52010404
2023-11-12 01:28:06.7527–TRACE–2023/11/12 01:28:06:7527| 0|  COM4| R | CommandID    188| FA01035F0D0A
2023-11-12 01:28:06.9347–TRACE–2023/11/12 01:28:06:9347| 0|  COM4| S | CommandID    189| FA52020404
2023-11-12 01:28:06.9605–TRACE–2023/11/12 01:28:06:9604| 0|  COM4| R | CommandID    189| FA02034B0D0A
2023-11-12 01:28:07.1360–TRACE–2023/11/12 01:28:07:1360| 0|  COM4| S | CommandID    190| FA52030404
2023-11-12 01:28:07.1580–TRACE–2023/11/12 01:28:07:1580| 0|  COM4| R | CommandID    190| FA03034B0D0A
2023-11-12 01:28:07.3474–TRACE–2023/11/12 01:28:07:3474| 0|  COM4| S | CommandID    191| FA52010405
2023-11-12 01:28:07.3621–TRACE–2023/11/12 01:28:07:3621| 0|  COM4| R | CommandID    191| FA01041B4B0D0A
2023-11-12 01:28:07.5497–TRACE–2023/11/12 01:28:07:5497| 0|  COM4| S | CommandID    192| FA52020405
2023-11-12 01:28:07.5642–TRACE–2023/11/12 01:28:07:5642| 0|  COM4| R | CommandID    192| FA02041A390D0A
2023-11-12 01:28:07.7529–TRACE–2023/11/12 01:28:07:7529| 0|  COM4| S | CommandID    193| FA52030405
2023-11-12 01:28:07.7844–TRACE–2023/11/12 01:28:07:7844| 0|  COM4| R | CommandID    193| FA030412120D0A
2023-11-12 01:28:07.9620–TRACE–2023/11/12 01:28:07:9620| 0|  COM4| S | CommandID    194| FA52010101
2023-11-12 01:28:07.9873–TRACE–2023/11/12 01:28:07:9873| 0|  COM4| R | CommandID    194| FA0103640D0A
2023-11-12 01:28:08.1761–TRACE–2023/11/12 01:28:08:1761| 0|  COM4| S | CommandID    195| FA52020101
2023-11-12 01:28:08.2064–TRACE–2023/11/12 01:28:08:2064| 0|  COM4| R | CommandID    195| FA0203640D0A
2023-11-12 01:28:08.3778–TRACE–2023/11/12 01:28:08:3778| 0|  COM4| S | CommandID    196| FA52030101
2023-11-12 01:28:08.3930–TRACE–2023/11/12 01:28:08:3930| 0|  COM4| R | CommandID    196| FA0303640D0A
2023-11-12 01:28:08.5828–TRACE–2023/11/12 01:28:08:5828| 0|  COM4| S | CommandID    197| FA52010501
2023-11-12 01:28:08.6123–TRACE–2023/11/12 01:28:08:6123| 0|  COM4| R | CommandID    197| FA0104011C0D0A
2023-11-12 01:28:08.7926–TRACE–2023/11/12 01:28:08:7926| 0|  COM4| S | CommandID    198| FA52020501
2023-11-12 01:28:08.8162–TRACE–2023/11/12 01:28:08:8162| 0|  COM4| R | CommandID    198| FA020401100D0A
2023-11-12 01:28:09.0010–TRACE–2023/11/12 01:28:09:0010| 0|  COM4| S | CommandID    199| FA52030501
2023-11-12 01:28:09.0177–TRACE–2023/11/12 01:28:09:0177| 0|  COM4| R | CommandID    199| FA030401440D0A
2023-11-12 01:28:09.2061–TRACE–2023/11/12 01:28:09:2061| 0|  COM4| S | CommandID    200| FA57000201
2023-11-12 01:28:09.2223–TRACE–2023/11/12 01:28:09:2223| 0|  COM4| R | CommandID    200| C30D0A
2023-11-12 01:28:10.4124–TRACE–2023/11/12 01:28:10:4124| 0|  COM4| S | CommandID    201| FA52010501
2023-11-12 01:28:10.4437–TRACE–2023/11/12 01:28:10:4437| 0|  COM4| R | CommandID    201| FA010401280D0A
2023-11-12 01:28:10.6127–TRACE–2023/11/12 01:28:10:6127| 0|  COM4| S | CommandID    202| FA52020501
2023-11-12 01:28:10.6440–TRACE–2023/11/12 01:28:10:6440| 0|  COM4| R | CommandID    202| FA020401180D0A
2023-11-12 01:28:10.8208–TRACE–2023/11/12 01:28:10:8208| 0|  COM4| S | CommandID    203| FA52030501
2023-11-12 01:28:10.8503–TRACE–2023/11/12 01:28:10:8503| 0|  COM4| R | CommandID    203| FA0304015C0D0A
2023-11-12 01:28:11.0217–TRACE–2023/11/12 01:28:11:0217| 0|  COM4| S | CommandID    204| FA52010401
2023-11-12 01:28:11.0526–TRACE–2023/11/12 01:28:11:0526| 0|  COM4| R | CommandID    204| FA010A0101020304050607080D0A
2023-11-12 01:28:11.2210–TRACE–2023/11/12 01:28:11:2209| 0|  COM4| S | CommandID    205| FA52020401
2023-11-12 01:28:11.2575–TRACE–2023/11/12 01:28:11:2575| 0|  COM4| R | CommandID    205| FA020A0101020304050607080D0A
2023-11-12 01:28:11.4225–TRACE–2023/11/12 01:28:11:4225| 0|  COM4| S | CommandID    206| FA52030401
2023-11-12 01:28:11.4410–TRACE–2023/11/12 01:28:11:4410| 0|  COM4| R | CommandID    206| FA030A0101020304050607080D0A
2023-11-12 01:28:11.6376–TRACE–2023/11/12 01:28:11:6375| 0|  COM4| S | CommandID    207| FA52010402
2023-11-12 01:28:11.6632–TRACE–2023/11/12 01:28:11:6632| 0|  COM4| R | CommandID    207| FA010400870D0A
2023-11-12 01:28:11.8491–TRACE–2023/11/12 01:28:11:8491| 0|  COM4| S | CommandID    208| FA52020402
2023-11-12 01:28:11.8764–TRACE–2023/11/12 01:28:11:8764| 0|  COM4| R | CommandID    208| FA020400870D0A
2023-11-12 01:28:12.0629–TRACE–2023/11/12 01:28:12:0629| 0|  COM4| S | CommandID    209| FA52030402
2023-11-12 01:28:12.0805–TRACE–2023/11/12 01:28:12:0805| 0|  COM4| R | CommandID    209| FA030400870D0A
2023-11-12 01:28:12.2665–TRACE–2023/11/12 01:28:12:2665| 0|  COM4| S | CommandID    210| FA52010403
2023-11-12 01:28:12.3010–TRACE–2023/11/12 01:28:12:3010| 0|  COM4| R | CommandID    210| FA01054355550D0A
2023-11-12 01:28:12.4775–TRACE–2023/11/12 01:28:12:4775| 0|  COM4| S | CommandID    211| FA52020403
2023-11-12 01:28:12.5024–TRACE–2023/11/12 01:28:12:5024| 0|  COM4| R | CommandID    211| FA02054559550D0A
2023-11-12 01:28:12.6894–TRACE–2023/11/12 01:28:12:6894| 0|  COM4| S | CommandID    212| FA52030403
2023-11-12 01:28:12.7060–TRACE–2023/11/12 01:28:12:7060| 0|  COM4| R | CommandID    212| FA03054159550D0A
2023-11-12 01:28:12.8944–TRACE–2023/11/12 01:28:12:8944| 0|  COM4| S | CommandID    213| FA52010404
2023-11-12 01:28:12.9284–TRACE–2023/11/12 01:28:12:9283| 0|  COM4| R | CommandID    213| FA01034B0D0A
2023-11-12 01:28:13.0964–TRACE–2023/11/12 01:28:13:0963| 0|  COM4| S | CommandID    214| FA52020404
2023-11-12 01:28:13.1107–TRACE–2023/11/12 01:28:13:1106| 0|  COM4| R | CommandID    214| FA02034B0D0A
2023-11-12 01:28:13.3079–TRACE–2023/11/12 01:28:13:3079| 0|  COM4| S | CommandID    215| FA52030404
2023-11-12 01:28:13.3322–TRACE–2023/11/12 01:28:13:3322| 0|  COM4| R | CommandID    215| FA03034B0D0A
2023-11-12 01:28:13.5178–TRACE–2023/11/12 01:28:13:5178| 0|  COM4| S | CommandID    216| FA52010405
2023-11-12 01:28:13.5327–TRACE–2023/11/12 01:28:13:5327| 0|  COM4| R | CommandID    216| FA0104310D0D0A
2023-11-12 01:28:13.7242–TRACE–2023/11/12 01:28:13:7242| 0|  COM4| S | CommandID    217| FA52020405
2023-11-12 01:28:13.7554–TRACE–2023/11/12 01:28:13:7553| 0|  COM4| R | CommandID    217| FA0204324E0D0A
2023-11-12 01:28:13.9301–TRACE–2023/11/12 01:28:13:9301| 0|  COM4| S | CommandID    218| FA52030405
2023-11-12 01:28:13.9615–TRACE–2023/11/12 01:28:13:9615| 0|  COM4| R | CommandID    218| FA03042A210D0A
2023-11-12 01:28:14.1413–TRACE–2023/11/12 01:28:14:1413| 0|  COM4| S | CommandID    219| FA52010101
2023-11-12 01:28:14.1578–TRACE–2023/11/12 01:28:14:1578| 0|  COM4| R | CommandID    219| FA0103640D0A
2023-11-12 01:28:14.3449–TRACE–2023/11/12 01:28:14:3448| 0|  COM4| S | CommandID    220| FA52020101
2023-11-12 01:28:14.3613–TRACE–2023/11/12 01:28:14:3613| 0|  COM4| R | CommandID    220| FA0203640D0A
2023-11-12 01:28:14.5512–TRACE–2023/11/12 01:28:14:5512| 0|  COM4| S | CommandID    221| FA52030101
2023-11-12 01:28:14.5818–TRACE–2023/11/12 01:28:14:5818| 0|  COM4| R | CommandID    221| FA0303640D0A
2023-11-12 01:28:14.7516–TRACE–2023/11/12 01:28:14:7516| 0|  COM4| S | CommandID    222| FA52010501
2023-11-12 01:28:14.7678–TRACE–2023/11/12 01:28:14:7678| 0|  COM4| R | CommandID    222| FA010401380D0A
2023-11-12 01:28:14.9562–TRACE–2023/11/12 01:28:14:9562| 0|  COM4| S | CommandID    223| FA52020501
2023-11-12 01:28:14.9931–TRACE–2023/11/12 01:28:14:9930| 0|  COM4| R | CommandID    223| FA020401340D0A
2023-11-12 01:28:15.1595–TRACE–2023/11/12 01:28:15:1595| 0|  COM4| S | CommandID    224| FA52030501
2023-11-12 01:28:15.1748–TRACE–2023/11/12 01:28:15:1748| 0|  COM4| R | CommandID    224| FA030401100D0A
2023-11-12 01:28:15.3717–TRACE–2023/11/12 01:28:15:3716| 0|  COM4| S | CommandID    225| FA57000201
2023-11-12 01:28:15.3979–TRACE–2023/11/12 01:28:15:3979| 0|  COM4| R | CommandID    225| C30D0A
2023-11-12 01:28:16.5806–TRACE–2023/11/12 01:28:16:5806| 0|  COM4| S | CommandID    226| FA52010501
2023-11-12 01:28:16.5967–TRACE–2023/11/12 01:28:16:5967| 0|  COM4| R | CommandID    226| FA010401200D0A
2023-11-12 01:28:16.7821–TRACE–2023/11/12 01:28:16:7821| 0|  COM4| S | CommandID    227| FA52020501
2023-11-12 01:28:16.8008–TRACE–2023/11/12 01:28:16:8008| 0|  COM4| R | CommandID    227| FA020401580D0A
2023-11-12 01:28:16.9876–TRACE–2023/11/12 01:28:16:9876| 0|  COM4| S | CommandID    228| FA52030501
2023-11-12 01:28:17.0022–TRACE–2023/11/12 01:28:17:0022| 0|  COM4| R | CommandID    228| FA030401580D0A
2023-11-12 01:28:17.1884–TRACE–2023/11/12 01:28:17:1883| 0|  COM4| S | CommandID    229| FA52010401
2023-11-12 01:28:17.2066–TRACE–2023/11/12 01:28:17:2066| 0|  COM4| R | CommandID    229| FA010A0101020304050607080D0A
2023-11-12 01:28:17.3975–TRACE–2023/11/12 01:28:17:3974| 0|  COM4| S | CommandID    230| FA52020401
2023-11-12 01:28:17.4257–TRACE–2023/11/12 01:28:17:4257| 0|  COM4| R | CommandID    230| FA020A0101020304050607080D0A
2023-11-12 01:28:17.6044–TRACE–2023/11/12 01:28:17:6043| 0|  COM4| S | CommandID    231| FA52030401
2023-11-12 01:28:17.6287–TRACE–2023/11/12 01:28:17:6287| 0|  COM4| R | CommandID    231| FA030A0101020304050607080D0A
2023-11-12 01:28:17.8170–TRACE–2023/11/12 01:28:17:8170| 0|  COM4| S | CommandID    232| FA52010402
2023-11-12 01:28:17.8475–TRACE–2023/11/12 01:28:17:8474| 0|  COM4| R | CommandID    232| FA010400850D0A
2023-11-12 01:28:18.0243–TRACE–2023/11/12 01:28:18:0243| 0|  COM4| S | CommandID    233| FA52020402
2023-11-12 01:28:18.0541–TRACE–2023/11/12 01:28:18:0540| 0|  COM4| R | CommandID    233| FA020400870D0A
2023-11-12 01:28:18.2241–TRACE–2023/11/12 01:28:18:2241| 0|  COM4| S | CommandID    234| FA52030402
2023-11-12 01:28:18.2517–TRACE–2023/11/12 01:28:18:2517| 0|  COM4| R | CommandID    234| FA030400850D0A
2023-11-12 01:28:18.4247–TRACE–2023/11/12 01:28:18:4247| 0|  COM4| S | CommandID    235| FA52010403
2023-11-12 01:28:18.4401–TRACE–2023/11/12 01:28:18:4401| 0|  COM4| R | CommandID    235| FA01054155550D0A
2023-11-12 01:28:18.6322–TRACE–2023/11/12 01:28:18:6322| 0|  COM4| S | CommandID    236| FA52020403
2023-11-12 01:28:18.6592–TRACE–2023/11/12 01:28:18:6592| 0|  COM4| R | CommandID    236| FA02054359550D0A
2023-11-12 01:28:18.8405–TRACE–2023/11/12 01:28:18:8405| 0|  COM4| S | CommandID    237| FA52030403
2023-11-12 01:28:18.8705–TRACE–2023/11/12 01:28:18:8704| 0|  COM4| R | CommandID    237| FA03054157550D0A
2023-11-12 01:28:19.0527–TRACE–2023/11/12 01:28:19:0526| 0|  COM4| S | CommandID    238| FA52010404
2023-11-12 01:28:19.0818–TRACE–2023/11/12 01:28:19:0818| 0|  COM4| R | CommandID    238| FA01034B0D0A
2023-11-12 01:28:19.2591–TRACE–2023/11/12 01:28:19:2591| 0|  COM4| S | CommandID    239| FA52020404
2023-11-12 01:28:19.2879–TRACE–2023/11/12 01:28:19:2878| 0|  COM4| R | CommandID    239| FA02034B0D0A
2023-11-12 01:28:19.4598–TRACE–2023/11/12 01:28:19:4598| 0|  COM4| S | CommandID    240| FA52030404
2023-11-12 01:28:19.4879–TRACE–2023/11/12 01:28:19:4879| 0|  COM4| R | CommandID    240| FA03034B0D0A
2023-11-12 01:28:19.6612–TRACE–2023/11/12 01:28:19:6612| 0|  COM4| S | CommandID    241| FA52010405
2023-11-12 01:28:19.6890–TRACE–2023/11/12 01:28:19:6890| 0|  COM4| R | CommandID    241| FA010425470D0A
2023-11-12 01:28:19.8619–TRACE–2023/11/12 01:28:19:8619| 0|  COM4| S | CommandID    242| FA52020405
2023-11-12 01:28:19.8760–TRACE–2023/11/12 01:28:19:8760| 0|  COM4| R | CommandID    242| FA0204371B0D0A
2023-11-12 01:28:20.0702–TRACE–2023/11/12 01:28:20:0702| 0|  COM4| S | CommandID    243| FA52030405
2023-11-12 01:28:20.0952–TRACE–2023/11/12 01:28:20:0952| 0|  COM4| R | CommandID    243| FA03041F100D0A
2023-11-12 01:28:20.2834–TRACE–2023/11/12 01:28:20:2834| 0|  COM4| S | CommandID    244| FA52010101
2023-11-12 01:28:20.2986–TRACE–2023/11/12 01:28:20:2986| 0|  COM4| R | CommandID    244| FA0103640D0A
2023-11-12 01:28:20.4946–TRACE–2023/11/12 01:28:20:4946| 0|  COM4| S | CommandID    245| FA52020101
2023-11-12 01:28:20.5188–TRACE–2023/11/12 01:28:20:5187| 0|  COM4| R | CommandID    245| FA0203640D0A
2023-11-12 01:28:20.7035–TRACE–2023/11/12 01:28:20:7035| 0|  COM4| S | CommandID    246| FA52030101
2023-11-12 01:28:20.7231–TRACE–2023/11/12 01:28:20:7231| 0|  COM4| R | CommandID    246| FA0303640D0A
2023-11-12 01:28:20.9123–TRACE–2023/11/12 01:28:20:9123| 0|  COM4| S | CommandID    247| FA52010501
2023-11-12 01:28:20.9462–TRACE–2023/11/12 01:28:20:9462| 0|  COM4| R | CommandID    247| FA0104012C0D0A
2023-11-12 01:28:21.1156–TRACE–2023/11/12 01:28:21:1155| 0|  COM4| S | CommandID    248| FA52020501
2023-11-12 01:28:21.1457–TRACE–2023/11/12 01:28:21:1457| 0|  COM4| R | CommandID    248| FA0204014C0D0A
2023-11-12 01:28:21.3163–TRACE–2023/11/12 01:28:21:3163| 0|  COM4| S | CommandID    249| FA52030501
2023-11-12 01:28:21.3328–TRACE–2023/11/12 01:28:21:3328| 0|  COM4| R | CommandID    249| FA030401000D0A
2023-11-12 01:28:21.5196–TRACE–2023/11/12 01:28:21:5196| 0|  COM4| S | CommandID    250| FA57000201
2023-11-12 01:28:21.5346–TRACE–2023/11/12 01:28:21:5346| 0|  COM4| R | CommandID    250| C30D0A
