2023-12-23 19:05:17.4876–TRACE–2023/12/23 19:05:17:4797| 0|  COM5| S |11
2023-12-23 19:05:17.7280–TRACE–2023/12/23 19:05:17:7267| 0|  COM5| S |11
2023-12-23 19:05:17.9113–TRACE–2023/12/23 19:05:17:9102| 0|  COM5| S |11
2023-12-23 19:15:28.4060–TRACE–2023/12/23 19:15:28:3984| 0| COM10| S |1233
2023-12-23 19:15:28.4060–TRACE–2023/12/23 19:15:28:4104| 0| COM10| Rs |1233
2023-12-23 19:15:29.1844–TRACE–2023/12/23 19:15:29:1831| 0| COM10| S |1233
2023-12-23 19:15:29.1844–TRACE–2023/12/23 19:15:29:1855| 0| COM10| Rs |1233
2023-12-23 19:15:34.3619–TRACE–2023/12/23 19:15:34:3607|0|COM10| S |1233
2023-12-23 19:15:34.3619–TRACE–2023/12/23 19:15:34:3663| 0| COM10| Rs |31323333
2023-12-23 19:15:35.2315–TRACE–2023/12/23 19:15:35:2304|0|COM10| S |1233
2023-12-23 19:15:35.2315–TRACE–2023/12/23 19:15:35:2327| 0| COM10| Rs |31323333
2023-12-23 19:15:35.7178–TRACE–2023/12/23 19:15:35:7166|0|COM10| S |1233
2023-12-23 19:15:35.7178–TRACE–2023/12/23 19:15:35:7190| 0| COM10| Rs |31323333
2023-12-23 19:15:35.8962–TRACE–2023/12/23 19:15:35:8949|0|COM10| S |1233
2023-12-23 19:15:35.8962–TRACE–2023/12/23 19:15:35:8973| 0| COM10| Rs |31323333
2023-12-23 19:15:36.0679–TRACE–2023/12/23 19:15:36:0666|0|COM10| S |1233
2023-12-23 19:15:36.0679–TRACE–2023/12/23 19:15:36:0690| 0| COM10| Rs |31323333
2023-12-23 19:15:36.2256–TRACE–2023/12/23 19:15:36:2244|0|COM10| S |1233
2023-12-23 19:15:36.2256–TRACE–2023/12/23 19:15:36:2268| 0| COM10| Rs |31323333
2023-12-23 19:15:36.3824–TRACE–2023/12/23 19:15:36:3812|0|COM10| S |1233
2023-12-23 19:15:36.3824–TRACE–2023/12/23 19:15:36:3834| 0| COM10| Rs |31323333
2023-12-23 19:15:37.4820–TRACE–2023/12/23 19:15:37:4807| 0| COM10| S |1233
2023-12-23 19:15:37.4820–TRACE–2023/12/23 19:15:37:4829| 0| COM10| Rs |1233
2023-12-23 19:15:37.6637–TRACE–2023/12/23 19:15:37:6625| 0| COM10| S |1233
2023-12-23 19:15:37.6646–TRACE–2023/12/23 19:15:37:6646| 0| COM10| Rs |1233
2023-12-23 19:15:37.8442–TRACE–2023/12/23 19:15:37:8430| 0| COM10| S |1233
2023-12-23 19:15:37.8442–TRACE–2023/12/23 19:15:37:8453| 0| COM10| Rs |1233
2023-12-23 19:15:38.0423–TRACE–2023/12/23 19:15:38:0409| 0| COM10| S |1233
2023-12-23 19:15:38.0423–TRACE–2023/12/23 19:15:38:0433| 0| COM10| Rs |1233
2023-12-23 19:15:38.2043–TRACE–2023/12/23 19:15:38:2030| 0| COM10| S |1233
2023-12-23 19:15:38.2043–TRACE–2023/12/23 19:15:38:2053| 0| COM10| Rs |1233
2023-12-23 19:15:38.3644–TRACE–2023/12/23 19:15:38:3630| 0| COM10| S |1233
2023-12-23 19:15:38.3644–TRACE–2023/12/23 19:15:38:3653| 0| COM10| Rs |1233
2023-12-23 19:15:38.5581–TRACE–2023/12/23 19:15:38:5567| 0| COM10| S |1233
2023-12-23 19:15:38.5581–TRACE–2023/12/23 19:15:38:5590| 0| COM10| Rs |1233
2023-12-23 19:15:48.3431–TRACE–2023/12/23 19:15:48:3418| 0| COM10| S |1233
2023-12-23 19:15:48.3431–TRACE–2023/12/23 19:15:48:3441| 0| COM10| Rs |1233
2023-12-23 19:15:48.5294–TRACE–2023/12/23 19:15:48:5281| 0| COM10| S |1233
2023-12-23 19:15:48.5294–TRACE–2023/12/23 19:15:48:5304| 0| COM10| Rs |1233
2023-12-23 19:15:48.7064–TRACE–2023/12/23 19:15:48:7051| 0| COM10| S |1233
2023-12-23 19:15:48.7064–TRACE–2023/12/23 19:15:48:7073| 0| COM10| Rs |1233
2023-12-23 19:15:48.8880–TRACE–2023/12/23 19:15:48:8865| 0| COM10| S |1233
2023-12-23 19:15:48.8880–TRACE–2023/12/23 19:15:48:8888| 0| COM10| Rs |1233
2023-12-23 19:15:49.0680–TRACE–2023/12/23 19:15:49:0667| 0| COM10| S |1233
2023-12-23 19:15:49.0680–TRACE–2023/12/23 19:15:49:0690| 0| COM10| Rs |1233
2023-12-23 19:15:49.2201–TRACE–2023/12/23 19:15:49:2188| 0| COM10| S |1233
2023-12-23 19:15:49.2201–TRACE–2023/12/23 19:15:49:2211| 0| COM10| Rs |1233
2023-12-23 19:15:53.7378–TRACE–2023/12/23 19:15:53:7364| 0| COM10| S |123
2023-12-23 19:15:53.7378–TRACE–2023/12/23 19:15:53:7387| 0| COM10| Rs |12
2023-12-23 19:15:53.9246–TRACE–2023/12/23 19:15:53:9232| 0| COM10| S |123
2023-12-23 19:15:53.9246–TRACE–2023/12/23 19:15:53:9254| 0| COM10| Rs |12
2023-12-23 19:15:54.1181–TRACE–2023/12/23 19:15:54:1166| 0| COM10| S |123
2023-12-23 19:15:54.1181–TRACE–2023/12/23 19:15:54:1189| 0| COM10| Rs |12
2023-12-23 19:15:54.3000–TRACE–2023/12/23 19:15:54:2982| 0| COM10| S |123
2023-12-23 19:15:54.3000–TRACE–2023/12/23 19:15:54:3008| 0| COM10| Rs |12
2023-12-23 19:15:54.5095–TRACE–2023/12/23 19:15:54:5075| 0| COM10| S |123
2023-12-23 19:15:54.5095–TRACE–2023/12/23 19:15:54:5100| 0| COM10| Rs |12
2023-12-23 19:15:54.7182–TRACE–2023/12/23 19:15:54:7158| 0| COM10| S |123
2023-12-23 19:15:54.7182–TRACE–2023/12/23 19:15:54:7190| 0| COM10| Rs |12
2023-12-23 19:15:55.3447–TRACE–2023/12/23 19:15:55:3432| 0| COM10| S |123
2023-12-23 19:15:55.3447–TRACE–2023/12/23 19:15:55:3455| 0| COM10| Rs |12
2023-12-23 19:15:55.5364–TRACE–2023/12/23 19:15:55:5348| 0| COM10| S |123
2023-12-23 19:15:55.5364–TRACE–2023/12/23 19:15:55:5372| 0| COM10| Rs |12
2023-12-23 19:15:55.7325–TRACE–2023/12/23 19:15:55:7309| 0| COM10| S |123
2023-12-23 19:15:55.7325–TRACE–2023/12/23 19:15:55:7333| 0| COM10| Rs |12
2023-12-23 19:15:55.9141–TRACE–2023/12/23 19:15:55:9126| 0| COM10| S |123
2023-12-23 19:15:55.9150–TRACE–2023/12/23 19:15:55:9150| 0| COM10| Rs |12
2023-12-23 19:15:56.1103–TRACE–2023/12/23 19:15:56:1088| 0| COM10| S |123
2023-12-23 19:15:56.1103–TRACE–2023/12/23 19:15:56:1112| 0| COM10| Rs |12
2023-12-23 19:15:56.2878–TRACE–2023/12/23 19:15:56:2859| 0| COM10| S |123
2023-12-23 19:15:56.2878–TRACE–2023/12/23 19:15:56:2887| 0| COM10| Rs |12
2023-12-23 19:15:56.4790–TRACE–2023/12/23 19:15:56:4773| 0| COM10| S |123
2023-12-23 19:15:56.4790–TRACE–2023/12/23 19:15:56:4798| 0| COM10| Rs |12
2023-12-23 19:15:56.6644–TRACE–2023/12/23 19:15:56:6628| 0| COM10| S |123
2023-12-23 19:15:56.6652–TRACE–2023/12/23 19:15:56:6652| 0| COM10| Rs |12
2023-12-23 19:15:56.8352–TRACE–2023/12/23 19:15:56:8334| 0| COM10| S |123
2023-12-23 19:15:56.8352–TRACE–2023/12/23 19:15:56:8360| 0| COM10| Rs |12
2023-12-23 19:15:57.0145–TRACE–2023/12/23 19:15:57:0129| 0| COM10| S |123
2023-12-23 19:15:57.0145–TRACE–2023/12/23 19:15:57:0154| 0| COM10| Rs |12
2023-12-23 19:15:57.1746–TRACE–2023/12/23 19:15:57:1730| 0| COM10| S |123
2023-12-23 19:15:57.1746–TRACE–2023/12/23 19:15:57:1754| 0| COM10| Rs |12
2023-12-23 19:15:57.3722–TRACE–2023/12/23 19:15:57:3706| 0| COM10| S |123
2023-12-23 19:15:57.3722–TRACE–2023/12/23 19:15:57:3729| 0| COM10| Rs |12
2023-12-23 19:15:57.5645–TRACE–2023/12/23 19:15:57:5628| 0| COM10| S |123
2023-12-23 19:15:57.5645–TRACE–2023/12/23 19:15:57:5654| 0| COM10| Rs |12
2023-12-23 19:15:57.7322–TRACE–2023/12/23 19:15:57:7305| 0| COM10| S |123
2023-12-23 19:15:57.7322–TRACE–2023/12/23 19:15:57:7330| 0| COM10| Rs |12
2023-12-23 19:15:57.9065–TRACE–2023/12/23 19:15:57:9048| 0| COM10| S |123
2023-12-23 19:15:57.9065–TRACE–2023/12/23 19:15:57:9074| 0| COM10| Rs |12
2023-12-23 19:15:58.0881–TRACE–2023/12/23 19:15:58:0860| 0| COM10| S |123
2023-12-23 19:15:58.0881–TRACE–2023/12/23 19:15:58:0889| 0| COM10| Rs |12
2023-12-23 19:15:58.2549–TRACE–2023/12/23 19:15:58:2532| 0| COM10| S |123
2023-12-23 19:15:58.2549–TRACE–2023/12/23 19:15:58:2556| 0| COM10| Rs |12
2023-12-23 19:16:01.4595–TRACE–2023/12/23 19:16:01:4573| 0| COM10| S |123
2023-12-23 19:16:01.4595–TRACE–2023/12/23 19:16:01:4602| 0| COM10| Rs |12
2023-12-23 19:16:01.6411–TRACE–2023/12/23 19:16:01:6394| 0| COM10| S |123
2023-12-23 19:16:01.6411–TRACE–2023/12/23 19:16:01:6419| 0| COM10| Rs |12
2023-12-23 19:16:01.8107–TRACE–2023/12/23 19:16:01:8089| 0| COM10| S |123
2023-12-23 19:16:01.8107–TRACE–2023/12/23 19:16:01:8115| 0| COM10| Rs |12
2023-12-23 19:16:01.9831–TRACE–2023/12/23 19:16:01:9814| 0| COM10| S |123
2023-12-23 19:16:01.9831–TRACE–2023/12/23 19:16:01:9839| 0| COM10| Rs |12
2023-12-23 19:16:02.1562–TRACE–2023/12/23 19:16:02:1545| 0| COM10| S |123
2023-12-23 19:16:02.1562–TRACE–2023/12/23 19:16:02:1570| 0| COM10| Rs |12
2023-12-23 19:16:02.3180–TRACE–2023/12/23 19:16:02:3163| 0| COM10| S |123
2023-12-23 19:16:02.3180–TRACE–2023/12/23 19:16:02:3188| 0| COM10| Rs |12
2023-12-23 19:16:02.4953–TRACE–2023/12/23 19:16:02:4935| 0| COM10| S |123
2023-12-23 19:16:02.4953–TRACE–2023/12/23 19:16:02:4961| 0| COM10| Rs |12
2023-12-23 19:16:02.6646–TRACE–2023/12/23 19:16:02:6628| 0| COM10| S |123
2023-12-23 19:16:02.6646–TRACE–2023/12/23 19:16:02:6654| 0| COM10| Rs |12
2023-12-23 19:16:02.8471–TRACE–2023/12/23 19:16:02:8454| 0| COM10| S |123
2023-12-23 19:16:02.8471–TRACE–2023/12/23 19:16:02:8479| 0| COM10| Rs |12
2023-12-23 19:16:03.0256–TRACE–2023/12/23 19:16:03:0238| 0| COM10| S |123
2023-12-23 19:16:03.0256–TRACE–2023/12/23 19:16:03:0264| 0| COM10| Rs |12
2023-12-23 19:16:03.3839–TRACE–2023/12/23 19:16:03:3821| 0| COM10| S |123
2023-12-23 19:16:03.3839–TRACE–2023/12/23 19:16:03:3847| 0| COM10| Rs |12
2023-12-23 19:16:03.5503–TRACE–2023/12/23 19:16:03:5485| 0| COM10| S |123
2023-12-23 19:16:03.5503–TRACE–2023/12/23 19:16:03:5511| 0| COM10| Rs |12
2023-12-23 19:16:23.7313–TRACE–2023/12/23 19:16:23:7294| 0| COM10| S |123
2023-12-23 19:16:23.7313–TRACE–2023/12/23 19:16:23:7339| 0| COM10| Rs |12
2023-12-23 19:16:23.9333–TRACE–2023/12/23 19:16:23:9314| 0| COM10| S |123
2023-12-23 19:16:23.9333–TRACE–2023/12/23 19:16:23:9340| 0| COM10| Rs |12
2023-12-23 19:16:24.1260–TRACE–2023/12/23 19:16:24:1241| 0| COM10| S |123
2023-12-23 19:16:24.1260–TRACE–2023/12/23 19:16:24:1269| 0| COM10| Rs |12
2023-12-23 19:16:24.3034–TRACE–2023/12/23 19:16:24:3015| 0| COM10| S |123
2023-12-23 19:16:24.3034–TRACE–2023/12/23 19:16:24:3043| 0| COM10| Rs |12
2023-12-23 19:16:24.4719–TRACE–2023/12/23 19:16:24:4700| 0| COM10| S |123
2023-12-23 19:16:24.4719–TRACE–2023/12/23 19:16:24:4727| 0| COM10| Rs |12
2023-12-23 19:16:24.7796–TRACE–2023/12/23 19:16:24:7776| 0| COM10| S |123
2023-12-23 19:16:24.7796–TRACE–2023/12/23 19:16:24:7804| 0| COM10| Rs |12
2023-12-23 19:16:24.9616–TRACE–2023/12/23 19:16:24:9596| 0| COM10| S |123
2023-12-23 19:16:24.9626–TRACE–2023/12/23 19:16:24:9626| 0| COM10| Rs |12
2023-12-23 19:16:25.1089–TRACE–2023/12/23 19:16:25:1070| 0| COM10| S |123
2023-12-23 19:16:25.1089–TRACE–2023/12/23 19:16:25:1099| 0| COM10| Rs |12
2023-12-23 19:16:53.1544–TRACE–2023/12/23 19:16:53:1523| 0| COM10| S |123
2023-12-23 19:16:53.1544–TRACE–2023/12/23 19:16:53:1558| 0| COM10| Rs |12
2023-12-23 19:16:53.3517–TRACE–2023/12/23 19:16:53:3498| 0| COM10| S |123
2023-12-23 19:16:53.3526–TRACE–2023/12/23 19:16:53:3526| 0| COM10| Rs |12
2023-12-23 19:16:53.5189–TRACE–2023/12/23 19:16:53:5170| 0| COM10| S |123
2023-12-23 19:16:53.5189–TRACE–2023/12/23 19:16:53:5198| 0| COM10| Rs |12
2023-12-23 19:16:53.6948–TRACE–2023/12/23 19:16:53:6929| 0| COM10| S |123
2023-12-23 19:16:53.6959–TRACE–2023/12/23 19:16:53:6958| 0| COM10| Rs |12
2023-12-23 19:24:18.5611–TRACE–2023/12/23 19:24:18:5535| 0| COM10| S |FA57000200
2023-12-23 19:24:18.5611–TRACE–2023/12/23 19:24:18:5658| 0| COM10| Rs |FA57000200
2023-12-23 19:24:20.4727–TRACE–2023/12/23 19:24:20:4704| 0| COM10| S |FA57000200
2023-12-23 19:24:20.4780–TRACE–2023/12/23 19:24:20:4780| 0| COM10| Rs |FA57000200
2023-12-23 19:29:39.0029–TRACE–2023/12/23 19:29:38:9936| 0| COM10| S |FA57000201
2023-12-23 19:29:39.0029–TRACE–2023/12/23 19:29:39:0079| 0| COM10| Rs |FA57000201
2023-12-23 19:29:40.4249–TRACE–2023/12/23 19:29:40:4240| 0| COM10| S |FA57000201
2023-12-23 19:29:40.4249–TRACE–2023/12/23 19:29:40:4260| 0| COM10| Rs |FA57000201
2023-12-23 19:29:51.9023–TRACE–2023/12/23 19:29:51:8953| 0| COM10| S |FA57000201
2023-12-23 19:29:51.9023–TRACE–2023/12/23 19:29:51:9055| 0| COM10| Rs |FA57000201
2023-12-23 19:30:01.8183–TRACE–2023/12/23 19:30:01:8183| 0| COM10| Rs |FA57000201
2023-12-23 19:30:01.8183–TRACE–2023/12/23 19:30:01:8146| 0| COM10| S |FA57000201
2023-12-23 19:30:06.0708–TRACE–2023/12/23 19:30:06:0708| 0| COM10| Rs |FA57000201
2023-12-23 19:30:06.0736–TRACE–2023/12/23 19:30:06:0683| 0| COM10| S |FA57000201
2023-12-23 19:30:06.0736–TRACE–2023/12/23 19:30:06:0736| 1|  COM5| S |FA57000201
2023-12-23 19:30:06.0736–TRACE–2023/12/23 19:30:06:0759| 1|  COM5| Rs |FA57000201
2023-12-23 19:30:21.4039–TRACE–2023/12/23 19:30:21:4024| 0| COM10| S |FA57000201
2023-12-23 19:30:21.4209–TRACE–2023/12/23 19:30:21:4209| 0| COM10| Rs |FA57000201
2023-12-23 19:30:21.4209–TRACE–2023/12/23 19:30:21:4040| 1|  COM5| S |FA57000201
2023-12-23 19:30:21.4209–TRACE–2023/12/23 19:30:21:4253| 1|  COM5| Rs |FA57000201
2023-12-23 19:30:29.4436–TRACE–2023/12/23 19:30:29:4422| 0| COM10| S |FA57000201
2023-12-23 19:30:29.4436–TRACE–2023/12/23 19:30:29:4436| 1|  COM5| S |FA57000201
2023-12-23 19:30:29.4436–TRACE–2023/12/23 19:30:29:4448| 0| COM10| Rs |FA57000201
2023-12-23 19:30:29.4461–TRACE–2023/12/23 19:30:29:4461| 1|  COM5| Rs |FA57000201
2023-12-23 19:30:30.1018–TRACE–2023/12/23 19:30:30:1004| 0| COM10| S |FA57000201
2023-12-23 19:30:30.1030–TRACE–2023/12/23 19:30:30:1018| 1|  COM5| S |FA57000201
2023-12-23 19:30:30.1030–TRACE–2023/12/23 19:30:30:1031| 0| COM10| Rs |FA57000201
2023-12-23 19:30:30.1030–TRACE–2023/12/23 19:30:30:1046| 1|  COM5| Rs |FA57000201
2023-12-23 19:30:37.6123–TRACE–2023/12/23 19:30:37:6109| 0| COM10| S |FA57000201
2023-12-23 19:30:37.6123–TRACE–2023/12/23 19:30:37:6123| 1|  COM5| S |FA57000201
2023-12-23 19:30:37.6123–TRACE–2023/12/23 19:30:37:6136| 0| COM10| Rs |FA57000201
2023-12-23 19:30:37.6123–TRACE–2023/12/23 19:30:37:6151| 1|  COM5| Rs |FA57000201
2023-12-23 19:30:59.1736–TRACE–2023/12/23 19:30:59:1722| 0| COM10| S |FA57000201
2023-12-23 19:30:59.1736–TRACE–2023/12/23 19:30:59:1781| 1|  COM5| Rs |FA57000201
2023-12-23 19:30:59.1821–TRACE–2023/12/23 19:30:59:1736| 1|  COM5| S |FA57000201
2023-12-23 19:30:59.1821–TRACE–2023/12/23 19:30:59:1821| 0| COM10| Rs |FA57000201
2023-12-23 19:31:00.4938–TRACE–2023/12/23 19:31:00:4923| 0| COM10| S |FA57000201
2023-12-23 19:31:00.4938–TRACE–2023/12/23 19:31:00:4938| 1|  COM5| S |FA57000201
2023-12-23 19:31:00.4938–TRACE–2023/12/23 19:31:00:4950| 0| COM10| Rs |FA57000201
2023-12-23 19:31:00.4938–TRACE–2023/12/23 19:31:00:4966| 1|  COM5| Rs |FA57000201
2023-12-23 19:31:10.7350–TRACE–2023/12/23 19:31:10:7336| 0| COM10| S |FA57000201
2023-12-23 19:31:10.7350–TRACE–2023/12/23 19:31:10:7350| 1|  COM5| S |FA57000201
2023-12-23 19:31:10.7350–TRACE–2023/12/23 19:31:10:7363| 0| COM10| Rs |FA57000201
2023-12-23 19:31:10.7350–TRACE–2023/12/23 19:31:10:7377| 1|  COM5| Rs |FA57000201
2023-12-23 19:33:45.6400–TRACE–2023/12/23 19:33:45:6241| 0| COM10| S |FA57000201
2023-12-23 19:33:45.6400–TRACE–2023/12/23 19:33:45:6431| 0| COM10| Rs |FA57000201
2023-12-23 19:33:48.8474–TRACE–2023/12/23 19:33:48:8462| 0| COM10| S |FA57000201
2023-12-23 19:33:48.8474–TRACE–2023/12/23 19:33:48:8487| 0| COM10| Rs |FA57000201
2023-12-23 19:34:57.3542–TRACE–2023/12/23 19:34:57:3442| 0| COM10| S |FA57000201
2023-12-23 19:34:57.3542–TRACE–2023/12/23 19:34:57:3586| 0| COM10| Rs |FA57000201
2023-12-23 19:34:57.5561–TRACE–2023/12/23 19:34:57:5556| 1|  COM5| S |FA57000201
2023-12-23 19:34:57.5561–TRACE–2023/12/23 19:34:57:5579| 1|  COM5| Rs |FA57000201
2023-12-23 19:34:57.8340–TRACE–2023/12/23 19:34:57:8329| 0| COM10| S |FA57000201
2023-12-23 19:34:57.8384–TRACE–2023/12/23 19:34:57:8384| 0| COM10| Rs |FA57000201
2023-12-23 19:34:58.0479–TRACE–2023/12/23 19:34:58:0436| 1|  COM5| S |FA57000201
2023-12-23 19:34:58.0479–TRACE–2023/12/23 19:34:58:0480| 1|  COM5| Rs |FA57000201
2023-12-23 19:34:58.2677–TRACE–2023/12/23 19:34:58:2675| 0| COM10| S |FA57000201
2023-12-23 19:34:58.2677–TRACE–2023/12/23 19:34:58:2689| 0| COM10| Rs |FA57000201
2023-12-23 19:34:58.4806–TRACE–2023/12/23 19:34:58:4803| 1|  COM5| S |FA57000201
2023-12-23 19:34:58.4806–TRACE–2023/12/23 19:34:58:4825| 1|  COM5| Rs |FA57000201
2023-12-23 19:34:58.7020–TRACE–2023/12/23 19:34:58:7018| 0| COM10| S |FA57000201
2023-12-23 19:34:58.7020–TRACE–2023/12/23 19:34:58:7032| 0| COM10| Rs |FA57000201
2023-12-23 19:34:58.9034–TRACE–2023/12/23 19:34:58:9032| 1|  COM5| S |FA57000201
2023-12-23 19:34:58.9034–TRACE–2023/12/23 19:34:58:9054| 1|  COM5| Rs |FA57000201
2023-12-23 19:35:03.7447–TRACE–2023/12/23 19:35:03:7430| 0| COM10| S |FA57000201
2023-12-23 19:35:03.7447–TRACE–2023/12/23 19:35:03:7488| 0| COM10| Rs |FA57000201
2023-12-23 19:35:03.9585–TRACE–2023/12/23 19:35:03:9581| 1|  COM5| S |FA57000201
2023-12-23 19:35:03.9585–TRACE–2023/12/23 19:35:03:9602| 1|  COM5| Rs |FA57000201
2023-12-23 19:35:16.6477–TRACE–2023/12/23 19:35:16:6464| 0| COM10| S |FA57000201
2023-12-23 19:35:16.6490–TRACE–2023/12/23 19:35:16:6490| 0| COM10| Rs |FA57000201
2023-12-23 19:35:16.8597–TRACE–2023/12/23 19:35:16:8593| 1|  COM5| S |FA57000201
2023-12-23 19:35:16.8597–TRACE–2023/12/23 19:35:16:8615| 1|  COM5| Rs |FA57000201
2023-12-23 19:36:08.1010–TRACE–2023/12/23 19:36:08:1010| 0| COM10| Rs |FA57000201
2023-12-23 19:36:08.2916–TRACE–2023/12/23 19:36:08:0807| 0| COM10| S |FA57000201
2023-12-23 19:36:12.1457–TRACE–2023/12/23 19:36:12:1457| 0| COM10| Rs |FA57000201
2023-12-23 19:36:12.3474–TRACE–2023/12/23 19:36:12:1430| 0| COM10| S |FA57000201
2023-12-23 19:36:19.1490–TRACE–2023/12/23 19:36:19:1490| 0| COM10| Rs |FA57000201
2023-12-23 19:36:19.1490–TRACE–2023/12/23 19:36:19:1505| 1|  COM5| Rs |FA57000201
2023-12-23 19:36:19.3522–TRACE–2023/12/23 19:36:19:1478| 1|  COM5| S |FA57000201
2023-12-23 19:36:19.3522–TRACE–2023/12/23 19:36:19:1478| 1|  COM5| S |FA57000201
2023-12-23 19:36:31.8164–TRACE–2023/12/23 19:36:31:8164| 0| COM10| Rs |FA57000201
2023-12-23 19:36:31.8164–TRACE–2023/12/23 19:36:31:8188| 1|  COM5| Rs |FA57000201
2023-12-23 19:36:32.0180–TRACE–2023/12/23 19:36:31:8124| 1|  COM5| S |FA57000201
2023-12-23 19:36:32.0249–TRACE–2023/12/23 19:36:31:8124| 1|  COM5| S |FA57000201
2023-12-23 19:36:38.5863–TRACE–2023/12/23 19:36:38:5863| 0| COM10| Rs |FA57000201
2023-12-23 19:36:38.5863–TRACE–2023/12/23 19:36:38:5895| 1|  COM5| Rs |FA57000201
2023-12-23 19:36:38.7860–TRACE–2023/12/23 19:36:38:5843| 1|  COM5| S |FA57000201
2023-12-23 19:36:38.7860–TRACE–2023/12/23 19:36:38:5843| 1|  COM5| S |FA57000201
2023-12-23 19:41:55.8699–TRACE–2023/12/23 19:41:55:8629| 0| COM10| S |FA57000201
2023-12-23 19:41:55.8699–TRACE–2023/12/23 19:41:55:8747| 0| COM10| Rs |FA57000201
2023-12-23 19:41:56.9522–TRACE–2023/12/23 19:41:56:9513| 0| COM10| S |FA57000201
2023-12-23 19:41:56.9522–TRACE–2023/12/23 19:41:56:9569| 0| COM10| Rs |FA57000201
2023-12-23 19:42:08.1919–TRACE–2023/12/23 19:42:08:1899| 0| COM10| S |FA57000201
2023-12-23 19:42:08.1919–TRACE–2023/12/23 19:42:08:1919| 1|  COM5| S |FA57000201
2023-12-23 19:42:08.1919–TRACE–2023/12/23 19:42:08:1932| 0| COM10| Rs |FA57000201
2023-12-23 19:42:08.1963–TRACE–2023/12/23 19:42:08:1962| 1|  COM5| Rs |FA57000201
2023-12-23 19:48:55.1838–TRACE–2023/12/23 19:48:55:1743| 0| COM10| S |FA57000201
2023-12-23 19:48:55.1838–TRACE–2023/12/23 19:48:55:1839| 1|  COM5| S |FA57000201
2023-12-23 19:48:55.1838–TRACE–2023/12/23 19:48:55:1942| 0| COM10| Rs |FA57000201
2023-12-23 19:48:55.1838–TRACE–2023/12/23 19:48:55:1942| 1|  COM5| Rs |FA57000201
2023-12-23 19:48:59.2485–TRACE–2023/12/23 19:48:59:2440| 0| COM10| S |FA57000201
2023-12-23 19:48:59.2610–TRACE–2023/12/23 19:48:59:2609| 0| COM10| Rs |FA57000201
2023-12-23 19:48:59.2754–TRACE–2023/12/23 19:48:59:2485| 1|  COM5| S |FA57000201
2023-12-23 19:48:59.2754–TRACE–2023/12/23 19:48:59:2770| 1|  COM5| Rs |FA57000201
2023-12-23 19:49:04.0870–TRACE–2023/12/23 19:49:04:0819| 0| COM10| S |FA57000201
2023-12-23 19:49:04.0870–TRACE–2023/12/23 19:49:04:0870| 0| COM10| Rs |FA57000201
2023-12-23 19:49:04.0870–TRACE–2023/12/23 19:49:04:0870| 1|  COM5| S |FA57000201
2023-12-23 19:49:04.0870–TRACE–2023/12/23 19:49:04:0899| 1|  COM5| Rs |FA57000201
2023-12-23 19:49:07.3021–TRACE–2023/12/23 19:49:07:3007| 0| COM10| S |FA57000201
2023-12-23 19:49:07.3021–TRACE–2023/12/23 19:49:07:3021| 1|  COM5| S |FA57000201
2023-12-23 19:49:07.3021–TRACE–2023/12/23 19:49:07:3032| 0| COM10| Rs |FA57000201
2023-12-23 19:49:07.3021–TRACE–2023/12/23 19:49:07:3048| 1|  COM5| Rs |FA57000201
2023-12-23 19:49:09.6094–TRACE–2023/12/23 19:49:09:6080| 0| COM10| S |FA57000201
2023-12-23 19:49:09.6094–TRACE–2023/12/23 19:49:09:6095| 1|  COM5| S |FA57000201
2023-12-23 19:49:09.6094–TRACE–2023/12/23 19:49:09:6106| 0| COM10| Rs |FA57000201
2023-12-23 19:49:09.6094–TRACE–2023/12/23 19:49:09:6122| 1|  COM5| Rs |FA57000201
2023-12-23 19:49:10.6132–TRACE–2023/12/23 19:49:10:6104| 0| COM10| S |FA57000201
2023-12-23 19:49:10.6132–TRACE–2023/12/23 19:49:10:6132| 1|  COM5| S |FA57000201
2023-12-23 19:49:10.6132–TRACE–2023/12/23 19:49:10:6144| 0| COM10| Rs |FA57000201
2023-12-23 19:49:10.6132–TRACE–2023/12/23 19:49:10:6161| 1|  COM5| Rs |FA57000201
2023-12-23 19:49:12.5564–TRACE–2023/12/23 19:49:12:5549| 0| COM10| S |FA57000201
2023-12-23 19:49:12.5564–TRACE–2023/12/23 19:49:12:5564| 1|  COM5| S |FA57000201
2023-12-23 19:49:12.5564–TRACE–2023/12/23 19:49:12:5576| 0| COM10| Rs |FA57000201
2023-12-23 19:49:12.5564–TRACE–2023/12/23 19:49:12:5592| 1|  COM5| Rs |FA57000201
2023-12-23 19:49:13.7010–TRACE–2023/12/23 19:49:13:6996| 0| COM10| S |FA57000201
2023-12-23 19:49:13.7010–TRACE–2023/12/23 19:49:13:7010| 1|  COM5| S |FA57000201
2023-12-23 19:49:13.7010–TRACE–2023/12/23 19:49:13:7022| 0| COM10| Rs |FA57000201
2023-12-23 19:49:13.7010–TRACE–2023/12/23 19:49:13:7038| 1|  COM5| Rs |FA57000201
2023-12-23 19:49:14.8293–TRACE–2023/12/23 19:49:14:8278| 0| COM10| S |FA57000201
2023-12-23 19:49:14.8293–TRACE–2023/12/23 19:49:14:8306| 0| COM10| Rs |FA57000201
2023-12-23 19:49:14.8293–TRACE–2023/12/23 19:49:14:8293| 1|  COM5| S |FA57000201
2023-12-23 19:49:14.8293–TRACE–2023/12/23 19:49:14:8323| 1|  COM5| Rs |FA57000201
2023-12-23 19:49:15.4036–TRACE–2023/12/23 19:49:15:4021| 0| COM10| S |FA57000201
2023-12-23 19:49:15.4036–TRACE–2023/12/23 19:49:15:4067| 0| COM10| Rs |FA57000201
2023-12-23 19:49:15.4036–TRACE–2023/12/23 19:49:15:4036| 1|  COM5| S |FA57000201
2023-12-23 19:49:15.4160–TRACE–2023/12/23 19:49:15:4160| 1|  COM5| Rs |FA57000201
2023-12-23 19:49:16.1528–TRACE–2023/12/23 19:49:16:1512| 0| COM10| S |FA57000201
2023-12-23 19:49:16.1528–TRACE–2023/12/23 19:49:16:1540| 0| COM10| Rs |FA57000201
2023-12-23 19:49:16.1528–TRACE–2023/12/23 19:49:16:1528| 1|  COM5| S |FA57000201
2023-12-23 19:49:16.1528–TRACE–2023/12/23 19:49:16:1560| 1|  COM5| Rs |FA57000201
2023-12-23 19:49:16.5487–TRACE–2023/12/23 19:49:16:5438| 0| COM10| S |FA57000201
2023-12-23 19:49:16.5487–TRACE–2023/12/23 19:49:16:5487| 0| COM10| Rs |FA57000201
2023-12-23 19:49:16.5487–TRACE–2023/12/23 19:49:16:5487| 1|  COM5| S |FA57000201
2023-12-23 19:49:16.5487–TRACE–2023/12/23 19:49:16:5508| 1|  COM5| Rs |FA57000201
2023-12-23 19:49:16.7354–TRACE–2023/12/23 19:49:16:7338| 0| COM10| S |FA57000201
2023-12-23 19:49:16.7354–TRACE–2023/12/23 19:49:16:7354| 1|  COM5| S |FA57000201
2023-12-23 19:49:16.7354–TRACE–2023/12/23 19:49:16:7367| 0| COM10| Rs |FA57000201
2023-12-23 19:49:16.7354–TRACE–2023/12/23 19:49:16:7385| 1|  COM5| Rs |FA57000201
2023-12-23 19:49:16.9198–TRACE–2023/12/23 19:49:16:9182| 0| COM10| S |FA57000201
2023-12-23 19:49:16.9198–TRACE–2023/12/23 19:49:16:9211| 0| COM10| Rs |FA57000201
2023-12-23 19:49:16.9198–TRACE–2023/12/23 19:49:16:9199| 1|  COM5| S |FA57000201
2023-12-23 19:49:16.9198–TRACE–2023/12/23 19:49:16:9229| 1|  COM5| Rs |FA57000201
2023-12-23 19:49:17.1060–TRACE–2023/12/23 19:49:17:1043| 0| COM10| S |FA57000201
2023-12-23 19:49:17.1060–TRACE–2023/12/23 19:49:17:1060| 1|  COM5| S |FA57000201
2023-12-23 19:49:17.1060–TRACE–2023/12/23 19:49:17:1072| 0| COM10| Rs |FA57000201
2023-12-23 19:49:17.1060–TRACE–2023/12/23 19:49:17:1087| 1|  COM5| Rs |FA57000201
2023-12-23 19:49:17.2879–TRACE–2023/12/23 19:49:17:2860| 0| COM10| S |FA57000201
2023-12-23 19:49:17.2879–TRACE–2023/12/23 19:49:17:2891| 0| COM10| Rs |FA57000201
2023-12-23 19:49:17.2897–TRACE–2023/12/23 19:49:17:2879| 1|  COM5| S |FA57000201
2023-12-23 19:49:17.2897–TRACE–2023/12/23 19:49:17:2913| 1|  COM5| Rs |FA57000201
2023-12-23 19:49:17.4695–TRACE–2023/12/23 19:49:17:4678| 0| COM10| S |FA57000201
2023-12-23 19:49:17.4695–TRACE–2023/12/23 19:49:17:4707| 0| COM10| Rs |FA57000201
2023-12-23 19:49:17.4695–TRACE–2023/12/23 19:49:17:4695| 1|  COM5| S |FA57000201
2023-12-23 19:49:17.4695–TRACE–2023/12/23 19:49:17:4727| 1|  COM5| Rs |FA57000201
2023-12-23 19:49:17.6634–TRACE–2023/12/23 19:49:17:6617| 0| COM10| S |FA57000201
2023-12-23 19:49:17.6674–TRACE–2023/12/23 19:49:17:6673| 0| COM10| Rs |FA57000201
2023-12-23 19:49:17.6674–TRACE–2023/12/23 19:49:17:6634| 1|  COM5| S |FA57000201
2023-12-23 19:49:17.6674–TRACE–2023/12/23 19:49:17:6702| 1|  COM5| Rs |FA57000201
2023-12-23 19:49:17.8601–TRACE–2023/12/23 19:49:17:8585| 0| COM10| S |FA57000201
2023-12-23 19:49:17.8601–TRACE–2023/12/23 19:49:17:8614| 0| COM10| Rs |FA57000201
2023-12-23 19:49:17.8601–TRACE–2023/12/23 19:49:17:8602| 1|  COM5| S |FA57000201
2023-12-23 19:49:17.8601–TRACE–2023/12/23 19:49:17:8639| 1|  COM5| Rs |FA57000201
2023-12-23 19:49:18.0496–TRACE–2023/12/23 19:49:18:0477| 0| COM10| S |FA57000201
2023-12-23 19:49:18.0496–TRACE–2023/12/23 19:49:18:0496| 1|  COM5| S |FA57000201
2023-12-23 19:49:18.0496–TRACE–2023/12/23 19:49:18:0509| 0| COM10| Rs |FA57000201
2023-12-23 19:49:18.0496–TRACE–2023/12/23 19:49:18:0526| 1|  COM5| Rs |FA57000201
2023-12-23 19:49:18.2201–TRACE–2023/12/23 19:49:18:2178| 0| COM10| S |FA57000201
2023-12-23 19:49:18.2201–TRACE–2023/12/23 19:49:18:2214| 0| COM10| Rs |FA57000201
2023-12-23 19:49:18.2201–TRACE–2023/12/23 19:49:18:2202| 1|  COM5| S |FA57000201
2023-12-23 19:49:18.2201–TRACE–2023/12/23 19:49:18:2235| 1|  COM5| Rs |FA57000201
2023-12-23 19:49:18.4177–TRACE–2023/12/23 19:49:18:4159| 0| COM10| S |FA57000201
2023-12-23 19:49:18.4177–TRACE–2023/12/23 19:49:18:4188| 0| COM10| Rs |FA57000201
2023-12-23 19:49:18.4177–TRACE–2023/12/23 19:49:18:4177| 1|  COM5| S |FA57000201
2023-12-23 19:49:18.4177–TRACE–2023/12/23 19:49:18:4207| 1|  COM5| Rs |FA57000201
2023-12-23 19:50:59.1156–TRACE–2023/12/23 19:50:59:1057| 0| COM10| S |FA52010002
2023-12-23 19:50:59.1156–TRACE–2023/12/23 19:50:59:1157| 1|  COM5| S |FA52010002
2023-12-23 19:50:59.1249–TRACE–2023/12/23 19:50:59:1249| 1|  COM5| Rs |FA52010002
2023-12-23 19:50:59.1249–TRACE–2023/12/23 19:50:59:1249| 0| COM10| Rs |FA52010002
2023-12-23 19:51:53.6949–TRACE–2023/12/23 19:51:53:6874| 0| COM10| S |FA57000201
2023-12-23 19:51:53.6994–TRACE–2023/12/23 19:51:53:6994| 0| COM10| Rs |FA57000201
2023-12-23 19:51:53.8777–TRACE–2023/12/23 19:51:53:8660| 0| COM10| S |FA57000201
2023-12-23 19:51:53.8777–TRACE–2023/12/23 19:51:53:8787| 0| COM10| Rs |FA57000201
2023-12-23 19:51:57.5931–TRACE–2023/12/23 19:51:57:5919| 0| COM10| S |FA57000201
2023-12-23 19:51:57.5931–TRACE–2023/12/23 19:51:57:5947| 0| COM10| Rs |FA57000201
2023-12-23 19:52:00.9634–TRACE–2023/12/23 19:52:00:9619| 0| COM10| S |FA57000201
2023-12-23 19:52:00.9634–TRACE–2023/12/23 19:52:00:9635| 1|  COM5| S |FA57000201
2023-12-23 19:52:00.9634–TRACE–2023/12/23 19:52:00:9648| 0| COM10| Rs |FA57000201
2023-12-23 19:52:00.9634–TRACE–2023/12/23 19:52:00:9663| 1|  COM5| Rs |FA57000201
2023-12-23 19:52:02.4213–TRACE–2023/12/23 19:52:02:4200| 0| COM10| S |FA57000201
2023-12-23 19:52:02.4213–TRACE–2023/12/23 19:52:02:4214| 1|  COM5| S |FA57000201
2023-12-23 19:52:02.4213–TRACE–2023/12/23 19:52:02:4225| 0| COM10| Rs |FA57000201
2023-12-23 19:52:02.4213–TRACE–2023/12/23 19:52:02:4240| 1|  COM5| Rs |FA57000201
2023-12-23 19:52:02.9206–TRACE–2023/12/23 19:52:02:9192| 0| COM10| S |FA57000201
2023-12-23 19:52:02.9206–TRACE–2023/12/23 19:52:02:9207| 1|  COM5| S |FA57000201
2023-12-23 19:52:02.9206–TRACE–2023/12/23 19:52:02:9219| 0| COM10| Rs |FA57000201
2023-12-23 19:52:02.9206–TRACE–2023/12/23 19:52:02:9233| 1|  COM5| Rs |FA57000201
2023-12-23 19:52:04.1955–TRACE–2023/12/23 19:52:04:1941| 0| COM10| S |FA57000201
2023-12-23 19:52:04.1965–TRACE–2023/12/23 19:52:04:1955| 1|  COM5| S |FA57000201
2023-12-23 19:52:04.1965–TRACE–2023/12/23 19:52:04:1967| 0| COM10| Rs |FA57000201
2023-12-23 19:52:04.1965–TRACE–2023/12/23 19:52:04:1983| 1|  COM5| Rs |FA57000201
2023-12-23 19:52:04.7101–TRACE–2023/12/23 19:52:04:7084| 0| COM10| S |FA57000201
2023-12-23 19:52:04.7101–TRACE–2023/12/23 19:52:04:7114| 0| COM10| Rs |FA57000201
2023-12-23 19:52:04.7144–TRACE–2023/12/23 19:52:04:7101| 1|  COM5| S |FA57000201
2023-12-23 19:52:04.7144–TRACE–2023/12/23 19:52:04:7144| 1|  COM5| Rs |FA57000201
2023-12-23 19:52:05.9519–TRACE–2023/12/23 19:52:05:9505| 0| COM10| S |FA57000201
2023-12-23 19:52:05.9519–TRACE–2023/12/23 19:52:05:9519| 1|  COM5| S |FA57000201
2023-12-23 19:52:05.9519–TRACE–2023/12/23 19:52:05:9532| 0| COM10| Rs |FA57000201
2023-12-23 19:52:05.9519–TRACE–2023/12/23 19:52:05:9549| 1|  COM5| Rs |FA57000201
2023-12-23 19:52:06.3444–TRACE–2023/12/23 19:52:06:3429| 0| COM10| S |FA57000201
2023-12-23 19:52:06.3444–TRACE–2023/12/23 19:52:06:3444| 1|  COM5| S |FA57000201
2023-12-23 19:52:06.3444–TRACE–2023/12/23 19:52:06:3456| 0| COM10| Rs |FA57000201
2023-12-23 19:52:06.3444–TRACE–2023/12/23 19:52:06:3473| 1|  COM5| Rs |FA57000201
2023-12-23 19:52:12.2100–TRACE–2023/12/23 19:52:12:2082| 0| COM10| S |FA57000201
2023-12-23 19:52:12.2100–TRACE–2023/12/23 19:52:12:2113| 0| COM10| Rs |FA57000201
2023-12-23 19:52:12.5359–TRACE–2023/12/23 19:52:12:5343| 0| COM10| S |FA57000201
2023-12-23 19:52:12.5359–TRACE–2023/12/23 19:52:12:5372| 0| COM10| Rs |FA57000201
2023-12-23 19:52:12.7766–TRACE–2023/12/23 19:52:12:7746| 0| COM10| S |FA57000201
2023-12-23 19:52:12.7766–TRACE–2023/12/23 19:52:12:7779| 0| COM10| Rs |FA57000201
2023-12-23 19:52:18.1803–TRACE–2023/12/23 19:52:18:1787| 0| COM10| S |FA57000201
2023-12-23 19:52:18.1803–TRACE–2023/12/23 19:52:18:1814| 0| COM10| Rs |FA57000201
2023-12-23 19:52:18.4725–TRACE–2023/12/23 19:52:18:4710| 0| COM10| S |FA57000201
2023-12-23 19:52:18.4725–TRACE–2023/12/23 19:52:18:4739| 0| COM10| Rs |FA57000201
2023-12-23 19:52:18.6600–TRACE–2023/12/23 19:52:18:6583| 0| COM10| S |FA57000201
2023-12-23 19:52:18.6600–TRACE–2023/12/23 19:52:18:6610| 0| COM10| Rs |FA57000201
2023-12-23 19:52:18.8578–TRACE–2023/12/23 19:52:18:8562| 0| COM10| S |FA57000201
2023-12-23 19:52:18.8578–TRACE–2023/12/23 19:52:18:8591| 0| COM10| Rs |FA57000201
2023-12-23 19:52:19.0417–TRACE–2023/12/23 19:52:19:0401| 0| COM10| S |FA57000201
2023-12-23 19:52:19.0417–TRACE–2023/12/23 19:52:19:0428| 0| COM10| Rs |FA57000201
2023-12-23 19:52:19.2044–TRACE–2023/12/23 19:52:19:2027| 0| COM10| S |FA57000201
2023-12-23 19:52:19.2044–TRACE–2023/12/23 19:52:19:2058| 0| COM10| Rs |FA57000201
2023-12-23 19:52:19.3823–TRACE–2023/12/23 19:52:19:3808| 0| COM10| S |FA57000201
2023-12-23 19:52:19.3835–TRACE–2023/12/23 19:52:19:3835| 0| COM10| Rs |FA57000201
2023-12-23 19:52:19.5659–TRACE–2023/12/23 19:52:19:5643| 0| COM10| S |FA57000201
2023-12-23 19:52:19.5659–TRACE–2023/12/23 19:52:19:5672| 0| COM10| Rs |FA57000201
2023-12-23 19:52:19.7357–TRACE–2023/12/23 19:52:19:7342| 0| COM10| S |FA57000201
2023-12-23 19:52:19.7357–TRACE–2023/12/23 19:52:19:7370| 0| COM10| Rs |FA57000201
2023-12-23 19:52:19.9053–TRACE–2023/12/23 19:52:19:9037| 0| COM10| S |FA57000201
2023-12-23 19:52:19.9053–TRACE–2023/12/23 19:52:19:9066| 0| COM10| Rs |FA57000201
2023-12-23 19:53:21.8735–TRACE–2023/12/23 19:53:21:8720| 0| COM10| S |1111
2023-12-23 19:53:21.8735–TRACE–2023/12/23 19:53:21:8783| 0| COM10| Rs |1111
2023-12-23 19:53:21.8735–TRACE–2023/12/23 19:53:21:8735| 1|  COM5| S |1111
2023-12-23 19:53:21.8735–TRACE–2023/12/23 19:53:21:8812| 1|  COM5| Rs |1111
2023-12-23 19:53:22.0560–TRACE–2023/12/23 19:53:22:0543| 0| COM10| S |1111
2023-12-23 19:53:22.0560–TRACE–2023/12/23 19:53:22:0569| 0| COM10| Rs |1111
2023-12-23 19:53:22.0560–TRACE–2023/12/23 19:53:22:0560| 1|  COM5| S |1111
2023-12-23 19:53:22.0560–TRACE–2023/12/23 19:53:22:0589| 1|  COM5| Rs |1111
2023-12-23 19:53:22.2338–TRACE–2023/12/23 19:53:22:2323| 0| COM10| S |1111
2023-12-23 19:53:22.2338–TRACE–2023/12/23 19:53:22:2348| 0| COM10| Rs |1111
2023-12-23 19:53:22.2338–TRACE–2023/12/23 19:53:22:2339| 1|  COM5| S |1111
2023-12-23 19:53:22.2338–TRACE–2023/12/23 19:53:22:2369| 1|  COM5| Rs |1111
2023-12-23 19:53:22.4302–TRACE–2023/12/23 19:53:22:4288| 0| COM10| S |1111
2023-12-23 19:53:22.4302–TRACE–2023/12/23 19:53:22:4312| 0| COM10| Rs |1111
2023-12-23 19:53:22.4302–TRACE–2023/12/23 19:53:22:4303| 1|  COM5| S |1111
2023-12-23 19:53:22.4302–TRACE–2023/12/23 19:53:22:4332| 1|  COM5| Rs |1111
2023-12-23 19:53:22.6064–TRACE–2023/12/23 19:53:22:6048| 0| COM10| S |1111
2023-12-23 19:53:22.6064–TRACE–2023/12/23 19:53:22:6075| 0| COM10| Rs |1111
2023-12-23 19:53:22.6064–TRACE–2023/12/23 19:53:22:6064| 1|  COM5| S |1111
2023-12-23 19:53:22.6064–TRACE–2023/12/23 19:53:22:6093| 1|  COM5| Rs |1111
2023-12-23 19:53:25.8996–TRACE–2023/12/23 19:53:25:8980| 0| COM10| S |111
2023-12-23 19:53:25.9159–TRACE–2023/12/23 19:53:25:9158| 0| COM10| Rs |11
2023-12-23 19:53:25.9159–TRACE–2023/12/23 19:53:25:9227| 1|  COM5| S |111
2023-12-23 19:53:25.9159–TRACE–2023/12/23 19:53:25:9243| 1|  COM5| Rs |11
2023-12-23 19:53:26.1294–TRACE–2023/12/23 19:53:26:1278| 0| COM10| S |111
2023-12-23 19:53:26.1294–TRACE–2023/12/23 19:53:26:1310| 0| COM10| Rs |11
2023-12-23 19:53:26.1572–TRACE–2023/12/23 19:53:26:1569| 1|  COM5| S |111
2023-12-23 19:53:26.1572–TRACE–2023/12/23 19:53:26:1585| 1|  COM5| Rs |11
2023-12-23 19:53:26.3250–TRACE–2023/12/23 19:53:26:3232| 0| COM10| S |111
2023-12-23 19:53:26.3406–TRACE–2023/12/23 19:53:26:3401| 0| COM10| Rs |11
2023-12-23 19:53:26.3406–TRACE–2023/12/23 19:53:26:3494| 1|  COM5| S |111
2023-12-23 19:53:26.3406–TRACE–2023/12/23 19:53:26:3509| 1|  COM5| Rs |11
2023-12-23 19:53:26.5138–TRACE–2023/12/23 19:53:26:5119| 0| COM10| S |111
2023-12-23 19:53:26.5138–TRACE–2023/12/23 19:53:26:5151| 0| COM10| Rs |11
2023-12-23 19:53:26.5389–TRACE–2023/12/23 19:53:26:5386| 1|  COM5| S |111
2023-12-23 19:53:26.5404–TRACE–2023/12/23 19:53:26:5404| 1|  COM5| Rs |11
2023-12-23 19:53:26.6975–TRACE–2023/12/23 19:53:26:6958| 0| COM10| S |111
2023-12-23 19:53:26.6975–TRACE–2023/12/23 19:53:26:6989| 0| COM10| Rs |11
2023-12-23 19:53:26.7207–TRACE–2023/12/23 19:53:26:7204| 1|  COM5| S |111
2023-12-23 19:53:26.7207–TRACE–2023/12/23 19:53:26:7219| 1|  COM5| Rs |11
2023-12-23 19:53:26.8764–TRACE–2023/12/23 19:53:26:8747| 0| COM10| S |111
2023-12-23 19:53:26.8925–TRACE–2023/12/23 19:53:26:8920| 0| COM10| Rs |11
2023-12-23 19:53:26.8997–TRACE–2023/12/23 19:53:26:8995| 1|  COM5| S |111
2023-12-23 19:53:26.8997–TRACE–2023/12/23 19:53:26:9011| 1|  COM5| Rs |11
2023-12-23 19:53:27.0459–TRACE–2023/12/23 19:53:27:0439| 0| COM10| S |111
2023-12-23 19:53:27.0459–TRACE–2023/12/23 19:53:27:0473| 0| COM10| Rs |11
2023-12-23 19:53:27.0699–TRACE–2023/12/23 19:53:27:0696| 1|  COM5| S |111
2023-12-23 19:53:27.0699–TRACE–2023/12/23 19:53:27:0712| 1|  COM5| Rs |11
2023-12-23 19:53:27.2194–TRACE–2023/12/23 19:53:27:2174| 0| COM10| S |111
2023-12-23 19:53:27.2194–TRACE–2023/12/23 19:53:27:2207| 0| COM10| Rs |11
2023-12-23 19:53:27.2437–TRACE–2023/12/23 19:53:27:2434| 1|  COM5| S |111
2023-12-23 19:53:27.2437–TRACE–2023/12/23 19:53:27:2452| 1|  COM5| Rs |11
2023-12-23 19:53:27.3923–TRACE–2023/12/23 19:53:27:3905| 0| COM10| S |111
2023-12-23 19:53:27.4010–TRACE–2023/12/23 19:53:27:4010| 0| COM10| Rs |11
2023-12-23 19:53:27.4156–TRACE–2023/12/23 19:53:27:4153| 1|  COM5| S |111
2023-12-23 19:53:27.4156–TRACE–2023/12/23 19:53:27:4169| 1|  COM5| Rs |11
