2023-12-01 11:00:00.0216–TRACE–2023/12/01 11:00:00:0216| 0| COM83| S | CommandID     57| FA52020501
2023-12-01 11:00:00.0457–TRACE–2023/12/01 11:00:00:0457| 0| COM83| R | CommandID     57| FA020401340D0A
2023-12-01 11:00:00.5282–TRACE–2023/12/01 11:00:00:5282| 0| COM83| S | CommandID     58| FA52010405
2023-12-01 11:00:00.5449–TRACE–2023/12/01 11:00:00:5448| 0| COM83| R | CommandID     58| FA01043B2F0D0A
2023-12-01 11:00:00.6379–TRACE–2023/12/01 11:00:00:6379| 0| COM83| S | CommandID     59| FA52020405
2023-12-01 11:00:00.6561–TRACE–2023/12/01 11:00:00:6561| 0| COM83| R | CommandID     59| FA02040A220D0A
2023-12-01 11:00:00.7527–TRACE–2023/12/01 11:00:00:7527| 0| COM83| S | CommandID     60| FA52030405
2023-12-01 11:00:00.7805–TRACE–2023/12/01 11:00:00:7805| 0| COM83| R | CommandID     60| FA03044F370D0A
2023-12-01 11:00:00.8653–TRACE–2023/12/01 11:00:00:8653| 0| COM83| S | CommandID     61| FA52010501
2023-12-01 11:00:00.8899–TRACE–2023/12/01 11:00:00:8899| 0| COM83| R | CommandID     61| FA010401080D0A
2023-12-01 11:00:00.9673–TRACE–2023/12/01 11:00:00:9673| 0| COM83| S | CommandID     62| FA52030501
2023-12-01 11:00:00.9837–TRACE–2023/12/01 11:00:00:9837| 0| COM83| R | CommandID     62| FA030401200D0A
2023-12-01 11:00:01.0776–TRACE–2023/12/01 11:00:01:0776| 0| COM83| S | CommandID     63| FA52020501
2023-12-01 11:00:01.0935–TRACE–2023/12/01 11:00:01:0935| 0| COM83| R | CommandID     63| FA0204054C0D0A
2023-12-01 11:00:01.5776–TRACE–2023/12/01 11:00:01:5776| 0| COM83| S | CommandID     64| FA52010405
2023-12-01 11:00:01.5922–TRACE–2023/12/01 11:00:01:5922| 0| COM83| R | CommandID     64| FA01040E150D0A
2023-12-01 11:00:01.6875–TRACE–2023/12/01 11:00:01:6875| 0| COM83| S | CommandID     65| FA52020405
2023-12-01 11:00:01.7189–TRACE–2023/12/01 11:00:01:7188| 0| COM83| R | CommandID     65| FA020434270D0A
2023-12-01 11:00:01.7990–TRACE–2023/12/01 11:00:01:7990| 0| COM83| S | CommandID     66| FA52030405
2023-12-01 11:00:01.8277–TRACE–2023/12/01 11:00:01:8277| 0| COM83| R | CommandID     66| FA030431210D0A
2023-12-01 11:00:01.9123–TRACE–2023/12/01 11:00:01:9122| 0| COM83| S | CommandID     67| FA52010501
2023-12-01 11:00:01.9349–TRACE–2023/12/01 11:00:01:9349| 0| COM83| R | CommandID     67| FA010401340D0A
2023-12-01 11:00:02.0131–TRACE–2023/12/01 11:00:02:0131| 0| COM83| S | CommandID     68| FA52030501
2023-12-01 11:00:02.0302–TRACE–2023/12/01 11:00:02:0302| 0| COM83| R | CommandID     68| FA030401400D0A
2023-12-01 11:00:02.1236–TRACE–2023/12/01 11:00:02:1236| 0| COM83| S | CommandID     69| FA52020501
2023-12-01 11:00:02.1384–TRACE–2023/12/01 11:00:02:1384| 0| COM83| R | CommandID     69| FA020401200D0A
2023-12-01 11:00:02.6243–TRACE–2023/12/01 11:00:02:6243| 0| COM83| S | CommandID     70| FA52010405
2023-12-01 11:00:02.6545–TRACE–2023/12/01 11:00:02:6545| 0| COM83| R | CommandID     70| FA010438460D0A
2023-12-01 11:00:02.7341–TRACE–2023/12/01 11:00:02:7341| 0| COM83| S | CommandID     71| FA52020405
2023-12-01 11:00:02.7489–TRACE–2023/12/01 11:00:02:7489| 0| COM83| R | CommandID     71| FA02044A270D0A
2023-12-01 11:00:02.8440–TRACE–2023/12/01 11:00:02:8440| 0| COM83| S | CommandID     72| FA52030405
2023-12-01 11:00:02.8569–TRACE–2023/12/01 11:00:02:8569| 0| COM83| R | CommandID     72| FA03040B1F0D0A
2023-12-01 11:00:02.9541–TRACE–2023/12/01 11:00:02:9541| 0| COM83| S | CommandID     73| FA52010501
2023-12-01 11:00:02.9840–TRACE–2023/12/01 11:00:02:9839| 0| COM83| R | CommandID     73| FA0104015C0D0A
2023-12-01 11:00:03.0661–TRACE–2023/12/01 11:00:03:0660| 0| COM83| S | CommandID     74| FA52030501
2023-12-01 11:00:03.0965–TRACE–2023/12/01 11:00:03:0965| 0| COM83| R | CommandID     74| FA030401500D0A
2023-12-01 11:00:03.1803–TRACE–2023/12/01 11:00:03:1803| 0| COM83| S | CommandID     75| FA52020501
2023-12-01 11:00:03.2036–TRACE–2023/12/01 11:00:03:2036| 0| COM83| R | CommandID     75| FA020401540D0A
2023-12-01 11:00:03.6968–TRACE–2023/12/01 11:00:03:6968| 0| COM83| S | CommandID     76| FA52010405
2023-12-01 11:00:03.7223–TRACE–2023/12/01 11:00:03:7223| 0| COM83| R | CommandID     76| FA01043C4C0D0A
2023-12-01 11:00:03.8107–TRACE–2023/12/01 11:00:03:8107| 0| COM83| S | CommandID     77| FA52020405
2023-12-01 11:00:03.8255–TRACE–2023/12/01 11:00:03:8254| 0| COM83| R | CommandID     77| FA020420500D0A
2023-12-01 11:00:03.9212–TRACE–2023/12/01 11:00:03:9211| 0| COM83| S | CommandID     78| FA52030405
2023-12-01 11:00:03.9358–TRACE–2023/12/01 11:00:03:9357| 0| COM83| R | CommandID     78| FA030433440D0A
2023-12-01 11:00:04.0283–TRACE–2023/12/01 11:00:04:0282| 0| COM83| S | CommandID     79| FA52010501
2023-12-01 11:00:04.0442–TRACE–2023/12/01 11:00:04:0442| 0| COM83| R | CommandID     79| FA0104014C0D0A
2023-12-01 11:00:04.1369–TRACE–2023/12/01 11:00:04:1369| 0| COM83| S | CommandID     80| FA52030501
2023-12-01 11:00:04.1557–TRACE–2023/12/01 11:00:04:1557| 0| COM83| R | CommandID     80| FA030401000D0A
2023-12-01 11:00:04.2478–TRACE–2023/12/01 11:00:04:2478| 0| COM83| S | CommandID     81| FA52020501
2023-12-01 11:00:04.2642–TRACE–2023/12/01 11:00:04:2642| 0| COM83| R | CommandID     81| FA020401500D0A
2023-12-01 11:00:04.7636–TRACE–2023/12/01 11:00:04:7636| 0| COM83| S | CommandID     82| FA52010405
2023-12-01 11:00:04.8016–TRACE–2023/12/01 11:00:04:8016| 0| COM83| R | CommandID     82| FA0104414E0D0A
2023-12-01 11:00:04.8723–TRACE–2023/12/01 11:00:04:8723| 0| COM83| S | CommandID     83| FA52020405
2023-12-01 11:00:04.8889–TRACE–2023/12/01 11:00:04:8889| 0| COM83| R | CommandID     83| FA020411170D0A
2023-12-01 11:00:04.9830–TRACE–2023/12/01 11:00:04:9830| 0| COM83| S | CommandID     84| FA52030405
2023-12-01 11:00:04.9994–TRACE–2023/12/01 11:00:04:9994| 0| COM83| R | CommandID     84| FA0304181E0D0A
2023-12-01 11:00:05.0907–TRACE–2023/12/01 11:00:05:0907| 0| COM83| S | CommandID     85| FA52010501
2023-12-01 11:00:05.1278–TRACE–2023/12/01 11:00:05:1278| 0| COM83| R | CommandID     85| FA010401180D0A
2023-12-01 11:00:05.2016–TRACE–2023/12/01 11:00:05:2016| 0| COM83| S | CommandID     86| FA52030501
2023-12-01 11:00:05.2345–TRACE–2023/12/01 11:00:05:2344| 0| COM83| R | CommandID     86| FA030401280D0A
2023-12-01 11:00:05.3098–TRACE–2023/12/01 11:00:05:3098| 0| COM83| S | CommandID     87| FA52020501
2023-12-01 11:00:05.3421–TRACE–2023/12/01 11:00:05:3421| 0| COM83| R | CommandID     87| FA020401540D0A
2023-12-01 11:00:05.8120–TRACE–2023/12/01 11:00:05:8120| 0| COM83| S | CommandID     88| FA52010405
2023-12-01 11:00:05.8251–TRACE–2023/12/01 11:00:05:8250| 0| COM83| R | CommandID     88| FA010420460D0A
2023-12-01 11:00:05.9129–TRACE–2023/12/01 11:00:05:9129| 0| COM83| S | CommandID     89| FA52020405
2023-12-01 11:00:05.9376–TRACE–2023/12/01 11:00:05:9375| 0| COM83| R | CommandID     89| FA0204104E0D0A
2023-12-01 11:00:06.0137–TRACE–2023/12/01 11:00:06:0137| 0| COM83| S | CommandID     90| FA52030405
2023-12-01 11:00:06.0278–TRACE–2023/12/01 11:00:06:0278| 0| COM83| R | CommandID     90| FA030410140D0A
2023-12-01 11:00:06.1254–TRACE–2023/12/01 11:00:06:1254| 0| COM83| S | CommandID     91| FA52010501
2023-12-01 11:00:06.1546–TRACE–2023/12/01 11:00:06:1546| 0| COM83| R | CommandID     91| FA010401440D0A
2023-12-01 11:00:06.2351–TRACE–2023/12/01 11:00:06:2351| 0| COM83| S | CommandID     92| FA52030501
2023-12-01 11:00:06.2622–TRACE–2023/12/01 11:00:06:2622| 0| COM83| R | CommandID     92| FA0304013C0D0A
2023-12-01 11:00:06.3459–TRACE–2023/12/01 11:00:06:3459| 0| COM83| S | CommandID     93| FA52020501
2023-12-01 11:00:06.3735–TRACE–2023/12/01 11:00:06:3735| 0| COM83| R | CommandID     93| FA020401080D0A
2023-12-01 11:00:06.8582–TRACE–2023/12/01 11:00:06:8582| 0| COM83| S | CommandID     94| FA52010405
2023-12-01 11:00:06.8745–TRACE–2023/12/01 11:00:06:8745| 0| COM83| R | CommandID     94| FA010436350D0A
2023-12-01 11:00:06.9689–TRACE–2023/12/01 11:00:06:9689| 0| COM83| S | CommandID     95| FA52020405
2023-12-01 11:00:06.9994–TRACE–2023/12/01 11:00:06:9994| 0| COM83| R | CommandID     95| FA020420290D0A
2023-12-01 11:00:07.0806–TRACE–2023/12/01 11:00:07:0806| 0| COM83| S | CommandID     96| FA52030405
2023-12-01 11:00:07.1075–TRACE–2023/12/01 11:00:07:1075| 0| COM83| R | CommandID     96| FA03044A440D0A
2023-12-01 11:00:07.1964–TRACE–2023/12/01 11:00:07:1963| 0| COM83| S | CommandID     97| FA52010501
2023-12-01 11:00:07.2224–TRACE–2023/12/01 11:00:07:2224| 0| COM83| R | CommandID     97| FA010401080D0A
2023-12-01 11:00:07.2980–TRACE–2023/12/01 11:00:07:2980| 0| COM83| S | CommandID     98| FA52030501
2023-12-01 11:00:07.3273–TRACE–2023/12/01 11:00:07:3273| 0| COM83| R | CommandID     98| FA030401440D0A
2023-12-01 11:00:07.4057–TRACE–2023/12/01 11:00:07:4057| 0| COM83| S | CommandID     99| FA52020501
2023-12-01 11:00:07.4213–TRACE–2023/12/01 11:00:07:4213| 0| COM83| R | CommandID     99| FA0204053C0D0A
2023-12-01 11:00:07.9073–TRACE–2023/12/01 11:00:07:9073| 0| COM83| S | CommandID    100| FA52010405
2023-12-01 11:00:07.9375–TRACE–2023/12/01 11:00:07:9375| 0| COM83| R | CommandID    100| FA01040E2F0D0A
2023-12-01 11:00:08.0196–TRACE–2023/12/01 11:00:08:0196| 0| COM83| S | CommandID    101| FA52020405
2023-12-01 11:00:08.0447–TRACE–2023/12/01 11:00:08:0447| 0| COM83| R | CommandID    101| FA020436360D0A
2023-12-01 11:00:08.1328–TRACE–2023/12/01 11:00:08:1327| 0| COM83| S | CommandID    102| FA52030405
2023-12-01 11:00:08.1611–TRACE–2023/12/01 11:00:08:1611| 0| COM83| R | CommandID    102| FA03043B4A0D0A
2023-12-01 11:00:08.2475–TRACE–2023/12/01 11:00:08:2475| 0| COM83| S | CommandID    103| FA52010501
2023-12-01 11:00:08.2648–TRACE–2023/12/01 11:00:08:2648| 0| COM83| R | CommandID    103| FA010401000D0A
2023-12-01 11:00:08.3625–TRACE–2023/12/01 11:00:08:3624| 0| COM83| S | CommandID    104| FA52030501
2023-12-01 11:00:08.3912–TRACE–2023/12/01 11:00:08:3912| 0| COM83| R | CommandID    104| FA030401040D0A
2023-12-01 11:00:08.4720–TRACE–2023/12/01 11:00:08:4719| 0| COM83| S | CommandID    105| FA52020501
2023-12-01 11:00:08.5030–TRACE–2023/12/01 11:00:08:5029| 0| COM83| R | CommandID    105| FA020401080D0A
2023-12-01 11:00:08.9816–TRACE–2023/12/01 11:00:08:9816| 0| COM83| S | CommandID    106| FA52010405
2023-12-01 11:00:08.9979–TRACE–2023/12/01 11:00:08:9979| 0| COM83| R | CommandID    106| FA0104222B0D0A
2023-12-01 11:00:09.0823–TRACE–2023/12/01 11:00:09:0823| 0| COM83| S | CommandID    107| FA52020405
2023-12-01 11:00:09.1109–TRACE–2023/12/01 11:00:09:1109| 0| COM83| R | CommandID    107| FA0204270A0D0A
2023-12-01 11:00:09.1891–TRACE–2023/12/01 11:00:09:1890| 0| COM83| S | CommandID    108| FA52030405
2023-12-01 11:00:09.2152–TRACE–2023/12/01 11:00:09:2152| 0| COM83| R | CommandID    108| FA030426480D0A
2023-12-01 11:00:09.2987–TRACE–2023/12/01 11:00:09:2986| 0| COM83| S | CommandID    109| FA52010501
2023-12-01 11:00:09.3269–TRACE–2023/12/01 11:00:09:3269| 0| COM83| R | CommandID    109| FA010401200D0A
2023-12-01 11:00:09.4024–TRACE–2023/12/01 11:00:09:4024| 0| COM83| S | CommandID    110| FA52030501
2023-12-01 11:00:09.4210–TRACE–2023/12/01 11:00:09:4210| 0| COM83| R | CommandID    110| FA030401540D0A
2023-12-01 11:00:09.5148–TRACE–2023/12/01 11:00:09:5148| 0| COM83| S | CommandID    111| FA52020501
2023-12-01 11:00:09.5287–TRACE–2023/12/01 11:00:09:5287| 0| COM83| R | CommandID    111| FA0204013C0D0A
2023-12-01 11:00:10.0277–TRACE–2023/12/01 11:00:10:0277| 0| COM83| S | CommandID    112| FA52010405
2023-12-01 11:00:10.0443–TRACE–2023/12/01 11:00:10:0443| 0| COM83| R | CommandID    112| FA010431310D0A
2023-12-01 11:00:10.1383–TRACE–2023/12/01 11:00:10:1383| 0| COM83| S | CommandID    113| FA52020405
2023-12-01 11:00:10.1755–TRACE–2023/12/01 11:00:10:1755| 0| COM83| R | CommandID    113| FA020436400D0A
2023-12-01 11:00:10.2492–TRACE–2023/12/01 11:00:10:2491| 0| COM83| S | CommandID    114| FA52030405
2023-12-01 11:00:10.2638–TRACE–2023/12/01 11:00:10:2637| 0| COM83| R | CommandID    114| FA03043B500D0A
2023-12-01 11:00:10.3588–TRACE–2023/12/01 11:00:10:3588| 0| COM83| S | CommandID    115| FA52010501
2023-12-01 11:00:10.3742–TRACE–2023/12/01 11:00:10:3742| 0| COM83| R | CommandID    115| FA010401580D0A
2023-12-01 11:00:10.4688–TRACE–2023/12/01 11:00:10:4688| 0| COM83| S | CommandID    116| FA52030501
2023-12-01 11:00:10.4985–TRACE–2023/12/01 11:00:10:4985| 0| COM83| R | CommandID    116| FA030401140D0A
2023-12-01 11:00:10.5763–TRACE–2023/12/01 11:00:10:5763| 0| COM83| S | CommandID    117| FA52020501
2023-12-01 11:00:10.5912–TRACE–2023/12/01 11:00:10:5911| 0| COM83| R | CommandID    117| FA0204013C0D0A
2023-12-01 11:00:11.0908–TRACE–2023/12/01 11:00:11:0907| 0| COM83| S | CommandID    118| FA52010405
2023-12-01 11:00:11.1066–TRACE–2023/12/01 11:00:11:1066| 0| COM83| R | CommandID    118| FA01043A110D0A
2023-12-01 11:00:11.2004–TRACE–2023/12/01 11:00:11:2003| 0| COM83| S | CommandID    119| FA52020405
2023-12-01 11:00:11.2180–TRACE–2023/12/01 11:00:11:2180| 0| COM83| R | CommandID    119| FA02042C210D0A
2023-12-01 11:00:11.3095–TRACE–2023/12/01 11:00:11:3095| 0| COM83| S | CommandID    120| FA52030405
2023-12-01 11:00:11.3265–TRACE–2023/12/01 11:00:11:3265| 0| COM83| R | CommandID    120| FA03042C140D0A
2023-12-01 11:00:11.4178–TRACE–2023/12/01 11:00:11:4178| 0| COM83| S | CommandID    121| FA52010501
2023-12-01 11:00:11.4355–TRACE–2023/12/01 11:00:11:4355| 0| COM83| R | CommandID    121| FA010401500D0A
2023-12-01 11:00:11.5297–TRACE–2023/12/01 11:00:11:5297| 0| COM83| S | CommandID    122| FA52030501
2023-12-01 11:00:11.5449–TRACE–2023/12/01 11:00:11:5448| 0| COM83| R | CommandID    122| FA030401280D0A
2023-12-01 11:00:11.6405–TRACE–2023/12/01 11:00:11:6405| 0| COM83| S | CommandID    123| FA52020501
2023-12-01 11:00:11.6707–TRACE–2023/12/01 11:00:11:6707| 0| COM83| R | CommandID    123| FA020401280D0A
2023-12-01 11:00:12.1539–TRACE–2023/12/01 11:00:12:1539| 0| COM83| S | CommandID    124| FA52010405
2023-12-01 11:00:12.1689–TRACE–2023/12/01 11:00:12:1689| 0| COM83| R | CommandID    124| FA010431410D0A
2023-12-01 11:00:12.2616–TRACE–2023/12/01 11:00:12:2616| 0| COM83| S | CommandID    125| FA52020405
2023-12-01 11:00:12.2803–TRACE–2023/12/01 11:00:12:2803| 0| COM83| R | CommandID    125| FA020415130D0A
2023-12-01 11:00:12.3728–TRACE–2023/12/01 11:00:12:3728| 0| COM83| S | CommandID    126| FA52030405
2023-12-01 11:00:12.4108–TRACE–2023/12/01 11:00:12:4108| 0| COM83| R | CommandID    126| FA03042C1D0D0A
2023-12-01 11:00:12.4824–TRACE–2023/12/01 11:00:12:4824| 0| COM83| S | CommandID    127| FA52010501
2023-12-01 11:00:12.4973–TRACE–2023/12/01 11:00:12:4973| 0| COM83| R | CommandID    127| FA0104011C0D0A
2023-12-01 11:00:12.5914–TRACE–2023/12/01 11:00:12:5914| 0| COM83| S | CommandID    128| FA52030501
2023-12-01 11:00:12.6069–TRACE–2023/12/01 11:00:12:6069| 0| COM83| R | CommandID    128| FA030401380D0A
2023-12-01 11:00:12.6998–TRACE–2023/12/01 11:00:12:6998| 0| COM83| S | CommandID    129| FA52020501
2023-12-01 11:00:12.7168–TRACE–2023/12/01 11:00:12:7167| 0| COM83| R | CommandID    129| FA020401580D0A
2023-12-01 11:00:13.2000–TRACE–2023/12/01 11:00:13:2000| 0| COM83| S | CommandID    130| FA52010405
2023-12-01 11:00:13.2379–TRACE–2023/12/01 11:00:13:2379| 0| COM83| R | CommandID    130| FA01040B3B0D0A
2023-12-01 11:00:13.3119–TRACE–2023/12/01 11:00:13:3119| 0| COM83| S | CommandID    131| FA52020405
2023-12-01 11:00:13.3486–TRACE–2023/12/01 11:00:13:3485| 0| COM83| R | CommandID    131| FA02042C250D0A
2023-12-01 11:00:13.4209–TRACE–2023/12/01 11:00:13:4208| 0| COM83| S | CommandID    132| FA52030405
2023-12-01 11:00:13.4534–TRACE–2023/12/01 11:00:13:4534| 0| COM83| R | CommandID    132| FA0304370B0D0A
2023-12-01 11:00:13.5319–TRACE–2023/12/01 11:00:13:5319| 0| COM83| S | CommandID    133| FA52010501
2023-12-01 11:00:13.5585–TRACE–2023/12/01 11:00:13:5585| 0| COM83| R | CommandID    133| FA0104014C0D0A
2023-12-01 11:00:13.6417–TRACE–2023/12/01 11:00:13:6417| 0| COM83| S | CommandID    134| FA52030501
2023-12-01 11:00:13.6696–TRACE–2023/12/01 11:00:13:6695| 0| COM83| R | CommandID    134| FA030401300D0A
2023-12-01 11:00:13.7494–TRACE–2023/12/01 11:00:13:7494| 0| COM83| S | CommandID    135| FA52020501
2023-12-01 11:00:13.7805–TRACE–2023/12/01 11:00:13:7805| 0| COM83| R | CommandID    135| FA020401540D0A
2023-12-01 11:00:14.2504–TRACE–2023/12/01 11:00:14:2503| 0| COM83| S | CommandID    136| FA52010405
2023-12-01 11:00:14.2848–TRACE–2023/12/01 11:00:14:2848| 0| COM83| R | CommandID    136| FA01043C460D0A
2023-12-01 11:00:14.3565–TRACE–2023/12/01 11:00:14:3565| 0| COM83| S | CommandID    137| FA52020405
2023-12-01 11:00:14.3739–TRACE–2023/12/01 11:00:14:3739| 0| COM83| R | CommandID    137| FA020410130D0A
2023-12-01 11:00:14.4674–TRACE–2023/12/01 11:00:14:4674| 0| COM83| S | CommandID    138| FA52030405
2023-12-01 11:00:14.4965–TRACE–2023/12/01 11:00:14:4965| 0| COM83| R | CommandID    138| FA03040F1A0D0A
2023-12-01 11:00:14.5805–TRACE–2023/12/01 11:00:14:5805| 0| COM83| S | CommandID    139| FA52010501
2023-12-01 11:00:14.6109–TRACE–2023/12/01 11:00:14:6109| 0| COM83| R | CommandID    139| FA0104012C0D0A
2023-12-01 11:00:14.6945–TRACE–2023/12/01 11:00:14:6945| 0| COM83| S | CommandID    140| FA52030501
2023-12-01 11:00:14.7199–TRACE–2023/12/01 11:00:14:7199| 0| COM83| R | CommandID    140| FA0304010C0D0A
2023-12-01 11:00:14.7953–TRACE–2023/12/01 11:00:14:7953| 0| COM83| S | CommandID    141| FA52020501
2023-12-01 11:00:14.8330–TRACE–2023/12/01 11:00:14:8330| 0| COM83| R | CommandID    141| FA0204014C0D0A
2023-12-01 11:01:25.9804–TRACE–2023/12/01 11:01:25:9771| 0| COM83| S | CommandID      0| FA57000201
2023-12-01 11:01:26.0115–TRACE–2023/12/01 11:01:26:0115| 0| COM83| R | CommandID      0| C30D0A
2023-12-01 11:01:27.9786–TRACE–2023/12/01 11:01:27:9786| 0| COM83| S | CommandID      1| FA52010002
2023-12-01 11:01:27.9944–TRACE–2023/12/01 11:01:27:9944| 0| COM83| R | CommandID      1| FA010403040D0A
2023-12-01 11:01:27.9944–TRACE–2023/12/01 11:01:27:9952| 0| COM83| S | CommandID      2| FA52020002
2023-12-01 11:01:28.0136–TRACE–2023/12/01 11:01:28:0135| 0| COM83| R | CommandID      2| FA020403040D0A
2023-12-01 11:01:28.0136–TRACE–2023/12/01 11:01:28:0147| 0| COM83| S | CommandID      3| FA52030002
2023-12-01 11:01:28.0270–TRACE–2023/12/01 11:01:28:0269| 0| COM83| R | CommandID      3| FA030403040D0A
2023-12-01 11:01:28.0270–TRACE–2023/12/01 11:01:28:0280| 0| COM83| S | CommandID      4| FA52010001
2023-12-01 11:01:28.0472–TRACE–2023/12/01 11:01:28:0472| 0| COM83| R | CommandID      4| FA010401020D0A
2023-12-01 11:01:28.0472–TRACE–2023/12/01 11:01:28:0482| 0| COM83| S | CommandID      5| FA52020001
2023-12-01 11:01:28.0785–TRACE–2023/12/01 11:01:28:0785| 0| COM83| R | CommandID      5| FA020401020D0A
2023-12-01 11:01:28.0785–TRACE–2023/12/01 11:01:28:0815| 0| COM83| S | CommandID      6| FA52030001
2023-12-01 11:01:28.1022–TRACE–2023/12/01 11:01:28:1022| 0| COM83| R | CommandID      6| FA030401020D0A
2023-12-01 11:01:28.1022–TRACE–2023/12/01 11:01:28:1031| 0| COM83| S | CommandID      7| FA52010401
2023-12-01 11:01:28.1181–TRACE–2023/12/01 11:01:28:1181| 0| COM83| R | CommandID      7| FA010A0101020304050607080D0A
2023-12-01 11:01:28.1181–TRACE–2023/12/01 11:01:28:1298| 0| COM83| S | CommandID      8| FA52020401
2023-12-01 11:01:28.1602–TRACE–2023/12/01 11:01:28:1602| 0| COM83| R | CommandID      8| FA020A0101020304050607080D0A
2023-12-01 11:01:28.1602–TRACE–2023/12/01 11:01:28:1610| 0| COM83| S | CommandID      9| FA52030401
2023-12-01 11:01:28.1878–TRACE–2023/12/01 11:01:28:1878| 0| COM83| R | CommandID      9| FA030A0101020304050607080D0A
2023-12-01 11:01:28.1878–TRACE–2023/12/01 11:01:28:1888| 0| COM83| S | CommandID     10| FA52010101
2023-12-01 11:01:28.2198–TRACE–2023/12/01 11:01:28:2198| 0| COM83| R | CommandID     10| FA0103640D0A
2023-12-01 11:01:28.2198–TRACE–2023/12/01 11:01:28:2208| 0| COM83| S | CommandID     11| FA52020101
2023-12-01 11:01:28.2450–TRACE–2023/12/01 11:01:28:2450| 0| COM83| R | CommandID     11| FA0203640D0A
2023-12-01 11:01:28.2450–TRACE–2023/12/01 11:01:28:2461| 0| COM83| S | CommandID     12| FA52030101
2023-12-01 11:01:28.2595–TRACE–2023/12/01 11:01:28:2595| 0| COM83| R | CommandID     12| FA0303640D0A
2023-12-01 11:01:28.2595–TRACE–2023/12/01 11:01:28:2607| 0| COM83| S | CommandID     13| FA52010402
2023-12-01 11:01:28.2764–TRACE–2023/12/01 11:01:28:2764| 0| COM83| R | CommandID     13| FA010400890D0A
2023-12-01 11:01:28.2764–TRACE–2023/12/01 11:01:28:2784| 0| COM83| S | CommandID     14| FA52020402
2023-12-01 11:01:28.2935–TRACE–2023/12/01 11:01:28:2935| 0| COM83| R | CommandID     14| FA020400870D0A
2023-12-01 11:01:28.2935–TRACE–2023/12/01 11:01:28:2947| 0| COM83| S | CommandID     15| FA52030402
2023-12-01 11:01:28.3082–TRACE–2023/12/01 11:01:28:3082| 0| COM83| R | CommandID     15| FA030400850D0A
2023-12-01 11:01:28.3082–TRACE–2023/12/01 11:01:28:3203| 0| COM83| S | CommandID     16| FA52010403
2023-12-01 11:01:28.3388–TRACE–2023/12/01 11:01:28:3388| 0| COM83| R | CommandID     16| FA01054155550D0A
2023-12-01 11:01:28.3388–TRACE–2023/12/01 11:01:28:3403| 0| COM83| S | CommandID     17| FA52020403
2023-12-01 11:01:28.3529–TRACE–2023/12/01 11:01:28:3529| 0| COM83| R | CommandID     17| FA02054155550D0A
2023-12-01 11:01:28.3529–TRACE–2023/12/01 11:01:28:3540| 0| COM83| S | CommandID     18| FA52030403
2023-12-01 11:01:28.3718–TRACE–2023/12/01 11:01:28:3718| 0| COM83| R | CommandID     18| FA03054355550D0A
2023-12-01 11:01:28.3718–TRACE–2023/12/01 11:01:28:3736| 0| COM83| S | CommandID     19| FA52010404
2023-12-01 11:01:28.4026–TRACE–2023/12/01 11:01:28:4026| 0| COM83| R | CommandID     19| FA01034B0D0A
2023-12-01 11:01:28.4026–TRACE–2023/12/01 11:01:28:4037| 0| COM83| S | CommandID     20| FA52020404
2023-12-01 11:01:28.4178–TRACE–2023/12/01 11:01:28:4178| 0| COM83| R | CommandID     20| FA02034B0D0A
2023-12-01 11:01:28.4178–TRACE–2023/12/01 11:01:28:4189| 0| COM83| S | CommandID     21| FA52030404
2023-12-01 11:01:28.4305–TRACE–2023/12/01 11:01:28:4305| 0| COM83| R | CommandID     21| FA03034B0D0A
2023-12-01 11:01:28.4305–TRACE–2023/12/01 11:01:28:4317| 0| COM83| S | CommandID     22| FA52010405
2023-12-01 11:01:28.4475–TRACE–2023/12/01 11:01:28:4475| 0| COM83| R | CommandID     22| FA010444320D0A
2023-12-01 11:01:28.5426–TRACE–2023/12/01 11:01:28:5426| 0| COM83| S | CommandID     23| FA52020405
2023-12-01 11:01:28.5576–TRACE–2023/12/01 11:01:28:5576| 0| COM83| R | CommandID     23| FA020440130D0A
2023-12-01 11:01:28.6524–TRACE–2023/12/01 11:01:28:6524| 0| COM83| S | CommandID     24| FA52030405
2023-12-01 11:01:28.6650–TRACE–2023/12/01 11:01:28:6650| 0| COM83| R | CommandID     24| FA03040B120D0A
2023-12-01 11:01:28.7653–TRACE–2023/12/01 11:01:28:7653| 0| COM83| S | CommandID     25| FA52010501
2023-12-01 11:01:28.7911–TRACE–2023/12/01 11:01:28:7911| 0| COM83| R | CommandID     25| FA010401100D0A
2023-12-01 11:01:28.8802–TRACE–2023/12/01 11:01:28:8802| 0| COM83| S | CommandID     26| FA52030501
2023-12-01 11:01:28.9069–TRACE–2023/12/01 11:01:28:9069| 0| COM83| R | CommandID     26| FA0304014C0D0A
2023-12-01 11:01:28.9954–TRACE–2023/12/01 11:01:28:9953| 0| COM83| S | CommandID     27| FA52020501
2023-12-01 11:01:29.0119–TRACE–2023/12/01 11:01:29:0119| 0| COM83| R | CommandID     27| FA0204014C0D0A
2023-12-01 11:01:29.5103–TRACE–2023/12/01 11:01:29:5102| 0| COM83| S | CommandID     28| FA52010405
2023-12-01 11:01:29.5259–TRACE–2023/12/01 11:01:29:5259| 0| COM83| R | CommandID     28| FA01043A280D0A
2023-12-01 11:01:29.6210–TRACE–2023/12/01 11:01:29:6210| 0| COM83| S | CommandID     29| FA52020405
2023-12-01 11:01:29.6491–TRACE–2023/12/01 11:01:29:6491| 0| COM83| R | CommandID     29| FA02042E2C0D0A
2023-12-01 11:01:29.7318–TRACE–2023/12/01 11:01:29:7317| 0| COM83| S | CommandID     30| FA52030405
2023-12-01 11:01:29.7434–TRACE–2023/12/01 11:01:29:7433| 0| COM83| R | CommandID     30| FA030419360D0A
2023-12-01 11:01:29.8435–TRACE–2023/12/01 11:01:29:8434| 0| COM83| S | CommandID     31| FA52010501
2023-12-01 11:01:29.8692–TRACE–2023/12/01 11:01:29:8691| 0| COM83| R | CommandID     31| FA010401600D0A
2023-12-01 11:01:29.9595–TRACE–2023/12/01 11:01:29:9595| 0| COM83| S | CommandID     32| FA52030501
2023-12-01 11:01:29.9843–TRACE–2023/12/01 11:01:29:9843| 0| COM83| R | CommandID     32| FA030401500D0A
2023-12-01 11:01:30.0723–TRACE–2023/12/01 11:01:30:0723| 0| COM83| S | CommandID     33| FA52020501
2023-12-01 11:01:30.0866–TRACE–2023/12/01 11:01:30:0866| 0| COM83| R | CommandID     33| FA020401580D0A
2023-12-01 11:01:30.5734–TRACE–2023/12/01 11:01:30:5733| 0| COM83| S | CommandID     34| FA52010405
2023-12-01 11:01:30.5865–TRACE–2023/12/01 11:01:30:5865| 0| COM83| R | CommandID     34| FA01041F130D0A
2023-12-01 11:01:30.6824–TRACE–2023/12/01 11:01:30:6823| 0| COM83| S | CommandID     35| FA52020405
2023-12-01 11:01:30.6979–TRACE–2023/12/01 11:01:30:6979| 0| COM83| R | CommandID     35| FA020446260D0A
2023-12-01 11:01:30.7929–TRACE–2023/12/01 11:01:30:7929| 0| COM83| S | CommandID     36| FA52030405
2023-12-01 11:01:30.8067–TRACE–2023/12/01 11:01:30:8067| 0| COM83| R | CommandID     36| FA030422440D0A
2023-12-01 11:01:30.8986–TRACE–2023/12/01 11:01:30:8986| 0| COM83| S | CommandID     37| FA52010501
2023-12-01 11:01:30.9153–TRACE–2023/12/01 11:01:30:9153| 0| COM83| R | CommandID     37| FA010401100D0A
2023-12-01 11:01:31.0083–TRACE–2023/12/01 11:01:31:0083| 0| COM83| S | CommandID     38| FA52030501
2023-12-01 11:01:31.0244–TRACE–2023/12/01 11:01:31:0244| 0| COM83| R | CommandID     38| FA030405180D0A
2023-12-01 11:01:31.1186–TRACE–2023/12/01 11:01:31:1186| 0| COM83| S | CommandID     39| FA52020501
2023-12-01 11:01:31.1332–TRACE–2023/12/01 11:01:31:1332| 0| COM83| R | CommandID     39| FA0204015C0D0A
2023-12-01 11:01:31.6362–TRACE–2023/12/01 11:01:31:6362| 0| COM83| S | CommandID     40| FA52010405
2023-12-01 11:01:31.6717–TRACE–2023/12/01 11:01:31:6717| 0| COM83| R | CommandID     40| FA01042C0B0D0A
2023-12-01 11:01:31.7466–TRACE–2023/12/01 11:01:31:7466| 0| COM83| S | CommandID     41| FA52020405
2023-12-01 11:01:31.7604–TRACE–2023/12/01 11:01:31:7604| 0| COM83| R | CommandID     41| FA0204232F0D0A
2023-12-01 11:01:31.8573–TRACE–2023/12/01 11:01:31:8573| 0| COM83| S | CommandID     42| FA52030405
2023-12-01 11:01:31.8838–TRACE–2023/12/01 11:01:31:8838| 0| COM83| R | CommandID     42| FA030417100D0A
2023-12-01 11:01:31.9640–TRACE–2023/12/01 11:01:31:9640| 0| COM83| S | CommandID     43| FA52010501
2023-12-01 11:01:31.9782–TRACE–2023/12/01 11:01:31:9782| 0| COM83| R | CommandID     43| FA010401380D0A
2023-12-01 11:01:32.0738–TRACE–2023/12/01 11:01:32:0738| 0| COM83| S | CommandID     44| FA52030501
2023-12-01 11:01:32.0879–TRACE–2023/12/01 11:01:32:0879| 0| COM83| R | CommandID     44| FA030401580D0A
2023-12-01 11:01:32.1845–TRACE–2023/12/01 11:01:32:1845| 0| COM83| S | CommandID     45| FA52020501
2023-12-01 11:01:32.2121–TRACE–2023/12/01 11:01:32:2121| 0| COM83| R | CommandID     45| FA020401200D0A
2023-12-01 11:01:32.6963–TRACE–2023/12/01 11:01:32:6963| 0| COM83| S | CommandID     46| FA52010405
2023-12-01 11:01:32.7118–TRACE–2023/12/01 11:01:32:7118| 0| COM83| R | CommandID     46| FA01040A100D0A
2023-12-01 11:01:32.8052–TRACE–2023/12/01 11:01:32:8052| 0| COM83| S | CommandID     47| FA52020405
2023-12-01 11:01:32.8229–TRACE–2023/12/01 11:01:32:8229| 0| COM83| R | CommandID     47| FA02040E480D0A
2023-12-01 11:01:32.9198–TRACE–2023/12/01 11:01:32:9197| 0| COM83| S | CommandID     48| FA52030405
2023-12-01 11:01:32.9404–TRACE–2023/12/01 11:01:32:9404| 0| COM83| R | CommandID     48| FA0304143D0D0A
2023-12-01 11:01:33.0326–TRACE–2023/12/01 11:01:33:0326| 0| COM83| S | CommandID     49| FA52010501
2023-12-01 11:01:33.0582–TRACE–2023/12/01 11:01:33:0582| 0| COM83| R | CommandID     49| FA010401400D0A
2023-12-01 11:01:33.1333–TRACE–2023/12/01 11:01:33:1333| 0| COM83| S | CommandID     50| FA52030501
2023-12-01 11:01:33.1500–TRACE–2023/12/01 11:01:33:1500| 0| COM83| R | CommandID     50| FA030401400D0A
2023-12-01 11:01:33.2494–TRACE–2023/12/01 11:01:33:2493| 0| COM83| S | CommandID     51| FA52020501
2023-12-01 11:01:33.2797–TRACE–2023/12/01 11:01:33:2797| 0| COM83| R | CommandID     51| FA0204015C0D0A
2023-12-01 11:01:33.7502–TRACE–2023/12/01 11:01:33:7502| 0| COM83| S | CommandID     52| FA52010405
2023-12-01 11:01:33.7785–TRACE–2023/12/01 11:01:33:7784| 0| COM83| R | CommandID     52| FA010415140D0A
2023-12-01 11:01:33.8519–TRACE–2023/12/01 11:01:33:8519| 0| COM83| S | CommandID     53| FA52020405
2023-12-01 11:01:33.8686–TRACE–2023/12/01 11:01:33:8685| 0| COM83| R | CommandID     53| FA0204444B0D0A
2023-12-01 11:01:33.9664–TRACE–2023/12/01 11:01:33:9664| 0| COM83| S | CommandID     54| FA52030405
2023-12-01 11:01:33.9930–TRACE–2023/12/01 11:01:33:9930| 0| COM83| R | CommandID     54| FA0304423D0D0A
2023-12-01 11:01:34.0804–TRACE–2023/12/01 11:01:34:0804| 0| COM83| S | CommandID     55| FA52010501
2023-12-01 11:01:34.1067–TRACE–2023/12/01 11:01:34:1067| 0| COM83| R | CommandID     55| FA010405380D0A
2023-12-01 11:01:34.1808–TRACE–2023/12/01 11:01:34:1807| 0| COM83| S | CommandID     56| FA52030501
2023-12-01 11:01:34.1966–TRACE–2023/12/01 11:01:34:1966| 0| COM83| R | CommandID     56| FA0304012C0D0A
2023-12-01 11:01:34.3103–TRACE–2023/12/01 11:01:34:3102| 0| COM83| S | CommandID     57| FA52020501
2023-12-01 11:01:34.3911–TRACE–2023/12/01 11:01:34:3911| 0| COM83| R | CommandID     57| FA020401440D0A
2023-12-01 11:01:34.8122–TRACE–2023/12/01 11:01:34:8122| 0| COM83| S | CommandID     58| FA52010405
2023-12-01 11:01:34.8369–TRACE–2023/12/01 11:01:34:8369| 0| COM83| R | CommandID     58| FA010440300D0A
2023-12-01 11:01:34.9281–TRACE–2023/12/01 11:01:34:9281| 0| COM83| S | CommandID     59| FA52020405
2023-12-01 11:01:34.9498–TRACE–2023/12/01 11:01:34:9498| 0| COM83| R | CommandID     59| FA020431420D0A
2023-12-01 11:01:35.0426–TRACE–2023/12/01 11:01:35:0426| 0| COM83| S | CommandID     60| FA52030405
2023-12-01 11:01:35.0582–TRACE–2023/12/01 11:01:35:0582| 0| COM83| R | CommandID     60| FA030422320D0A
2023-12-01 11:01:35.1583–TRACE–2023/12/01 11:01:35:1582| 0| COM83| S | CommandID     61| FA52010501
2023-12-01 11:01:35.1822–TRACE–2023/12/01 11:01:35:1822| 0| COM83| R | CommandID     61| FA010401540D0A
2023-12-01 11:01:35.2686–TRACE–2023/12/01 11:01:35:2686| 0| COM83| S | CommandID     62| FA52030501
2023-12-01 11:01:35.2959–TRACE–2023/12/01 11:01:35:2959| 0| COM83| R | CommandID     62| FA030401580D0A
2023-12-01 11:01:35.3752–TRACE–2023/12/01 11:01:35:3752| 0| COM83| S | CommandID     63| FA52020501
2023-12-01 11:01:35.4031–TRACE–2023/12/01 11:01:35:4031| 0| COM83| R | CommandID     63| FA020401200D0A
2023-12-01 11:01:35.8909–TRACE–2023/12/01 11:01:35:8908| 0| COM83| S | CommandID     64| FA52010405
2023-12-01 11:01:35.9175–TRACE–2023/12/01 11:01:35:9175| 0| COM83| R | CommandID     64| FA0104422B0D0A
2023-12-01 11:01:35.9967–TRACE–2023/12/01 11:01:35:9967| 0| COM83| S | CommandID     65| FA52020405
2023-12-01 11:01:36.0091–TRACE–2023/12/01 11:01:36:0091| 0| COM83| R | CommandID     65| FA020449240D0A
2023-12-01 11:01:36.1071–TRACE–2023/12/01 11:01:36:1071| 0| COM83| S | CommandID     66| FA52030405
2023-12-01 11:01:36.1193–TRACE–2023/12/01 11:01:36:1193| 0| COM83| R | CommandID     66| FA030422390D0A
2023-12-01 11:01:36.2125–TRACE–2023/12/01 11:01:36:2125| 0| COM83| S | CommandID     67| FA52010501
2023-12-01 11:01:36.2271–TRACE–2023/12/01 11:01:36:2271| 0| COM83| R | CommandID     67| FA0104012C0D0A
2023-12-01 11:01:36.3910–TRACE–2023/12/01 11:01:36:3910| 0| COM83| S | CommandID     68| FA52030501
2023-12-01 11:01:36.4236–TRACE–2023/12/01 11:01:36:4236| 0| COM83| R | CommandID     68| FA030401540D0A
2023-12-01 11:01:36.5928–TRACE–2023/12/01 11:01:36:5928| 0| COM83| S | CommandID     69| FA52020501
2023-12-01 11:01:36.6221–TRACE–2023/12/01 11:01:36:6221| 0| COM83| R | CommandID     69| FA020401200D0A
2023-12-01 11:01:37.1058–TRACE–2023/12/01 11:01:37:1057| 0| COM83| S | CommandID     70| FA52010405
2023-12-01 11:01:37.1368–TRACE–2023/12/01 11:01:37:1368| 0| COM83| R | CommandID     70| FA010419500D0A
2023-12-01 11:01:37.2169–TRACE–2023/12/01 11:01:37:2168| 0| COM83| S | CommandID     71| FA52020405
2023-12-01 11:01:37.2448–TRACE–2023/12/01 11:01:37:2448| 0| COM83| R | CommandID     71| FA020430270D0A
2023-12-01 11:01:37.3230–TRACE–2023/12/01 11:01:37:3230| 0| COM83| S | CommandID     72| FA52030405
2023-12-01 11:01:37.3388–TRACE–2023/12/01 11:01:37:3388| 0| COM83| R | CommandID     72| FA0304100D0D0A
2023-12-01 11:01:37.4324–TRACE–2023/12/01 11:01:37:4323| 0| COM83| S | CommandID     73| FA52010501
2023-12-01 11:01:37.4461–TRACE–2023/12/01 11:01:37:4461| 0| COM83| R | CommandID     73| FA010401040D0A
2023-12-01 11:01:37.5445–TRACE–2023/12/01 11:01:37:5444| 0| COM83| S | CommandID     74| FA52030501
2023-12-01 11:01:37.5731–TRACE–2023/12/01 11:01:37:5731| 0| COM83| R | CommandID     74| FA0304010C0D0A
2023-12-01 11:01:37.6544–TRACE–2023/12/01 11:01:37:6544| 0| COM83| S | CommandID     75| FA52020501
2023-12-01 11:01:37.6806–TRACE–2023/12/01 11:01:37:6806| 0| COM83| R | CommandID     75| FA020401540D0A
2023-12-01 11:01:38.1655–TRACE–2023/12/01 11:01:38:1655| 0| COM83| S | CommandID     76| FA52010405
2023-12-01 11:01:38.2014–TRACE–2023/12/01 11:01:38:2014| 0| COM83| R | CommandID     76| FA0104242D0D0A
2023-12-01 11:01:38.2743–TRACE–2023/12/01 11:01:38:2743| 0| COM83| S | CommandID     77| FA52020405
2023-12-01 11:01:38.2908–TRACE–2023/12/01 11:01:38:2908| 0| COM83| R | CommandID     77| FA02041A200D0A
2023-12-01 11:01:38.3871–TRACE–2023/12/01 11:01:38:3871| 0| COM83| S | CommandID     78| FA52030405
2023-12-01 11:01:38.4166–TRACE–2023/12/01 11:01:38:4165| 0| COM83| R | CommandID     78| FA03044B270D0A
2023-12-01 11:01:38.4988–TRACE–2023/12/01 11:01:38:4988| 0| COM83| S | CommandID     79| FA52010501
2023-12-01 11:01:38.5242–TRACE–2023/12/01 11:01:38:5242| 0| COM83| R | CommandID     79| FA010401580D0A
2023-12-01 11:01:38.6055–TRACE–2023/12/01 11:01:38:6055| 0| COM83| S | CommandID     80| FA52030501
2023-12-01 11:01:38.6342–TRACE–2023/12/01 11:01:38:6342| 0| COM83| R | CommandID     80| FA030401000D0A
2023-12-01 11:01:38.7164–TRACE–2023/12/01 11:01:38:7163| 0| COM83| S | CommandID     81| FA52020501
2023-12-01 11:01:38.7449–TRACE–2023/12/01 11:01:38:7449| 0| COM83| R | CommandID     81| FA020401080D0A
2023-12-01 11:01:39.2278–TRACE–2023/12/01 11:01:39:2278| 0| COM83| S | CommandID     82| FA52010405
2023-12-01 11:01:39.2426–TRACE–2023/12/01 11:01:39:2426| 0| COM83| R | CommandID     82| FA01043E310D0A
2023-12-01 11:01:39.3376–TRACE–2023/12/01 11:01:39:3376| 0| COM83| S | CommandID     83| FA52020405
2023-12-01 11:01:39.3522–TRACE–2023/12/01 11:01:39:3522| 0| COM83| R | CommandID     83| FA0204343D0D0A
2023-12-01 11:01:39.4473–TRACE–2023/12/01 11:01:39:4473| 0| COM83| S | CommandID     84| FA52030405
2023-12-01 11:01:39.4640–TRACE–2023/12/01 11:01:39:4639| 0| COM83| R | CommandID     84| FA03043B420D0A
2023-12-01 11:01:39.5571–TRACE–2023/12/01 11:01:39:5571| 0| COM83| S | CommandID     85| FA52010501
2023-12-01 11:01:39.5707–TRACE–2023/12/01 11:01:39:5707| 0| COM83| R | CommandID     85| FA010405340D0A
2023-12-01 11:01:39.6687–TRACE–2023/12/01 11:01:39:6687| 0| COM83| S | CommandID     86| FA52030501
2023-12-01 11:01:39.6814–TRACE–2023/12/01 11:01:39:6814| 0| COM83| R | CommandID     86| FA030401200D0A
2023-12-01 11:01:39.7784–TRACE–2023/12/01 11:01:39:7784| 0| COM83| S | CommandID     87| FA52020501
2023-12-01 11:01:39.7909–TRACE–2023/12/01 11:01:39:7909| 0| COM83| R | CommandID     87| FA020401440D0A
2023-12-01 11:01:40.2898–TRACE–2023/12/01 11:01:40:2898| 0| COM83| S | CommandID     88| FA52010405
2023-12-01 11:01:40.3084–TRACE–2023/12/01 11:01:40:3084| 0| COM83| R | CommandID     88| FA010449460D0A
2023-12-01 11:01:40.3905–TRACE–2023/12/01 11:01:40:3905| 0| COM83| S | CommandID     89| FA52020405
2023-12-01 11:01:40.4172–TRACE–2023/12/01 11:01:40:4172| 0| COM83| R | CommandID     89| FA0204103F0D0A
2023-12-01 11:01:40.4973–TRACE–2023/12/01 11:01:40:4973| 0| COM83| S | CommandID     90| FA52030405
2023-12-01 11:01:40.5097–TRACE–2023/12/01 11:01:40:5096| 0| COM83| R | CommandID     90| FA030427110D0A
2023-12-01 11:01:40.6058–TRACE–2023/12/01 11:01:40:6057| 0| COM83| S | CommandID     91| FA52010501
2023-12-01 11:01:40.6366–TRACE–2023/12/01 11:01:40:6365| 0| COM83| R | CommandID     91| FA010401340D0A
2023-12-01 11:01:40.7121–TRACE–2023/12/01 11:01:40:7121| 0| COM83| S | CommandID     92| FA52030501
2023-12-01 11:01:40.7288–TRACE–2023/12/01 11:01:40:7288| 0| COM83| R | CommandID     92| FA030401400D0A
2023-12-01 11:01:40.8204–TRACE–2023/12/01 11:01:40:8204| 0| COM83| S | CommandID     93| FA52020501
2023-12-01 11:01:40.8365–TRACE–2023/12/01 11:01:40:8365| 0| COM83| R | CommandID     93| FA020401600D0A
2023-12-01 11:01:41.3285–TRACE–2023/12/01 11:01:41:3285| 0| COM83| S | CommandID     94| FA52010405
2023-12-01 11:01:41.3517–TRACE–2023/12/01 11:01:41:3517| 0| COM83| R | CommandID     94| FA0104162B0D0A
2023-12-01 11:01:41.4294–TRACE–2023/12/01 11:01:41:4293| 0| COM83| S | CommandID     95| FA52020405
2023-12-01 11:01:41.4458–TRACE–2023/12/01 11:01:41:4458| 0| COM83| R | CommandID     95| FA02044A290D0A
2023-12-01 11:01:41.5391–TRACE–2023/12/01 11:01:41:5391| 0| COM83| S | CommandID     96| FA52030405
2023-12-01 11:01:41.5588–TRACE–2023/12/01 11:01:41:5587| 0| COM83| R | CommandID     96| FA0304420C0D0A
2023-12-01 11:01:41.6487–TRACE–2023/12/01 11:01:41:6487| 0| COM83| S | CommandID     97| FA52010501
2023-12-01 11:01:41.6639–TRACE–2023/12/01 11:01:41:6639| 0| COM83| R | CommandID     97| FA010401440D0A
2023-12-01 11:01:41.7604–TRACE–2023/12/01 11:01:41:7603| 0| COM83| S | CommandID     98| FA52030501
2023-12-01 11:01:41.7923–TRACE–2023/12/01 11:01:41:7922| 0| COM83| R | CommandID     98| FA030401280D0A
2023-12-01 11:01:41.8713–TRACE–2023/12/01 11:01:41:8712| 0| COM83| S | CommandID     99| FA52020501
2023-12-01 11:01:41.8982–TRACE–2023/12/01 11:01:41:8981| 0| COM83| R | CommandID     99| FA020401200D0A
2023-12-01 11:01:42.3717–TRACE–2023/12/01 11:01:42:3717| 0| COM83| S | CommandID    100| FA52010405
2023-12-01 11:01:42.3997–TRACE–2023/12/01 11:01:42:3996| 0| COM83| R | CommandID    100| FA01044C200D0A
2023-12-01 11:01:42.4843–TRACE–2023/12/01 11:01:42:4842| 0| COM83| S | CommandID    101| FA52020405
2023-12-01 11:01:42.5104–TRACE–2023/12/01 11:01:42:5104| 0| COM83| R | CommandID    101| FA02043A170D0A
2023-12-01 11:01:42.6007–TRACE–2023/12/01 11:01:42:6007| 0| COM83| S | CommandID    102| FA52030405
2023-12-01 11:01:42.6260–TRACE–2023/12/01 11:01:42:6260| 0| COM83| R | CommandID    102| FA03044E110D0A
2023-12-01 11:01:42.7127–TRACE–2023/12/01 11:01:42:7127| 0| COM83| S | CommandID    103| FA52010501
2023-12-01 11:01:42.7490–TRACE–2023/12/01 11:01:42:7489| 0| COM83| R | CommandID    103| FA010401100D0A
2023-12-01 11:01:42.8242–TRACE–2023/12/01 11:01:42:8242| 0| COM83| S | CommandID    104| FA52030501
2023-12-01 11:01:42.8537–TRACE–2023/12/01 11:01:42:8537| 0| COM83| R | CommandID    104| FA0304011C0D0A
2023-12-01 11:01:42.9333–TRACE–2023/12/01 11:01:42:9332| 0| COM83| S | CommandID    105| FA52020501
2023-12-01 11:01:42.9468–TRACE–2023/12/01 11:01:42:9468| 0| COM83| R | CommandID    105| FA020401240D0A
2023-12-01 11:01:43.4355–TRACE–2023/12/01 11:01:43:4355| 0| COM83| S | CommandID    106| FA52010405
2023-12-01 11:01:43.4628–TRACE–2023/12/01 11:01:43:4627| 0| COM83| R | CommandID    106| FA01044A430D0A
2023-12-01 11:01:43.5957–TRACE–2023/12/01 11:01:43:5957| 0| COM83| S | CommandID    107| FA52020405
2023-12-01 11:01:43.6212–TRACE–2023/12/01 11:01:43:6212| 0| COM83| R | CommandID    107| FA020416330D0A
2023-12-01 11:01:43.6973–TRACE–2023/12/01 11:01:43:6973| 0| COM83| S | CommandID    108| FA52030405
2023-12-01 11:01:43.7122–TRACE–2023/12/01 11:01:43:7122| 0| COM83| R | CommandID    108| FA03042A3B0D0A
2023-12-01 11:01:43.8059–TRACE–2023/12/01 11:01:43:8059| 0| COM83| S | CommandID    109| FA52010501
2023-12-01 11:01:43.8224–TRACE–2023/12/01 11:01:43:8224| 0| COM83| R | CommandID    109| FA010401600D0A
2023-12-01 11:01:43.9163–TRACE–2023/12/01 11:01:43:9163| 0| COM83| S | CommandID    110| FA52030501
2023-12-01 11:01:43.9313–TRACE–2023/12/01 11:01:43:9313| 0| COM83| R | CommandID    110| FA030401440D0A
2023-12-01 11:01:44.0270–TRACE–2023/12/01 11:01:44:0270| 0| COM83| S | CommandID    111| FA52020501
2023-12-01 11:01:44.0440–TRACE–2023/12/01 11:01:44:0440| 0| COM83| R | CommandID    111| FA0204013C0D0A
2023-12-01 11:01:44.5424–TRACE–2023/12/01 11:01:44:5424| 0| COM83| S | CommandID    112| FA52010405
2023-12-01 11:01:44.5733–TRACE–2023/12/01 11:01:44:5733| 0| COM83| R | CommandID    112| FA010421250D0A
2023-12-01 11:01:44.6490–TRACE–2023/12/01 11:01:44:6490| 0| COM83| S | CommandID    113| FA52020405
2023-12-01 11:01:44.6662–TRACE–2023/12/01 11:01:44:6662| 0| COM83| R | CommandID    113| FA02044C120D0A
2023-12-01 11:01:44.7587–TRACE–2023/12/01 11:01:44:7587| 0| COM83| S | CommandID    114| FA52030405
2023-12-01 11:01:44.7741–TRACE–2023/12/01 11:01:44:7741| 0| COM83| R | CommandID    114| FA03043A410D0A
2023-12-01 11:01:44.8705–TRACE–2023/12/01 11:01:44:8705| 0| COM83| S | CommandID    115| FA52010501
2023-12-01 11:01:44.8840–TRACE–2023/12/01 11:01:44:8840| 0| COM83| R | CommandID    115| FA010401440D0A
2023-12-01 11:01:44.9802–TRACE–2023/12/01 11:01:44:9802| 0| COM83| S | CommandID    116| FA52030501
2023-12-01 11:01:45.0085–TRACE–2023/12/01 11:01:45:0085| 0| COM83| R | CommandID    116| FA030401080D0A
2023-12-01 11:01:45.0929–TRACE–2023/12/01 11:01:45:0929| 0| COM83| S | CommandID    117| FA52020501
2023-12-01 11:01:45.1181–TRACE–2023/12/01 11:01:45:1180| 0| COM83| R | CommandID    117| FA0204014C0D0A
2023-12-01 11:01:45.5933–TRACE–2023/12/01 11:01:45:5933| 0| COM83| S | CommandID    118| FA52010405
2023-12-01 11:01:45.6200–TRACE–2023/12/01 11:01:45:6200| 0| COM83| R | CommandID    118| FA010421460D0A
2023-12-01 11:01:45.6963–TRACE–2023/12/01 11:01:45:6963| 0| COM83| S | CommandID    119| FA52020405
2023-12-01 11:01:45.7119–TRACE–2023/12/01 11:01:45:7119| 0| COM83| R | CommandID    119| FA0204481F0D0A
2023-12-01 11:01:45.8055–TRACE–2023/12/01 11:01:45:8055| 0| COM83| S | CommandID    120| FA52030405
2023-12-01 11:01:45.8207–TRACE–2023/12/01 11:01:45:8207| 0| COM83| R | CommandID    120| FA03040B390D0A
2023-12-01 11:01:45.9152–TRACE–2023/12/01 11:01:45:9152| 0| COM83| S | CommandID    121| FA52010501
2023-12-01 11:01:45.9306–TRACE–2023/12/01 11:01:45:9305| 0| COM83| R | CommandID    121| FA010401500D0A
2023-12-01 11:01:46.0231–TRACE–2023/12/01 11:01:46:0231| 0| COM83| S | CommandID    122| FA52030501
2023-12-01 11:01:46.0401–TRACE–2023/12/01 11:01:46:0401| 0| COM83| R | CommandID    122| FA030401400D0A
2023-12-01 11:01:46.1357–TRACE–2023/12/01 11:01:46:1357| 0| COM83| S | CommandID    123| FA52020501
2023-12-01 11:01:46.1662–TRACE–2023/12/01 11:01:46:1662| 0| COM83| R | CommandID    123| FA020401280D0A
2023-12-01 11:01:46.6377–TRACE–2023/12/01 11:01:46:6376| 0| COM83| S | CommandID    124| FA52010405
2023-12-01 11:01:46.6726–TRACE–2023/12/01 11:01:46:6725| 0| COM83| R | CommandID    124| FA01042C190D0A
2023-12-01 11:01:46.7512–TRACE–2023/12/01 11:01:46:7512| 0| COM83| S | CommandID    125| FA52020405
2023-12-01 11:01:46.7761–TRACE–2023/12/01 11:01:46:7761| 0| COM83| R | CommandID    125| FA020437460D0A
2023-12-01 11:01:46.8519–TRACE–2023/12/01 11:01:46:8519| 0| COM83| S | CommandID    126| FA52030405
2023-12-01 11:01:46.8685–TRACE–2023/12/01 11:01:46:8685| 0| COM83| R | CommandID    126| FA03042F430D0A
2023-12-01 11:01:46.9666–TRACE–2023/12/01 11:01:46:9666| 0| COM83| S | CommandID    127| FA52010501
2023-12-01 11:01:46.9917–TRACE–2023/12/01 11:01:46:9917| 0| COM83| R | CommandID    127| FA010401200D0A
2023-12-01 11:01:47.0833–TRACE–2023/12/01 11:01:47:0833| 0| COM83| S | CommandID    128| FA52030501
2023-12-01 11:01:47.1109–TRACE–2023/12/01 11:01:47:1108| 0| COM83| R | CommandID    128| FA030401240D0A
2023-12-01 11:01:47.1958–TRACE–2023/12/01 11:01:47:1958| 0| COM83| S | CommandID    129| FA52020501
2023-12-01 11:01:47.2365–TRACE–2023/12/01 11:01:47:2365| 0| COM83| R | CommandID    129| FA020401400D0A
2023-12-01 11:01:47.7118–TRACE–2023/12/01 11:01:47:7118| 0| COM83| S | CommandID    130| FA52010405
2023-12-01 11:01:47.7284–TRACE–2023/12/01 11:01:47:7284| 0| COM83| R | CommandID    130| FA01042B460D0A
2023-12-01 11:01:47.8205–TRACE–2023/12/01 11:01:47:8205| 0| COM83| S | CommandID    131| FA52020405
2023-12-01 11:01:47.8374–TRACE–2023/12/01 11:01:47:8374| 0| COM83| R | CommandID    131| FA0204130F0D0A
2023-12-01 11:01:47.9352–TRACE–2023/12/01 11:01:47:9352| 0| COM83| S | CommandID    132| FA52030405
2023-12-01 11:01:47.9618–TRACE–2023/12/01 11:01:47:9618| 0| COM83| R | CommandID    132| FA0304474E0D0A
2023-12-01 11:01:48.0479–TRACE–2023/12/01 11:01:48:0479| 0| COM83| S | CommandID    133| FA52010501
2023-12-01 11:01:48.0762–TRACE–2023/12/01 11:01:48:0762| 0| COM83| R | CommandID    133| FA010401080D0A
2023-12-01 11:01:48.1636–TRACE–2023/12/01 11:01:48:1636| 0| COM83| S | CommandID    134| FA52030501
2023-12-01 11:01:48.2042–TRACE–2023/12/01 11:01:48:2041| 0| COM83| R | CommandID    134| FA0304011C0D0A
2023-12-01 11:01:48.2740–TRACE–2023/12/01 11:01:48:2740| 0| COM83| S | CommandID    135| FA52020501
2023-12-01 11:01:48.2909–TRACE–2023/12/01 11:01:48:2909| 0| COM83| R | CommandID    135| FA020401040D0A
2023-12-01 11:01:48.7747–TRACE–2023/12/01 11:01:48:7747| 0| COM83| S | CommandID    136| FA52010405
2023-12-01 11:01:48.7893–TRACE–2023/12/01 11:01:48:7893| 0| COM83| R | CommandID    136| FA01041B250D0A
2023-12-01 11:01:48.8832–TRACE–2023/12/01 11:01:48:8832| 0| COM83| S | CommandID    137| FA52020405
2023-12-01 11:01:48.8999–TRACE–2023/12/01 11:01:48:8999| 0| COM83| R | CommandID    137| FA0204241D0D0A
2023-12-01 11:01:48.9979–TRACE–2023/12/01 11:01:48:9979| 0| COM83| S | CommandID    138| FA52030405
2023-12-01 11:01:49.0233–TRACE–2023/12/01 11:01:49:0233| 0| COM83| R | CommandID    138| FA03043E2F0D0A
2023-12-01 11:01:49.1116–TRACE–2023/12/01 11:01:49:1116| 0| COM83| S | CommandID    139| FA52010501
2023-12-01 11:01:49.1559–TRACE–2023/12/01 11:01:49:1559| 0| COM83| R | CommandID    139| FA010401080D0A
2023-12-01 11:01:49.2273–TRACE–2023/12/01 11:01:49:2273| 0| COM83| S | CommandID    140| FA52030501
2023-12-01 11:01:49.2439–TRACE–2023/12/01 11:01:49:2439| 0| COM83| R | CommandID    140| FA0304013C0D0A
2023-12-01 11:01:49.3394–TRACE–2023/12/01 11:01:49:3394| 0| COM83| S | CommandID    141| FA52020501
2023-12-01 11:01:49.3701–TRACE–2023/12/01 11:01:49:3701| 0| COM83| R | CommandID    141| FA020401380D0A
2023-12-01 11:35:12.6474–TRACE–– Start Custom script schedule.
2023-12-01 11:35:12.6508–TRACE–- Currently on iteration : 0
2023-12-01 11:35:12.6508–TRACE–– Enter A-0 step.
2023-12-01 11:35:12.6508–TRACE–- A-1 initial
2023-12-01 11:35:12.6508–TRACE–2023/12/01 11:35:12:6606| 0| COM83| S | CommandID      0| FA57000201
2023-12-01 11:35:12.6724–TRACE–2023/12/01 11:35:12:6724| 0| COM83| R | CommandID      0| C30D0A
2023-12-01 11:35:17.6666–TRACE–- A-1 進入偵測階段
2023-12-01 11:35:17.6666–TRACE–2023/12/01 11:35:17:6706| 0| COM83| S | CommandID      1| FA52010002
2023-12-01 11:35:17.6965–TRACE–2023/12/01 11:35:17:6965| 0| COM83| R | CommandID      1| FA010403040D0A
2023-12-01 11:35:17.6965–TRACE–2023/12/01 11:35:17:6985| 0| COM83| S | CommandID      2| FA52020002
2023-12-01 11:35:17.7132–TRACE–2023/12/01 11:35:17:7132| 0| COM83| R | CommandID      2| FA020403040D0A
2023-12-01 11:35:17.7132–TRACE–2023/12/01 11:35:17:7152| 0| COM83| S | CommandID      3| FA52030002
2023-12-01 11:35:17.7319–TRACE–2023/12/01 11:35:17:7319| 0| COM83| R | CommandID      3| FA030403040D0A
2023-12-01 11:35:17.7319–TRACE–2023/12/01 11:35:17:7335| 0| COM83| S | CommandID      4| FA52010001
2023-12-01 11:35:17.7589–TRACE–2023/12/01 11:35:17:7589| 0| COM83| R | CommandID      4| FA010401020D0A
2023-12-01 11:35:17.7589–TRACE–2023/12/01 11:35:17:7608| 0| COM83| S | CommandID      5| FA52020001
2023-12-01 11:35:17.7809–TRACE–2023/12/01 11:35:17:7809| 0| COM83| R | CommandID      5| FA020401020D0A
2023-12-01 11:35:17.7809–TRACE–2023/12/01 11:35:17:7828| 0| COM83| S | CommandID      6| FA52030001
2023-12-01 11:35:17.8105–TRACE–2023/12/01 11:35:17:8105| 0| COM83| R | CommandID      6| FA030401020D0A
2023-12-01 11:35:17.8105–TRACE–2023/12/01 11:35:17:8133| 0| COM83| S | CommandID      7| FA52010401
2023-12-01 11:35:17.8364–TRACE–2023/12/01 11:35:17:8363| 0| COM83| R | CommandID      7| FA010A0101020304050607080D0A
2023-12-01 11:35:17.8364–TRACE–2023/12/01 11:35:17:8384| 0| COM83| S | CommandID      8| FA52020401
2023-12-01 11:35:17.8533–TRACE–2023/12/01 11:35:17:8533| 0| COM83| R | CommandID      8| FA020A0101020304050607080D0A
2023-12-01 11:35:17.8533–TRACE–2023/12/01 11:35:17:8561| 0| COM83| S | CommandID      9| FA52030401
2023-12-01 11:35:17.8703–TRACE–2023/12/01 11:35:17:8702| 0| COM83| R | CommandID      9| FA030A0101020304050607080D0A
2023-12-01 11:35:17.8703–TRACE–2023/12/01 11:35:17:8723| 0| COM83| S | CommandID     10| FA52010101
2023-12-01 11:35:17.8842–TRACE–2023/12/01 11:35:17:8842| 0| COM83| R | CommandID     10| FA0103640D0A
2023-12-01 11:35:17.8842–TRACE–2023/12/01 11:35:17:8863| 0| COM83| S | CommandID     11| FA52020101
2023-12-01 11:35:17.9044–TRACE–2023/12/01 11:35:17:9044| 0| COM83| R | CommandID     11| FA0203640D0A
2023-12-01 11:35:17.9044–TRACE–2023/12/01 11:35:17:9060| 0| COM83| S | CommandID     12| FA52030101
2023-12-01 11:35:17.9300–TRACE–2023/12/01 11:35:17:9300| 0| COM83| R | CommandID     12| FA0303640D0A
2023-12-01 11:35:17.9300–TRACE–2023/12/01 11:35:17:9317| 0| COM83| S | CommandID     13| FA52010402
2023-12-01 11:35:17.9481–TRACE–2023/12/01 11:35:17:9481| 0| COM83| R | CommandID     13| FA010400870D0A
2023-12-01 11:35:17.9481–TRACE–2023/12/01 11:35:17:9497| 0| COM83| S | CommandID     14| FA52020402
2023-12-01 11:35:17.9644–TRACE–2023/12/01 11:35:17:9644| 0| COM83| R | CommandID     14| FA020400890D0A
2023-12-01 11:35:17.9644–TRACE–2023/12/01 11:35:17:9659| 0| COM83| S | CommandID     15| FA52030402
2023-12-01 11:35:17.9788–TRACE–2023/12/01 11:35:17:9788| 0| COM83| R | CommandID     15| FA030400850D0A
2023-12-01 11:35:17.9944–TRACE–2023/12/01 11:35:17:9944| 0| COM83| S | CommandID     16| FA52010403
2023-12-01 11:35:18.0251–TRACE–2023/12/01 11:35:18:0250| 0| COM83| R | CommandID     16| FA01054155550D0A
2023-12-01 11:35:18.0251–TRACE–2023/12/01 11:35:18:0281| 0| COM83| S | CommandID     17| FA52020403
2023-12-01 11:35:18.0447–TRACE–2023/12/01 11:35:18:0446| 0| COM83| R | CommandID     17| FA02054159550D0A
2023-12-01 11:35:18.0447–TRACE–2023/12/01 11:35:18:0467| 0| COM83| S | CommandID     18| FA52030403
2023-12-01 11:35:18.0703–TRACE–2023/12/01 11:35:18:0702| 0| COM83| R | CommandID     18| FA03054157550D0A
2023-12-01 11:35:18.0703–TRACE–2023/12/01 11:35:18:0727| 0| COM83| S | CommandID     19| FA52010404
2023-12-01 11:35:18.0907–TRACE–2023/12/01 11:35:18:0907| 0| COM83| R | CommandID     19| FA01034B0D0A
2023-12-01 11:35:18.0907–TRACE–2023/12/01 11:35:18:0937| 0| COM83| S | CommandID     20| FA52020404
2023-12-01 11:35:18.1178–TRACE–2023/12/01 11:35:18:1178| 0| COM83| R | CommandID     20| FA02034B0D0A
2023-12-01 11:35:18.1178–TRACE–2023/12/01 11:35:18:1198| 0| COM83| S | CommandID     21| FA52030404
2023-12-01 11:35:18.1377–TRACE–2023/12/01 11:35:18:1377| 0| COM83| R | CommandID     21| FA03034B0D0A
2023-12-01 11:35:18.1377–TRACE–2023/12/01 11:35:18:1395| 0| COM83| S | CommandID     22| FA52010405
2023-12-01 11:35:18.1643–TRACE–2023/12/01 11:35:18:1643| 0| COM83| R | CommandID     22| FA010432450D0A
2023-12-01 11:35:18.1643–TRACE–2023/12/01 11:35:18:1665| 0| COM83| S | CommandID     23| FA52020405
2023-12-01 11:35:18.2009–TRACE–2023/12/01 11:35:18:2009| 0| COM83| R | CommandID     23| FA02042B120D0A
2023-12-01 11:35:18.2009–TRACE–2023/12/01 11:35:18:2026| 0| COM83| S | CommandID     24| FA52030405
2023-12-01 11:35:18.2312–TRACE–2023/12/01 11:35:18:2312| 0| COM83| R | CommandID     24| FA0304370C0D0A
2023-12-01 11:35:18.2312–TRACE–2023/12/01 11:35:18:2332| 0| COM83| S | CommandID     25| FA52010501
2023-12-01 11:35:18.2580–TRACE–2023/12/01 11:35:18:2580| 0| COM83| R | CommandID     25| FA0104015C0D0A
2023-12-01 11:35:18.2580–TRACE–2023/12/01 11:35:18:2605| 0| COM83| S | CommandID     26| FA52030501
2023-12-01 11:35:18.2778–TRACE–2023/12/01 11:35:18:2778| 0| COM83| R | CommandID     26| FA030401600D0A
2023-12-01 11:35:18.2778–TRACE–2023/12/01 11:35:18:2804| 0| COM83| S | CommandID     27| FA52020501
2023-12-01 11:35:18.3098–TRACE–2023/12/01 11:35:18:3097| 0| COM83| R | CommandID     27| FA020401100D0A
2023-12-01 11:36:21.1736–TRACE–– Start Custom script schedule.
2023-12-01 11:36:21.1736–TRACE–- Currently on iteration : 0
2023-12-01 11:36:21.1736–TRACE–– Enter A-0 step.
2023-12-01 11:36:21.1803–TRACE–- A-1 initial
2023-12-01 11:36:21.1803–TRACE–2023/12/01 11:36:21:1823| 0| COM83| S | CommandID      0| FA57000201
2023-12-01 11:36:21.1995–TRACE–2023/12/01 11:36:21:1995| 0| COM83| R | CommandID      0| C30D0A
2023-12-01 11:36:26.1824–TRACE–- A-1 進入偵測階段
2023-12-01 11:36:26.1824–TRACE–2023/12/01 11:36:26:1826| 0| COM83| S | CommandID      1| FA52010002
2023-12-01 11:36:26.1968–TRACE–2023/12/01 11:36:26:1967| 0| COM83| R | CommandID      1| FA010403040D0A
2023-12-01 11:36:26.1968–TRACE–2023/12/01 11:36:26:1970| 0| COM83| S | CommandID      2| FA52020002
2023-12-01 11:36:26.2132–TRACE–2023/12/01 11:36:26:2132| 0| COM83| R | CommandID      2| FA020403040D0A
2023-12-01 11:36:26.2132–TRACE–2023/12/01 11:36:26:2134| 0| COM83| S | CommandID      3| FA52030002
2023-12-01 11:36:26.2280–TRACE–2023/12/01 11:36:26:2280| 0| COM83| R | CommandID      3| FA030403040D0A
2023-12-01 11:36:26.2280–TRACE–2023/12/01 11:36:26:2283| 0| COM83| S | CommandID      4| FA52010001
2023-12-01 11:36:26.2460–TRACE–2023/12/01 11:36:26:2460| 0| COM83| R | CommandID      4| FA010401020D0A
2023-12-01 11:36:26.2460–TRACE–2023/12/01 11:36:26:2463| 0| COM83| S | CommandID      5| FA52020001
2023-12-01 11:36:26.2595–TRACE–2023/12/01 11:36:26:2595| 0| COM83| R | CommandID      5| FA020401020D0A
2023-12-01 11:36:26.2595–TRACE–2023/12/01 11:36:26:2600| 0| COM83| S | CommandID      6| FA52030001
2023-12-01 11:36:26.2739–TRACE–2023/12/01 11:36:26:2739| 0| COM83| R | CommandID      6| FA030401020D0A
2023-12-01 11:36:26.2739–TRACE–2023/12/01 11:36:26:2743| 0| COM83| S | CommandID      7| FA52010401
2023-12-01 11:36:26.2924–TRACE–2023/12/01 11:36:26:2923| 0| COM83| R | CommandID      7| FA010A0101020304050607080D0A
2023-12-01 11:36:26.2924–TRACE–2023/12/01 11:36:26:2927| 0| COM83| S | CommandID      8| FA52020401
2023-12-01 11:36:26.3058–TRACE–2023/12/01 11:36:26:3057| 0| COM83| R | CommandID      8| FA020A0101020304050607080D0A
2023-12-01 11:36:26.3058–TRACE–2023/12/01 11:36:26:3060| 0| COM83| S | CommandID      9| FA52030401
2023-12-01 11:36:26.3219–TRACE–2023/12/01 11:36:26:3219| 0| COM83| R | CommandID      9| FA030A0101020304050607080D0A
2023-12-01 11:36:26.3219–TRACE–2023/12/01 11:36:26:3221| 0| COM83| S | CommandID     10| FA52010101
2023-12-01 11:36:26.3380–TRACE–2023/12/01 11:36:26:3380| 0| COM83| R | CommandID     10| FA0103000D0A
2023-12-01 11:36:26.3380–TRACE–2023/12/01 11:36:26:3382| 0| COM83| S | CommandID     11| FA52020101
2023-12-01 11:36:26.3565–TRACE–2023/12/01 11:36:26:3565| 0| COM83| R | CommandID     11| FA0203640D0A
2023-12-01 11:36:26.3565–TRACE–2023/12/01 11:36:26:3568| 0| COM83| S | CommandID     12| FA52030101
2023-12-01 11:36:26.3686–TRACE–2023/12/01 11:36:26:3686| 0| COM83| R | CommandID     12| FA0303640D0A
2023-12-01 11:36:26.3686–TRACE–2023/12/01 11:36:26:3688| 0| COM83| S | CommandID     13| FA52010402
2023-12-01 11:36:26.3839–TRACE–2023/12/01 11:36:26:3838| 0| COM83| R | CommandID     13| FA010400850D0A
2023-12-01 11:36:26.3839–TRACE–2023/12/01 11:36:26:3841| 0| COM83| S | CommandID     14| FA52020402
2023-12-01 11:36:26.4027–TRACE–2023/12/01 11:36:26:4026| 0| COM83| R | CommandID     14| FA020400850D0A
2023-12-01 11:36:26.4027–TRACE–2023/12/01 11:36:26:4029| 0| COM83| S | CommandID     15| FA52030402
2023-12-01 11:36:26.4153–TRACE–2023/12/01 11:36:26:4153| 0| COM83| R | CommandID     15| FA030400850D0A
2023-12-01 11:36:26.4153–TRACE–2023/12/01 11:36:26:4155| 0| COM83| S | CommandID     16| FA52010403
2023-12-01 11:36:26.4323–TRACE–2023/12/01 11:36:26:4323| 0| COM83| R | CommandID     16| FA01054155550D0A
2023-12-01 11:36:26.4323–TRACE–2023/12/01 11:36:26:4328| 0| COM83| S | CommandID     17| FA52020403
2023-12-01 11:36:26.4510–TRACE–2023/12/01 11:36:26:4510| 0| COM83| R | CommandID     17| FA02054559550D0A
2023-12-01 11:36:26.4510–TRACE–2023/12/01 11:36:26:4512| 0| COM83| S | CommandID     18| FA52030403
2023-12-01 11:36:26.4627–TRACE–2023/12/01 11:36:26:4627| 0| COM83| R | CommandID     18| FA03055557550D0A
2023-12-01 11:36:26.4627–TRACE–2023/12/01 11:36:26:4629| 0| COM83| S | CommandID     19| FA52010404
2023-12-01 11:36:26.4797–TRACE–2023/12/01 11:36:26:4797| 0| COM83| R | CommandID     19| FA01034B0D0A
2023-12-01 11:36:26.4797–TRACE–2023/12/01 11:36:26:4800| 0| COM83| S | CommandID     20| FA52020404
2023-12-01 11:36:26.4990–TRACE–2023/12/01 11:36:26:4990| 0| COM83| R | CommandID     20| FA02034B0D0A
2023-12-01 11:36:26.4990–TRACE–2023/12/01 11:36:26:4992| 0| COM83| S | CommandID     21| FA52030404
2023-12-01 11:36:26.5269–TRACE–2023/12/01 11:36:26:5268| 0| COM83| R | CommandID     21| FA03034B0D0A
2023-12-01 11:36:26.5269–TRACE–2023/12/01 11:36:26:5273| 0| COM83| S | CommandID     22| FA52010405
2023-12-01 11:36:26.5412–TRACE–2023/12/01 11:36:26:5412| 0| COM83| R | CommandID     22| FA010431480D0A
2023-12-01 11:36:26.5412–TRACE–2023/12/01 11:36:26:5415| 0| COM83| S | CommandID     23| FA52020405
2023-12-01 11:36:26.5568–TRACE–2023/12/01 11:36:26:5568| 0| COM83| R | CommandID     23| FA0204373E0D0A
2023-12-01 11:36:26.5568–TRACE–2023/12/01 11:36:26:5570| 0| COM83| S | CommandID     24| FA52030405
2023-12-01 11:36:26.5783–TRACE–2023/12/01 11:36:26:5783| 0| COM83| R | CommandID     24| FA03043A0F0D0A
2023-12-01 11:36:26.5783–TRACE–2023/12/01 11:36:26:5785| 0| COM83| S | CommandID     25| FA52010501
2023-12-01 11:36:26.6042–TRACE–2023/12/01 11:36:26:6042| 0| COM83| R | CommandID     25| FA010401540D0A
2023-12-01 11:36:26.6042–TRACE–2023/12/01 11:36:26:6044| 0| COM83| S | CommandID     26| FA52030501
2023-12-01 11:36:26.6193–TRACE–2023/12/01 11:36:26:6193| 0| COM83| R | CommandID     26| FA030401340D0A
2023-12-01 11:36:26.6193–TRACE–2023/12/01 11:36:26:6196| 0| COM83| S | CommandID     27| FA52020501
2023-12-01 11:36:26.6342–TRACE–2023/12/01 11:36:26:6341| 0| COM83| R | CommandID     27| FA020401180D0A
2023-12-01 11:36:29.2938–TRACE–2023/12/01 11:36:29:2938| 0| COM83| S | CommandID     28| FA52010002
2023-12-01 11:36:29.3073–TRACE–2023/12/01 11:36:29:3073| 0| COM83| R | CommandID     28| FA010403040D0A
2023-12-01 11:36:29.3073–TRACE–2023/12/01 11:36:29:3075| 0| COM83| S | CommandID     29| FA52020002
2023-12-01 11:36:29.3223–TRACE–2023/12/01 11:36:29:3223| 0| COM83| R | CommandID     29| FA020403040D0A
2023-12-01 11:36:29.3223–TRACE–2023/12/01 11:36:29:3226| 0| COM83| S | CommandID     30| FA52030002
2023-12-01 11:36:29.3381–TRACE–2023/12/01 11:36:29:3381| 0| COM83| R | CommandID     30| FA030403040D0A
2023-12-01 11:36:29.3381–TRACE–2023/12/01 11:36:29:3383| 0| COM83| S | CommandID     31| FA52010001
2023-12-01 11:36:29.3540–TRACE–2023/12/01 11:36:29:3540| 0| COM83| R | CommandID     31| FA010401020D0A
2023-12-01 11:36:29.3540–TRACE–2023/12/01 11:36:29:3543| 0| COM83| S | CommandID     32| FA52020001
2023-12-01 11:36:29.3732–TRACE–2023/12/01 11:36:29:3732| 0| COM83| R | CommandID     32| FA020401020D0A
2023-12-01 11:36:29.3732–TRACE–2023/12/01 11:36:29:3742| 0| COM83| S | CommandID     33| FA52030001
2023-12-01 11:36:29.4012–TRACE–2023/12/01 11:36:29:4012| 0| COM83| R | CommandID     33| FA030401020D0A
2023-12-01 11:36:29.4012–TRACE–2023/12/01 11:36:29:4014| 0| COM83| S | CommandID     34| FA52010401
2023-12-01 11:36:29.4171–TRACE–2023/12/01 11:36:29:4171| 0| COM83| R | CommandID     34| FA010A0101020304050607080D0A
2023-12-01 11:36:29.4171–TRACE–2023/12/01 11:36:29:4173| 0| COM83| S | CommandID     35| FA52020401
2023-12-01 11:36:29.4306–TRACE–2023/12/01 11:36:29:4305| 0| COM83| R | CommandID     35| FA020A0101020304050607080D0A
2023-12-01 11:36:29.4306–TRACE–2023/12/01 11:36:29:4308| 0| COM83| S | CommandID     36| FA52030401
2023-12-01 11:36:29.4478–TRACE–2023/12/01 11:36:29:4478| 0| COM83| R | CommandID     36| FA030A0101020304050607080D0A
2023-12-01 11:36:29.4478–TRACE–2023/12/01 11:36:29:4480| 0| COM83| S | CommandID     37| FA52010101
2023-12-01 11:36:29.4621–TRACE–2023/12/01 11:36:29:4621| 0| COM83| R | CommandID     37| FA0103640D0A
2023-12-01 11:36:29.4621–TRACE–2023/12/01 11:36:29:4624| 0| COM83| S | CommandID     38| FA52020101
2023-12-01 11:36:29.4783–TRACE–2023/12/01 11:36:29:4783| 0| COM83| R | CommandID     38| FA0203640D0A
2023-12-01 11:36:29.4783–TRACE–2023/12/01 11:36:29:4787| 0| COM83| S | CommandID     39| FA52030101
2023-12-01 11:36:29.4944–TRACE–2023/12/01 11:36:29:4944| 0| COM83| R | CommandID     39| FA0303000D0A
2023-12-01 11:36:29.4944–TRACE–2023/12/01 11:36:29:4946| 0| COM83| S | CommandID     40| FA52010402
2023-12-01 11:36:29.5091–TRACE–2023/12/01 11:36:29:5091| 0| COM83| R | CommandID     40| FA010400890D0A
2023-12-01 11:36:29.5091–TRACE–2023/12/01 11:36:29:5095| 0| COM83| S | CommandID     41| FA52020402
2023-12-01 11:36:29.5279–TRACE–2023/12/01 11:36:29:5279| 0| COM83| R | CommandID     41| FA020400850D0A
2023-12-01 11:36:29.5279–TRACE–2023/12/01 11:36:29:5282| 0| COM83| S | CommandID     42| FA52030402
2023-12-01 11:36:29.5409–TRACE–2023/12/01 11:36:29:5409| 0| COM83| R | CommandID     42| FA030400870D0A
2023-12-01 11:36:29.5409–TRACE–2023/12/01 11:36:29:5412| 0| COM83| S | CommandID     43| FA52010403
2023-12-01 11:36:29.5562–TRACE–2023/12/01 11:36:29:5562| 0| COM83| R | CommandID     43| FA01054155550D0A
2023-12-01 11:36:29.5562–TRACE–2023/12/01 11:36:29:5565| 0| COM83| S | CommandID     44| FA52020403
2023-12-01 11:36:29.5739–TRACE–2023/12/01 11:36:29:5739| 0| COM83| R | CommandID     44| FA02054157550D0A
2023-12-01 11:36:29.5739–TRACE–2023/12/01 11:36:29:5744| 0| COM83| S | CommandID     45| FA52030403
2023-12-01 11:36:29.5870–TRACE–2023/12/01 11:36:29:5870| 0| COM83| R | CommandID     45| FA03054355550D0A
2023-12-01 11:36:29.5870–TRACE–2023/12/01 11:36:29:5872| 0| COM83| S | CommandID     46| FA52010404
2023-12-01 11:36:29.6035–TRACE–2023/12/01 11:36:29:6035| 0| COM83| R | CommandID     46| FA01034B0D0A
2023-12-01 11:36:29.6035–TRACE–2023/12/01 11:36:29:6037| 0| COM83| S | CommandID     47| FA52020404
2023-12-01 11:36:29.6185–TRACE–2023/12/01 11:36:29:6185| 0| COM83| R | CommandID     47| FA02034B0D0A
2023-12-01 11:36:29.6185–TRACE–2023/12/01 11:36:29:6187| 0| COM83| S | CommandID     48| FA52030404
2023-12-01 11:36:29.6336–TRACE–2023/12/01 11:36:29:6336| 0| COM83| R | CommandID     48| FA03034B0D0A
2023-12-01 11:36:29.6336–TRACE–2023/12/01 11:36:29:6339| 0| COM83| S | CommandID     49| FA52010405
2023-12-01 11:36:29.6510–TRACE–2023/12/01 11:36:29:6510| 0| COM83| R | CommandID     49| FA01042C390D0A
2023-12-01 11:36:29.6510–TRACE–2023/12/01 11:36:29:6512| 0| COM83| S | CommandID     50| FA52020405
2023-12-01 11:36:29.6655–TRACE–2023/12/01 11:36:29:6655| 0| COM83| R | CommandID     50| FA0204200C0D0A
2023-12-01 11:36:29.6655–TRACE–2023/12/01 11:36:29:6665| 0| COM83| S | CommandID     51| FA52030405
2023-12-01 11:36:29.6805–TRACE–2023/12/01 11:36:29:6805| 0| COM83| R | CommandID     51| FA030425500D0A
2023-12-01 11:36:29.6805–TRACE–2023/12/01 11:36:29:6807| 0| COM83| S | CommandID     52| FA52010501
2023-12-01 11:36:29.6967–TRACE–2023/12/01 11:36:29:6967| 0| COM83| R | CommandID     52| FA010401500D0A
2023-12-01 11:36:29.6967–TRACE–2023/12/01 11:36:29:6969| 0| COM83| S | CommandID     53| FA52030501
2023-12-01 11:36:29.7125–TRACE–2023/12/01 11:36:29:7124| 0| COM83| R | CommandID     53| FA0304014C0D0A
2023-12-01 11:36:29.7125–TRACE–2023/12/01 11:36:29:7127| 0| COM83| S | CommandID     54| FA52020501
2023-12-01 11:36:29.7284–TRACE–2023/12/01 11:36:29:7284| 0| COM83| R | CommandID     54| FA020401280D0A
2023-12-01 11:36:32.3511–TRACE–2023/12/01 11:36:32:3510| 0| COM83| S | CommandID     55| FA52010002
2023-12-01 11:36:32.3742–TRACE–2023/12/01 11:36:32:3742| 0| COM83| R | CommandID     55| FA010403040D0A
2023-12-01 11:36:32.3742–TRACE–2023/12/01 11:36:32:3745| 0| COM83| S | CommandID     56| FA52020002
2023-12-01 11:36:32.4012–TRACE–2023/12/01 11:36:32:4012| 0| COM83| R | CommandID     56| FA020403040D0A
2023-12-01 11:36:32.4012–TRACE–2023/12/01 11:36:32:4014| 0| COM83| S | CommandID     57| FA52030002
2023-12-01 11:36:32.4203–TRACE–2023/12/01 11:36:32:4203| 0| COM83| R | CommandID     57| FA030403040D0A
2023-12-01 11:36:32.4203–TRACE–2023/12/01 11:36:32:4205| 0| COM83| S | CommandID     58| FA52010001
2023-12-01 11:36:32.4310–TRACE–2023/12/01 11:36:32:4310| 0| COM83| R | CommandID     58| FA010401020D0A
2023-12-01 11:36:32.4310–TRACE–2023/12/01 11:36:32:4312| 0| COM83| S | CommandID     59| FA52020001
2023-12-01 11:36:32.4460–TRACE–2023/12/01 11:36:32:4460| 0| COM83| R | CommandID     59| FA020401020D0A
2023-12-01 11:36:32.4460–TRACE–2023/12/01 11:36:32:4463| 0| COM83| S | CommandID     60| FA52030001
2023-12-01 11:36:32.4672–TRACE–2023/12/01 11:36:32:4672| 0| COM83| R | CommandID     60| FA030401020D0A
2023-12-01 11:36:32.4672–TRACE–2023/12/01 11:36:32:4675| 0| COM83| S | CommandID     61| FA52010401
2023-12-01 11:36:32.4774–TRACE–2023/12/01 11:36:32:4774| 0| COM83| R | CommandID     61| FA010A0101020304050607080D0A
2023-12-01 11:36:32.4774–TRACE–2023/12/01 11:36:32:4777| 0| COM83| S | CommandID     62| FA52020401
2023-12-01 11:36:32.4952–TRACE–2023/12/01 11:36:32:4952| 0| COM83| R | CommandID     62| FA020A0101020304050607080D0A
2023-12-01 11:36:32.4952–TRACE–2023/12/01 11:36:32:4980| 0| COM83| S | CommandID     63| FA52030401
2023-12-01 11:36:32.5096–TRACE–2023/12/01 11:36:32:5095| 0| COM83| R | CommandID     63| FA030A0101020304050607080D0A
2023-12-01 11:36:32.5096–TRACE–2023/12/01 11:36:32:5098| 0| COM83| S | CommandID     64| FA52010101
2023-12-01 11:36:32.5274–TRACE–2023/12/01 11:36:32:5274| 0| COM83| R | CommandID     64| FA0103640D0A
2023-12-01 11:36:32.5274–TRACE–2023/12/01 11:36:32:5276| 0| COM83| S | CommandID     65| FA52020101
2023-12-01 11:36:32.5428–TRACE–2023/12/01 11:36:32:5428| 0| COM83| R | CommandID     65| FA0203640D0A
2023-12-01 11:36:32.5428–TRACE–2023/12/01 11:36:32:5434| 0| COM83| S | CommandID     66| FA52030101
2023-12-01 11:36:32.5613–TRACE–2023/12/01 11:36:32:5613| 0| COM83| R | CommandID     66| FA0303640D0A
2023-12-01 11:36:32.5613–TRACE–2023/12/01 11:36:32:5616| 0| COM83| S | CommandID     67| FA52010402
2023-12-01 11:36:32.5864–TRACE–2023/12/01 11:36:32:5864| 0| COM83| R | CommandID     67| FA010400890D0A
2023-12-01 11:36:32.5864–TRACE–2023/12/01 11:36:32:5867| 0| COM83| S | CommandID     68| FA52020402
2023-12-01 11:36:32.6037–TRACE–2023/12/01 11:36:32:6037| 0| COM83| R | CommandID     68| FA020400870D0A
2023-12-01 11:36:32.6037–TRACE–2023/12/01 11:36:32:6039| 0| COM83| S | CommandID     69| FA52030402
2023-12-01 11:36:32.6186–TRACE–2023/12/01 11:36:32:6186| 0| COM83| R | CommandID     69| FA030400850D0A
2023-12-01 11:36:32.6186–TRACE–2023/12/01 11:36:32:6188| 0| COM83| S | CommandID     70| FA52010403
2023-12-01 11:36:32.6346–TRACE–2023/12/01 11:36:32:6346| 0| COM83| R | CommandID     70| FA01054555550D0A
2023-12-01 11:36:32.6346–TRACE–2023/12/01 11:36:32:6348| 0| COM83| S | CommandID     71| FA52020403
2023-12-01 11:36:32.6502–TRACE–2023/12/01 11:36:32:6502| 0| COM83| R | CommandID     71| FA02054559550D0A
2023-12-01 11:36:32.6502–TRACE–2023/12/01 11:36:32:6504| 0| COM83| S | CommandID     72| FA52030403
2023-12-01 11:36:32.6654–TRACE–2023/12/01 11:36:32:6654| 0| COM83| R | CommandID     72| FA03054555550D0A
2023-12-01 11:36:32.6654–TRACE–2023/12/01 11:36:32:6656| 0| COM83| S | CommandID     73| FA52010404
2023-12-01 11:36:32.6816–TRACE–2023/12/01 11:36:32:6816| 0| COM83| R | CommandID     73| FA01034B0D0A
2023-12-01 11:36:32.6816–TRACE–2023/12/01 11:36:32:6820| 0| COM83| S | CommandID     74| FA52020404
2023-12-01 11:36:32.6975–TRACE–2023/12/01 11:36:32:6975| 0| COM83| R | CommandID     74| FA02034B0D0A
2023-12-01 11:36:32.6975–TRACE–2023/12/01 11:36:32:6977| 0| COM83| S | CommandID     75| FA52030404
2023-12-01 11:36:32.7113–TRACE–2023/12/01 11:36:32:7113| 0| COM83| R | CommandID     75| FA03034B0D0A
2023-12-01 11:36:32.7113–TRACE–2023/12/01 11:36:32:7118| 0| COM83| S | CommandID     76| FA52010405
2023-12-01 11:36:32.7297–TRACE–2023/12/01 11:36:32:7297| 0| COM83| R | CommandID     76| FA010414100D0A
2023-12-01 11:36:32.7297–TRACE–2023/12/01 11:36:32:7300| 0| COM83| S | CommandID     77| FA52020405
2023-12-01 11:36:32.7453–TRACE–2023/12/01 11:36:32:7453| 0| COM83| R | CommandID     77| FA0204293F0D0A
2023-12-01 11:36:32.7453–TRACE–2023/12/01 11:36:32:7456| 0| COM83| S | CommandID     78| FA52030405
2023-12-01 11:36:32.7582–TRACE–2023/12/01 11:36:32:7582| 0| COM83| R | CommandID     78| FA03040A2D0D0A
2023-12-01 11:36:32.7582–TRACE–2023/12/01 11:36:32:7587| 0| COM83| S | CommandID     79| FA52010501
2023-12-01 11:36:32.7738–TRACE–2023/12/01 11:36:32:7738| 0| COM83| R | CommandID     79| FA010405540D0A
2023-12-01 11:36:32.7738–TRACE–2023/12/01 11:36:32:7741| 0| COM83| S | CommandID     80| FA52030501
2023-12-01 11:36:32.7902–TRACE–2023/12/01 11:36:32:7902| 0| COM83| R | CommandID     80| FA030401140D0A
2023-12-01 11:36:32.7902–TRACE–2023/12/01 11:36:32:7904| 0| COM83| S | CommandID     81| FA52020501
2023-12-01 11:36:32.8194–TRACE–2023/12/01 11:36:32:8194| 0| COM83| R | CommandID     81| FA020401200D0A
2023-12-01 11:36:35.4266–TRACE–2023/12/01 11:36:35:4265| 0| COM83| S | CommandID     82| FA52010002
2023-12-01 11:36:35.4517–TRACE–2023/12/01 11:36:35:4517| 0| COM83| R | CommandID     82| FA010403040D0A
2023-12-01 11:36:35.4517–TRACE–2023/12/01 11:36:35:4519| 0| COM83| S | CommandID     83| FA52020002
2023-12-01 11:36:35.4629–TRACE–2023/12/01 11:36:35:4629| 0| COM83| R | CommandID     83| FA020403040D0A
2023-12-01 11:36:35.4629–TRACE–2023/12/01 11:36:35:4631| 0| COM83| S | CommandID     84| FA52030002
2023-12-01 11:36:35.4801–TRACE–2023/12/01 11:36:35:4801| 0| COM83| R | CommandID     84| FA030403040D0A
2023-12-01 11:36:35.4801–TRACE–2023/12/01 11:36:35:4803| 0| COM83| S | CommandID     85| FA52010001
2023-12-01 11:36:35.4935–TRACE–2023/12/01 11:36:35:4935| 0| COM83| R | CommandID     85| FA010401020D0A
2023-12-01 11:36:35.4935–TRACE–2023/12/01 11:36:35:4937| 0| COM83| S | CommandID     86| FA52020001
2023-12-01 11:36:35.5098–TRACE–2023/12/01 11:36:35:5098| 0| COM83| R | CommandID     86| FA020401020D0A
2023-12-01 11:36:35.5098–TRACE–2023/12/01 11:36:35:5101| 0| COM83| S | CommandID     87| FA52030001
2023-12-01 11:36:35.5273–TRACE–2023/12/01 11:36:35:5273| 0| COM83| R | CommandID     87| FA030401020D0A
2023-12-01 11:36:35.5273–TRACE–2023/12/01 11:36:35:5275| 0| COM83| S | CommandID     88| FA52010401
2023-12-01 11:36:35.5416–TRACE–2023/12/01 11:36:35:5416| 0| COM83| R | CommandID     88| FA010A0101020304050607080D0A
2023-12-01 11:36:35.5416–TRACE–2023/12/01 11:36:35:5422| 0| COM83| S | CommandID     89| FA52020401
2023-12-01 11:36:35.5602–TRACE–2023/12/01 11:36:35:5601| 0| COM83| R | CommandID     89| FA020A0101020304050607080D0A
2023-12-01 11:36:35.5602–TRACE–2023/12/01 11:36:35:5604| 0| COM83| S | CommandID     90| FA52030401
2023-12-01 11:36:35.5727–TRACE–2023/12/01 11:36:35:5727| 0| COM83| R | CommandID     90| FA030A0101020304050607080D0A
2023-12-01 11:36:35.5727–TRACE–2023/12/01 11:36:35:5729| 0| COM83| S | CommandID     91| FA52010101
2023-12-01 11:36:35.5895–TRACE–2023/12/01 11:36:35:5895| 0| COM83| R | CommandID     91| FA0103640D0A
2023-12-01 11:36:35.5895–TRACE–2023/12/01 11:36:35:5899| 0| COM83| S | CommandID     92| FA52020101
2023-12-01 11:36:35.6046–TRACE–2023/12/01 11:36:35:6046| 0| COM83| R | CommandID     92| FA0203640D0A
2023-12-01 11:36:35.6046–TRACE–2023/12/01 11:36:35:6048| 0| COM83| S | CommandID     93| FA52030101
2023-12-01 11:36:35.6192–TRACE–2023/12/01 11:36:35:6192| 0| COM83| R | CommandID     93| FA0303640D0A
2023-12-01 11:36:35.6192–TRACE–2023/12/01 11:36:35:6194| 0| COM83| S | CommandID     94| FA52010402
2023-12-01 11:36:35.6341–TRACE–2023/12/01 11:36:35:6341| 0| COM83| R | CommandID     94| FA010400870D0A
2023-12-01 11:36:35.6341–TRACE–2023/12/01 11:36:35:6344| 0| COM83| S | CommandID     95| FA52020402
2023-12-01 11:36:35.6504–TRACE–2023/12/01 11:36:35:6504| 0| COM83| R | CommandID     95| FA020400890D0A
2023-12-01 11:36:35.6504–TRACE–2023/12/01 11:36:35:6506| 0| COM83| S | CommandID     96| FA52030402
2023-12-01 11:36:35.6665–TRACE–2023/12/01 11:36:35:6665| 0| COM83| R | CommandID     96| FA030400850D0A
2023-12-01 11:36:35.6665–TRACE–2023/12/01 11:36:35:6668| 0| COM83| S | CommandID     97| FA52010403
2023-12-01 11:36:35.6820–TRACE–2023/12/01 11:36:35:6820| 0| COM83| R | CommandID     97| FA01054155550D0A
2023-12-01 11:36:35.6820–TRACE–2023/12/01 11:36:35:6822| 0| COM83| S | CommandID     98| FA52020403
2023-12-01 11:36:35.6985–TRACE–2023/12/01 11:36:35:6985| 0| COM83| R | CommandID     98| FA02054559550D0A
2023-12-01 11:36:35.6985–TRACE–2023/12/01 11:36:35:6989| 0| COM83| S | CommandID     99| FA52030403
2023-12-01 11:36:35.7152–TRACE–2023/12/01 11:36:35:7152| 0| COM83| R | CommandID     99| FA03054159550D0A
2023-12-01 11:36:35.7152–TRACE–2023/12/01 11:36:35:7155| 0| COM83| S | CommandID    100| FA52010404
2023-12-01 11:36:35.7281–TRACE–2023/12/01 11:36:35:7281| 0| COM83| R | CommandID    100| FA01034B0D0A
2023-12-01 11:36:35.7281–TRACE–2023/12/01 11:36:35:7284| 0| COM83| S | CommandID    101| FA52020404
2023-12-01 11:36:35.7450–TRACE–2023/12/01 11:36:35:7450| 0| COM83| R | CommandID    101| FA02034B0D0A
2023-12-01 11:36:35.7450–TRACE–2023/12/01 11:36:35:7453| 0| COM83| S | CommandID    102| FA52030404
2023-12-01 11:36:35.7614–TRACE–2023/12/01 11:36:35:7614| 0| COM83| R | CommandID    102| FA03034B0D0A
2023-12-01 11:36:35.7614–TRACE–2023/12/01 11:36:35:7616| 0| COM83| S | CommandID    103| FA52010405
2023-12-01 11:36:35.7759–TRACE–2023/12/01 11:36:35:7758| 0| COM83| R | CommandID    103| FA010435350D0A
2023-12-01 11:36:35.7759–TRACE–2023/12/01 11:36:35:7763| 0| COM83| S | CommandID    104| FA52020405
2023-12-01 11:36:35.7918–TRACE–2023/12/01 11:36:35:7918| 0| COM83| R | CommandID    104| FA020446450D0A
2023-12-01 11:36:35.7918–TRACE–2023/12/01 11:36:35:7921| 0| COM83| S | CommandID    105| FA52030405
2023-12-01 11:36:35.8070–TRACE–2023/12/01 11:36:35:8070| 0| COM83| R | CommandID    105| FA03040F210D0A
2023-12-01 11:36:35.8070–TRACE–2023/12/01 11:36:35:8073| 0| COM83| S | CommandID    106| FA52010501
2023-12-01 11:36:35.8226–TRACE–2023/12/01 11:36:35:8226| 0| COM83| R | CommandID    106| FA010401080D0A
2023-12-01 11:36:35.8226–TRACE–2023/12/01 11:36:35:8229| 0| COM83| S | CommandID    107| FA52030501
2023-12-01 11:36:35.8381–TRACE–2023/12/01 11:36:35:8380| 0| COM83| R | CommandID    107| FA0304010C0D0A
2023-12-01 11:36:35.8381–TRACE–2023/12/01 11:36:35:8394| 0| COM83| S | CommandID    108| FA52020501
2023-12-01 11:36:35.8560–TRACE–2023/12/01 11:36:35:8560| 0| COM83| R | CommandID    108| FA020401480D0A
2023-12-01 11:36:38.5480–TRACE–2023/12/01 11:36:38:5479| 0| COM83| S | CommandID    109| FA52010002
2023-12-01 11:36:38.5751–TRACE–2023/12/01 11:36:38:5751| 0| COM83| R | CommandID    109| FA010403040D0A
2023-12-01 11:36:38.5751–TRACE–2023/12/01 11:36:38:5835| 0| COM83| S | CommandID    110| FA52020002
2023-12-01 11:36:38.6149–TRACE–2023/12/01 11:36:38:6149| 0| COM83| R | CommandID    110| FA020403040D0A
2023-12-01 11:36:38.6149–TRACE–2023/12/01 11:36:38:6154| 0| COM83| S | CommandID    111| FA52030002
2023-12-01 11:36:38.6362–TRACE–2023/12/01 11:36:38:6362| 0| COM83| R | CommandID    111| FA030403040D0A
2023-12-01 11:36:38.6362–TRACE–2023/12/01 11:36:38:6364| 0| COM83| S | CommandID    112| FA52010001
2023-12-01 11:36:38.6536–TRACE–2023/12/01 11:36:38:6536| 0| COM83| R | CommandID    112| FA010401020D0A
2023-12-01 11:36:38.6536–TRACE–2023/12/01 11:36:38:6538| 0| COM83| S | CommandID    113| FA52020001
2023-12-01 11:36:38.6644–TRACE–2023/12/01 11:36:38:6644| 0| COM83| R | CommandID    113| FA020401020D0A
2023-12-01 11:36:38.6644–TRACE–2023/12/01 11:36:38:6661| 0| COM83| S | CommandID    114| FA52030001
2023-12-01 11:36:38.6824–TRACE–2023/12/01 11:36:38:6824| 0| COM83| R | CommandID    114| FA030401020D0A
2023-12-01 11:36:38.6824–TRACE–2023/12/01 11:36:38:6827| 0| COM83| S | CommandID    115| FA52010401
2023-12-01 11:36:38.6981–TRACE–2023/12/01 11:36:38:6980| 0| COM83| R | CommandID    115| FA010A0101020304050607080D0A
2023-12-01 11:36:38.6981–TRACE–2023/12/01 11:36:38:6983| 0| COM83| S | CommandID    116| FA52020401
2023-12-01 11:36:38.7124–TRACE–2023/12/01 11:36:38:7124| 0| COM83| R | CommandID    116| FA020A0101020304050607080D0A
2023-12-01 11:36:38.7124–TRACE–2023/12/01 11:36:38:7133| 0| COM83| S | CommandID    117| FA52030401
2023-12-01 11:36:38.7311–TRACE–2023/12/01 11:36:38:7311| 0| COM83| R | CommandID    117| FA030A0101020304050607080D0A
2023-12-01 11:36:38.7311–TRACE–2023/12/01 11:36:38:7313| 0| COM83| S | CommandID    118| FA52010101
2023-12-01 11:36:38.7442–TRACE–2023/12/01 11:36:38:7442| 0| COM83| R | CommandID    118| FA0103640D0A
2023-12-01 11:36:38.7442–TRACE–2023/12/01 11:36:38:7444| 0| COM83| S | CommandID    119| FA52020101
2023-12-01 11:36:38.7620–TRACE–2023/12/01 11:36:38:7620| 0| COM83| R | CommandID    119| FA0203640D0A
2023-12-01 11:36:38.7620–TRACE–2023/12/01 11:36:38:7622| 0| COM83| S | CommandID    120| FA52030101
2023-12-01 11:36:38.7762–TRACE–2023/12/01 11:36:38:7762| 0| COM83| R | CommandID    120| FA0303640D0A
2023-12-01 11:36:38.7762–TRACE–2023/12/01 11:36:38:7765| 0| COM83| S | CommandID    121| FA52010402
2023-12-01 11:36:38.7899–TRACE–2023/12/01 11:36:38:7899| 0| COM83| R | CommandID    121| FA010400850D0A
2023-12-01 11:36:38.7899–TRACE–2023/12/01 11:36:38:7915| 0| COM83| S | CommandID    122| FA52020402
2023-12-01 11:36:38.8074–TRACE–2023/12/01 11:36:38:8074| 0| COM83| R | CommandID    122| FA020400870D0A
2023-12-01 11:36:38.8074–TRACE–2023/12/01 11:36:38:8077| 0| COM83| S | CommandID    123| FA52030402
2023-12-01 11:36:38.8222–TRACE–2023/12/01 11:36:38:8221| 0| COM83| R | CommandID    123| FA030400870D0A
2023-12-01 11:36:38.8222–TRACE–2023/12/01 11:36:38:8224| 0| COM83| S | CommandID    124| FA52010403
2023-12-01 11:36:38.8376–TRACE–2023/12/01 11:36:38:8376| 0| COM83| R | CommandID    124| FA01054155550D0A
2023-12-01 11:36:38.8376–TRACE–2023/12/01 11:36:38:8378| 0| COM83| S | CommandID    125| FA52020403
2023-12-01 11:36:38.8560–TRACE–2023/12/01 11:36:38:8560| 0| COM83| R | CommandID    125| FA02054357550D0A
2023-12-01 11:36:38.8560–TRACE–2023/12/01 11:36:38:8563| 0| COM83| S | CommandID    126| FA52030403
2023-12-01 11:36:38.8682–TRACE–2023/12/01 11:36:38:8682| 0| COM83| R | CommandID    126| FA03054159550D0A
2023-12-01 11:36:38.8682–TRACE–2023/12/01 11:36:38:8684| 0| COM83| S | CommandID    127| FA52010404
2023-12-01 11:36:38.8844–TRACE–2023/12/01 11:36:38:8844| 0| COM83| R | CommandID    127| FA01034B0D0A
2023-12-01 11:36:38.8844–TRACE–2023/12/01 11:36:38:8847| 0| COM83| S | CommandID    128| FA52020404
2023-12-01 11:36:38.9013–TRACE–2023/12/01 11:36:38:9013| 0| COM83| R | CommandID    128| FA02034B0D0A
2023-12-01 11:36:38.9013–TRACE–2023/12/01 11:36:38:9015| 0| COM83| S | CommandID    129| FA52030404
2023-12-01 11:36:38.9151–TRACE–2023/12/01 11:36:38:9151| 0| COM83| R | CommandID    129| FA03034B0D0A
2023-12-01 11:36:38.9151–TRACE–2023/12/01 11:36:38:9159| 0| COM83| S | CommandID    130| FA52010405
2023-12-01 11:36:38.9325–TRACE–2023/12/01 11:36:38:9325| 0| COM83| R | CommandID    130| FA010427250D0A
2023-12-01 11:36:38.9325–TRACE–2023/12/01 11:36:38:9327| 0| COM83| S | CommandID    131| FA52020405
2023-12-01 11:36:38.9469–TRACE–2023/12/01 11:36:38:9469| 0| COM83| R | CommandID    131| FA020415470D0A
2023-12-01 11:36:38.9469–TRACE–2023/12/01 11:36:38:9472| 0| COM83| S | CommandID    132| FA52030405
2023-12-01 11:36:38.9645–TRACE–2023/12/01 11:36:38:9645| 0| COM83| R | CommandID    132| FA03044D350D0A
2023-12-01 11:36:38.9645–TRACE–2023/12/01 11:36:38:9647| 0| COM83| S | CommandID    133| FA52010501
2023-12-01 11:36:38.9776–TRACE–2023/12/01 11:36:38:9776| 0| COM83| R | CommandID    133| FA010401040D0A
2023-12-01 11:36:38.9776–TRACE–2023/12/01 11:36:38:9778| 0| COM83| S | CommandID    134| FA52030501
2023-12-01 11:36:38.9936–TRACE–2023/12/01 11:36:38:9936| 0| COM83| R | CommandID    134| FA030401240D0A
2023-12-01 11:36:38.9936–TRACE–2023/12/01 11:36:38:9940| 0| COM83| S | CommandID    135| FA52020501
2023-12-01 11:36:39.0090–TRACE–2023/12/01 11:36:39:0090| 0| COM83| R | CommandID    135| FA0204013C0D0A
2023-12-01 11:36:42.8335–TRACE–- A-2 initial
2023-12-01 11:36:42.8335–TRACE–- Currently on iteration : 1
2023-12-01 11:36:42.8335–TRACE–– End Custom script schedule.
