2023-12-13 11:40:58.7168–TRACE–2023/12/13 11:40:58:7167| 0| COM89| S | CommandID      0| FA52010401
2023-12-13 11:40:59.0283–TRACE–Timeout without any data received.
2023-12-13 11:40:59.0283–TRACE–2023/12/13 11:40:59:0284| 0| COM89| R | CommandID      0| 
2023-12-13 11:40:59.2430–TRACE–2023/12/13 11:40:59:2430| 0| COM89| S | CommandID      1| FA52020401
2023-12-13 11:40:59.5665–TRACE–Timeout without any data received.
2023-12-13 11:40:59.5665–TRACE–2023/12/13 11:40:59:5665| 0| COM89| R | CommandID      1| 
2023-12-13 11:40:59.7884–TRACE–2023/12/13 11:40:59:7884| 0| COM89| S | CommandID      2| FA52030401
2023-12-13 11:41:00.1081–TRACE–Timeout without any data received.
2023-12-13 11:41:00.1081–TRACE–2023/12/13 11:41:00:1085| 0| COM89| R | CommandID      2| 
2023-12-13 11:41:00.3242–TRACE–2023/12/13 11:41:00:3241| 0| COM89| S | CommandID      3| FA52010002
2023-12-13 11:41:00.6324–TRACE–Timeout without any data received.
2023-12-13 11:41:00.6324–TRACE–2023/12/13 11:41:00:6325| 0| COM89| R | CommandID      3| 
2023-12-13 11:41:00.8356–TRACE–2023/12/13 11:41:00:8355| 0| COM89| S | CommandID      4| FA52020002
2023-12-13 11:41:01.1458–TRACE–Timeout without any data received.
2023-12-13 11:41:01.1458–TRACE–2023/12/13 11:41:01:1463| 0| COM89| R | CommandID      4| 
2023-12-13 11:41:01.3592–TRACE–2023/12/13 11:41:01:3592| 0| COM89| S | CommandID      5| FA52030002
2023-12-13 11:41:01.6762–TRACE–Timeout without any data received.
2023-12-13 11:41:01.6762–TRACE–2023/12/13 11:41:01:6762| 0| COM89| R | CommandID      5| 
2023-12-13 11:41:01.8997–TRACE–2023/12/13 11:41:01:8997| 0| COM89| S | CommandID      6| FA52010001
2023-12-13 11:41:02.2069–TRACE–Timeout without any data received.
2023-12-13 11:41:02.2069–TRACE–2023/12/13 11:41:02:2069| 0| COM89| R | CommandID      6| 
2023-12-13 11:41:02.4205–TRACE–2023/12/13 11:41:02:4204| 0| COM89| S | CommandID      7| FA52020001
2023-12-13 11:41:02.7385–TRACE–Timeout without any data received.
2023-12-13 11:41:02.7385–TRACE–2023/12/13 11:41:02:7386| 0| COM89| R | CommandID      7| 
2023-12-13 11:41:02.9540–TRACE–2023/12/13 11:41:02:9539| 0| COM89| S | CommandID      8| FA52030001
2023-12-13 11:41:03.2860–TRACE–Timeout without any data received.
2023-12-13 11:41:03.2860–TRACE–2023/12/13 11:41:03:2860| 0| COM89| R | CommandID      8| 
2023-12-13 11:41:03.4985–TRACE–2023/12/13 11:41:03:4985| 0| COM89| S | CommandID      9| FA52010101
2023-12-13 11:41:03.5226–TRACE–2023/12/13 11:41:03:5226| 0| COM89| R | CommandID      9| FA0103640D0A
2023-12-13 11:41:03.7358–TRACE–2023/12/13 11:41:03:7358| 0| COM89| S | CommandID     10| FA52020101
2023-12-13 11:41:03.7613–TRACE–2023/12/13 11:41:03:7613| 0| COM89| R | CommandID     10| FA0203640D0A
2023-12-13 11:41:03.9744–TRACE–2023/12/13 11:41:03:9743| 0| COM89| S | CommandID     11| FA52030101
2023-12-13 11:41:04.0045–TRACE–2023/12/13 11:41:04:0044| 0| COM89| R | CommandID     11| FA0303640D0A
2023-12-13 11:41:04.2115–TRACE–2023/12/13 11:41:04:2115| 0| COM89| S | CommandID     12| FA52010402
2023-12-13 11:41:04.2391–TRACE–2023/12/13 11:41:04:2391| 0| COM89| R | CommandID     12| FA010400840D0A
2023-12-13 11:41:04.4438–TRACE–2023/12/13 11:41:04:4438| 0| COM89| S | CommandID     13| FA52020402
2023-12-13 11:41:04.5911–TRACE–2023/12/13 11:41:04:5911| 0| COM89| R | CommandID     13| FA020403FF0D0A
2023-12-13 11:41:04.8019–TRACE–2023/12/13 11:41:04:8019| 0| COM89| S | CommandID     14| FA52030402
2023-12-13 11:41:04.9600–TRACE–2023/12/13 11:41:04:9600| 0| COM89| R | CommandID     14| FA030403FF0D0A
2023-12-13 11:41:05.1769–TRACE–2023/12/13 11:41:05:1768| 0| COM89| S | CommandID     15| FA52010403
2023-12-13 11:41:05.2142–TRACE–2023/12/13 11:41:05:2142| 0| COM89| R | CommandID     15| FA010500002B0D0A
2023-12-13 11:41:05.4214–TRACE–2023/12/13 11:41:05:4214| 0| COM89| S | CommandID     16| FA52020403
2023-12-13 11:41:05.4476–TRACE–2023/12/13 11:41:05:4476| 0| COM89| R | CommandID     16| FA02050000270D0A
2023-12-13 11:41:05.6635–TRACE–2023/12/13 11:41:05:6635| 0| COM89| S | CommandID     17| FA52030403
2023-12-13 11:41:05.6931–TRACE–2023/12/13 11:41:05:6931| 0| COM89| R | CommandID     17| FA03050000270D0A
2023-12-13 11:41:05.8979–TRACE–2023/12/13 11:41:05:8979| 0| COM89| S | CommandID     18| FA52010404
2023-12-13 11:41:05.9283–TRACE–2023/12/13 11:41:05:9283| 0| COM89| R | CommandID     18| FA01031E0D0A
2023-12-13 11:41:06.1392–TRACE–2023/12/13 11:41:06:1392| 0| COM89| S | CommandID     19| FA52020404
2023-12-13 11:41:06.1854–TRACE–2023/12/13 11:41:06:1854| 0| COM89| R | CommandID     19| FA02031E0D0A
2023-12-13 11:41:06.3956–TRACE–2023/12/13 11:41:06:3956| 0| COM89| S | CommandID     20| FA52030404
2023-12-13 11:41:06.4261–TRACE–2023/12/13 11:41:06:4261| 0| COM89| R | CommandID     20| FA03031E0D0A
2023-12-13 11:41:06.6439–TRACE–2023/12/13 11:41:06:6439| 0| COM89| S | CommandID     21| FA52010405
2023-12-13 11:41:06.6825–TRACE–2023/12/13 11:41:06:6825| 0| COM89| R | CommandID     21| FA01030FEB0D0A
2023-12-13 11:41:06.9461–TRACE–2023/12/13 11:41:06:9461| 0| COM89| S | CommandID     22| FA52020405
2023-12-13 11:41:06.9761–TRACE–2023/12/13 11:41:06:9761| 0| COM89| R | CommandID     22| FA02030FEC0D0A
2023-12-13 11:41:07.2551–TRACE–2023/12/13 11:41:07:2551| 0| COM89| S | CommandID     23| FA52030405
2023-12-13 11:41:07.2709–TRACE–2023/12/13 11:41:07:2709| 0| COM89| R | CommandID     23| FA03030FEC0D0A
2023-12-13 11:41:07.5794–TRACE–2023/12/13 11:41:07:5793| 0| COM89| S | CommandID     24| FA52010501
2023-12-13 11:41:07.6055–TRACE–2023/12/13 11:41:07:6055| 0| COM89| R | CommandID     24| FA010401270D0A
2023-12-13 11:41:07.8815–TRACE–2023/12/13 11:41:07:8814| 0| COM89| S | CommandID     25| FA52030501
2023-12-13 11:41:07.9185–TRACE–2023/12/13 11:41:07:9185| 0| COM89| R | CommandID     25| FA030401320D0A
2023-12-13 11:41:08.1927–TRACE–2023/12/13 11:41:08:1926| 0| COM89| S | CommandID     26| FA52020501
2023-12-13 11:41:08.2291–TRACE–2023/12/13 11:41:08:2291| 0| COM89| R | CommandID     26| FA020401250D0A
2023-12-13 11:48:22.4768–TRACE–2023/12/13 11:48:22:4768| 0| COM89| Rs |00
2023-12-13 11:48:28.0654–TRACE–2023/12/13 11:48:28:0654| 0| COM89| S | CommandID      0| FA52010401
2023-12-13 11:48:28.3845–TRACE–Timeout without any data received.
2023-12-13 11:48:28.3845–TRACE–2023/12/13 11:48:28:3846| 0| COM89| R | CommandID      0| 
2023-12-13 11:48:28.5979–TRACE–2023/12/13 11:48:28:5979| 0| COM89| S | CommandID      1| FA52020401
2023-12-13 11:48:28.9322–TRACE–Timeout without any data received.
2023-12-13 11:48:28.9322–TRACE–2023/12/13 11:48:28:9323| 0| COM89| R | CommandID      1| 
2023-12-13 11:48:29.1403–TRACE–2023/12/13 11:48:29:1403| 0| COM89| S | CommandID      2| FA52030401
2023-12-13 11:48:29.4516–TRACE–Timeout without any data received.
2023-12-13 11:48:29.4516–TRACE–2023/12/13 11:48:29:4516| 0| COM89| R | CommandID      2| 
2023-12-13 11:48:29.6590–TRACE–2023/12/13 11:48:29:6590| 0| COM89| S | CommandID      3| FA52010002
2023-12-13 11:48:29.9771–TRACE–Timeout without any data received.
2023-12-13 11:48:29.9771–TRACE–2023/12/13 11:48:29:9772| 0| COM89| R | CommandID      3| 
2023-12-13 11:48:30.1916–TRACE–2023/12/13 11:48:30:1916| 0| COM89| S | CommandID      4| FA52020002
2023-12-13 11:48:30.5177–TRACE–Timeout without any data received.
2023-12-13 11:48:30.5177–TRACE–2023/12/13 11:48:30:5179| 0| COM89| R | CommandID      4| 
2023-12-13 11:48:30.7306–TRACE–2023/12/13 11:48:30:7306| 0| COM89| S | CommandID      5| FA52030002
2023-12-13 11:48:31.0388–TRACE–Timeout without any data received.
2023-12-13 11:48:31.0388–TRACE–2023/12/13 11:48:31:0389| 0| COM89| R | CommandID      5| 
2023-12-13 11:48:31.2544–TRACE–2023/12/13 11:48:31:2544| 0| COM89| S | CommandID      6| FA52010001
2023-12-13 11:48:31.5713–TRACE–Timeout without any data received.
2023-12-13 11:48:31.5713–TRACE–2023/12/13 11:48:31:5714| 0| COM89| R | CommandID      6| 
2023-12-13 11:48:31.7841–TRACE–2023/12/13 11:48:31:7841| 0| COM89| S | CommandID      7| FA52020001
2023-12-13 11:48:32.0897–TRACE–Timeout without any data received.
2023-12-13 11:48:32.0897–TRACE–2023/12/13 11:48:32:0898| 0| COM89| R | CommandID      7| 
2023-12-13 11:48:32.3062–TRACE–2023/12/13 11:48:32:3062| 0| COM89| S | CommandID      8| FA52030001
2023-12-13 11:48:32.6203–TRACE–Timeout without any data received.
2023-12-13 11:48:32.6203–TRACE–2023/12/13 11:48:32:6203| 0| COM89| R | CommandID      8| 
2023-12-13 11:48:32.8307–TRACE–2023/12/13 11:48:32:8307| 0| COM89| S | CommandID      9| FA52010101
2023-12-13 11:48:32.8538–TRACE–2023/12/13 11:48:32:8538| 0| COM89| R | CommandID      9| FA0103640D0A
2023-12-13 11:48:33.0631–TRACE–2023/12/13 11:48:33:0630| 0| COM89| S | CommandID     10| FA52020101
2023-12-13 11:48:33.0913–TRACE–2023/12/13 11:48:33:0913| 0| COM89| R | CommandID     10| FA0203000D0A
2023-12-13 11:48:33.3074–TRACE–2023/12/13 11:48:33:3074| 0| COM89| S | CommandID     11| FA52030101
2023-12-13 11:48:33.3205–TRACE–2023/12/13 11:48:33:3205| 0| COM89| R | CommandID     11| FA0303640D0A
2023-12-13 11:48:33.5259–TRACE–2023/12/13 11:48:33:5258| 0| COM89| S | CommandID     12| FA52010402
2023-12-13 11:48:33.5401–TRACE–2023/12/13 11:48:33:5401| 0| COM89| R | CommandID     12| FA010400850D0A
2023-12-13 11:48:33.7432–TRACE–2023/12/13 11:48:33:7432| 0| COM89| S | CommandID     13| FA52020402
2023-12-13 11:48:33.7814–TRACE–2023/12/13 11:48:33:7814| 0| COM89| R | CommandID     13| FA020400870D0A
2023-12-13 11:48:34.0009–TRACE–2023/12/13 11:48:34:0008| 0| COM89| S | CommandID     14| FA52030402
2023-12-13 11:48:34.0267–TRACE–2023/12/13 11:48:34:0267| 0| COM89| R | CommandID     14| FA0304007F0D0A
2023-12-13 11:48:34.2420–TRACE–2023/12/13 11:48:34:2420| 0| COM89| S | CommandID     15| FA52010403
2023-12-13 11:48:34.2596–TRACE–2023/12/13 11:48:34:2596| 0| COM89| R | CommandID     15| FA01050000330D0A
2023-12-13 11:48:34.4733–TRACE–2023/12/13 11:48:34:4733| 0| COM89| S | CommandID     16| FA52020403
2023-12-13 11:48:34.4994–TRACE–2023/12/13 11:48:34:4994| 0| COM89| R | CommandID     16| FA020500002E0D0A
2023-12-13 11:48:34.7119–TRACE–2023/12/13 11:48:34:7119| 0| COM89| S | CommandID     17| FA52030403
2023-12-13 11:48:34.7270–TRACE–2023/12/13 11:48:34:7270| 0| COM89| R | CommandID     17| FA030500002E0D0A
2023-12-13 11:48:34.9303–TRACE–2023/12/13 11:48:34:9303| 0| COM89| S | CommandID     18| FA52010404
2023-12-13 11:48:34.9468–TRACE–2023/12/13 11:48:34:9468| 0| COM89| R | CommandID     18| FA01031E0D0A
2023-12-13 11:48:35.1597–TRACE–2023/12/13 11:48:35:1597| 0| COM89| S | CommandID     19| FA52020404
2023-12-13 11:48:35.1837–TRACE–2023/12/13 11:48:35:1837| 0| COM89| R | CommandID     19| FA02031E0D0A
2023-12-13 11:48:35.4101–TRACE–2023/12/13 11:48:35:4101| 0| COM89| S | CommandID     20| FA52030404
2023-12-13 11:48:35.4362–TRACE–2023/12/13 11:48:35:4362| 0| COM89| R | CommandID     20| FA03031E0D0A
2023-12-13 11:48:35.6514–TRACE–2023/12/13 11:48:35:6514| 0| COM89| S | CommandID     21| FA52010405
2023-12-13 11:48:35.6807–TRACE–2023/12/13 11:48:35:6807| 0| COM89| R | CommandID     21| FA01030FEB0D0A
2023-12-13 11:48:35.9617–TRACE–2023/12/13 11:48:35:9617| 0| COM89| S | CommandID     22| FA52020405
2023-12-13 11:48:35.9979–TRACE–2023/12/13 11:48:35:9979| 0| COM89| R | CommandID     22| FA02030FEB0D0A
2023-12-13 11:48:36.2667–TRACE–2023/12/13 11:48:36:2667| 0| COM89| S | CommandID     23| FA52030405
2023-12-13 11:48:36.2905–TRACE–2023/12/13 11:48:36:2904| 0| COM89| R | CommandID     23| FA03030FEC0D0A
2023-12-13 11:48:36.5781–TRACE–2023/12/13 11:48:36:5781| 0| COM89| S | CommandID     24| FA52010501
2023-12-13 11:48:36.6062–TRACE–2023/12/13 11:48:36:6062| 0| COM89| R | CommandID     24| FA010401290D0A
2023-12-13 11:48:36.8931–TRACE–2023/12/13 11:48:36:8931| 0| COM89| S | CommandID     25| FA52030501
2023-12-13 11:48:36.9176–TRACE–2023/12/13 11:48:36:9176| 0| COM89| R | CommandID     25| FA030401290D0A
2023-12-13 11:48:37.2068–TRACE–2023/12/13 11:48:37:2068| 0| COM89| S | CommandID     26| FA52020501
2023-12-13 11:48:37.2334–TRACE–2023/12/13 11:48:37:2334| 0| COM89| R | CommandID     26| FA020400300D0A
2023-12-13 11:48:52.4621–TRACE–2023/12/13 11:48:52:4621| 0| COM89| Rs |00
