2023-12-11 15:00:59.9072–TRACE–2023/12/11 15:00:59:9062| 0| COM89| S |FA57000201
2023-12-11 15:00:59.9266–TRACE–2023/12/11 15:00:59:9266| 0| COM89| Rs |C30DBF
2023-12-11 15:01:00.1049–TRACE–2023/12/11 15:01:00:0965| 0| COM89| S |FA57000201
2023-12-11 15:01:00.1049–TRACE–2023/12/11 15:01:00:1122| 0| COM89| Rs |C30D0A
2023-12-11 15:01:00.2944–TRACE–2023/12/11 15:01:00:2932| 0| COM89| S |FA57000201
2023-12-11 15:01:00.2944–TRACE–2023/12/11 15:01:00:3038| 0| COM89| Rs |C30D0A
2023-12-11 15:01:00.4625–TRACE–2023/12/11 15:01:00:4616| 0| COM89| S |FA57000201
2023-12-11 15:01:00.4796–TRACE–2023/12/11 15:01:00:4796| 0| COM89| Rs |C30D0A
2023-12-11 15:01:00.6361–TRACE–2023/12/11 15:01:00:6350| 0| COM89| S |FA57000201
2023-12-11 15:01:00.6392–TRACE–2023/12/11 15:01:00:6392| 0| COM89| Rs |C30D0A
2023-12-11 15:01:01.0199–TRACE–2023/12/11 15:01:01:0186| 0| COM89| S |FA57000201
2023-12-11 15:01:01.0199–TRACE–2023/12/11 15:01:01:0225| 0| COM89| Rs |C30D0A
2023-12-11 15:01:01.1829–TRACE–2023/12/11 15:01:01:1816| 0| COM89| S |FA57000201
2023-12-11 15:01:01.1829–TRACE–2023/12/11 15:01:01:1984| 0| COM89| Rs |C30DBF
2023-12-11 15:01:01.3443–TRACE–2023/12/11 15:01:01:3433| 0| COM89| S |FA57000201
2023-12-11 15:01:01.3581–TRACE–2023/12/11 15:01:01:3581| 0| COM89| Rs |C30D0A
2023-12-11 15:01:01.4983–TRACE–2023/12/11 15:01:01:4969| 0| COM89| S |FA57000201
2023-12-11 15:01:01.4983–TRACE–2023/12/11 15:01:01:5018| 0| COM89| Rs |C30DBF
2023-12-11 15:01:02.0817–TRACE–2023/12/11 15:01:02:0806| 0| COM89| S |FA57000200
2023-12-11 15:01:02.2481–TRACE–2023/12/11 15:01:02:2468| 0| COM89| S |FA57000200
2023-12-11 15:01:02.4057–TRACE–2023/12/11 15:01:02:4046| 0| COM89| S |FA57000200
2023-12-11 15:01:02.5782–TRACE–2023/12/11 15:01:02:5771| 0| COM89| S |FA57000200
2023-12-11 15:01:05.3034–TRACE–2023/12/11 15:01:05:3033| 0| COM89| Rs |C30D0A
2023-12-11 15:09:39.8819–TRACE–2023/12/11 15:09:39:8741| 0| COM89| S |FA57000201
2023-12-11 15:09:39.8819–TRACE–2023/12/11 15:09:39:8890| 0| COM89| Rs |C30D00
2023-12-11 15:09:41.6521–TRACE–2023/12/11 15:09:41:6420| 0| COM89| S |FA57000200
2023-12-11 15:09:44.8686–TRACE–2023/12/11 15:09:44:8686| 0| COM89| Rs |C30D0A
2023-12-11 15:46:17.7736–TRACE–2023/12/11 15:46:17:7649| 0| COM89| S | CommandID      0| FA57000201
2023-12-11 15:46:18.0899–TRACE–Timeout without receiving expected response. Partial data returned.
2023-12-11 15:46:18.0899–TRACE–2023/12/11 15:46:18:0905| 0| COM89| R | CommandID      0| C30D00
2023-12-11 15:46:19.7733–TRACE–2023/12/11 15:46:19:7733| 0| COM89| S | CommandID      1| FA52010002
2023-12-11 15:46:19.7896–TRACE–2023/12/11 15:46:19:7896| 0| COM89| R | CommandID      1| FA010401020D0A
2023-12-11 15:46:19.7896–TRACE–2023/12/11 15:46:19:7909| 0| COM89| S | CommandID      2| FA52020002
2023-12-11 15:46:19.8094–TRACE–2023/12/11 15:46:19:8094| 0| COM89| R | CommandID      2| FA020401020D0A
2023-12-11 15:46:19.8094–TRACE–2023/12/11 15:46:19:8110| 0| COM89| S | CommandID      3| FA52030002
2023-12-11 15:46:19.8386–TRACE–2023/12/11 15:46:19:8386| 0| COM89| R | CommandID      3| FA030401020D0A
2023-12-11 15:46:19.8386–TRACE–2023/12/11 15:46:19:8412| 0| COM89| S | CommandID      4| FA52010001
2023-12-11 15:46:19.8524–TRACE–2023/12/11 15:46:19:8524| 0| COM89| R | CommandID      4| FA010401020D0A
2023-12-11 15:46:19.8524–TRACE–2023/12/11 15:46:19:8638| 0| COM89| S | CommandID      5| FA52020001
2023-12-11 15:46:19.8902–TRACE–2023/12/11 15:46:19:8902| 0| COM89| R | CommandID      5| FA020401020D0A
2023-12-11 15:46:19.8902–TRACE–2023/12/11 15:46:19:8912| 0| COM89| S | CommandID      6| FA52030001
2023-12-11 15:46:19.9129–TRACE–2023/12/11 15:46:19:9129| 0| COM89| R | CommandID      6| FA030401020D0A
2023-12-11 15:46:19.9129–TRACE–2023/12/11 15:46:19:9142| 0| COM89| S | CommandID      7| FA52010401
2023-12-11 15:46:19.9329–TRACE–2023/12/11 15:46:19:9329| 0| COM89| R | CommandID      7| FA010401020D0A
2023-12-11 15:46:19.9329–TRACE–2023/12/11 15:46:19:9348| 0| COM89| S | CommandID      8| FA52020401
2023-12-11 15:46:19.9597–TRACE–2023/12/11 15:46:19:9597| 0| COM89| R | CommandID      8| 00FA020401020D0A
2023-12-11 15:46:19.9597–TRACE–2023/12/11 15:46:19:9609| 0| COM89| S | CommandID      9| FA52030401
2023-12-11 15:46:19.9988–TRACE–2023/12/11 15:46:19:9987| 0| COM89| R | CommandID      9| 00FA030401020D0A
2023-12-11 15:46:19.9988–TRACE–2023/12/11 15:46:20:0009| 0| COM89| S | CommandID     10| FA52010101
2023-12-11 15:46:20.0275–TRACE–2023/12/11 15:46:20:0275| 0| COM89| R | CommandID     10| 00FA0103000D0A
2023-12-11 15:46:20.0275–TRACE–2023/12/11 15:46:20:0289| 0| COM89| S | CommandID     11| FA52020101
2023-12-11 15:46:20.0528–TRACE–2023/12/11 15:46:20:0528| 0| COM89| R | CommandID     11| FA010401020DFA0203000D0A
2023-12-11 15:46:20.0528–TRACE–2023/12/11 15:46:20:0541| 0| COM89| S | CommandID     12| FA52030101
2023-12-11 15:46:20.0701–TRACE–2023/12/11 15:46:20:0701| 0| COM89| R | CommandID     12| FA020401020DFA0303000D0A
2023-12-11 15:46:20.0701–TRACE–2023/12/11 15:46:20:0711| 0| COM89| S | CommandID     13| FA52010402
2023-12-11 15:46:20.1003–TRACE–2023/12/11 15:46:20:1003| 0| COM89| R | CommandID     13| FA030401020DFA010400000D0A
2023-12-11 15:46:20.1003–TRACE–2023/12/11 15:46:20:1017| 0| COM89| S | CommandID     14| FA52020402
2023-12-11 15:46:20.2508–TRACE–2023/12/11 15:46:20:2508| 0| COM89| R | CommandID     14| FA020400000D0A
2023-12-11 15:46:20.2508–TRACE–2023/12/11 15:46:20:2519| 0| COM89| S | CommandID     15| FA52030402
2023-12-11 15:46:20.4018–TRACE–2023/12/11 15:46:20:4018| 0| COM89| R | CommandID     15| FA030400000D0A
2023-12-11 15:46:20.4018–TRACE–2023/12/11 15:46:20:4033| 0| COM89| S | CommandID     16| FA52010403
2023-12-11 15:46:20.4305–TRACE–2023/12/11 15:46:20:4305| 0| COM89| R | CommandID     16| FA01050000000D0A
2023-12-11 15:46:20.4462–TRACE–2023/12/11 15:46:20:4462| 0| COM89| S | CommandID     17| FA52020403
2023-12-11 15:46:20.4748–TRACE–2023/12/11 15:46:20:4748| 0| COM89| R | CommandID     17| FA02050000000D0A
2023-12-11 15:46:20.4748–TRACE–2023/12/11 15:46:20:4759| 0| COM89| S | CommandID     18| FA52030403
2023-12-11 15:46:20.4911–TRACE–2023/12/11 15:46:20:4911| 0| COM89| R | CommandID     18| FA03050000000D0A
2023-12-11 15:46:20.4911–TRACE–2023/12/11 15:46:20:4935| 0| COM89| S | CommandID     19| FA52010404
2023-12-11 15:46:20.5075–TRACE–2023/12/11 15:46:20:5074| 0| COM89| R | CommandID     19| FA01031E0D0A
2023-12-11 15:46:20.5075–TRACE–2023/12/11 15:46:20:5087| 0| COM89| S | CommandID     20| FA52020404
2023-12-11 15:46:20.5221–TRACE–2023/12/11 15:46:20:5221| 0| COM89| R | CommandID     20| FA02031E0D0A
2023-12-11 15:46:20.5221–TRACE–2023/12/11 15:46:20:5242| 0| COM89| S | CommandID     21| FA52030404
2023-12-11 15:46:20.5391–TRACE–2023/12/11 15:46:20:5391| 0| COM89| R | CommandID     21| FA03031E0D0A
2023-12-11 15:46:20.5391–TRACE–2023/12/11 15:46:20:5405| 0| COM89| S | CommandID     22| FA52010405
2023-12-11 15:46:20.5552–TRACE–2023/12/11 15:46:20:5552| 0| COM89| R | CommandID     22| FA01030FEE0D0A
2023-12-11 15:46:20.6494–TRACE–2023/12/11 15:46:20:6494| 0| COM89| S | CommandID     23| FA52020405
2023-12-11 15:46:20.6854–TRACE–2023/12/11 15:46:20:6853| 0| COM89| R | CommandID     23| FA02030FEB0D0A
2023-12-11 15:46:20.7561–TRACE–2023/12/11 15:46:20:7561| 0| COM89| S | CommandID     24| FA52030405
2023-12-11 15:46:20.7734–TRACE–2023/12/11 15:46:20:7734| 0| COM89| R | CommandID     24| FA03030FED0D0A
2023-12-11 15:46:20.8671–TRACE–2023/12/11 15:46:20:8670| 0| COM89| S | CommandID     25| FA52010501
2023-12-11 15:46:20.8823–TRACE–2023/12/11 15:46:20:8823| 0| COM89| R | CommandID     25| FA010417640D0A
2023-12-11 15:46:20.9803–TRACE–2023/12/11 15:46:20:9803| 0| COM89| S | CommandID     26| FA52030501
2023-12-11 15:46:21.0137–TRACE–2023/12/11 15:46:21:0136| 0| COM89| R | CommandID     26| FA030419580D0A
2023-12-11 15:46:21.0838–TRACE–2023/12/11 15:46:21:0837| 0| COM89| S | CommandID     27| FA52020501
2023-12-11 15:46:21.1014–TRACE–2023/12/11 15:46:21:1014| 0| COM89| R | CommandID     27| FA020419090D0A
2023-12-11 15:46:21.5844–TRACE–2023/12/11 15:46:21:5844| 0| COM89| S | CommandID     28| FA52010405
2023-12-11 15:46:21.6010–TRACE–2023/12/11 15:46:21:6009| 0| COM89| R | CommandID     28| FA01030FEC0D0A
2023-12-11 15:46:21.7006–TRACE–2023/12/11 15:46:21:7006| 0| COM89| S | CommandID     29| FA52020405
2023-12-11 15:46:21.7250–TRACE–2023/12/11 15:46:21:7250| 0| COM89| R | CommandID     29| FA02030FEC0D0A
2023-12-11 15:46:21.8138–TRACE–2023/12/11 15:46:21:8138| 0| COM89| S | CommandID     30| FA52030405
2023-12-11 15:46:21.8346–TRACE–2023/12/11 15:46:21:8346| 0| COM89| R | CommandID     30| FA03030FED0D0A
2023-12-11 15:46:21.9290–TRACE–2023/12/11 15:46:21:9290| 0| COM89| S | CommandID     31| FA52010501
2023-12-11 15:46:21.9438–TRACE–2023/12/11 15:46:21:9438| 0| COM89| R | CommandID     31| FA010418930D0A
2023-12-11 15:46:22.0408–TRACE–2023/12/11 15:46:22:0407| 0| COM89| S | CommandID     32| FA52030501
2023-12-11 15:46:22.0747–TRACE–2023/12/11 15:46:22:0747| 0| COM89| R | CommandID     32| FA030419500D0A
2023-12-11 15:46:22.1469–TRACE–2023/12/11 15:46:22:1469| 0| COM89| S | CommandID     33| FA52020501
2023-12-11 15:46:22.1863–TRACE–2023/12/11 15:46:22:1863| 0| COM89| R | CommandID     33| FA020418610D0A
2023-12-11 15:46:22.6482–TRACE–2023/12/11 15:46:22:6481| 0| COM89| S | CommandID     34| FA52010405
2023-12-11 15:46:22.6637–TRACE–2023/12/11 15:46:22:6637| 0| COM89| R | CommandID     34| FA01030FED0D0A
2023-12-11 15:46:22.7577–TRACE–2023/12/11 15:46:22:7577| 0| COM89| S | CommandID     35| FA52020405
2023-12-11 15:46:22.7750–TRACE–2023/12/11 15:46:22:7750| 0| COM89| R | CommandID     35| FA02030FEB0D0A
2023-12-11 15:46:22.8688–TRACE–2023/12/11 15:46:22:8688| 0| COM89| S | CommandID     36| FA52030405
2023-12-11 15:47:05.1109–TRACE–2023/12/11 15:47:05:1109| 0| COM89| S | CommandID      0| FA57000200
2023-12-11 15:47:05.4183–TRACE–Timeout without any data received.
2023-12-11 15:47:05.4183–TRACE–2023/12/11 15:47:05:4183| 0| COM89| R | CommandID      0| 
2023-12-11 15:47:10.1150–TRACE–2023/12/11 15:47:10:1150| 0| COM89| S | CommandID      1| FA52010002
2023-12-11 15:47:10.1523–TRACE–2023/12/11 15:47:10:1522| 0| COM89| R | CommandID      1| C30D00FA010401020D0A
2023-12-11 15:47:10.1523–TRACE–2023/12/11 15:47:10:1538| 0| COM89| S | CommandID      2| FA52020002
2023-12-11 15:47:10.1781–TRACE–2023/12/11 15:47:10:1781| 0| COM89| R | CommandID      2| FA020401020D0A
2023-12-11 15:47:10.1781–TRACE–2023/12/11 15:47:10:1796| 0| COM89| S | CommandID      3| FA52030002
2023-12-11 15:47:10.2150–TRACE–2023/12/11 15:47:10:2150| 0| COM89| R | CommandID      3| FA030401020D0A
2023-12-11 15:47:10.2150–TRACE–2023/12/11 15:47:10:2168| 0| COM89| S | CommandID      4| FA52010001
2023-12-11 15:47:10.2442–TRACE–2023/12/11 15:47:10:2442| 0| COM89| R | CommandID      4| FA010401020D0A
2023-12-11 15:47:10.2442–TRACE–2023/12/11 15:47:10:2466| 0| COM89| S | CommandID      5| FA52020001
2023-12-11 15:47:10.2709–TRACE–2023/12/11 15:47:10:2709| 0| COM89| R | CommandID      5| FA020401020D0A
2023-12-11 15:47:10.2709–TRACE–2023/12/11 15:47:10:2724| 0| COM89| S | CommandID      6| FA52030001
2023-12-11 15:47:10.2895–TRACE–2023/12/11 15:47:10:2895| 0| COM89| R | CommandID      6| FA030401020D0A
2023-12-11 15:47:10.2895–TRACE–2023/12/11 15:47:10:2909| 0| COM89| S | CommandID      7| FA52010401
2023-12-11 15:47:10.3182–TRACE–2023/12/11 15:47:10:3182| 0| COM89| R | CommandID      7| FA010401020D0A
2023-12-11 15:47:10.3182–TRACE–2023/12/11 15:47:10:3297| 0| COM89| S | CommandID      8| FA52020401
2023-12-11 15:47:10.3608–TRACE–2023/12/11 15:47:10:3608| 0| COM89| R | CommandID      8| 0AFA020401020D0A
2023-12-11 15:47:10.3608–TRACE–2023/12/11 15:47:10:3636| 0| COM89| S | CommandID      9| FA52030401
2023-12-11 15:47:10.3904–TRACE–2023/12/11 15:47:10:3904| 0| COM89| R | CommandID      9| 0AFA030401020D0A
2023-12-11 15:47:10.3904–TRACE–2023/12/11 15:47:10:3920| 0| COM89| S | CommandID     10| FA52010101
2023-12-11 15:47:10.4123–TRACE–2023/12/11 15:47:10:4123| 0| COM89| R | CommandID     10| 0AFA0103640D0A
2023-12-11 15:47:10.4123–TRACE–2023/12/11 15:47:10:4148| 0| COM89| S | CommandID     11| FA52020101
2023-12-11 15:47:10.4280–TRACE–2023/12/11 15:47:10:4280| 0| COM89| R | CommandID     11| FA010401020DFA0203640D0A
2023-12-11 15:47:10.4280–TRACE–2023/12/11 15:47:10:4294| 0| COM89| S | CommandID     12| FA52030101
2023-12-11 15:47:10.4446–TRACE–2023/12/11 15:47:10:4446| 0| COM89| R | CommandID     12| FA020401020DFA0303640D0A
2023-12-11 15:47:10.4446–TRACE–2023/12/11 15:47:10:4460| 0| COM89| S | CommandID     13| FA52010402
2023-12-11 15:47:10.4747–TRACE–2023/12/11 15:47:10:4747| 0| COM89| R | CommandID     13| FA030401020DFA010400840D0A
2023-12-11 15:47:10.4747–TRACE–2023/12/11 15:47:10:4763| 0| COM89| S | CommandID     14| FA52020402
2023-12-11 15:47:10.6151–TRACE–2023/12/11 15:47:10:6151| 0| COM89| R | CommandID     14| FA020403FF0D0A
2023-12-11 15:47:10.6151–TRACE–2023/12/11 15:47:10:6167| 0| COM89| S | CommandID     15| FA52030402
2023-12-11 15:47:10.7740–TRACE–2023/12/11 15:47:10:7740| 0| COM89| R | CommandID     15| FA030403FF0D0A
2023-12-11 15:47:10.7740–TRACE–2023/12/11 15:47:10:7757| 0| COM89| S | CommandID     16| FA52010403
2023-12-11 15:47:10.8092–TRACE–2023/12/11 15:47:10:8092| 0| COM89| R | CommandID     16| FA01050000300D0A
2023-12-11 15:47:10.8092–TRACE–2023/12/11 15:47:10:8116| 0| COM89| S | CommandID     17| FA52020403
2023-12-11 15:47:10.8369–TRACE–2023/12/11 15:47:10:8369| 0| COM89| R | CommandID     17| FA020500002F0D0A
2023-12-11 15:47:10.8369–TRACE–2023/12/11 15:47:10:8389| 0| COM89| S | CommandID     18| FA52030403
2023-12-11 15:47:10.8662–TRACE–2023/12/11 15:47:10:8661| 0| COM89| R | CommandID     18| FA030500002F0D0A
2023-12-11 15:47:10.8662–TRACE–2023/12/11 15:47:10:8685| 0| COM89| S | CommandID     19| FA52010404
2023-12-11 15:47:10.9051–TRACE–2023/12/11 15:47:10:9051| 0| COM89| R | CommandID     19| FA01031F0D0A
2023-12-11 15:47:10.9051–TRACE–2023/12/11 15:47:10:9077| 0| COM89| S | CommandID     20| FA52020404
2023-12-11 15:47:10.9288–TRACE–2023/12/11 15:47:10:9288| 0| COM89| R | CommandID     20| FA02031E0D0A
2023-12-11 15:47:10.9426–TRACE–2023/12/11 15:47:10:9426| 0| COM89| S | CommandID     21| FA52030404
2023-12-11 15:47:10.9816–TRACE–2023/12/11 15:47:10:9816| 0| COM89| R | CommandID     21| FA03031E0D0A
2023-12-11 15:47:10.9816–TRACE–2023/12/11 15:47:10:9843| 0| COM89| S | CommandID     22| FA52010405
2023-12-11 15:47:11.0079–TRACE–2023/12/11 15:47:11:0079| 0| COM89| R | CommandID     22| FA01030FEE0D0A
2023-12-11 15:47:11.0915–TRACE–2023/12/11 15:47:11:0915| 0| COM89| S | CommandID     23| FA52020405
2023-12-11 15:47:11.1190–TRACE–2023/12/11 15:47:11:1190| 0| COM89| R | CommandID     23| FA02030FEE0D0A
2023-12-11 15:47:11.1977–TRACE–2023/12/11 15:47:11:1976| 0| COM89| S | CommandID     24| FA52030405
2023-12-11 15:47:11.2279–TRACE–2023/12/11 15:47:11:2279| 0| COM89| R | CommandID     24| FA03030FEE0D0A
2023-12-11 15:47:11.3072–TRACE–2023/12/11 15:47:11:3071| 0| COM89| S | CommandID     25| FA52010501
2023-12-11 15:47:11.3351–TRACE–2023/12/11 15:47:11:3351| 0| COM89| R | CommandID     25| FA010401430D0A
2023-12-11 15:47:11.4218–TRACE–2023/12/11 15:47:11:4218| 0| COM89| S | CommandID     26| FA52030501
2023-12-11 15:47:11.4487–TRACE–2023/12/11 15:47:11:4486| 0| COM89| R | CommandID     26| FA030401500D0A
2023-12-11 15:47:11.5267–TRACE–2023/12/11 15:47:11:5266| 0| COM89| S | CommandID     27| FA52020501
2023-12-11 15:47:11.5530–TRACE–2023/12/11 15:47:11:5530| 0| COM89| R | CommandID     27| FA020401380D0A
2023-12-11 15:47:12.0362–TRACE–2023/12/11 15:47:12:0361| 0| COM89| S | CommandID     28| FA52010405
2023-12-11 15:47:12.0532–TRACE–2023/12/11 15:47:12:0532| 0| COM89| R | CommandID     28| FA01030FEE0D0A
2023-12-11 15:47:12.1358–TRACE–2023/12/11 15:47:12:1358| 0| COM89| S | CommandID     29| FA52020405
2023-12-11 15:47:12.1640–TRACE–2023/12/11 15:47:12:1640| 0| COM89| R | CommandID     29| FA02030FEE0D0A
2023-12-11 15:47:12.2407–TRACE–2023/12/11 15:47:12:2407| 0| COM89| S | CommandID     30| FA52030405
2023-12-11 15:47:12.2777–TRACE–2023/12/11 15:47:12:2777| 0| COM89| R | CommandID     30| FA03030FED0D0A
2023-12-11 15:47:12.3455–TRACE–2023/12/11 15:47:12:3455| 0| COM89| S | CommandID     31| FA52010501
2023-12-11 15:47:12.3709–TRACE–2023/12/11 15:47:12:3709| 0| COM89| R | CommandID     31| FA010401410D0A
2023-12-11 15:47:12.4487–TRACE–2023/12/11 15:47:12:4487| 0| COM89| S | CommandID     32| FA52030501
2023-12-11 15:47:12.4739–TRACE–2023/12/11 15:47:12:4738| 0| COM89| R | CommandID     32| FA030401390D0A
2023-12-11 15:47:12.5534–TRACE–2023/12/11 15:47:12:5534| 0| COM89| S | CommandID     33| FA52020501
2023-12-11 15:47:12.5696–TRACE–2023/12/11 15:47:12:5696| 0| COM89| R | CommandID     33| FA020401330D0A
2023-12-11 15:47:13.0530–TRACE–2023/12/11 15:47:13:0530| 0| COM89| S | CommandID     34| FA52010405
2023-12-11 15:47:13.0897–TRACE–2023/12/11 15:47:13:0897| 0| COM89| R | CommandID     34| FA01030FEE0D0A
2023-12-11 15:47:13.1647–TRACE–2023/12/11 15:47:13:1646| 0| COM89| S | CommandID     35| FA52020405
2023-12-11 15:47:13.1996–TRACE–2023/12/11 15:47:13:1996| 0| COM89| R | CommandID     35| FA02030FEC0D0A
2023-12-11 15:47:13.2758–TRACE–2023/12/11 15:47:13:2758| 0| COM89| S | CommandID     36| FA52030405
2023-12-11 15:47:13.3029–TRACE–2023/12/11 15:47:13:3029| 0| COM89| R | CommandID     36| FA03030FED0D0A
2023-12-11 15:47:13.3836–TRACE–2023/12/11 15:47:13:3835| 0| COM89| S | CommandID     37| FA52010501
2023-12-11 15:47:13.3981–TRACE–2023/12/11 15:47:13:3981| 0| COM89| R | CommandID     37| FA010401360D0A
2023-12-11 15:47:13.4917–TRACE–2023/12/11 15:47:13:4917| 0| COM89| S | CommandID     38| FA52030501
2023-12-11 15:47:13.5063–TRACE–2023/12/11 15:47:13:5062| 0| COM89| R | CommandID     38| FA030401420D0A
2023-12-11 15:47:13.6024–TRACE–2023/12/11 15:47:13:6024| 0| COM89| S | CommandID     39| FA52020501
2023-12-11 15:47:13.6348–TRACE–2023/12/11 15:47:13:6348| 0| COM89| R | CommandID     39| FA020401440D0A
2023-12-11 15:47:14.1104–TRACE–2023/12/11 15:47:14:1103| 0| COM89| S | CommandID     40| FA52010405
2023-12-11 15:47:14.1337–TRACE–2023/12/11 15:47:14:1337| 0| COM89| R | CommandID     40| FA01030FEC0D0A
2023-12-11 15:47:14.2178–TRACE–2023/12/11 15:47:14:2178| 0| COM89| S | CommandID     41| FA52020405
2023-12-11 15:47:14.2419–TRACE–2023/12/11 15:47:14:2419| 0| COM89| R | CommandID     41| FA02030FEE0D0A
2023-12-11 15:47:14.3243–TRACE–2023/12/11 15:47:14:3243| 0| COM89| S | CommandID     42| FA52030405
2023-12-11 15:47:14.3494–TRACE–2023/12/11 15:47:14:3494| 0| COM89| R | CommandID     42| FA03030FEC0D0A
2023-12-11 15:47:14.4368–TRACE–2023/12/11 15:47:14:4368| 0| COM89| S | CommandID     43| FA52010501
2023-12-11 15:47:14.4631–TRACE–2023/12/11 15:47:14:4631| 0| COM89| R | CommandID     43| FA010401350D0A
2023-12-11 15:47:14.5377–TRACE–2023/12/11 15:47:14:5376| 0| COM89| S | CommandID     44| FA52030501
2023-12-11 15:47:14.5521–TRACE–2023/12/11 15:47:14:5520| 0| COM89| R | CommandID     44| FA030401360D0A
2023-12-11 15:47:14.6453–TRACE–2023/12/11 15:47:14:6453| 0| COM89| S | CommandID     45| FA52020501
2023-12-11 15:47:14.6629–TRACE–2023/12/11 15:47:14:6629| 0| COM89| R | CommandID     45| FA020401330D0A
2023-12-11 15:47:15.1545–TRACE–2023/12/11 15:47:15:1545| 0| COM89| S | CommandID     46| FA52010405
2023-12-11 15:47:15.1779–TRACE–2023/12/11 15:47:15:1779| 0| COM89| R | CommandID     46| FA01030FED0D0A
2023-12-11 15:47:15.2680–TRACE–2023/12/11 15:47:15:2680| 0| COM89| S | CommandID     47| FA52020405
2023-12-11 15:47:15.2926–TRACE–2023/12/11 15:47:15:2926| 0| COM89| R | CommandID     47| FA02030FED0D0A
2023-12-11 15:47:15.3704–TRACE–2023/12/11 15:47:15:3704| 0| COM89| S | CommandID     48| FA52030405
2023-12-11 15:47:15.3958–TRACE–2023/12/11 15:47:15:3958| 0| COM89| R | CommandID     48| FA03030FED0D0A
2023-12-11 15:47:15.4820–TRACE–2023/12/11 15:47:15:4819| 0| COM89| S | CommandID     49| FA52010501
2023-12-11 15:47:15.5109–TRACE–2023/12/11 15:47:15:5109| 0| COM89| R | CommandID     49| FA010401370D0A
2023-12-11 15:47:15.5834–TRACE–2023/12/11 15:47:15:5833| 0| COM89| S | CommandID     50| FA52030501
2023-12-11 15:47:15.6008–TRACE–2023/12/11 15:47:15:6008| 0| COM89| R | CommandID     50| FA030401380D0A
2023-12-11 15:47:15.6949–TRACE–2023/12/11 15:47:15:6949| 0| COM89| S | CommandID     51| FA52020501
2023-12-11 15:47:15.7089–TRACE–2023/12/11 15:47:15:7089| 0| COM89| R | CommandID     51| FA020401210D0A
2023-12-11 15:47:16.2107–TRACE–2023/12/11 15:47:16:2107| 0| COM89| S | CommandID     52| FA52010405
2023-12-11 15:47:16.2242–TRACE–2023/12/11 15:47:16:2242| 0| COM89| R | CommandID     52| FA01030FEE0D0A
2023-12-11 15:47:16.3199–TRACE–2023/12/11 15:47:16:3198| 0| COM89| S | CommandID     53| FA52020405
2023-12-11 15:47:16.3343–TRACE–2023/12/11 15:47:16:3343| 0| COM89| R | CommandID     53| FA02030FEB0D0A
2023-12-11 15:47:16.4313–TRACE–2023/12/11 15:47:16:4313| 0| COM89| S | CommandID     54| FA52030405
2023-12-11 15:47:16.4597–TRACE–2023/12/11 15:47:16:4597| 0| COM89| R | CommandID     54| FA03030FEC0D0A
2023-12-11 15:47:16.5380–TRACE–2023/12/11 15:47:16:5380| 0| COM89| S | CommandID     55| FA52010501
2023-12-11 15:47:16.5740–TRACE–2023/12/11 15:47:16:5740| 0| COM89| R | CommandID     55| FA010401280D0A
2023-12-11 15:47:16.6497–TRACE–2023/12/11 15:47:16:6497| 0| COM89| S | CommandID     56| FA52030501
2023-12-11 15:47:16.6778–TRACE–2023/12/11 15:47:16:6778| 0| COM89| R | CommandID     56| FA030401280D0A
2023-12-11 15:47:16.7608–TRACE–2023/12/11 15:47:16:7607| 0| COM89| S | CommandID     57| FA52020501
2023-12-11 15:47:16.7916–TRACE–2023/12/11 15:47:16:7916| 0| COM89| R | CommandID     57| FA020401340D0A
2023-12-11 15:47:17.2721–TRACE–2023/12/11 15:47:17:2721| 0| COM89| S | CommandID     58| FA52010405
2023-12-11 15:47:17.3094–TRACE–2023/12/11 15:47:17:3094| 0| COM89| R | CommandID     58| FA01030FEE0D0A
2023-12-11 15:47:17.3812–TRACE–2023/12/11 15:47:17:3812| 0| COM89| S | CommandID     59| FA52020405
2023-12-11 15:47:17.4137–TRACE–2023/12/11 15:47:17:4136| 0| COM89| R | CommandID     59| FA02030FEE0D0A
2023-12-11 15:47:17.4897–TRACE–2023/12/11 15:47:17:4897| 0| COM89| S | CommandID     60| FA52030405
2023-12-11 15:47:17.5057–TRACE–2023/12/11 15:47:17:5057| 0| COM89| R | CommandID     60| FA03030FED0D0A
2023-12-11 15:47:17.6016–TRACE–2023/12/11 15:47:17:6016| 0| COM89| S | CommandID     61| FA52010501
2023-12-11 15:47:17.6151–TRACE–2023/12/11 15:47:17:6150| 0| COM89| R | CommandID     61| FA010401330D0A
2023-12-11 15:47:17.7117–TRACE–2023/12/11 15:47:17:7117| 0| COM89| S | CommandID     62| FA52030501
2023-12-11 15:47:17.7408–TRACE–2023/12/11 15:47:17:7408| 0| COM89| R | CommandID     62| FA030401330D0A
2023-12-11 15:47:17.8173–TRACE–2023/12/11 15:47:17:8172| 0| COM89| S | CommandID     63| FA52020501
2023-12-11 15:47:17.8333–TRACE–2023/12/11 15:47:17:8333| 0| COM89| R | CommandID     63| FA020401280D0A
2023-12-11 15:47:18.3227–TRACE–2023/12/11 15:47:18:3227| 0| COM89| S | CommandID     64| FA52010405
2023-12-11 15:47:18.3511–TRACE–2023/12/11 15:47:18:3510| 0| COM89| R | CommandID     64| FA01030FEC0D0A
2023-12-11 15:47:18.4273–TRACE–2023/12/11 15:47:18:4273| 0| COM89| S | CommandID     65| FA52020405
2023-12-11 15:47:18.4610–TRACE–2023/12/11 15:47:18:4610| 0| COM89| R | CommandID     65| FA02030FED0D0A
2023-12-11 15:47:18.5369–TRACE–2023/12/11 15:47:18:5369| 0| COM89| S | CommandID     66| FA52030405
2023-12-11 15:47:18.5521–TRACE–2023/12/11 15:47:18:5521| 0| COM89| R | CommandID     66| FA03030FED0D0A
2023-12-11 15:47:18.6502–TRACE–2023/12/11 15:47:18:6502| 0| COM89| S | CommandID     67| FA52010501
2023-12-11 15:47:18.6775–TRACE–2023/12/11 15:47:18:6775| 0| COM89| R | CommandID     67| FA010401340D0A
2023-12-11 15:47:18.7531–TRACE–2023/12/11 15:47:18:7531| 0| COM89| S | CommandID     68| FA52030501
2023-12-11 15:47:18.7785–TRACE–2023/12/11 15:47:18:7784| 0| COM89| R | CommandID     68| FA030401310D0A
2023-12-11 15:47:18.8666–TRACE–2023/12/11 15:47:18:8665| 0| COM89| S | CommandID     69| FA52020501
2023-12-11 15:47:18.9014–TRACE–2023/12/11 15:47:18:9014| 0| COM89| R | CommandID     69| FA020401410D0A
2023-12-11 15:47:19.3797–TRACE–2023/12/11 15:47:19:3797| 0| COM89| S | CommandID     70| FA52010405
2023-12-11 15:47:19.4206–TRACE–2023/12/11 15:47:19:4206| 0| COM89| R | CommandID     70| FA01030FEE0D0A
2023-12-11 15:47:19.4835–TRACE–2023/12/11 15:47:19:4834| 0| COM89| S | CommandID     71| FA52020405
2023-12-11 15:47:19.5061–TRACE–2023/12/11 15:47:19:5061| 0| COM89| R | CommandID     71| FA02030FEE0D0A
2023-12-11 15:47:19.5934–TRACE–2023/12/11 15:47:19:5934| 0| COM89| S | CommandID     72| FA52030405
2023-12-11 15:47:19.6387–TRACE–2023/12/11 15:47:19:6387| 0| COM89| R | CommandID     72| FA03030FEE0D0A
2023-12-11 15:47:19.6978–TRACE–2023/12/11 15:47:19:6977| 0| COM89| S | CommandID     73| FA52010501
2023-12-11 15:47:19.7255–TRACE–2023/12/11 15:47:19:7254| 0| COM89| R | CommandID     73| FA010401390D0A
2023-12-11 15:47:19.8030–TRACE–2023/12/11 15:47:19:8029| 0| COM89| S | CommandID     74| FA52030501
2023-12-11 15:47:19.8187–TRACE–2023/12/11 15:47:19:8187| 0| COM89| R | CommandID     74| FA030401280D0A
2023-12-11 15:47:19.9122–TRACE–2023/12/11 15:47:19:9122| 0| COM89| S | CommandID     75| FA52020501
2023-12-11 15:47:19.9289–TRACE–2023/12/11 15:47:19:9289| 0| COM89| R | CommandID     75| FA020401320D0A
2023-12-11 15:47:20.4131–TRACE–2023/12/11 15:47:20:4131| 0| COM89| S | CommandID     76| FA52010405
2023-12-11 15:47:20.4286–TRACE–2023/12/11 15:47:20:4286| 0| COM89| R | CommandID     76| FA01030FED0D0A
2023-12-11 15:47:20.5147–TRACE–2023/12/11 15:47:20:5147| 0| COM89| S | CommandID     77| FA52020405
2023-12-11 15:47:20.5433–TRACE–2023/12/11 15:47:20:5433| 0| COM89| R | CommandID     77| FA02030FEC0D0A
2023-12-11 15:47:20.6185–TRACE–2023/12/11 15:47:20:6185| 0| COM89| S | CommandID     78| FA52030405
2023-12-11 15:47:20.6481–TRACE–2023/12/11 15:47:20:6481| 0| COM89| R | CommandID     78| FA03030FEE0D0A
2023-12-11 15:47:20.7288–TRACE–2023/12/11 15:47:20:7288| 0| COM89| S | CommandID     79| FA52010501
2023-12-11 15:47:20.7647–TRACE–2023/12/11 15:47:20:7646| 0| COM89| R | CommandID     79| FA010401370D0A
2023-12-11 15:47:20.8386–TRACE–2023/12/11 15:47:20:8386| 0| COM89| S | CommandID     80| FA52030501
2023-12-11 15:47:20.8653–TRACE–2023/12/11 15:47:20:8653| 0| COM89| R | CommandID     80| FA030401260D0A
2023-12-11 15:47:20.9434–TRACE–2023/12/11 15:47:20:9434| 0| COM89| S | CommandID     81| FA52020501
2023-12-11 15:47:20.9810–TRACE–2023/12/11 15:47:20:9810| 0| COM89| R | CommandID     81| FA020401330D0A
2023-12-11 15:47:21.4588–TRACE–2023/12/11 15:47:21:4588| 0| COM89| S | CommandID     82| FA52010405
2023-12-11 15:47:21.4755–TRACE–2023/12/11 15:47:21:4755| 0| COM89| R | CommandID     82| FA01030FED0D0A
2023-12-11 15:47:21.5597–TRACE–2023/12/11 15:47:21:5596| 0| COM89| S | CommandID     83| FA52020405
2023-12-11 15:47:21.5839–TRACE–2023/12/11 15:47:21:5839| 0| COM89| R | CommandID     83| FA02030FED0D0A
2023-12-11 15:47:21.6679–TRACE–2023/12/11 15:47:21:6678| 0| COM89| S | CommandID     84| FA52030405
2023-12-11 15:47:21.6939–TRACE–2023/12/11 15:47:21:6939| 0| COM89| R | CommandID     84| FA03030FED0D0A
2023-12-11 15:47:21.7752–TRACE–2023/12/11 15:47:21:7752| 0| COM89| S | CommandID     85| FA52010501
2023-12-11 15:47:21.8055–TRACE–2023/12/11 15:47:21:8054| 0| COM89| R | CommandID     85| FA010401360D0A
2023-12-11 15:47:21.8830–TRACE–2023/12/11 15:47:21:8829| 0| COM89| S | CommandID     86| FA52030501
2023-12-11 15:47:21.9140–TRACE–2023/12/11 15:47:21:9140| 0| COM89| R | CommandID     86| FA030401270D0A
2023-12-11 15:47:21.9907–TRACE–2023/12/11 15:47:21:9907| 0| COM89| S | CommandID     87| FA52020501
2023-12-11 15:47:22.0051–TRACE–2023/12/11 15:47:22:0051| 0| COM89| R | CommandID     87| FA020401220D0A
2023-12-11 15:47:22.4949–TRACE–2023/12/11 15:47:22:4949| 0| COM89| S | CommandID     88| FA52010405
2023-12-11 15:47:22.5221–TRACE–2023/12/11 15:47:22:5221| 0| COM89| R | CommandID     88| FA01030FED0D0A
2023-12-11 15:47:22.5999–TRACE–2023/12/11 15:47:22:5999| 0| COM89| S | CommandID     89| FA52020405
2023-12-11 15:47:22.6155–TRACE–2023/12/11 15:47:22:6155| 0| COM89| R | CommandID     89| FA02030FEC0D0A
2023-12-11 15:47:22.7084–TRACE–2023/12/11 15:47:22:7084| 0| COM89| S | CommandID     90| FA52030405
2023-12-11 15:47:22.7252–TRACE–2023/12/11 15:47:22:7252| 0| COM89| R | CommandID     90| FA03030FED0D0A
2023-12-11 15:47:22.8192–TRACE–2023/12/11 15:47:22:8192| 0| COM89| S | CommandID     91| FA52010501
2023-12-11 15:47:22.8349–TRACE–2023/12/11 15:47:22:8348| 0| COM89| R | CommandID     91| FA010401360D0A
2023-12-11 15:47:22.9312–TRACE–2023/12/11 15:47:22:9311| 0| COM89| S | CommandID     92| FA52030501
2023-12-11 15:47:22.9662–TRACE–2023/12/11 15:47:22:9662| 0| COM89| R | CommandID     92| FA030401330D0A
2023-12-11 15:47:23.0438–TRACE–2023/12/11 15:47:23:0438| 0| COM89| S | CommandID     93| FA52020501
2023-12-11 15:47:23.0686–TRACE–2023/12/11 15:47:23:0686| 0| COM89| R | CommandID     93| FA020401430D0A
2023-12-11 15:47:23.5444–TRACE–2023/12/11 15:47:23:5444| 0| COM89| S | CommandID     94| FA52010405
2023-12-11 15:47:23.5739–TRACE–2023/12/11 15:47:23:5739| 0| COM89| R | CommandID     94| FA01030FED0D0A
2023-12-11 15:47:23.6452–TRACE–2023/12/11 15:47:23:6451| 0| COM89| S | CommandID     95| FA52020405
2023-12-11 15:47:23.6842–TRACE–2023/12/11 15:47:23:6842| 0| COM89| R | CommandID     95| FA02030FEC0D0A
2023-12-11 15:47:23.7484–TRACE–2023/12/11 15:47:23:7483| 0| COM89| S | CommandID     96| FA52030405
2023-12-11 15:47:23.7773–TRACE–2023/12/11 15:47:23:7773| 0| COM89| R | CommandID     96| FA03030FEE0D0A
2023-12-11 15:47:23.8499–TRACE–2023/12/11 15:47:23:8499| 0| COM89| S | CommandID     97| FA52010501
2023-12-11 15:47:23.8865–TRACE–2023/12/11 15:47:23:8865| 0| COM89| R | CommandID     97| FA010401330D0A
2023-12-11 15:47:23.9506–TRACE–2023/12/11 15:47:23:9505| 0| COM89| S | CommandID     98| FA52030501
2023-12-11 15:47:23.9792–TRACE–2023/12/11 15:47:23:9792| 0| COM89| R | CommandID     98| FA030401310D0A
2023-12-11 15:47:24.0518–TRACE–2023/12/11 15:47:24:0517| 0| COM89| S | CommandID     99| FA52020501
2023-12-11 15:47:24.0696–TRACE–2023/12/11 15:47:24:0696| 0| COM89| R | CommandID     99| FA020401220D0A
2023-12-11 15:47:24.5534–TRACE–2023/12/11 15:47:24:5534| 0| COM89| S | CommandID    100| FA52010405
2023-12-11 15:47:24.5894–TRACE–2023/12/11 15:47:24:5894| 0| COM89| R | CommandID    100| FA01030FEC0D0A
2023-12-11 15:47:24.6639–TRACE–2023/12/11 15:47:24:6639| 0| COM89| S | CommandID    101| FA52020405
2023-12-11 15:47:24.6960–TRACE–2023/12/11 15:47:24:6960| 0| COM89| R | CommandID    101| FA02030FED0D0A
2023-12-11 15:47:24.7709–TRACE–2023/12/11 15:47:24:7709| 0| COM89| S | CommandID    102| FA52030405
2023-12-11 15:47:24.7873–TRACE–2023/12/11 15:47:24:7873| 0| COM89| R | CommandID    102| FA03030FEE0D0A
2023-12-11 15:47:24.8872–TRACE–2023/12/11 15:47:24:8872| 0| COM89| S | CommandID    103| FA52010501
2023-12-11 15:47:24.9136–TRACE–2023/12/11 15:47:24:9136| 0| COM89| R | CommandID    103| FA010401330D0A
2023-12-11 15:47:24.9951–TRACE–2023/12/11 15:47:24:9950| 0| COM89| S | CommandID    104| FA52030501
2023-12-11 15:47:25.0216–TRACE–2023/12/11 15:47:25:0216| 0| COM89| R | CommandID    104| FA030401300D0A
2023-12-11 15:47:25.1076–TRACE–2023/12/11 15:47:25:1076| 0| COM89| S | CommandID    105| FA52020501
2023-12-11 15:47:25.1341–TRACE–2023/12/11 15:47:25:1341| 0| COM89| R | CommandID    105| FA020401410D0A
2023-12-11 15:47:25.6159–TRACE–2023/12/11 15:47:25:6158| 0| COM89| S | CommandID    106| FA52010405
2023-12-11 15:47:25.6327–TRACE–2023/12/11 15:47:25:6327| 0| COM89| R | CommandID    106| FA01030FEE0D0A
2023-12-11 15:47:25.7251–TRACE–2023/12/11 15:47:25:7251| 0| COM89| S | CommandID    107| FA52020405
2023-12-11 15:47:25.7408–TRACE–2023/12/11 15:47:25:7408| 0| COM89| R | CommandID    107| FA02030FEC0D0A
2023-12-11 15:47:25.8356–TRACE–2023/12/11 15:47:25:8355| 0| COM89| S | CommandID    108| FA52030405
2023-12-11 15:47:25.8732–TRACE–2023/12/11 15:47:25:8732| 0| COM89| R | CommandID    108| FA03030FEB0D0A
2023-12-11 15:47:25.9372–TRACE–2023/12/11 15:47:25:9371| 0| COM89| S | CommandID    109| FA52010501
2023-12-11 15:47:25.9609–TRACE–2023/12/11 15:47:25:9608| 0| COM89| R | CommandID    109| FA010401280D0A
2023-12-11 15:47:26.0412–TRACE–2023/12/11 15:47:26:0412| 0| COM89| S | CommandID    110| FA52030501
2023-12-11 15:47:26.0688–TRACE–2023/12/11 15:47:26:0688| 0| COM89| R | CommandID    110| FA030401410D0A
2023-12-11 15:47:26.1575–TRACE–2023/12/11 15:47:26:1575| 0| COM89| S | CommandID    111| FA52020501
2023-12-11 15:47:26.1836–TRACE–2023/12/11 15:47:26:1835| 0| COM89| R | CommandID    111| FA020401290D0A
2023-12-11 15:47:26.6660–TRACE–2023/12/11 15:47:26:6660| 0| COM89| S | CommandID    112| FA52010405
2023-12-11 15:47:26.6988–TRACE–2023/12/11 15:47:26:6988| 0| COM89| R | CommandID    112| FA01030FEE0D0A
2023-12-11 15:47:26.7707–TRACE–2023/12/11 15:47:26:7707| 0| COM89| S | CommandID    113| FA52020405
2023-12-11 15:47:26.7883–TRACE–2023/12/11 15:47:26:7883| 0| COM89| R | CommandID    113| FA02030FEB0D0A
2023-12-11 15:47:26.8821–TRACE–2023/12/11 15:47:26:8820| 0| COM89| S | CommandID    114| FA52030405
2023-12-11 15:47:26.8976–TRACE–2023/12/11 15:47:26:8976| 0| COM89| R | CommandID    114| FA03030FED0D0A
2023-12-11 15:47:26.9932–TRACE–2023/12/11 15:47:26:9932| 0| COM89| S | CommandID    115| FA52010501
2023-12-11 15:47:27.0221–TRACE–2023/12/11 15:47:27:0221| 0| COM89| R | CommandID    115| FA010401290D0A
2023-12-11 15:47:27.0989–TRACE–2023/12/11 15:47:27:0989| 0| COM89| S | CommandID    116| FA52030501
2023-12-11 15:47:27.1172–TRACE–2023/12/11 15:47:27:1150| 0| COM89| R | CommandID    116| FA030401260D0A
2023-12-11 15:47:27.2095–TRACE–2023/12/11 15:47:27:2095| 0| COM89| S | CommandID    117| FA52020501
2023-12-11 15:47:27.2470–TRACE–2023/12/11 15:47:27:2469| 0| COM89| R | CommandID    117| FA020401450D0A
2023-12-11 15:47:27.7104–TRACE–2023/12/11 15:47:27:7104| 0| COM89| S | CommandID    118| FA52010405
2023-12-11 15:47:27.7250–TRACE–2023/12/11 15:47:27:7249| 0| COM89| R | CommandID    118| FA01030FEE0D0A
2023-12-11 15:47:27.8195–TRACE–2023/12/11 15:47:27:8195| 0| COM89| S | CommandID    119| FA52020405
2023-12-11 15:47:27.8551–TRACE–2023/12/11 15:47:27:8551| 0| COM89| R | CommandID    119| FA02030FED0D0A
2023-12-11 15:47:27.9287–TRACE–2023/12/11 15:47:27:9287| 0| COM89| S | CommandID    120| FA52030405
2023-12-11 15:47:27.9646–TRACE–2023/12/11 15:47:27:9646| 0| COM89| R | CommandID    120| FA03030FEE0D0A
2023-12-11 15:47:28.0405–TRACE–2023/12/11 15:47:28:0405| 0| COM89| S | CommandID    121| FA52010501
2023-12-11 15:47:28.0702–TRACE–2023/12/11 15:47:28:0702| 0| COM89| R | CommandID    121| FA010401230D0A
2023-12-11 15:47:28.1471–TRACE–2023/12/11 15:47:28:1471| 0| COM89| S | CommandID    122| FA52030501
2023-12-11 15:47:28.1854–TRACE–2023/12/11 15:47:28:1854| 0| COM89| R | CommandID    122| FA030401350D0A
2023-12-11 15:47:28.2575–TRACE–2023/12/11 15:47:28:2575| 0| COM89| S | CommandID    123| FA52020501
2023-12-11 15:47:28.2940–TRACE–2023/12/11 15:47:28:2940| 0| COM89| R | CommandID    123| FA020401280D0A
2023-12-11 15:47:28.7589–TRACE–2023/12/11 15:47:28:7589| 0| COM89| S | CommandID    124| FA52010405
2023-12-11 15:47:28.7875–TRACE–2023/12/11 15:47:28:7875| 0| COM89| R | CommandID    124| FA01030FED0D0A
2023-12-11 15:47:28.8679–TRACE–2023/12/11 15:47:28:8679| 0| COM89| S | CommandID    125| FA52020405
2023-12-11 15:47:28.8960–TRACE–2023/12/11 15:47:28:8960| 0| COM89| R | CommandID    125| FA02030FEC0D0A
2023-12-11 15:47:28.9795–TRACE–2023/12/11 15:47:28:9795| 0| COM89| S | CommandID    126| FA52030405
2023-12-11 15:47:29.0109–TRACE–2023/12/11 15:47:29:0108| 0| COM89| R | CommandID    126| FA03030FEC0D0A
2023-12-11 15:47:29.0829–TRACE–2023/12/11 15:47:29:0829| 0| COM89| S | CommandID    127| FA52010501
2023-12-11 15:47:29.0995–TRACE–2023/12/11 15:47:29:0995| 0| COM89| R | CommandID    127| FA010401400D0A
2023-12-11 15:47:29.1926–TRACE–2023/12/11 15:47:29:1926| 0| COM89| S | CommandID    128| FA52030501
2023-12-11 15:47:29.2092–TRACE–2023/12/11 15:47:29:2091| 0| COM89| R | CommandID    128| FA030401280D0A
2023-12-11 15:47:29.3028–TRACE–2023/12/11 15:47:29:3028| 0| COM89| S | CommandID    129| FA52020501
2023-12-11 15:47:29.3186–TRACE–2023/12/11 15:47:29:3186| 0| COM89| R | CommandID    129| FA020401310D0A
2023-12-11 15:47:29.8145–TRACE–2023/12/11 15:47:29:8145| 0| COM89| S | CommandID    130| FA52010405
2023-12-11 15:47:29.8518–TRACE–2023/12/11 15:47:29:8518| 0| COM89| R | CommandID    130| FA01030FED0D0A
2023-12-11 15:47:29.9202–TRACE–2023/12/11 15:47:29:9201| 0| COM89| S | CommandID    131| FA52020405
2023-12-11 15:47:29.9430–TRACE–2023/12/11 15:47:29:9429| 0| COM89| R | CommandID    131| FA02030FEE0D0A
2023-12-11 15:47:30.0244–TRACE–2023/12/11 15:47:30:0244| 0| COM89| S | CommandID    132| FA52030405
2023-12-11 15:47:30.0544–TRACE–2023/12/11 15:47:30:0543| 0| COM89| R | CommandID    132| FA03030FED0D0A
2023-12-11 15:47:30.1316–TRACE–2023/12/11 15:47:30:1316| 0| COM89| S | CommandID    133| FA52010501
2023-12-11 15:47:30.1618–TRACE–2023/12/11 15:47:30:1618| 0| COM89| R | CommandID    133| FA010401280D0A
2023-12-11 15:47:30.2391–TRACE–2023/12/11 15:47:30:2391| 0| COM89| S | CommandID    134| FA52030501
2023-12-11 15:47:30.2778–TRACE–2023/12/11 15:47:30:2778| 0| COM89| R | CommandID    134| FA030401260D0A
2023-12-11 15:47:30.3503–TRACE–2023/12/11 15:47:30:3502| 0| COM89| S | CommandID    135| FA52020501
2023-12-11 15:47:30.3874–TRACE–2023/12/11 15:47:30:3874| 0| COM89| R | CommandID    135| FA020401360D0A
2023-12-11 15:47:30.8514–TRACE–2023/12/11 15:47:30:8514| 0| COM89| S | CommandID    136| FA52010405
2023-12-11 15:47:30.8868–TRACE–2023/12/11 15:47:30:8868| 0| COM89| R | CommandID    136| FA01030FEC0D0A
2023-12-11 15:47:30.9559–TRACE–2023/12/11 15:47:30:9559| 0| COM89| S | CommandID    137| FA52020405
2023-12-11 15:47:30.9826–TRACE–2023/12/11 15:47:30:9826| 0| COM89| R | CommandID    137| FA02030FEB0D0A
2023-12-11 15:47:31.0685–TRACE–2023/12/11 15:47:31:0685| 0| COM89| S | CommandID    138| FA52030405
2023-12-11 15:47:31.1051–TRACE–2023/12/11 15:47:31:1050| 0| COM89| R | CommandID    138| FA03030FED0D0A
2023-12-11 15:47:31.1716–TRACE–2023/12/11 15:47:31:1716| 0| COM89| S | CommandID    139| FA52010501
2023-12-11 15:47:31.1959–TRACE–2023/12/11 15:47:31:1958| 0| COM89| R | CommandID    139| FA010401310D0A
2023-12-11 15:47:31.2724–TRACE–2023/12/11 15:47:31:2724| 0| COM89| S | CommandID    140| FA52030501
2023-12-11 15:47:31.3029–TRACE–2023/12/11 15:47:31:3029| 0| COM89| R | CommandID    140| FA030401300D0A
2023-12-11 15:47:31.3802–TRACE–2023/12/11 15:47:31:3802| 0| COM89| S | CommandID    141| FA52020501
2023-12-11 15:47:31.3954–TRACE–2023/12/11 15:47:31:3954| 0| COM89| R | CommandID    141| FA020401430D0A
2023-12-11 15:48:07.2742–TRACE–2023/12/11 15:48:07:2530| 0| COM89| S |FA52010501
2023-12-11 15:48:09.6602–TRACE–2023/12/11 15:48:09:6561| 0| COM89| S |FA52010501
2023-12-11 15:48:12.8099–TRACE–2023/12/11 15:48:12:8060| 0| COM89| S |FA52010501
2023-12-11 15:48:13.6286–TRACE–2023/12/11 15:48:13:6244| 0| COM89| S |FA52010501
2023-12-11 15:48:14.0775–TRACE–2023/12/11 15:48:14:0734| 0| COM89| S |FA52010501
2023-12-11 15:48:14.2822–TRACE–2023/12/11 15:48:14:2696| 0| COM89| S |FA52010501
2023-12-11 15:48:14.4757–TRACE–2023/12/11 15:48:14:4715| 0| COM89| S |FA52010501
2023-12-11 15:48:14.6708–TRACE–2023/12/11 15:48:14:6669| 0| COM89| S |FA52010501
2023-12-11 15:48:14.8562–TRACE–2023/12/11 15:48:14:8515| 0| COM89| S |FA52010501
2023-12-11 15:48:15.2316–TRACE–2023/12/11 15:48:15:2266| 0| COM89| S |FA52010501
2023-12-11 15:48:15.4126–TRACE–2023/12/11 15:48:15:4071| 0| COM89| S |FA52010501
2023-12-11 15:48:15.6117–TRACE–2023/12/11 15:48:15:5972| 0| COM89| S |FA52010501
2023-12-11 15:48:15.8007–TRACE–2023/12/11 15:48:15:7961| 0| COM89| S |FA52010501
2023-12-11 15:48:15.9841–TRACE–2023/12/11 15:48:15:9792| 0| COM89| S |FA52010501
2023-12-11 15:48:22.1312–TRACE–2023/12/11 15:48:22:1251| 0| COM89| S |FA52010501
2023-12-11 15:48:22.6357–TRACE–2023/12/11 15:48:22:6207| 0| COM89| S |FA52010501
2023-12-11 15:48:22.8967–TRACE–2023/12/11 15:48:22:8915| 0| COM89| S |FA52010501
2023-12-11 15:48:23.1038–TRACE–2023/12/11 15:48:23:0998| 0| COM89| S |FA52010501
2023-12-11 15:48:23.3022–TRACE–2023/12/11 15:48:23:2982| 0| COM89| S |FA52010501
2023-12-11 15:48:23.4900–TRACE–2023/12/11 15:48:23:4857| 0| COM89| S |FA52010501
2023-12-11 15:48:33.8344–TRACE–2023/12/11 15:48:33:8249| 0| COM89| S |FA52010501
2023-12-11 15:48:34.6229–TRACE–2023/12/11 15:48:34:6187| 0| COM89| S |FA52010501
2023-12-11 15:48:34.8103–TRACE–2023/12/11 15:48:34:8060| 0| COM89| S |FA52010501
2023-12-11 15:48:35.0027–TRACE–2023/12/11 15:48:34:9979| 0| COM89| S |FA52010501
2023-12-11 15:48:35.1910–TRACE–2023/12/11 15:48:35:1867| 0| COM89| S |FA52010501
2023-12-11 15:48:35.3965–TRACE–2023/12/11 15:48:35:3912| 0| COM89| S |FA52010501
2023-12-11 15:48:35.9683–TRACE–2023/12/11 15:48:35:9621| 0| COM89| S |FA52010501
2023-12-11 15:48:36.2049–TRACE–2023/12/11 15:48:36:2004| 0| COM89| S |FA52010501
2023-12-11 15:48:36.4074–TRACE–2023/12/11 15:48:36:4027| 0| COM89| S |FA52010501
2023-12-11 15:48:36.6314–TRACE–2023/12/11 15:48:36:6270| 0| COM89| S |FA52010501
2023-12-11 15:48:36.8572–TRACE–2023/12/11 15:48:36:8529| 0| COM89| S |FA52010501
2023-12-11 15:48:37.0769–TRACE–2023/12/11 15:48:37:0635| 0| COM89| S |FA52010501
2023-12-11 15:48:37.5610–TRACE–2023/12/11 15:48:37:5558| 0| COM89| S |FA52010501
2023-12-11 15:48:37.9920–TRACE–2023/12/11 15:48:37:9876| 0| COM89| S |FA52010501
2023-12-11 15:48:38.4206–TRACE–2023/12/11 15:48:38:4165| 0| COM89| S |FA52010501
2023-12-11 15:48:53.4495–TRACE–2023/12/11 15:48:53:4453| 0| COM89| S |FA52010501
2023-12-11 15:48:54.1744–TRACE–2023/12/11 15:48:54:1685| 0| COM89| S |FA52010501
2023-12-11 15:48:54.4260–TRACE–2023/12/11 15:48:54:4210| 0| COM89| S |FA52010501
2023-12-11 15:48:54.6237–TRACE–2023/12/11 15:48:54:6191| 0| COM89| S |FA52010501
2023-12-11 15:48:55.3183–TRACE–2023/12/11 15:48:55:3038| 0| COM89| S |FA52010501
2023-12-11 15:48:55.5081–TRACE–2023/12/11 15:48:55:5028| 0| COM89| S |FA52010501
2023-12-11 15:48:55.7071–TRACE–2023/12/11 15:48:55:7029| 0| COM89| S |FA52010501
2023-12-11 15:48:55.9341–TRACE–2023/12/11 15:48:55:9299| 0| COM89| S |FA52010501
2023-12-11 15:48:56.1375–TRACE–2023/12/11 15:48:56:1333| 0| COM89| S |FA52010501
2023-12-11 15:49:39.6499–TRACE–2023/12/11 15:49:39:6367| 0| COM89| S |FA52010501
2023-12-11 15:49:40.1116–TRACE–2023/12/11 15:49:40:1044| 0| COM89| S |FA52010501
2023-12-11 15:49:40.5258–TRACE–2023/12/11 15:49:40:5206| 0| COM89| S |FA52010501
2023-12-11 15:50:14.3667–TRACE–2023/12/11 15:50:14:3614| 0| COM89| S |FA52010402
2023-12-11 15:50:14.5512–TRACE–2023/12/11 15:50:14:5461| 0| COM89| S |FA52010402
2023-12-11 15:50:14.7849–TRACE–2023/12/11 15:50:14:7792| 0| COM89| S |FA52010402
2023-12-11 15:50:14.9990–TRACE–2023/12/11 15:50:14:9938| 0| COM89| S |FA52010402
2023-12-11 15:50:15.2056–TRACE–2023/12/11 15:50:15:1993| 0| COM89| S |FA52010402
2023-12-11 15:50:15.3853–TRACE–2023/12/11 15:50:15:3757| 0| COM89| S |FA52010402
2023-12-11 15:50:48.1823–TRACE–2023/12/11 15:50:48:1728| 0| COM89| S |FA57000201
2023-12-11 15:50:53.0406–TRACE–2023/12/11 15:50:53:0351| 0| COM89| S |FA52010402
2023-12-11 15:50:53.5432–TRACE–2023/12/11 15:50:53:5364| 0| COM89| S |FA52010402
2023-12-11 15:50:53.8522–TRACE–2023/12/11 15:50:53:8470| 0| COM89| S |FA52010402
2023-12-11 15:50:54.1063–TRACE–2023/12/11 15:50:54:0994| 0| COM89| S |FA52010402
2023-12-11 15:50:54.3568–TRACE–2023/12/11 15:50:54:3513| 0| COM89| S |FA52010402
2023-12-11 15:50:54.6148–TRACE–2023/12/11 15:50:54:5992| 0| COM89| S |FA52010402
2023-12-11 15:50:54.8212–TRACE–2023/12/11 15:50:54:8155| 0| COM89| S |FA52010402
2023-12-11 15:50:55.0212–TRACE–2023/12/11 15:50:55:0132| 0| COM89| S |FA52010402
2023-12-11 15:50:55.6662–TRACE–2023/12/11 15:50:55:6607| 0| COM89| S |FA57000200
2023-12-11 15:51:00.0486–TRACE–2023/12/11 15:51:00:0433| 0| COM89| S |FA52010402
2023-12-11 15:51:11.7530–TRACE–2023/12/11 15:51:11:7477| 0| COM89| S |FA57000201
2023-12-11 15:51:11.7530–TRACE–2023/12/11 15:51:11:7572| 0| COM89| Rs |C30D0A
2023-12-11 15:51:13.8648–TRACE–2023/12/11 15:51:13:8576| 0| COM89| S |FA52010402
2023-12-11 15:51:13.8801–TRACE–2023/12/11 15:51:13:8801| 0| COM89| Rs |FA010400840D0A
