2023-11-14 16:21:33.2459–TRACE–2023/11/14 16:21:33:2395| 0| COM83| S | CommandID      0| FA57000201
2023-11-14 16:21:33.2579–TRACE–2023/11/14 16:21:33:2579| 0| COM83| R | CommandID      0| C30D0A
2023-11-14 16:21:35.2508–TRACE–2023/11/14 16:21:35:2508| 0| COM83| S | CommandID      1| FA52010002
2023-11-14 16:21:35.2508–TRACE–2023/11/14 16:21:35:2560| 0| COM83| R | CommandID      1| FA010403040D0A
2023-11-14 16:21:35.2508–TRACE–2023/11/14 16:21:35:2573| 0| COM83| S | CommandID      2| FA52020002
2023-11-14 16:21:35.2836–TRACE–2023/11/14 16:21:35:2836| 0| COM83| R | CommandID      2| FA020403040D0A
2023-11-14 16:21:35.2836–TRACE–2023/11/14 16:21:35:2854| 0| COM83| S | CommandID      3| FA52030002
2023-11-14 16:21:35.3039–TRACE–2023/11/14 16:21:35:3039| 0| COM83| R | CommandID      3| FA030403040D0A
2023-11-14 16:21:35.3039–TRACE–2023/11/14 16:21:35:3057| 0| COM83| S | CommandID      4| FA52010001
2023-11-14 16:21:35.3295–TRACE–2023/11/14 16:21:35:3295| 0| COM83| R | CommandID      4| FA010401020D0A
2023-11-14 16:21:35.3295–TRACE–2023/11/14 16:21:35:3323| 0| COM83| S | CommandID      5| FA52020001
2023-11-14 16:21:35.3659–TRACE–2023/11/14 16:21:35:3659| 0| COM83| R | CommandID      5| FA020401020D0A
2023-11-14 16:21:35.3659–TRACE–2023/11/14 16:21:35:3672| 0| COM83| S | CommandID      6| FA52030001
2023-11-14 16:21:35.3899–TRACE–2023/11/14 16:21:35:3899| 0| COM83| R | CommandID      6| FA030401020D0A
2023-11-14 16:21:35.3899–TRACE–2023/11/14 16:21:35:3926| 0| COM83| S | CommandID      7| FA52010401
2023-11-14 16:21:35.4107–TRACE–2023/11/14 16:21:35:4107| 0| COM83| R | CommandID      7| FA010A0101020304050607080D0A
2023-11-14 16:21:35.4107–TRACE–2023/11/14 16:21:35:4125| 0| COM83| S | CommandID      8| FA52020401
2023-11-14 16:21:35.4414–TRACE–2023/11/14 16:21:35:4414| 0| COM83| R | CommandID      8| FA020A0101020304050607080D0A
2023-11-14 16:21:35.4414–TRACE–2023/11/14 16:21:35:4428| 0| COM83| S | CommandID      9| FA52030401
2023-11-14 16:21:35.4728–TRACE–2023/11/14 16:21:35:4727| 0| COM83| R | CommandID      9| FA030A0101020304050607080D0A
2023-11-14 16:21:35.4728–TRACE–2023/11/14 16:21:35:4748| 0| COM83| S | CommandID     10| FA52010101
2023-11-14 16:21:35.5023–TRACE–2023/11/14 16:21:35:5023| 0| COM83| R | CommandID     10| FA0103640D0A
2023-11-14 16:21:35.5023–TRACE–2023/11/14 16:21:35:5048| 0| COM83| S | CommandID     11| FA52020101
2023-11-14 16:21:35.5391–TRACE–2023/11/14 16:21:35:5390| 0| COM83| R | CommandID     11| FA0203640D0A
2023-11-14 16:21:35.5391–TRACE–2023/11/14 16:21:35:5412| 0| COM83| S | CommandID     12| FA52030101
2023-11-14 16:21:35.5680–TRACE–2023/11/14 16:21:35:5680| 0| COM83| R | CommandID     12| FA0303640D0A
2023-11-14 16:21:35.5680–TRACE–2023/11/14 16:21:35:5698| 0| COM83| S | CommandID     13| FA52010402
2023-11-14 16:21:35.5928–TRACE–2023/11/14 16:21:35:5928| 0| COM83| R | CommandID     13| FA010400870D0A
2023-11-14 16:21:35.5928–TRACE–2023/11/14 16:21:35:5942| 0| COM83| S | CommandID     14| FA52020402
2023-11-14 16:21:35.6096–TRACE–2023/11/14 16:21:35:6096| 0| COM83| R | CommandID     14| FA020400850D0A
2023-11-14 16:21:35.6096–TRACE–2023/11/14 16:21:35:6110| 0| COM83| S | CommandID     15| FA52030402
2023-11-14 16:21:35.6312–TRACE–2023/11/14 16:21:35:6311| 0| COM83| R | CommandID     15| FA030400850D0A
2023-11-14 16:21:35.6312–TRACE–2023/11/14 16:21:35:6327| 0| COM83| S | CommandID     16| FA52010403
2023-11-14 16:21:35.6780–TRACE–2023/11/14 16:21:35:6779| 0| COM83| R | CommandID     16| FA01054557550D0A
2023-11-14 16:21:35.6780–TRACE–2023/11/14 16:21:35:6798| 0| COM83| S | CommandID     17| FA52020403
2023-11-14 16:21:35.7073–TRACE–2023/11/14 16:21:35:7073| 0| COM83| R | CommandID     17| FA02054155550D0A
2023-11-14 16:21:35.7073–TRACE–2023/11/14 16:21:35:7091| 0| COM83| S | CommandID     18| FA52030403
2023-11-14 16:21:35.7338–TRACE–2023/11/14 16:21:35:7338| 0| COM83| R | CommandID     18| FA03054355550D0A
2023-11-14 16:21:35.7338–TRACE–2023/11/14 16:21:35:7362| 0| COM83| S | CommandID     19| FA52010404
2023-11-14 16:21:35.7507–TRACE–2023/11/14 16:21:35:7507| 0| COM83| R | CommandID     19| FA01034B0D0A
2023-11-14 16:21:35.7507–TRACE–2023/11/14 16:21:35:7522| 0| COM83| S | CommandID     20| FA52020404
2023-11-14 16:21:35.7723–TRACE–2023/11/14 16:21:35:7723| 0| COM83| R | CommandID     20| FA02034B0D0A
2023-11-14 16:21:35.7723–TRACE–2023/11/14 16:21:35:7742| 0| COM83| S | CommandID     21| FA52030404
2023-11-14 16:21:35.8075–TRACE–2023/11/14 16:21:35:8075| 0| COM83| R | CommandID     21| FA03034B0D0A
2023-11-14 16:21:35.8271–TRACE–2023/11/14 16:21:35:8271| 0| COM83| S | CommandID     22| FA52010405
2023-11-14 16:21:35.8440–TRACE–2023/11/14 16:21:35:8440| 0| COM83| R | CommandID     22| FA01040E0A0D0A
2023-11-14 16:21:35.9367–TRACE–2023/11/14 16:21:35:9367| 0| COM83| S | CommandID     23| FA52020405
2023-11-14 16:21:35.9533–TRACE–2023/11/14 16:21:35:9533| 0| COM83| R | CommandID     23| FA02041B210D0A
2023-11-14 16:21:36.0483–TRACE–2023/11/14 16:21:36:0483| 0| COM83| S | CommandID     24| FA52030405
2023-11-14 16:21:36.0624–TRACE–2023/11/14 16:21:36:0624| 0| COM83| R | CommandID     24| FA030448410D0A
2023-11-14 16:21:36.1580–TRACE–2023/11/14 16:21:36:1580| 0| COM83| S | CommandID     25| FA52010501
2023-11-14 16:21:36.1733–TRACE–2023/11/14 16:21:36:1733| 0| COM83| R | CommandID     25| FA0104015C0D0A
2023-11-14 16:21:36.2672–TRACE–2023/11/14 16:21:36:2672| 0| COM83| S | CommandID     26| FA52030501
2023-11-14 16:21:36.2817–TRACE–2023/11/14 16:21:36:2817| 0| COM83| R | CommandID     26| FA030401580D0A
2023-11-14 16:21:36.3787–TRACE–2023/11/14 16:21:36:3787| 0| COM83| S | CommandID     27| FA52020501
2023-11-14 16:21:36.4077–TRACE–2023/11/14 16:21:36:4077| 0| COM83| R | CommandID     27| FA020401340D0A
2023-11-14 16:21:36.8908–TRACE–2023/11/14 16:21:36:8907| 0| COM83| S | CommandID     28| FA52010405
2023-11-14 16:21:36.9055–TRACE–2023/11/14 16:21:36:9055| 0| COM83| R | CommandID     28| FA01042E2C0D0A
2023-11-14 16:21:37.0014–TRACE–2023/11/14 16:21:37:0013| 0| COM83| S | CommandID     29| FA52020405
2023-11-14 16:21:37.0168–TRACE–2023/11/14 16:21:37:0168| 0| COM83| R | CommandID     29| FA0204402E0D0A
2023-11-14 16:21:37.1122–TRACE–2023/11/14 16:21:37:1122| 0| COM83| S | CommandID     30| FA52030405
2023-11-14 16:21:37.1265–TRACE–2023/11/14 16:21:37:1265| 0| COM83| R | CommandID     30| FA03042D2A0D0A
2023-11-14 16:21:37.2178–TRACE–2023/11/14 16:21:37:2178| 0| COM83| S | CommandID     31| FA52010501
2023-11-14 16:21:37.2347–TRACE–2023/11/14 16:21:37:2347| 0| COM83| R | CommandID     31| FA0104015C0D0A
2023-11-14 16:21:37.3306–TRACE–2023/11/14 16:21:37:3306| 0| COM83| S | CommandID     32| FA52030501
2023-11-14 16:21:37.3437–TRACE–2023/11/14 16:21:37:3437| 0| COM83| R | CommandID     32| FA030401400D0A
2023-11-14 16:21:37.4373–TRACE–2023/11/14 16:21:37:4373| 0| COM83| S | CommandID     33| FA52020501
2023-11-14 16:21:37.4753–TRACE–2023/11/14 16:21:37:4753| 0| COM83| R | CommandID     33| FA020401240D0A
2023-11-14 16:21:37.9389–TRACE–2023/11/14 16:21:37:9388| 0| COM83| S | CommandID     34| FA52010405
2023-11-14 16:21:37.9545–TRACE–2023/11/14 16:21:37:9545| 0| COM83| R | CommandID     34| FA010419410D0A
2023-11-14 16:21:38.0398–TRACE–2023/11/14 16:21:38:0398| 0| COM83| S | CommandID     35| FA52020405
2023-11-14 16:21:38.0666–TRACE–2023/11/14 16:21:38:0666| 0| COM83| R | CommandID     35| FA0204171C0D0A
2023-11-14 16:21:38.1443–TRACE–2023/11/14 16:21:38:1443| 0| COM83| S | CommandID     36| FA52030405
2023-11-14 16:21:38.1736–TRACE–2023/11/14 16:21:38:1736| 0| COM83| R | CommandID     36| FA0304132B0D0A
2023-11-14 16:21:38.2568–TRACE–2023/11/14 16:21:38:2568| 0| COM83| S | CommandID     37| FA52010501
2023-11-14 16:21:38.2847–TRACE–2023/11/14 16:21:38:2847| 0| COM83| R | CommandID     37| FA010401500D0A
2023-11-14 16:21:38.3597–TRACE–2023/11/14 16:21:38:3597| 0| COM83| S | CommandID     38| FA52030501
2023-11-14 16:21:38.3754–TRACE–2023/11/14 16:21:38:3754| 0| COM83| R | CommandID     38| FA0304013C0D0A
2023-11-14 16:21:38.4705–TRACE–2023/11/14 16:21:38:4705| 0| COM83| S | CommandID     39| FA52020501
2023-11-14 16:21:38.4840–TRACE–2023/11/14 16:21:38:4840| 0| COM83| R | CommandID     39| FA020401180D0A
2023-11-14 16:21:38.9869–TRACE–2023/11/14 16:21:38:9869| 0| COM83| S | CommandID     40| FA52010405
2023-11-14 16:21:39.0222–TRACE–2023/11/14 16:21:39:0222| 0| COM83| R | CommandID     40| FA0104321D0D0A
2023-11-14 16:21:39.0975–TRACE–2023/11/14 16:21:39:0975| 0| COM83| S | CommandID     41| FA52020405
2023-11-14 16:21:39.1114–TRACE–2023/11/14 16:21:39:1114| 0| COM83| R | CommandID     41| FA02040C450D0A
2023-11-14 16:21:39.2085–TRACE–2023/11/14 16:21:39:2085| 0| COM83| S | CommandID     42| FA52030405
2023-11-14 16:21:39.2368–TRACE–2023/11/14 16:21:39:2368| 0| COM83| R | CommandID     42| FA030439300D0A
2023-11-14 16:21:39.3183–TRACE–2023/11/14 16:21:39:3183| 0| COM83| S | CommandID     43| FA52010501
2023-11-14 16:21:39.3463–TRACE–2023/11/14 16:21:39:3463| 0| COM83| R | CommandID     43| FA010405340D0A
2023-11-14 16:21:39.4271–TRACE–2023/11/14 16:21:39:4271| 0| COM83| S | CommandID     44| FA52030501
2023-11-14 16:21:39.4551–TRACE–2023/11/14 16:21:39:4551| 0| COM83| R | CommandID     44| FA030401600D0A
2023-11-14 16:21:39.5326–TRACE–2023/11/14 16:21:39:5326| 0| COM83| S | CommandID     45| FA52020501
2023-11-14 16:21:39.5477–TRACE–2023/11/14 16:21:39:5477| 0| COM83| R | CommandID     45| FA020401440D0A
2023-11-14 16:21:40.0333–TRACE–2023/11/14 16:21:40:0333| 0| COM83| S | CommandID     46| FA52010405
2023-11-14 16:21:40.0464–TRACE–2023/11/14 16:21:40:0464| 0| COM83| R | CommandID     46| FA010447370D0A
2023-11-14 16:21:40.1414–TRACE–2023/11/14 16:21:40:1414| 0| COM83| S | CommandID     47| FA52020405
2023-11-14 16:21:40.1574–TRACE–2023/11/14 16:21:40:1574| 0| COM83| R | CommandID     47| FA0204174E0D0A
2023-11-14 16:21:40.2429–TRACE–2023/11/14 16:21:40:2429| 0| COM83| S | CommandID     48| FA52030405
2023-11-14 16:21:40.2691–TRACE–2023/11/14 16:21:40:2691| 0| COM83| R | CommandID     48| FA03041A0B0D0A
2023-11-14 16:21:40.3446–TRACE–2023/11/14 16:21:40:3445| 0| COM83| S | CommandID     49| FA52010501
2023-11-14 16:21:40.3597–TRACE–2023/11/14 16:21:40:3597| 0| COM83| R | CommandID     49| FA010405300D0A
2023-11-14 16:21:40.4532–TRACE–2023/11/14 16:21:40:4532| 0| COM83| S | CommandID     50| FA52030501
2023-11-14 16:21:40.4689–TRACE–2023/11/14 16:21:40:4689| 0| COM83| R | CommandID     50| FA030401480D0A
2023-11-14 16:21:40.5633–TRACE–2023/11/14 16:21:40:5633| 0| COM83| S | CommandID     51| FA52020501
2023-11-14 16:21:40.5785–TRACE–2023/11/14 16:21:40:5785| 0| COM83| R | CommandID     51| FA0204010C0D0A
2023-11-14 16:21:41.0785–TRACE–2023/11/14 16:21:41:0785| 0| COM83| S | CommandID     52| FA52010405
2023-11-14 16:21:41.0931–TRACE–2023/11/14 16:21:41:0931| 0| COM83| R | CommandID     52| FA0104344F0D0A
2023-11-14 16:21:41.1862–TRACE–2023/11/14 16:21:41:1861| 0| COM83| S | CommandID     53| FA52020405
2023-11-14 16:21:41.2024–TRACE–2023/11/14 16:21:41:2024| 0| COM83| R | CommandID     53| FA02043A400D0A
2023-11-14 16:21:41.2998–TRACE–2023/11/14 16:21:41:2998| 0| COM83| S | CommandID     54| FA52030405
2023-11-14 16:21:41.3122–TRACE–2023/11/14 16:21:41:3122| 0| COM83| R | CommandID     54| FA0304273A0D0A
2023-11-14 16:21:41.4076–TRACE–2023/11/14 16:21:41:4076| 0| COM83| S | CommandID     55| FA52010501
2023-11-14 16:21:41.4223–TRACE–2023/11/14 16:21:41:4223| 0| COM83| R | CommandID     55| FA0104054C0D0A
2023-11-14 16:21:41.5203–TRACE–2023/11/14 16:21:41:5203| 0| COM83| S | CommandID     56| FA52030501
2023-11-14 16:21:41.5465–TRACE–2023/11/14 16:21:41:5465| 0| COM83| R | CommandID     56| FA0304011C0D0A
2023-11-14 16:21:41.6289–TRACE–2023/11/14 16:21:41:6289| 0| COM83| S | CommandID     57| FA52020501
2023-11-14 16:21:41.6580–TRACE–2023/11/14 16:21:41:6579| 0| COM83| R | CommandID     57| FA020401040D0A
2023-11-14 16:21:42.1296–TRACE–2023/11/14 16:21:42:1296| 0| COM83| S | CommandID     58| FA52010405
2023-11-14 16:21:42.1564–TRACE–2023/11/14 16:21:42:1564| 0| COM83| R | CommandID     58| FA010435210D0A
2023-11-14 16:21:42.2374–TRACE–2023/11/14 16:21:42:2374| 0| COM83| S | CommandID     59| FA52020405
2023-11-14 16:21:42.2686–TRACE–2023/11/14 16:21:42:2686| 0| COM83| R | CommandID     59| FA020414340D0A
2023-11-14 16:21:42.3420–TRACE–2023/11/14 16:21:42:3420| 0| COM83| S | CommandID     60| FA52030405
2023-11-14 16:21:42.3583–TRACE–2023/11/14 16:21:42:3582| 0| COM83| R | CommandID     60| FA03041F1D0D0A
2023-11-14 16:21:42.4529–TRACE–2023/11/14 16:21:42:4529| 0| COM83| S | CommandID     61| FA52010501
2023-11-14 16:21:42.4681–TRACE–2023/11/14 16:21:42:4681| 0| COM83| R | CommandID     61| FA010401580D0A
2023-11-14 16:21:42.5674–TRACE–2023/11/14 16:21:42:5674| 0| COM83| S | CommandID     62| FA52030501
2023-11-14 16:21:42.5925–TRACE–2023/11/14 16:21:42:5925| 0| COM83| R | CommandID     62| FA0304055C0D0A
2023-11-14 16:21:42.6769–TRACE–2023/11/14 16:21:42:6769| 0| COM83| S | CommandID     63| FA52020501
2023-11-14 16:21:42.7253–TRACE–2023/11/14 16:21:42:7252| 0| COM83| R | CommandID     63| FA020401380D0A
2023-11-14 16:21:43.1878–TRACE–2023/11/14 16:21:43:1878| 0| COM83| S | CommandID     64| FA52010405
2023-11-14 16:21:43.2037–TRACE–2023/11/14 16:21:43:2037| 0| COM83| R | CommandID     64| FA010450440D0A
2023-11-14 16:21:43.2964–TRACE–2023/11/14 16:21:43:2964| 0| COM83| S | CommandID     65| FA52020405
2023-11-14 16:21:43.3122–TRACE–2023/11/14 16:21:43:3121| 0| COM83| R | CommandID     65| FA02041E2A0D0A
2023-11-14 16:21:43.4081–TRACE–2023/11/14 16:21:43:4081| 0| COM83| S | CommandID     66| FA52030405
2023-11-14 16:21:43.4209–TRACE–2023/11/14 16:21:43:4209| 0| COM83| R | CommandID     66| FA03042C180D0A
2023-11-14 16:21:43.5139–TRACE–2023/11/14 16:21:43:5139| 0| COM83| S | CommandID     67| FA52010501
2023-11-14 16:21:43.5315–TRACE–2023/11/14 16:21:43:5315| 0| COM83| R | CommandID     67| FA010405240D0A
2023-11-14 16:21:43.6265–TRACE–2023/11/14 16:21:43:6265| 0| COM83| S | CommandID     68| FA52030501
2023-11-14 16:21:43.6407–TRACE–2023/11/14 16:21:43:6407| 0| COM83| R | CommandID     68| FA0304015C0D0A
2023-11-14 16:21:43.7370–TRACE–2023/11/14 16:21:43:7369| 0| COM83| S | CommandID     69| FA52020501
2023-11-14 16:21:43.7668–TRACE–2023/11/14 16:21:43:7668| 0| COM83| R | CommandID     69| FA0204012C0D0A
2023-11-14 16:21:44.2378–TRACE–2023/11/14 16:21:44:2378| 0| COM83| S | CommandID     70| FA52010405
2023-11-14 16:21:44.2643–TRACE–2023/11/14 16:21:44:2643| 0| COM83| R | CommandID     70| FA01042C2B0D0A
2023-11-14 16:21:44.3466–TRACE–2023/11/14 16:21:44:3466| 0| COM83| S | CommandID     71| FA52020405
2023-11-14 16:21:44.3752–TRACE–2023/11/14 16:21:44:3752| 0| COM83| R | CommandID     71| FA02041A2C0D0A
2023-11-14 16:21:44.4523–TRACE–2023/11/14 16:21:44:4523| 0| COM83| S | CommandID     72| FA52030405
2023-11-14 16:21:44.4688–TRACE–2023/11/14 16:21:44:4688| 0| COM83| R | CommandID     72| FA03044C260D0A
2023-11-14 16:21:44.5611–TRACE–2023/11/14 16:21:44:5610| 0| COM83| S | CommandID     73| FA52010501
2023-11-14 16:21:44.5792–TRACE–2023/11/14 16:21:44:5792| 0| COM83| R | CommandID     73| FA010401280D0A
2023-11-14 16:21:44.6708–TRACE–2023/11/14 16:21:44:6707| 0| COM83| S | CommandID     74| FA52030501
2023-11-14 16:21:44.6880–TRACE–2023/11/14 16:21:44:6880| 0| COM83| R | CommandID     74| FA0304013C0D0A
2023-11-14 16:21:44.7823–TRACE–2023/11/14 16:21:44:7823| 0| COM83| S | CommandID     75| FA52020501
2023-11-14 16:21:44.7976–TRACE–2023/11/14 16:21:44:7976| 0| COM83| R | CommandID     75| FA020401280D0A
2023-11-14 16:21:45.2963–TRACE–2023/11/14 16:21:45:2963| 0| COM83| S | CommandID     76| FA52010405
2023-11-14 16:21:45.3117–TRACE–2023/11/14 16:21:45:3116| 0| COM83| R | CommandID     76| FA0104132E0D0A
2023-11-14 16:21:45.4057–TRACE–2023/11/14 16:21:45:4056| 0| COM83| S | CommandID     77| FA52020405
2023-11-14 16:21:45.4214–TRACE–2023/11/14 16:21:45:4214| 0| COM83| R | CommandID     77| FA020439410D0A
2023-11-14 16:21:45.5184–TRACE–2023/11/14 16:21:45:5183| 0| COM83| S | CommandID     78| FA52030405
2023-11-14 16:21:45.5479–TRACE–2023/11/14 16:21:45:5479| 0| COM83| R | CommandID     78| FA03043E1B0D0A
2023-11-14 16:21:45.6274–TRACE–2023/11/14 16:21:45:6274| 0| COM83| S | CommandID     79| FA52010501
2023-11-14 16:21:45.6647–TRACE–2023/11/14 16:21:45:6646| 0| COM83| R | CommandID     79| FA010401340D0A
2023-11-14 16:21:45.7412–TRACE–2023/11/14 16:21:45:7411| 0| COM83| S | CommandID     80| FA52030501
2023-11-14 16:21:45.7667–TRACE–2023/11/14 16:21:45:7667| 0| COM83| R | CommandID     80| FA0304015C0D0A
2023-11-14 16:21:45.8474–TRACE–2023/11/14 16:21:45:8474| 0| COM83| S | CommandID     81| FA52020501
2023-11-14 16:21:45.8766–TRACE–2023/11/14 16:21:45:8766| 0| COM83| R | CommandID     81| FA0204010C0D0A
2023-11-14 16:21:46.3477–TRACE–2023/11/14 16:21:46:3476| 0| COM83| S | CommandID     82| FA52010405
2023-11-14 16:21:46.3837–TRACE–2023/11/14 16:21:46:3837| 0| COM83| R | CommandID     82| FA0104124B0D0A
2023-11-14 16:21:46.4618–TRACE–2023/11/14 16:21:46:4618| 0| COM83| S | CommandID     83| FA52020405
2023-11-14 16:21:46.4866–TRACE–2023/11/14 16:21:46:4866| 0| COM83| R | CommandID     83| FA020437130D0A
2023-11-14 16:21:46.5675–TRACE–2023/11/14 16:21:46:5675| 0| COM83| S | CommandID     84| FA52030405
2023-11-14 16:21:46.5965–TRACE–2023/11/14 16:21:46:5965| 0| COM83| R | CommandID     84| FA03040A1B0D0A
2023-11-14 16:21:46.6737–TRACE–2023/11/14 16:21:46:6737| 0| COM83| S | CommandID     85| FA52010501
2023-11-14 16:21:46.7098–TRACE–2023/11/14 16:21:46:7098| 0| COM83| R | CommandID     85| FA010401340D0A
2023-11-14 16:21:46.7851–TRACE–2023/11/14 16:21:46:7850| 0| COM83| S | CommandID     86| FA52030501
2023-11-14 16:21:46.8153–TRACE–2023/11/14 16:21:46:8153| 0| COM83| R | CommandID     86| FA030401100D0A
2023-11-14 16:21:46.8897–TRACE–2023/11/14 16:21:46:8897| 0| COM83| S | CommandID     87| FA52020501
2023-11-14 16:21:46.9062–TRACE–2023/11/14 16:21:46:9062| 0| COM83| R | CommandID     87| FA020401440D0A
2023-11-14 16:21:47.3905–TRACE–2023/11/14 16:21:47:3905| 0| COM83| S | CommandID     88| FA52010405
2023-11-14 16:21:47.4051–TRACE–2023/11/14 16:21:47:4051| 0| COM83| R | CommandID     88| FA01043A210D0A
2023-11-14 16:21:47.4979–TRACE–2023/11/14 16:21:47:4979| 0| COM83| S | CommandID     89| FA52020405
2023-11-14 16:21:47.5157–TRACE–2023/11/14 16:21:47:5157| 0| COM83| R | CommandID     89| FA0204271F0D0A
2023-11-14 16:21:47.6077–TRACE–2023/11/14 16:21:47:6077| 0| COM83| S | CommandID     90| FA52030405
2023-11-14 16:21:47.6275–TRACE–2023/11/14 16:21:47:6275| 0| COM83| R | CommandID     90| FA03043A240D0A
2023-11-14 16:21:47.7174–TRACE–2023/11/14 16:21:47:7174| 0| COM83| S | CommandID     91| FA52010501
2023-11-14 16:21:47.7331–TRACE–2023/11/14 16:21:47:7331| 0| COM83| R | CommandID     91| FA010401540D0A
2023-11-14 16:21:47.8260–TRACE–2023/11/14 16:21:47:8260| 0| COM83| S | CommandID     92| FA52030501
2023-11-14 16:21:47.8427–TRACE–2023/11/14 16:21:47:8427| 0| COM83| R | CommandID     92| FA030401000D0A
2023-11-14 16:21:47.9357–TRACE–2023/11/14 16:21:47:9357| 0| COM83| S | CommandID     93| FA52020501
2023-11-14 16:21:47.9553–TRACE–2023/11/14 16:21:47:9553| 0| COM83| R | CommandID     93| FA0204010C0D0A
2023-11-14 16:21:48.4375–TRACE–2023/11/14 16:21:48:4374| 0| COM83| S | CommandID     94| FA52010405
2023-11-14 16:21:48.4522–TRACE–2023/11/14 16:21:48:4522| 0| COM83| R | CommandID     94| FA01041C450D0A
2023-11-14 16:21:48.5476–TRACE–2023/11/14 16:21:48:5476| 0| COM83| S | CommandID     95| FA52020405
2023-11-14 16:21:48.5777–TRACE–2023/11/14 16:21:48:5776| 0| COM83| R | CommandID     95| FA0204290A0D0A
2023-11-14 16:21:48.6495–TRACE–2023/11/14 16:21:48:6495| 0| COM83| S | CommandID     96| FA52030405
2023-11-14 16:21:48.6957–TRACE–2023/11/14 16:21:48:6957| 0| COM83| R | CommandID     96| FA03042D470D0A
2023-11-14 16:21:48.7651–TRACE–2023/11/14 16:21:48:7651| 0| COM83| S | CommandID     97| FA52010501
2023-11-14 16:21:48.7830–TRACE–2023/11/14 16:21:48:7830| 0| COM83| R | CommandID     97| FA0104011C0D0A
2023-11-14 16:21:48.8748–TRACE–2023/11/14 16:21:48:8748| 0| COM83| S | CommandID     98| FA52030501
2023-11-14 16:21:48.8917–TRACE–2023/11/14 16:21:48:8917| 0| COM83| R | CommandID     98| FA030401580D0A
2023-11-14 16:21:48.9858–TRACE–2023/11/14 16:21:48:9858| 0| COM83| S | CommandID     99| FA52020501
2023-11-14 16:21:48.9993–TRACE–2023/11/14 16:21:48:9993| 0| COM83| R | CommandID     99| FA020401480D0A
2023-11-14 16:21:49.4868–TRACE–2023/11/14 16:21:49:4867| 0| COM83| S | CommandID    100| FA52010405
2023-11-14 16:21:49.5164–TRACE–2023/11/14 16:21:49:5164| 0| COM83| R | CommandID    100| FA010450200D0A
2023-11-14 16:21:49.5941–TRACE–2023/11/14 16:21:49:5941| 0| COM83| S | CommandID    101| FA52020405
2023-11-14 16:21:49.6089–TRACE–2023/11/14 16:21:49:6089| 0| COM83| R | CommandID    101| FA020440360D0A
2023-11-14 16:21:49.7045–TRACE–2023/11/14 16:21:49:7045| 0| COM83| S | CommandID    102| FA52030405
2023-11-14 16:21:49.7344–TRACE–2023/11/14 16:21:49:7344| 0| COM83| R | CommandID    102| FA03041C210D0A
2023-11-14 16:21:49.8105–TRACE–2023/11/14 16:21:49:8105| 0| COM83| S | CommandID    103| FA52010501
2023-11-14 16:21:49.8282–TRACE–2023/11/14 16:21:49:8282| 0| COM83| R | CommandID    103| FA0104015C0D0A
2023-11-14 16:21:49.9213–TRACE–2023/11/14 16:21:49:9213| 0| COM83| S | CommandID    104| FA52030501
2023-11-14 16:21:49.9363–TRACE–2023/11/14 16:21:49:9363| 0| COM83| R | CommandID    104| FA030401140D0A
2023-11-14 16:21:50.0319–TRACE–2023/11/14 16:21:50:0319| 0| COM83| S | CommandID    105| FA52020501
2023-11-14 16:21:50.0468–TRACE–2023/11/14 16:21:50:0468| 0| COM83| R | CommandID    105| FA020401040D0A
2023-11-14 16:21:50.5350–TRACE–2023/11/14 16:21:50:5350| 0| COM83| S | CommandID    106| FA52010405
2023-11-14 16:21:50.5648–TRACE–2023/11/14 16:21:50:5648| 0| COM83| R | CommandID    106| FA0104372C0D0A
2023-11-14 16:21:50.6481–TRACE–2023/11/14 16:21:50:6480| 0| COM83| S | CommandID    107| FA52020405
2023-11-14 16:21:50.6796–TRACE–2023/11/14 16:21:50:6796| 0| COM83| R | CommandID    107| FA020439440D0A
2023-11-14 16:21:50.7478–TRACE–2023/11/14 16:21:50:7478| 0| COM83| S | CommandID    108| FA52030405
2023-11-14 16:21:50.7644–TRACE–2023/11/14 16:21:50:7644| 0| COM83| R | CommandID    108| FA030417110D0A
2023-11-14 16:21:50.8592–TRACE–2023/11/14 16:21:50:8591| 0| COM83| S | CommandID    109| FA52010501
2023-11-14 16:21:50.8763–TRACE–2023/11/14 16:21:50:8763| 0| COM83| R | CommandID    109| FA010401400D0A
2023-11-14 16:21:50.9672–TRACE–2023/11/14 16:21:50:9672| 0| COM83| S | CommandID    110| FA52030501
2023-11-14 16:21:50.9837–TRACE–2023/11/14 16:21:50:9837| 0| COM83| R | CommandID    110| FA030401000D0A
2023-11-14 16:21:51.0758–TRACE–2023/11/14 16:21:51:0758| 0| COM83| S | CommandID    111| FA52020501
2023-11-14 16:21:51.0930–TRACE–2023/11/14 16:21:51:0930| 0| COM83| R | CommandID    111| FA020401380D0A
2023-11-14 16:21:51.5765–TRACE–2023/11/14 16:21:51:5765| 0| COM83| S | CommandID    112| FA52010405
2023-11-14 16:21:51.6168–TRACE–2023/11/14 16:21:51:6167| 0| COM83| R | CommandID    112| FA010449500D0A
2023-11-14 16:21:51.6870–TRACE–2023/11/14 16:21:51:6869| 0| COM83| S | CommandID    113| FA52020405
2023-11-14 16:21:51.7029–TRACE–2023/11/14 16:21:51:7029| 0| COM83| R | CommandID    113| FA020439160D0A
2023-11-14 16:21:51.7981–TRACE–2023/11/14 16:21:51:7981| 0| COM83| S | CommandID    114| FA52030405
2023-11-14 16:21:51.8118–TRACE–2023/11/14 16:21:51:8118| 0| COM83| R | CommandID    114| FA0304340F0D0A
2023-11-14 16:21:51.9078–TRACE–2023/11/14 16:21:51:9078| 0| COM83| S | CommandID    115| FA52010501
2023-11-14 16:21:51.9209–TRACE–2023/11/14 16:21:51:9209| 0| COM83| R | CommandID    115| FA010401440D0A
2023-11-14 16:21:52.0135–TRACE–2023/11/14 16:21:52:0135| 0| COM83| S | CommandID    116| FA52030501
2023-11-14 16:21:52.0298–TRACE–2023/11/14 16:21:52:0298| 0| COM83| R | CommandID    116| FA030401180D0A
2023-11-14 16:21:52.1270–TRACE–2023/11/14 16:21:52:1269| 0| COM83| S | CommandID    117| FA52020501
2023-11-14 16:21:52.1572–TRACE–2023/11/14 16:21:52:1572| 0| COM83| R | CommandID    117| FA020401480D0A
2023-11-14 16:21:52.6280–TRACE–2023/11/14 16:21:52:6280| 0| COM83| S | CommandID    118| FA52010405
2023-11-14 16:21:52.6543–TRACE–2023/11/14 16:21:52:6543| 0| COM83| R | CommandID    118| FA01041F420D0A
2023-11-14 16:21:52.7362–TRACE–2023/11/14 16:21:52:7361| 0| COM83| S | CommandID    119| FA52020405
2023-11-14 16:21:52.7488–TRACE–2023/11/14 16:21:52:7488| 0| COM83| R | CommandID    119| FA020424300D0A
2023-11-14 16:21:52.8474–TRACE–2023/11/14 16:21:52:8474| 0| COM83| S | CommandID    120| FA52030405
2023-11-14 16:21:52.8775–TRACE–2023/11/14 16:21:52:8775| 0| COM83| R | CommandID    120| FA03041D430D0A
2023-11-14 16:21:52.9527–TRACE–2023/11/14 16:21:52:9527| 0| COM83| S | CommandID    121| FA52010501
2023-11-14 16:21:52.9673–TRACE–2023/11/14 16:21:52:9673| 0| COM83| R | CommandID    121| FA010401280D0A
2023-11-14 16:21:53.0634–TRACE–2023/11/14 16:21:53:0634| 0| COM83| S | CommandID    122| FA52030501
2023-11-14 16:21:53.0990–TRACE–2023/11/14 16:21:53:0990| 0| COM83| R | CommandID    122| FA030401380D0A
2023-11-14 16:21:53.1738–TRACE–2023/11/14 16:21:53:1738| 0| COM83| S | CommandID    123| FA52020501
2023-11-14 16:21:53.1870–TRACE–2023/11/14 16:21:53:1870| 0| COM83| R | CommandID    123| FA0204014C0D0A
2023-11-14 16:21:53.6865–TRACE–2023/11/14 16:21:53:6864| 0| COM83| S | CommandID    124| FA52010405
2023-11-14 16:21:53.7023–TRACE–2023/11/14 16:21:53:7022| 0| COM83| R | CommandID    124| FA01041C4D0D0A
2023-11-14 16:21:53.7962–TRACE–2023/11/14 16:21:53:7961| 0| COM83| S | CommandID    125| FA52020405
2023-11-14 16:21:53.8122–TRACE–2023/11/14 16:21:53:8122| 0| COM83| R | CommandID    125| FA02041E480D0A
2023-11-14 16:21:53.9065–TRACE–2023/11/14 16:21:53:9064| 0| COM83| S | CommandID    126| FA52030405
2023-11-14 16:21:53.9219–TRACE–2023/11/14 16:21:53:9219| 0| COM83| R | CommandID    126| FA0304270B0D0A
2023-11-14 16:21:54.0155–TRACE–2023/11/14 16:21:54:0154| 0| COM83| S | CommandID    127| FA52010501
2023-11-14 16:21:54.0532–TRACE–2023/11/14 16:21:54:0532| 0| COM83| R | CommandID    127| FA010401300D0A
2023-11-14 16:21:54.1185–TRACE–2023/11/14 16:21:54:1185| 0| COM83| S | CommandID    128| FA52030501
2023-11-14 16:21:54.1423–TRACE–2023/11/14 16:21:54:1423| 0| COM83| R | CommandID    128| FA0304015C0D0A
2023-11-14 16:21:54.2209–TRACE–2023/11/14 16:21:54:2209| 0| COM83| S | CommandID    129| FA52020501
2023-11-14 16:21:54.2503–TRACE–2023/11/14 16:21:54:2503| 0| COM83| R | CommandID    129| FA0204013C0D0A
2023-11-14 16:21:54.7326–TRACE–2023/11/14 16:21:54:7326| 0| COM83| S | CommandID    130| FA52010405
2023-11-14 16:21:54.7482–TRACE–2023/11/14 16:21:54:7482| 0| COM83| R | CommandID    130| FA0104294A0D0A
2023-11-14 16:21:54.8412–TRACE–2023/11/14 16:21:54:8412| 0| COM83| S | CommandID    131| FA52020405
2023-11-14 16:21:54.8579–TRACE–2023/11/14 16:21:54:8579| 0| COM83| R | CommandID    131| FA020413430D0A
2023-11-14 16:21:54.9521–TRACE–2023/11/14 16:21:54:9521| 0| COM83| S | CommandID    132| FA52030405
2023-11-14 16:21:54.9673–TRACE–2023/11/14 16:21:54:9673| 0| COM83| R | CommandID    132| FA030442430D0A
2023-11-14 16:21:55.0649–TRACE–2023/11/14 16:21:55:0648| 0| COM83| S | CommandID    133| FA52010501
2023-11-14 16:21:55.0948–TRACE–2023/11/14 16:21:55:0948| 0| COM83| R | CommandID    133| FA010401180D0A
2023-11-14 16:21:55.1745–TRACE–2023/11/14 16:21:55:1744| 0| COM83| S | CommandID    134| FA52030501
2023-11-14 16:21:55.2053–TRACE–2023/11/14 16:21:55:2053| 0| COM83| R | CommandID    134| FA0304015C0D0A
2023-11-14 16:21:55.2834–TRACE–2023/11/14 16:21:55:2834| 0| COM83| S | CommandID    135| FA52020501
2023-11-14 16:21:55.3107–TRACE–2023/11/14 16:21:55:3107| 0| COM83| R | CommandID    135| FA020401580D0A
2023-11-14 16:21:55.7841–TRACE–2023/11/14 16:21:55:7840| 0| COM83| S | CommandID    136| FA52010405
2023-11-14 16:21:55.8179–TRACE–2023/11/14 16:21:55:8179| 0| COM83| R | CommandID    136| FA01040E320D0A
2023-11-14 16:21:55.8961–TRACE–2023/11/14 16:21:55:8961| 0| COM83| S | CommandID    137| FA52020405
2023-11-14 16:21:55.9229–TRACE–2023/11/14 16:21:55:9229| 0| COM83| R | CommandID    137| FA02041F350D0A
2023-11-14 16:21:56.0008–TRACE–2023/11/14 16:21:56:0008| 0| COM83| S | CommandID    138| FA52030405
2023-11-14 16:21:56.0168–TRACE–2023/11/14 16:21:56:0168| 0| COM83| R | CommandID    138| FA030418230D0A
2023-11-14 16:21:56.1074–TRACE–2023/11/14 16:21:56:1074| 0| COM83| S | CommandID    139| FA52010501
2023-11-14 16:21:56.1467–TRACE–2023/11/14 16:21:56:1466| 0| COM83| R | CommandID    139| FA010401380D0A
2023-11-14 16:21:56.2193–TRACE–2023/11/14 16:21:56:2193| 0| COM83| S | CommandID    140| FA52030501
2023-11-14 16:21:56.2357–TRACE–2023/11/14 16:21:56:2357| 0| COM83| R | CommandID    140| FA0304012C0D0A
2023-11-14 16:21:56.3259–TRACE–2023/11/14 16:21:56:3259| 0| COM83| S | CommandID    141| FA52020501
2023-11-14 16:21:56.3455–TRACE–2023/11/14 16:21:56:3455| 0| COM83| R | CommandID    141| FA0204012C0D0A
2023-11-14 16:21:56.8265–TRACE–2023/11/14 16:21:56:8265| 0| COM83| S | CommandID    142| FA57000201
2023-11-14 16:21:56.8417–TRACE–2023/11/14 16:21:56:8417| 0| COM83| R | CommandID    142| C30D0A
2023-11-14 16:21:58.8292–TRACE–2023/11/14 16:21:58:8292| 0| COM83| S | CommandID    143| FA52010002
2023-11-14 16:21:58.8619–TRACE–2023/11/14 16:21:58:8619| 0| COM83| R | CommandID    143| FA010403040D0A
2023-11-14 16:21:58.8619–TRACE–2023/11/14 16:21:58:8692| 0| COM83| S | CommandID    144| FA52020002
2023-11-14 16:21:58.8971–TRACE–2023/11/14 16:21:58:8970| 0| COM83| R | CommandID    144| FA020403040D0A
2023-11-14 16:21:58.8971–TRACE–2023/11/14 16:21:58:9012| 0| COM83| S | CommandID    145| FA52030002
2023-11-14 16:21:58.9281–TRACE–2023/11/14 16:21:58:9281| 0| COM83| R | CommandID    145| FA030403040D0A
2023-11-14 16:21:58.9281–TRACE–2023/11/14 16:21:58:9325| 0| COM83| S | CommandID    146| FA52010001
2023-11-14 16:21:58.9597–TRACE–2023/11/14 16:21:58:9597| 0| COM83| R | CommandID    146| FA010401020D0A
2023-11-14 16:21:58.9597–TRACE–2023/11/14 16:21:58:9644| 0| COM83| S | CommandID    147| FA52020001
2023-11-14 16:21:59.0065–TRACE–2023/11/14 16:21:59:0065| 0| COM83| R | CommandID    147| FA020401020D0A
2023-11-14 16:21:59.0065–TRACE–2023/11/14 16:21:59:0110| 0| COM83| S | CommandID    148| FA52030001
2023-11-14 16:21:59.0378–TRACE–2023/11/14 16:21:59:0378| 0| COM83| R | CommandID    148| FA030401020D0A
2023-11-14 16:21:59.0378–TRACE–2023/11/14 16:21:59:0432| 0| COM83| S | CommandID    149| FA52010401
2023-11-14 16:21:59.0705–TRACE–2023/11/14 16:21:59:0705| 0| COM83| R | CommandID    149| FA010A0101020304050607080D0A
2023-11-14 16:21:59.0920–TRACE–2023/11/14 16:21:59:0920| 0| COM83| S | CommandID    150| FA52020401
2023-11-14 16:21:59.1111–TRACE–2023/11/14 16:21:59:1111| 0| COM83| R | CommandID    150| FA020A0101020304050607080D0A
2023-11-14 16:21:59.1111–TRACE–2023/11/14 16:21:59:1159| 0| COM83| S | CommandID    151| FA52030401
2023-11-14 16:21:59.1410–TRACE–2023/11/14 16:21:59:1410| 0| COM83| R | CommandID    151| FA030A0101020304050607080D0A
2023-11-14 16:21:59.1410–TRACE–2023/11/14 16:21:59:1452| 0| COM83| S | CommandID    152| FA52010101
2023-11-14 16:21:59.1775–TRACE–2023/11/14 16:21:59:1775| 0| COM83| R | CommandID    152| FA0103640D0A
2023-11-14 16:21:59.1775–TRACE–2023/11/14 16:21:59:1822| 0| COM83| S | CommandID    153| FA52020101
