2023-12-01 09:28:51.9309–TRACE–– Start Custom script schedule.
2023-12-01 09:28:51.9309–TRACE–- Currently on iteration : 0
2023-12-01 09:28:51.9309–TRACE–– Enter A-0 step.
2023-12-01 09:28:51.9403–TRACE–- A-1 initial
2023-12-01 09:28:51.9403–TRACE–2023/12/01 09:28:51:9446| 0| COM83| S | CommandID      0| FA57000201
2023-12-01 09:28:52.2851–TRACE–Timeout without any data received.
2023-12-01 09:28:52.2851–TRACE–2023/12/01 09:28:52:2857| 0| COM83| R | CommandID      0| 
2023-12-01 09:28:56.9562–TRACE–- A-1 進入偵測階段
2023-12-01 09:31:36.3027–TRACE–– Start Custom script schedule.
2023-12-01 09:31:36.3027–TRACE–- Currently on iteration : 0
2023-12-01 09:31:36.3027–TRACE–– Enter A-0 step.
2023-12-01 09:31:36.3027–TRACE–- A-1 initial
2023-12-01 09:31:36.3178–TRACE–2023/12/01 09:31:36:3174| 0| COM83| S | CommandID      0| FA57000201
2023-12-01 09:31:36.6541–TRACE–Timeout without any data received.
2023-12-01 09:31:36.6541–TRACE–2023/12/01 09:31:36:6547| 0| COM83| R | CommandID      0| 
2023-12-01 09:31:41.3403–TRACE–- A-1 進入偵測階段
2023-12-01 09:31:46.3015–TRACE–2023/12/01 09:31:46:3014| 0| COM83| S | CommandID      1| FA52010002
2023-12-01 09:31:46.6135–TRACE–Timeout without any data received.
2023-12-01 09:31:46.6135–TRACE–2023/12/01 09:31:46:6142| 0| COM83| R | CommandID      1| 
2023-12-01 09:31:46.6135–TRACE–2023/12/01 09:31:46:6163| 0| COM83| S | CommandID      2| FA52020002
2023-12-01 09:31:46.9403–TRACE–Timeout without any data received.
2023-12-01 09:31:46.9403–TRACE–2023/12/01 09:31:46:9411| 0| COM83| R | CommandID      2| 
2023-12-01 09:31:46.9403–TRACE–2023/12/01 09:31:46:9459| 0| COM83| S | CommandID      3| FA52030002
2023-12-01 09:31:47.2558–TRACE–Timeout without any data received.
2023-12-01 09:31:47.2558–TRACE–2023/12/01 09:31:47:2558| 0| COM83| R | CommandID      3| 
2023-12-01 09:31:47.2558–TRACE–2023/12/01 09:31:47:2577| 0| COM83| S | CommandID      4| FA52010001
2023-12-01 09:31:47.5668–TRACE–Timeout without any data received.
2023-12-01 09:31:47.5668–TRACE–2023/12/01 09:31:47:5680| 0| COM83| R | CommandID      4| 
2023-12-01 09:31:47.5668–TRACE–2023/12/01 09:31:47:5698| 0| COM83| S | CommandID      5| FA52010002
2023-12-01 09:31:47.8863–TRACE–Timeout without any data received.
2023-12-01 09:31:47.8863–TRACE–2023/12/01 09:31:47:8864| 0| COM83| R | CommandID      5| 
2023-12-01 09:31:47.8863–TRACE–2023/12/01 09:31:47:8883| 0| COM83| S | CommandID      6| FA52020002
2023-12-01 09:31:48.1909–TRACE–Timeout without any data received.
2023-12-01 09:31:48.1909–TRACE–2023/12/01 09:31:48:1909| 0| COM83| R | CommandID      6| 
2023-12-01 09:31:48.1909–TRACE–2023/12/01 09:31:48:1926| 0| COM83| S | CommandID      7| FA52030002
2023-12-01 09:31:48.5035–TRACE–Timeout without any data received.
2023-12-01 09:31:48.5035–TRACE–2023/12/01 09:31:48:5037| 0| COM83| R | CommandID      7| 
2023-12-01 09:31:48.5035–TRACE–2023/12/01 09:31:48:5057| 0| COM83| S | CommandID      8| FA52010001
2023-12-01 09:31:48.8204–TRACE–Timeout without any data received.
2023-12-01 09:31:48.8204–TRACE–2023/12/01 09:31:48:8205| 0| COM83| R | CommandID      8| 
2023-12-01 09:31:48.8204–TRACE–2023/12/01 09:31:48:8222| 0| COM83| S | CommandID      9| FA52020001
2023-12-01 09:31:49.1343–TRACE–Timeout without any data received.
2023-12-01 09:31:49.1343–TRACE–2023/12/01 09:31:49:1345| 0| COM83| R | CommandID      9| 
2023-12-01 09:31:49.1343–TRACE–2023/12/01 09:31:49:1394| 0| COM83| S | CommandID     10| FA52030001
2023-12-01 09:31:49.4498–TRACE–Timeout without any data received.
2023-12-01 09:31:49.4498–TRACE–2023/12/01 09:31:49:4501| 0| COM83| R | CommandID     10| 
2023-12-01 09:31:49.4498–TRACE–2023/12/01 09:31:49:4543| 0| COM83| S | CommandID     11| FA52010401
2023-12-01 09:31:49.7599–TRACE–Timeout without any data received.
2023-12-01 09:31:49.7599–TRACE–2023/12/01 09:31:49:7599| 0| COM83| R | CommandID     11| 
2023-12-01 09:31:49.7599–TRACE–2023/12/01 09:31:49:7617| 0| COM83| S | CommandID     12| FA52020401
2023-12-01 09:31:50.0688–TRACE–Timeout without any data received.
2023-12-01 09:31:50.0688–TRACE–2023/12/01 09:31:50:0688| 0| COM83| R | CommandID     12| 
2023-12-01 09:31:50.0688–TRACE–2023/12/01 09:31:50:0706| 0| COM83| S | CommandID     13| FA52030401
2023-12-01 09:31:50.3937–TRACE–Timeout without any data received.
2023-12-01 09:31:50.3937–TRACE–2023/12/01 09:31:50:3937| 0| COM83| R | CommandID     13| 
2023-12-01 09:31:50.3937–TRACE–2023/12/01 09:31:50:3959| 0| COM83| S | CommandID     14| FA52010101
2023-12-01 09:31:50.7092–TRACE–Timeout without any data received.
2023-12-01 09:31:50.7092–TRACE–2023/12/01 09:31:50:7094| 0| COM83| R | CommandID     14| 
2023-12-01 09:31:50.7092–TRACE–2023/12/01 09:31:50:7151| 0| COM83| S | CommandID     15| FA52010002
2023-12-01 09:31:51.0248–TRACE–Timeout without any data received.
2023-12-01 09:31:51.0248–TRACE–2023/12/01 09:31:51:0248| 0| COM83| R | CommandID     15| 
2023-12-01 09:31:51.0248–TRACE–2023/12/01 09:31:51:0268| 0| COM83| S | CommandID     16| FA52020002
2023-12-01 09:31:51.3310–TRACE–Timeout without any data received.
2023-12-01 09:31:51.3310–TRACE–2023/12/01 09:31:51:3315| 0| COM83| R | CommandID     16| 
2023-12-01 09:31:51.3310–TRACE–2023/12/01 09:31:51:3366| 0| COM83| S | CommandID     17| FA52030002
2023-12-01 09:31:51.6457–TRACE–Timeout without any data received.
2023-12-01 09:31:51.6457–TRACE–2023/12/01 09:31:51:6463| 0| COM83| R | CommandID     17| 
2023-12-01 09:31:51.6457–TRACE–2023/12/01 09:31:51:6496| 0| COM83| S | CommandID     18| FA52010001
2023-12-01 09:31:51.9597–TRACE–Timeout without any data received.
2023-12-01 09:31:51.9597–TRACE–2023/12/01 09:31:51:9597| 0| COM83| R | CommandID     18| 
2023-12-01 09:31:51.9597–TRACE–2023/12/01 09:31:51:9633| 0| COM83| S | CommandID     19| FA52020001
2023-12-01 09:31:52.2701–TRACE–Timeout without any data received.
2023-12-01 09:31:52.2701–TRACE–2023/12/01 09:31:52:2704| 0| COM83| R | CommandID     19| 
2023-12-01 09:31:52.2701–TRACE–2023/12/01 09:31:52:2736| 0| COM83| S | CommandID     20| FA52030001
2023-12-01 09:31:52.5856–TRACE–Timeout without any data received.
2023-12-01 09:31:52.5856–TRACE–2023/12/01 09:31:52:5859| 0| COM83| R | CommandID     20| 
2023-12-01 09:31:52.5856–TRACE–2023/12/01 09:31:52:5893| 0| COM83| S | CommandID     21| FA52010401
2023-12-01 09:31:52.8957–TRACE–Timeout without any data received.
2023-12-01 09:31:52.8957–TRACE–2023/12/01 09:31:52:8958| 0| COM83| R | CommandID     21| 
2023-12-01 09:31:52.8957–TRACE–2023/12/01 09:31:52:8998| 0| COM83| S | CommandID     22| FA52020401
2023-12-01 09:31:53.2225–TRACE–Timeout without any data received.
2023-12-01 09:31:53.2225–TRACE–2023/12/01 09:31:53:2225| 0| COM83| R | CommandID     22| 
2023-12-01 09:31:53.2398–TRACE–2023/12/01 09:31:53:2397| 0| COM83| S | CommandID     23| FA52030401
2023-12-01 09:31:53.5572–TRACE–Timeout without any data received.
2023-12-01 09:31:53.5572–TRACE–2023/12/01 09:31:53:5572| 0| COM83| R | CommandID     23| 
2023-12-01 09:31:53.5572–TRACE–2023/12/01 09:31:53:5595| 0| COM83| S | CommandID     24| FA52010101
2023-12-01 09:31:53.8642–TRACE–Timeout without any data received.
2023-12-01 09:31:53.8642–TRACE–2023/12/01 09:31:53:8646| 0| COM83| R | CommandID     24| 
2023-12-01 09:31:53.8642–TRACE–2023/12/01 09:31:53:8667| 0| COM83| S | CommandID     25| FA52010002
2023-12-01 09:31:54.1813–TRACE–Timeout without any data received.
2023-12-01 09:31:54.1813–TRACE–2023/12/01 09:31:54:1813| 0| COM83| R | CommandID     25| 
2023-12-01 09:31:54.1813–TRACE–2023/12/01 09:31:54:1834| 0| COM83| S | CommandID     26| FA52020002
2023-12-01 09:31:54.5037–TRACE–Timeout without any data received.
2023-12-01 09:31:54.5037–TRACE–2023/12/01 09:31:54:5038| 0| COM83| R | CommandID     26| 
2023-12-01 09:31:54.5037–TRACE–2023/12/01 09:31:54:5086| 0| COM83| S | CommandID     27| FA52030002
2023-12-01 09:31:54.8216–TRACE–Timeout without any data received.
2023-12-01 09:31:54.8216–TRACE–2023/12/01 09:31:54:8217| 0| COM83| R | CommandID     27| 
2023-12-01 09:31:54.8216–TRACE–2023/12/01 09:31:54:8256| 0| COM83| S | CommandID     28| FA52010001
2023-12-01 09:31:55.1329–TRACE–Timeout without any data received.
2023-12-01 09:31:55.1329–TRACE–2023/12/01 09:31:55:1330| 0| COM83| R | CommandID     28| 
2023-12-01 09:31:55.1329–TRACE–2023/12/01 09:31:55:1380| 0| COM83| S | CommandID     29| FA52020001
2023-12-01 09:31:55.4421–TRACE–Timeout without any data received.
2023-12-01 09:31:55.4421–TRACE–2023/12/01 09:31:55:4444| 0| COM83| R | CommandID     29| 
2023-12-01 09:31:55.4421–TRACE–2023/12/01 09:31:55:4474| 0| COM83| S | CommandID     30| FA52030001
2023-12-01 09:31:55.7612–TRACE–Timeout without any data received.
2023-12-01 09:31:55.7612–TRACE–2023/12/01 09:31:55:7612| 0| COM83| R | CommandID     30| 
2023-12-01 09:31:55.7612–TRACE–2023/12/01 09:31:55:7647| 0| COM83| S | CommandID     31| FA52010401
2023-12-01 09:31:56.0686–TRACE–Timeout without any data received.
2023-12-01 09:31:56.0686–TRACE–2023/12/01 09:31:56:0686| 0| COM83| R | CommandID     31| 
2023-12-01 09:31:56.0686–TRACE–2023/12/01 09:31:56:0725| 0| COM83| S | CommandID     32| FA52020401
2023-12-01 09:31:56.3783–TRACE–Timeout without any data received.
2023-12-01 09:31:56.3783–TRACE–2023/12/01 09:31:56:3786| 0| COM83| R | CommandID     32| 
2023-12-01 09:31:56.3783–TRACE–2023/12/01 09:31:56:3826| 0| COM83| S | CommandID     33| FA52030401
2023-12-01 09:31:56.6912–TRACE–Timeout without any data received.
2023-12-01 09:31:56.6912–TRACE–2023/12/01 09:31:56:6912| 0| COM83| R | CommandID     33| 
2023-12-01 09:31:56.6912–TRACE–2023/12/01 09:31:56:6963| 0| COM83| S | CommandID     34| FA52010101
2023-12-01 09:31:57.0100–TRACE–Timeout without any data received.
2023-12-01 09:31:57.0100–TRACE–2023/12/01 09:31:57:0100| 0| COM83| R | CommandID     34| 
2023-12-01 09:31:57.0100–TRACE–2023/12/01 09:31:57:0124| 0| COM83| S | CommandID     35| FA52010002
2023-12-01 09:31:57.3309–TRACE–Timeout without any data received.
2023-12-01 09:31:57.3309–TRACE–2023/12/01 09:31:57:3313| 0| COM83| R | CommandID     35| 
2023-12-01 09:31:57.3309–TRACE–2023/12/01 09:31:57:3369| 0| COM83| S | CommandID     36| FA52020002
2023-12-01 09:31:57.6464–TRACE–Timeout without any data received.
2023-12-01 09:31:57.6464–TRACE–2023/12/01 09:31:57:6481| 0| COM83| R | CommandID     36| 
2023-12-01 09:31:57.6464–TRACE–2023/12/01 09:31:57:6517| 0| COM83| S | CommandID     37| FA52030002
2023-12-01 09:31:57.9607–TRACE–Timeout without any data received.
2023-12-01 09:31:57.9607–TRACE–2023/12/01 09:31:57:9608| 0| COM83| R | CommandID     37| 
2023-12-01 09:31:57.9607–TRACE–2023/12/01 09:31:57:9652| 0| COM83| S | CommandID     38| FA52010001
2023-12-01 09:31:58.2860–TRACE–Timeout without any data received.
2023-12-01 09:31:58.2860–TRACE–2023/12/01 09:31:58:2861| 0| COM83| R | CommandID     38| 
2023-12-01 09:31:58.2860–TRACE–2023/12/01 09:31:58:2895| 0| COM83| S | CommandID     39| FA52020001
2023-12-01 09:31:58.6061–TRACE–Timeout without any data received.
2023-12-01 09:31:58.6061–TRACE–2023/12/01 09:31:58:6062| 0| COM83| R | CommandID     39| 
2023-12-01 09:31:58.6061–TRACE–2023/12/01 09:31:58:6111| 0| COM83| S | CommandID     40| FA52030001
2023-12-01 09:31:58.9307–TRACE–Timeout without any data received.
2023-12-01 09:31:58.9307–TRACE–2023/12/01 09:31:58:9307| 0| COM83| R | CommandID     40| 
2023-12-01 09:31:58.9307–TRACE–2023/12/01 09:31:58:9344| 0| COM83| S | CommandID     41| FA52010401
2023-12-01 09:31:59.2457–TRACE–Timeout without any data received.
2023-12-01 09:31:59.2457–TRACE–2023/12/01 09:31:59:2457| 0| COM83| R | CommandID     41| 
2023-12-01 09:31:59.2457–TRACE–2023/12/01 09:31:59:2503| 0| COM83| S | CommandID     42| FA52020401
2023-12-01 09:31:59.5687–TRACE–Timeout without any data received.
2023-12-01 09:31:59.5687–TRACE–2023/12/01 09:31:59:5688| 0| COM83| R | CommandID     42| 
2023-12-01 09:31:59.5687–TRACE–2023/12/01 09:31:59:5742| 0| COM83| S | CommandID     43| FA52030401
2023-12-01 09:31:59.9123–TRACE–Timeout without any data received.
2023-12-01 09:31:59.9123–TRACE–2023/12/01 09:31:59:9125| 0| COM83| R | CommandID     43| 
2023-12-01 09:31:59.9123–TRACE–2023/12/01 09:31:59:9158| 0| COM83| S | CommandID     44| FA52010101
2023-12-01 09:32:00.2298–TRACE–Timeout without any data received.
2023-12-01 09:32:00.2298–TRACE–2023/12/01 09:32:00:2298| 0| COM83| R | CommandID     44| 
2023-12-01 09:32:00.2298–TRACE–2023/12/01 09:32:00:2322| 0| COM83| S | CommandID     45| FA52010002
2023-12-01 09:32:00.5362–TRACE–Timeout without any data received.
2023-12-01 09:32:00.5362–TRACE–2023/12/01 09:32:00:5384| 0| COM83| R | CommandID     45| 
2023-12-01 09:32:00.5362–TRACE–2023/12/01 09:32:00:5448| 0| COM83| S | CommandID     46| FA52020002
2023-12-01 09:32:00.8622–TRACE–Timeout without any data received.
2023-12-01 09:32:00.8622–TRACE–2023/12/01 09:32:00:8623| 0| COM83| R | CommandID     46| 
2023-12-01 09:32:00.8622–TRACE–2023/12/01 09:32:00:8658| 0| COM83| S | CommandID     47| FA52030002
2023-12-01 09:32:01.1906–TRACE–Timeout without any data received.
2023-12-01 09:32:01.1906–TRACE–2023/12/01 09:32:01:1907| 0| COM83| R | CommandID     47| 
2023-12-01 09:32:01.1906–TRACE–2023/12/01 09:32:01:1940| 0| COM83| S | CommandID     48| FA52010001
2023-12-01 09:32:01.5048–TRACE–Timeout without any data received.
2023-12-01 09:32:01.5048–TRACE–2023/12/01 09:32:01:5048| 0| COM83| R | CommandID     48| 
2023-12-01 09:32:01.5048–TRACE–2023/12/01 09:32:01:5071| 0| COM83| S | CommandID     49| FA52020001
2023-12-01 09:32:01.8187–TRACE–Timeout without any data received.
2023-12-01 09:32:01.8187–TRACE–2023/12/01 09:32:01:8187| 0| COM83| R | CommandID     49| 
2023-12-01 09:32:01.8187–TRACE–2023/12/01 09:32:01:8211| 0| COM83| S | CommandID     50| FA52030001
2023-12-01 09:32:02.1435–TRACE–Timeout without any data received.
2023-12-01 09:32:02.1435–TRACE–2023/12/01 09:32:02:1446| 0| COM83| R | CommandID     50| 
2023-12-01 09:32:02.1435–TRACE–2023/12/01 09:32:02:1488| 0| COM83| S | CommandID     51| FA52010401
2023-12-01 09:32:02.4637–TRACE–Timeout without any data received.
2023-12-01 09:32:02.4637–TRACE–2023/12/01 09:32:02:4638| 0| COM83| R | CommandID     51| 
2023-12-01 09:32:02.4637–TRACE–2023/12/01 09:32:02:4662| 0| COM83| S | CommandID     52| FA52020401
2023-12-01 09:32:02.7760–TRACE–Timeout without any data received.
2023-12-01 09:32:02.7760–TRACE–2023/12/01 09:32:02:7787| 0| COM83| R | CommandID     52| 
2023-12-01 09:32:02.7847–TRACE–2023/12/01 09:32:02:7846| 0| COM83| S | CommandID     53| FA52030401
2023-12-01 09:32:03.1038–TRACE–Timeout without any data received.
2023-12-01 09:32:03.1038–TRACE–2023/12/01 09:32:03:1063| 0| COM83| R | CommandID     53| 
2023-12-01 09:32:03.1038–TRACE–2023/12/01 09:32:03:1110| 0| COM83| S | CommandID     54| FA52010101
2023-12-01 09:32:04.3814–TRACE–- A-2 initial
2023-12-01 09:32:04.3814–TRACE–- Currently on iteration : 1
2023-12-01 09:32:04.3923–TRACE–– End Custom script schedule.
2023-12-01 09:32:56.0339–TRACE–– Start Custom script schedule.
2023-12-01 09:32:56.0339–TRACE–- Currently on iteration : 0
2023-12-01 09:32:56.0339–TRACE–– Enter A-0 step.
2023-12-01 09:32:56.0472–TRACE–- A-1 initial
2023-12-01 09:32:56.0472–TRACE–2023/12/01 09:32:56:0537| 0| COM83| S | CommandID      0| FA57000201
2023-12-01 09:32:56.3637–TRACE–Timeout without any data received.
2023-12-01 09:32:56.3637–TRACE–2023/12/01 09:32:56:3638| 0| COM83| R | CommandID      0| 
2023-12-01 09:33:01.0603–TRACE–- A-1 進入偵測階段
2023-12-01 09:33:01.0603–TRACE–2023/12/01 09:33:01:0638| 0| COM83| S | CommandID      1| FA52010002
2023-12-01 09:33:01.3794–TRACE–Timeout without any data received.
2023-12-01 09:33:01.3794–TRACE–2023/12/01 09:33:01:3795| 0| COM83| R | CommandID      1| 
2023-12-01 09:33:01.3916–TRACE–2023/12/01 09:33:01:3916| 0| COM83| S | CommandID      2| FA52020002
2023-12-01 09:33:01.7099–TRACE–Timeout without any data received.
2023-12-01 09:33:01.7099–TRACE–2023/12/01 09:33:01:7100| 0| COM83| R | CommandID      2| 
2023-12-01 09:33:01.7200–TRACE–2023/12/01 09:33:01:7200| 0| COM83| S | CommandID      3| FA52030002
2023-12-01 09:33:02.0469–TRACE–Timeout without any data received.
2023-12-01 09:33:02.0469–TRACE–2023/12/01 09:33:02:0481| 0| COM83| R | CommandID      3| 
2023-12-01 09:33:02.0726–TRACE–2023/12/01 09:33:02:0725| 0| COM83| S | CommandID      4| FA52010001
2023-12-01 09:33:02.3878–TRACE–Timeout without any data received.
2023-12-01 09:33:02.3878–TRACE–2023/12/01 09:33:02:3879| 0| COM83| R | CommandID      4| 
2023-12-01 09:33:02.3878–TRACE–2023/12/01 09:33:02:3922| 0| COM83| S | CommandID      5| FA52020001
2023-12-01 09:33:02.7040–TRACE–Timeout without any data received.
2023-12-01 09:33:02.7040–TRACE–2023/12/01 09:33:02:7040| 0| COM83| R | CommandID      5| 
2023-12-01 09:33:02.7040–TRACE–2023/12/01 09:33:02:7076| 0| COM83| S | CommandID      6| FA52030001
2023-12-01 09:33:03.0288–TRACE–Timeout without any data received.
2023-12-01 09:33:03.0288–TRACE–2023/12/01 09:33:03:0289| 0| COM83| R | CommandID      6| 
2023-12-01 09:33:03.0487–TRACE–2023/12/01 09:33:03:0487| 0| COM83| S | CommandID      7| FA52010401
2023-12-01 09:33:03.3736–TRACE–Timeout without any data received.
2023-12-01 09:33:03.3736–TRACE–2023/12/01 09:33:03:3737| 0| COM83| R | CommandID      7| 
2023-12-01 09:33:03.3736–TRACE–2023/12/01 09:33:03:3773| 0| COM83| S | CommandID      8| FA52020401
2023-12-01 09:33:03.6889–TRACE–Timeout without any data received.
2023-12-01 09:33:03.6889–TRACE–2023/12/01 09:33:03:6890| 0| COM83| R | CommandID      8| 
2023-12-01 09:33:03.6889–TRACE–2023/12/01 09:33:03:6924| 0| COM83| S | CommandID      9| FA52030401
2023-12-01 09:33:03.9979–TRACE–Timeout without any data received.
2023-12-01 09:33:03.9979–TRACE–2023/12/01 09:33:03:9980| 0| COM83| R | CommandID      9| 
2023-12-01 09:33:03.9979–TRACE–2023/12/01 09:33:04:0018| 0| COM83| S | CommandID     10| FA52010101
2023-12-01 09:33:04.3147–TRACE–Timeout without any data received.
2023-12-01 09:33:04.3147–TRACE–2023/12/01 09:33:04:3148| 0| COM83| R | CommandID     10| 
2023-12-01 09:33:04.3147–TRACE–2023/12/01 09:33:04:3196| 0| COM83| S | CommandID     11| FA52010002
2023-12-01 09:33:04.6308–TRACE–Timeout without any data received.
2023-12-01 09:33:04.6308–TRACE–2023/12/01 09:33:04:6309| 0| COM83| R | CommandID     11| 
2023-12-01 09:33:04.6308–TRACE–2023/12/01 09:33:04:6345| 0| COM83| S | CommandID     12| FA52020002
2023-12-01 09:33:04.9815–TRACE–Timeout without any data received.
2023-12-01 09:33:04.9815–TRACE–2023/12/01 09:33:04:9816| 0| COM83| R | CommandID     12| 
2023-12-01 09:33:04.9815–TRACE–2023/12/01 09:33:04:9848| 0| COM83| S | CommandID     13| FA52030002
2023-12-01 09:33:05.2975–TRACE–Timeout without any data received.
2023-12-01 09:33:05.2975–TRACE–2023/12/01 09:33:05:2975| 0| COM83| R | CommandID     13| 
2023-12-01 09:33:05.2975–TRACE–2023/12/01 09:33:05:3009| 0| COM83| S | CommandID     14| FA52010001
2023-12-01 09:33:05.6065–TRACE–Timeout without any data received.
2023-12-01 09:33:05.6065–TRACE–2023/12/01 09:33:05:6065| 0| COM83| R | CommandID     14| 
2023-12-01 09:33:05.6065–TRACE–2023/12/01 09:33:05:6114| 0| COM83| S | CommandID     15| FA52020001
2023-12-01 09:33:05.9191–TRACE–Timeout without any data received.
2023-12-01 09:33:05.9191–TRACE–2023/12/01 09:33:05:9191| 0| COM83| R | CommandID     15| 
2023-12-01 09:33:05.9191–TRACE–2023/12/01 09:33:05:9226| 0| COM83| S | CommandID     16| FA52030001
2023-12-01 09:33:06.2381–TRACE–Timeout without any data received.
2023-12-01 09:33:06.2381–TRACE–2023/12/01 09:33:06:2387| 0| COM83| R | CommandID     16| 
2023-12-01 09:33:06.2381–TRACE–2023/12/01 09:33:06:2441| 0| COM83| S | CommandID     17| FA52010401
2023-12-01 09:33:06.5594–TRACE–Timeout without any data received.
2023-12-01 09:33:06.5594–TRACE–2023/12/01 09:33:06:5600| 0| COM83| R | CommandID     17| 
2023-12-01 09:33:06.5594–TRACE–2023/12/01 09:33:06:5647| 0| COM83| S | CommandID     18| FA52020401
2023-12-01 09:33:06.8733–TRACE–Timeout without any data received.
2023-12-01 09:33:06.8733–TRACE–2023/12/01 09:33:06:8734| 0| COM83| R | CommandID     18| 
2023-12-01 09:33:06.8733–TRACE–2023/12/01 09:33:06:8768| 0| COM83| S | CommandID     19| FA52030401
2023-12-01 09:33:07.1878–TRACE–Timeout without any data received.
2023-12-01 09:33:07.1878–TRACE–2023/12/01 09:33:07:1879| 0| COM83| R | CommandID     19| 
2023-12-01 09:33:07.1878–TRACE–2023/12/01 09:33:07:1920| 0| COM83| S | CommandID     20| FA52010101
2023-12-01 09:33:07.5012–TRACE–Timeout without any data received.
2023-12-01 09:33:07.5012–TRACE–2023/12/01 09:33:07:5012| 0| COM83| R | CommandID     20| 
2023-12-01 09:33:07.5012–TRACE–2023/12/01 09:33:07:5048| 0| COM83| S | CommandID     21| FA52010002
2023-12-01 09:33:07.8100–TRACE–Timeout without any data received.
2023-12-01 09:33:07.8100–TRACE–2023/12/01 09:33:07:8101| 0| COM83| R | CommandID     21| 
2023-12-01 09:33:07.8100–TRACE–2023/12/01 09:33:07:8143| 0| COM83| S | CommandID     22| FA52020002
2023-12-01 09:33:08.1277–TRACE–Timeout without any data received.
2023-12-01 09:33:08.1277–TRACE–2023/12/01 09:33:08:1277| 0| COM83| R | CommandID     22| 
2023-12-01 09:33:08.1277–TRACE–2023/12/01 09:33:08:1313| 0| COM83| S | CommandID     23| FA52030002
2023-12-01 09:33:08.4390–TRACE–Timeout without any data received.
2023-12-01 09:33:08.4390–TRACE–2023/12/01 09:33:08:4391| 0| COM83| R | CommandID     23| 
2023-12-01 09:33:08.4390–TRACE–2023/12/01 09:33:08:4461| 0| COM83| S | CommandID     24| FA52010001
2023-12-01 09:33:08.7659–TRACE–Timeout without any data received.
2023-12-01 09:33:08.7659–TRACE–2023/12/01 09:33:08:7669| 0| COM83| R | CommandID     24| 
2023-12-01 09:33:08.7659–TRACE–2023/12/01 09:33:08:7704| 0| COM83| S | CommandID     25| FA52020001
2023-12-01 09:33:09.0853–TRACE–Timeout without any data received.
2023-12-01 09:33:09.0853–TRACE–2023/12/01 09:33:09:0854| 0| COM83| R | CommandID     25| 
2023-12-01 09:33:09.0853–TRACE–2023/12/01 09:33:09:0890| 0| COM83| S | CommandID     26| FA52030001
2023-12-01 09:33:09.3956–TRACE–Timeout without any data received.
2023-12-01 09:33:09.3956–TRACE–2023/12/01 09:33:09:3956| 0| COM83| R | CommandID     26| 
2023-12-01 09:33:09.3956–TRACE–2023/12/01 09:33:09:3993| 0| COM83| S | CommandID     27| FA52010401
2023-12-01 09:33:09.7029–TRACE–Timeout without any data received.
2023-12-01 09:33:09.7029–TRACE–2023/12/01 09:33:09:7032| 0| COM83| R | CommandID     27| 
2023-12-01 09:33:09.7029–TRACE–2023/12/01 09:33:09:7072| 0| COM83| S | CommandID     28| FA52020401
2023-12-01 09:33:10.0196–TRACE–Timeout without any data received.
2023-12-01 09:33:10.0196–TRACE–2023/12/01 09:33:10:0197| 0| COM83| R | CommandID     28| 
2023-12-01 09:33:10.0196–TRACE–2023/12/01 09:33:10:0254| 0| COM83| S | CommandID     29| FA52030401
2023-12-01 09:33:10.3434–TRACE–Timeout without any data received.
2023-12-01 09:33:10.3434–TRACE–2023/12/01 09:33:10:3435| 0| COM83| R | CommandID     29| 
2023-12-01 09:33:10.3434–TRACE–2023/12/01 09:33:10:3507| 0| COM83| S | CommandID     30| FA52010101
2023-12-01 09:33:10.6622–TRACE–Timeout without any data received.
2023-12-01 09:33:10.6622–TRACE–2023/12/01 09:33:10:6622| 0| COM83| R | CommandID     30| 
2023-12-01 09:33:10.6622–TRACE–2023/12/01 09:33:10:6660| 0| COM83| S | CommandID     31| FA52010002
2023-12-01 09:33:10.9744–TRACE–Timeout without any data received.
2023-12-01 09:33:10.9744–TRACE–2023/12/01 09:33:10:9744| 0| COM83| R | CommandID     31| 
2023-12-01 09:33:10.9744–TRACE–2023/12/01 09:33:10:9783| 0| COM83| S | CommandID     32| FA52020002
2023-12-01 09:33:11.2932–TRACE–Timeout without any data received.
2023-12-01 09:33:11.2932–TRACE–2023/12/01 09:33:11:2933| 0| COM83| R | CommandID     32| 
2023-12-01 09:33:11.2932–TRACE–2023/12/01 09:33:11:2972| 0| COM83| S | CommandID     33| FA52030002
2023-12-01 09:33:11.6091–TRACE–Timeout without any data received.
2023-12-01 09:33:11.6091–TRACE–2023/12/01 09:33:11:6093| 0| COM83| R | CommandID     33| 
2023-12-01 09:33:11.6091–TRACE–2023/12/01 09:33:11:6133| 0| COM83| S | CommandID     34| FA52010001
2023-12-01 09:33:11.9182–TRACE–Timeout without any data received.
2023-12-01 09:33:11.9182–TRACE–2023/12/01 09:33:11:9183| 0| COM83| R | CommandID     34| 
2023-12-01 09:33:11.9182–TRACE–2023/12/01 09:33:11:9238| 0| COM83| S | CommandID     35| FA52020001
2023-12-01 09:33:12.2327–TRACE–Timeout without any data received.
2023-12-01 09:33:12.2327–TRACE–2023/12/01 09:33:12:2328| 0| COM83| R | CommandID     35| 
2023-12-01 09:33:12.2510–TRACE–2023/12/01 09:33:12:2509| 0| COM83| S | CommandID     36| FA52030001
2023-12-01 09:33:12.5628–TRACE–Timeout without any data received.
2023-12-01 09:33:12.5628–TRACE–2023/12/01 09:33:12:5628| 0| COM83| R | CommandID     36| 
2023-12-01 09:33:12.5628–TRACE–2023/12/01 09:33:12:5667| 0| COM83| S | CommandID     37| FA52010401
2023-12-01 09:33:12.8815–TRACE–Timeout without any data received.
2023-12-01 09:33:12.8815–TRACE–2023/12/01 09:33:12:8816| 0| COM83| R | CommandID     37| 
2023-12-01 09:33:12.8815–TRACE–2023/12/01 09:33:12:8853| 0| COM83| S | CommandID     38| FA52020401
2023-12-01 09:33:13.2030–TRACE–Timeout without any data received.
2023-12-01 09:33:13.2030–TRACE–2023/12/01 09:33:13:2032| 0| COM83| R | CommandID     38| 
2023-12-01 09:33:13.2030–TRACE–2023/12/01 09:33:13:2088| 0| COM83| S | CommandID     39| FA52030401
2023-12-01 09:33:13.5294–TRACE–Timeout without any data received.
2023-12-01 09:33:13.5294–TRACE–2023/12/01 09:33:13:5303| 0| COM83| R | CommandID     39| 
2023-12-01 09:33:13.5294–TRACE–2023/12/01 09:33:13:5341| 0| COM83| S | CommandID     40| FA52010101
2023-12-01 09:33:13.8579–TRACE–Timeout without any data received.
2023-12-01 09:33:13.8579–TRACE–2023/12/01 09:33:13:8580| 0| COM83| R | CommandID     40| 
2023-12-01 09:33:13.8740–TRACE–2023/12/01 09:33:13:8740| 0| COM83| S | CommandID     41| FA52010002
2023-12-01 09:33:14.1885–TRACE–Timeout without any data received.
2023-12-01 09:33:14.1885–TRACE–2023/12/01 09:33:14:1886| 0| COM83| R | CommandID     41| 
2023-12-01 09:33:14.1885–TRACE–2023/12/01 09:33:14:1936| 0| COM83| S | CommandID     42| FA52020002
2023-12-01 09:33:14.5140–TRACE–Timeout without any data received.
2023-12-01 09:33:14.5140–TRACE–2023/12/01 09:33:14:5141| 0| COM83| R | CommandID     42| 
2023-12-01 09:33:14.5140–TRACE–2023/12/01 09:33:14:5204| 0| COM83| S | CommandID     43| FA52030002
2023-12-01 09:33:14.8333–TRACE–Timeout without any data received.
2023-12-01 09:33:14.8333–TRACE–2023/12/01 09:33:14:8333| 0| COM83| R | CommandID     43| 
2023-12-01 09:33:14.8333–TRACE–2023/12/01 09:33:14:8373| 0| COM83| S | CommandID     44| FA52010001
2023-12-01 09:33:15.1471–TRACE–Timeout without any data received.
2023-12-01 09:33:15.1471–TRACE–2023/12/01 09:33:15:1474| 0| COM83| R | CommandID     44| 
2023-12-01 09:33:15.1533–TRACE–2023/12/01 09:33:15:1533| 0| COM83| S | CommandID     45| FA52020001
2023-12-01 09:33:15.4817–TRACE–Timeout without any data received.
2023-12-01 09:33:15.4817–TRACE–2023/12/01 09:33:15:4820| 0| COM83| R | CommandID     45| 
2023-12-01 09:33:15.4817–TRACE–2023/12/01 09:33:15:4865| 0| COM83| S | CommandID     46| FA52030001
2023-12-01 09:33:15.8008–TRACE–Timeout without any data received.
2023-12-01 09:33:15.8008–TRACE–2023/12/01 09:33:15:8009| 0| COM83| R | CommandID     46| 
2023-12-01 09:33:15.8008–TRACE–2023/12/01 09:33:15:8051| 0| COM83| S | CommandID     47| FA52010401
2023-12-01 09:33:16.1097–TRACE–Timeout without any data received.
2023-12-01 09:33:16.1097–TRACE–2023/12/01 09:33:16:1097| 0| COM83| R | CommandID     47| 
2023-12-01 09:33:16.1097–TRACE–2023/12/01 09:33:16:1137| 0| COM83| S | CommandID     48| FA52020401
2023-12-01 09:33:17.4020–TRACE–- A-2 initial
2023-12-01 09:33:17.4092–TRACE–- Currently on iteration : 1
2023-12-01 09:33:17.4190–TRACE–– End Custom script schedule.
2023-12-01 09:33:46.8999–TRACE–– Start Custom script schedule.
2023-12-01 09:33:46.8999–TRACE–- Currently on iteration : 0
2023-12-01 09:33:46.9158–TRACE–– Enter A-0 step.
2023-12-01 09:33:46.9158–TRACE–- A-1 initial
2023-12-01 09:33:46.9158–TRACE–2023/12/01 09:33:46:9260| 0| COM83| S | CommandID      0| FA57000201
2023-12-01 09:33:47.2356–TRACE–Timeout without any data received.
2023-12-01 09:33:47.2356–TRACE–2023/12/01 09:33:47:2356| 0| COM83| R | CommandID      0| 
2023-12-01 09:33:51.9374–TRACE–- A-1 進入偵測階段
2023-12-01 09:33:51.9374–TRACE–2023/12/01 09:33:51:9449| 0| COM83| S | CommandID      1| FA52010002
2023-12-01 09:33:52.2629–TRACE–Timeout without any data received.
2023-12-01 09:33:52.2629–TRACE–2023/12/01 09:33:52:2630| 0| COM83| R | CommandID      1| 
2023-12-01 09:33:52.2629–TRACE–2023/12/01 09:33:52:2670| 0| COM83| S | CommandID      2| FA52020002
2023-12-01 09:33:52.5717–TRACE–Timeout without any data received.
2023-12-01 09:33:52.5717–TRACE–2023/12/01 09:33:52:5718| 0| COM83| R | CommandID      2| 
2023-12-01 09:33:52.5717–TRACE–2023/12/01 09:33:52:5759| 0| COM83| S | CommandID      3| FA52030002
2023-12-01 09:33:52.8864–TRACE–Timeout without any data received.
2023-12-01 09:33:52.8864–TRACE–2023/12/01 09:33:52:8864| 0| COM83| R | CommandID      3| 
2023-12-01 09:33:52.8864–TRACE–2023/12/01 09:33:52:8912| 0| COM83| S | CommandID      4| FA52010001
2023-12-01 09:33:53.2054–TRACE–Timeout without any data received.
2023-12-01 09:33:53.2054–TRACE–2023/12/01 09:33:53:2055| 0| COM83| R | CommandID      4| 
2023-12-01 09:33:53.2054–TRACE–2023/12/01 09:33:53:2106| 0| COM83| S | CommandID      5| FA52020001
2023-12-01 09:33:53.5161–TRACE–Timeout without any data received.
2023-12-01 09:33:53.5161–TRACE–2023/12/01 09:33:53:5161| 0| COM83| R | CommandID      5| 
2023-12-01 09:33:53.5161–TRACE–2023/12/01 09:33:53:5214| 0| COM83| S | CommandID      6| FA52030001
2023-12-01 09:33:53.8308–TRACE–Timeout without any data received.
2023-12-01 09:33:53.8308–TRACE–2023/12/01 09:33:53:8309| 0| COM83| R | CommandID      6| 
2023-12-01 09:33:53.8308–TRACE–2023/12/01 09:33:53:8353| 0| COM83| S | CommandID      7| FA52010401
2023-12-01 09:33:54.1557–TRACE–Timeout without any data received.
2023-12-01 09:33:54.1557–TRACE–2023/12/01 09:33:54:1558| 0| COM83| R | CommandID      7| 
2023-12-01 09:33:54.1557–TRACE–2023/12/01 09:33:54:1652| 0| COM83| S | CommandID      8| FA52020401
2023-12-01 09:33:54.4969–TRACE–Timeout without any data received.
2023-12-01 09:33:54.4969–TRACE–2023/12/01 09:33:54:4969| 0| COM83| R | CommandID      8| 
2023-12-01 09:33:54.4969–TRACE–2023/12/01 09:33:54:5011| 0| COM83| S | CommandID      9| FA52030401
2023-12-01 09:33:54.8213–TRACE–Timeout without any data received.
2023-12-01 09:33:54.8213–TRACE–2023/12/01 09:33:54:8222| 0| COM83| R | CommandID      9| 
2023-12-01 09:33:54.8213–TRACE–2023/12/01 09:33:54:8338| 0| COM83| S | CommandID     10| FA52010101
2023-12-01 09:33:55.1507–TRACE–Timeout without any data received.
2023-12-01 09:33:55.1507–TRACE–2023/12/01 09:33:55:1518| 0| COM83| R | CommandID     10| 
2023-12-01 09:33:55.1507–TRACE–2023/12/01 09:33:55:1570| 0| COM83| S | CommandID     11| FA52010002
2023-12-01 09:33:55.2515–TRACE–Timeout without any data received.
2023-12-01 09:33:55.2515–TRACE–2023/12/01 09:33:55:2515| 0| COM83| R | CommandID     11| 
2023-12-01 09:33:55.2515–TRACE–- A-2 initial
2023-12-01 09:33:55.2618–TRACE–- Currently on iteration : 1
2023-12-01 09:33:55.2768–TRACE–– End Custom script schedule.
2023-12-01 09:34:38.5212–TRACE–– Start Custom script schedule.
2023-12-01 09:34:38.5279–TRACE–- Currently on iteration : 0
2023-12-01 09:34:38.5279–TRACE–– Enter A-0 step.
2023-12-01 09:34:38.5419–TRACE–- A-1 initial
2023-12-01 09:34:38.5419–TRACE–2023/12/01 09:34:38:5482| 0| COM83| S | CommandID      0| FA57000201
2023-12-01 09:34:38.8658–TRACE–Timeout without any data received.
2023-12-01 09:34:38.8658–TRACE–2023/12/01 09:34:38:8659| 0| COM83| R | CommandID      0| 
2023-12-01 09:38:26.9860–TRACE–– Start Custom script schedule.
2023-12-01 09:38:26.9894–TRACE–- Currently on iteration : 0
2023-12-01 09:38:26.9894–TRACE–– Enter A-0 step.
2023-12-01 09:38:26.9894–TRACE–- A-1 initial
2023-12-01 09:38:26.9894–TRACE–2023/12/01 09:38:26:9980| 0| COM83| S | CommandID      0| FA57000201
2023-12-01 09:38:27.3322–TRACE–Timeout without any data received.
2023-12-01 09:38:27.3322–TRACE–2023/12/01 09:38:27:3333| 0| COM83| R | CommandID      0| 
2023-12-01 09:38:32.0076–TRACE–- A-1 進入偵測階段
2023-12-01 09:38:32.0076–TRACE–2023/12/01 09:38:32:0126| 0| COM83| S | CommandID      1| FA52010002
2023-12-01 09:38:32.3322–TRACE–Timeout without any data received.
2023-12-01 09:38:32.3322–TRACE–2023/12/01 09:38:32:3324| 0| COM83| R | CommandID      1| 
2023-12-01 09:38:32.3322–TRACE–2023/12/01 09:38:32:3349| 0| COM83| S | CommandID      2| FA52020002
2023-12-01 09:38:32.6514–TRACE–Timeout without any data received.
2023-12-01 09:38:32.6514–TRACE–2023/12/01 09:38:32:6515| 0| COM83| R | CommandID      2| 
2023-12-01 09:38:32.6514–TRACE–2023/12/01 09:38:32:6556| 0| COM83| S | CommandID      3| FA52030002
2023-12-01 09:38:32.9734–TRACE–Timeout without any data received.
2023-12-01 09:38:32.9734–TRACE–2023/12/01 09:38:32:9735| 0| COM83| R | CommandID      3| 
2023-12-01 09:38:32.9734–TRACE–2023/12/01 09:38:32:9753| 0| COM83| S | CommandID      4| FA52010001
2023-12-01 09:38:33.2848–TRACE–Timeout without any data received.
2023-12-01 09:38:33.2848–TRACE–2023/12/01 09:38:33:2857| 0| COM83| R | CommandID      4| 
2023-12-01 09:38:33.2848–TRACE–2023/12/01 09:38:33:2875| 0| COM83| S | CommandID      5| FA52020001
2023-12-01 09:38:33.5974–TRACE–Timeout without any data received.
2023-12-01 09:38:33.5974–TRACE–2023/12/01 09:38:33:5975| 0| COM83| R | CommandID      5| 
2023-12-01 09:38:33.5974–TRACE–2023/12/01 09:38:33:5993| 0| COM83| S | CommandID      6| FA52030001
2023-12-01 09:38:33.9104–TRACE–Timeout without any data received.
2023-12-01 09:38:33.9104–TRACE–2023/12/01 09:38:33:9110| 0| COM83| R | CommandID      6| 
2023-12-01 09:38:33.9104–TRACE–2023/12/01 09:38:33:9132| 0| COM83| S | CommandID      7| FA52010401
2023-12-01 09:38:34.2287–TRACE–Timeout without any data received.
2023-12-01 09:38:34.2287–TRACE–2023/12/01 09:38:34:2288| 0| COM83| R | CommandID      7| 
2023-12-01 09:38:34.2287–TRACE–2023/12/01 09:38:34:2312| 0| COM83| S | CommandID      8| FA52020401
2023-12-01 09:38:34.5403–TRACE–Timeout without any data received.
2023-12-01 09:38:34.5403–TRACE–2023/12/01 09:38:34:5404| 0| COM83| R | CommandID      8| 
2023-12-01 09:38:34.5403–TRACE–2023/12/01 09:38:34:5422| 0| COM83| S | CommandID      9| FA52030401
2023-12-01 09:38:34.8549–TRACE–Timeout without any data received.
2023-12-01 09:38:34.8549–TRACE–2023/12/01 09:38:34:8550| 0| COM83| R | CommandID      9| 
2023-12-01 09:38:34.8549–TRACE–2023/12/01 09:38:34:8570| 0| COM83| S | CommandID     10| FA52010101
2023-12-01 09:38:35.1682–TRACE–Timeout without any data received.
2023-12-01 09:38:35.1682–TRACE–2023/12/01 09:38:35:1682| 0| COM83| R | CommandID     10| 
2023-12-01 09:38:35.1810–TRACE–2023/12/01 09:38:35:1810| 0| COM83| S | CommandID     11| FA52010002
2023-12-01 09:38:35.4953–TRACE–Timeout without any data received.
2023-12-01 09:38:35.4953–TRACE–2023/12/01 09:38:35:4955| 0| COM83| R | CommandID     11| 
2023-12-01 09:38:35.4953–TRACE–2023/12/01 09:38:35:4985| 0| COM83| S | CommandID     12| FA52020002
2023-12-01 09:38:35.8084–TRACE–Timeout without any data received.
2023-12-01 09:38:35.8084–TRACE–2023/12/01 09:38:35:8086| 0| COM83| R | CommandID     12| 
2023-12-01 09:38:35.8084–TRACE–2023/12/01 09:38:35:8108| 0| COM83| S | CommandID     13| FA52030002
2023-12-01 09:38:36.1228–TRACE–Timeout without any data received.
2023-12-01 09:38:36.1228–TRACE–2023/12/01 09:38:36:1229| 0| COM83| R | CommandID     13| 
2023-12-01 09:38:36.1228–TRACE–2023/12/01 09:38:36:1248| 0| COM83| S | CommandID     14| FA52010001
2023-12-01 09:38:36.4280–TRACE–Timeout without any data received.
2023-12-01 09:38:36.4280–TRACE–2023/12/01 09:38:36:4280| 0| COM83| R | CommandID     14| 
2023-12-01 09:38:36.4280–TRACE–2023/12/01 09:38:36:4298| 0| COM83| S | CommandID     15| FA52020001
2023-12-01 09:38:36.7531–TRACE–Timeout without any data received.
2023-12-01 09:38:36.7531–TRACE–2023/12/01 09:38:36:7538| 0| COM83| R | CommandID     15| 
2023-12-01 09:38:36.7531–TRACE–2023/12/01 09:38:36:7557| 0| COM83| S | CommandID     16| FA52030001
2023-12-01 09:38:37.0701–TRACE–Timeout without any data received.
2023-12-01 09:38:37.0701–TRACE–2023/12/01 09:38:37:0701| 0| COM83| R | CommandID     16| 
2023-12-01 09:38:37.0701–TRACE–2023/12/01 09:38:37:0720| 0| COM83| S | CommandID     17| FA52010401
2023-12-01 09:38:37.3833–TRACE–Timeout without any data received.
2023-12-01 09:38:37.3833–TRACE–2023/12/01 09:38:37:3839| 0| COM83| R | CommandID     17| 
2023-12-01 09:38:37.3833–TRACE–2023/12/01 09:38:37:3859| 0| COM83| S | CommandID     18| FA52020401
2023-12-01 09:38:37.6907–TRACE–Timeout without any data received.
2023-12-01 09:38:37.6907–TRACE–2023/12/01 09:38:37:6907| 0| COM83| R | CommandID     18| 
2023-12-01 09:38:37.6907–TRACE–2023/12/01 09:38:37:6928| 0| COM83| S | CommandID     19| FA52030401
2023-12-01 09:38:38.0041–TRACE–Timeout without any data received.
2023-12-01 09:38:38.0041–TRACE–2023/12/01 09:38:38:0042| 0| COM83| R | CommandID     19| 
2023-12-01 09:38:38.0041–TRACE–2023/12/01 09:38:38:0086| 0| COM83| S | CommandID     20| FA52010101
2023-12-01 09:38:38.3216–TRACE–Timeout without any data received.
2023-12-01 09:38:38.3216–TRACE–2023/12/01 09:38:38:3217| 0| COM83| R | CommandID     20| 
2023-12-01 09:38:38.3216–TRACE–2023/12/01 09:38:38:3254| 0| COM83| S | CommandID     21| FA52010002
2023-12-01 09:38:38.6346–TRACE–Timeout without any data received.
2023-12-01 09:38:38.6346–TRACE–2023/12/01 09:38:38:6347| 0| COM83| R | CommandID     21| 
2023-12-01 09:38:38.6346–TRACE–2023/12/01 09:38:38:6381| 0| COM83| S | CommandID     22| FA52020002
2023-12-01 09:38:38.9486–TRACE–Timeout without any data received.
2023-12-01 09:38:38.9486–TRACE–2023/12/01 09:38:38:9487| 0| COM83| R | CommandID     22| 
2023-12-01 09:38:38.9486–TRACE–2023/12/01 09:38:38:9518| 0| COM83| S | CommandID     23| FA52030002
2023-12-01 09:38:39.2695–TRACE–Timeout without any data received.
2023-12-01 09:38:39.2695–TRACE–2023/12/01 09:38:39:2704| 0| COM83| R | CommandID     23| 
2023-12-01 09:38:39.2695–TRACE–2023/12/01 09:38:39:2733| 0| COM83| S | CommandID     24| FA52010001
2023-12-01 09:38:39.5827–TRACE–Timeout without any data received.
2023-12-01 09:38:39.5827–TRACE–2023/12/01 09:38:39:5838| 0| COM83| R | CommandID     24| 
2023-12-01 09:38:39.5827–TRACE–2023/12/01 09:38:39:5859| 0| COM83| S | CommandID     25| FA52020001
2023-12-01 09:38:39.8956–TRACE–Timeout without any data received.
2023-12-01 09:38:39.8956–TRACE–2023/12/01 09:38:39:8960| 0| COM83| R | CommandID     25| 
2023-12-01 09:38:39.8956–TRACE–2023/12/01 09:38:39:8980| 0| COM83| S | CommandID     26| FA52030001
2023-12-01 09:38:40.2109–TRACE–Timeout without any data received.
2023-12-01 09:38:40.2109–TRACE–2023/12/01 09:38:40:2110| 0| COM83| R | CommandID     26| 
2023-12-01 09:38:40.2109–TRACE–2023/12/01 09:38:40:2136| 0| COM83| S | CommandID     27| FA52010401
2023-12-01 09:38:40.5245–TRACE–Timeout without any data received.
2023-12-01 09:38:40.5245–TRACE–2023/12/01 09:38:40:5245| 0| COM83| R | CommandID     27| 
2023-12-01 09:38:40.5245–TRACE–2023/12/01 09:38:40:5265| 0| COM83| S | CommandID     28| FA52020401
2023-12-01 09:38:40.8482–TRACE–Timeout without any data received.
2023-12-01 09:38:40.8482–TRACE–2023/12/01 09:38:40:8483| 0| COM83| R | CommandID     28| 
2023-12-01 09:38:40.8482–TRACE–2023/12/01 09:38:40:8514| 0| COM83| S | CommandID     29| FA52030401
2023-12-01 09:38:41.1771–TRACE–Timeout without any data received.
2023-12-01 09:38:41.1771–TRACE–2023/12/01 09:38:41:1772| 0| COM83| R | CommandID     29| 
2023-12-01 09:38:41.1771–TRACE–2023/12/01 09:38:41:1794| 0| COM83| S | CommandID     30| FA52010101
2023-12-01 09:38:41.4939–TRACE–Timeout without any data received.
2023-12-01 09:38:41.4939–TRACE–2023/12/01 09:38:41:4942| 0| COM83| R | CommandID     30| 
2023-12-01 09:38:41.4939–TRACE–2023/12/01 09:38:41:4970| 0| COM83| S | CommandID     31| FA52010002
2023-12-01 09:38:41.8090–TRACE–Timeout without any data received.
2023-12-01 09:38:41.8090–TRACE–2023/12/01 09:38:41:8095| 0| COM83| R | CommandID     31| 
2023-12-01 09:38:41.8090–TRACE–2023/12/01 09:38:41:8125| 0| COM83| S | CommandID     32| FA52020002
2023-12-01 09:38:42.1462–TRACE–Timeout without any data received.
2023-12-01 09:38:42.1462–TRACE–2023/12/01 09:38:42:1463| 0| COM83| R | CommandID     32| 
2023-12-01 09:38:42.1462–TRACE–2023/12/01 09:38:42:1493| 0| COM83| S | CommandID     33| FA52030002
2023-12-01 09:38:42.4647–TRACE–Timeout without any data received.
2023-12-01 09:38:42.4647–TRACE–2023/12/01 09:38:42:4648| 0| COM83| R | CommandID     33| 
2023-12-01 09:38:42.4647–TRACE–2023/12/01 09:38:42:4689| 0| COM83| S | CommandID     34| FA52010001
2023-12-01 09:38:42.7878–TRACE–Timeout without any data received.
2023-12-01 09:38:42.7878–TRACE–2023/12/01 09:38:42:7880| 0| COM83| R | CommandID     34| 
2023-12-01 09:38:42.7878–TRACE–2023/12/01 09:38:42:7928| 0| COM83| S | CommandID     35| FA52020001
2023-12-01 09:38:43.1125–TRACE–Timeout without any data received.
2023-12-01 09:38:43.1125–TRACE–2023/12/01 09:38:43:1130| 0| COM83| R | CommandID     35| 
2023-12-01 09:38:43.1125–TRACE–2023/12/01 09:38:43:1177| 0| COM83| S | CommandID     36| FA52030001
2023-12-01 09:38:43.4349–TRACE–Timeout without any data received.
2023-12-01 09:38:43.4349–TRACE–2023/12/01 09:38:43:4359| 0| COM83| R | CommandID     36| 
2023-12-01 09:38:43.4444–TRACE–2023/12/01 09:38:43:4443| 0| COM83| S | CommandID     37| FA52010401
2023-12-01 09:38:43.7892–TRACE–Timeout without any data received.
2023-12-01 09:38:43.7892–TRACE–2023/12/01 09:38:43:7904| 0| COM83| R | CommandID     37| 
2023-12-01 09:38:43.7892–TRACE–2023/12/01 09:38:43:7955| 0| COM83| S | CommandID     38| FA52020401
2023-12-01 09:38:44.1064–TRACE–Timeout without any data received.
2023-12-01 09:38:44.1064–TRACE–2023/12/01 09:38:44:1071| 0| COM83| R | CommandID     38| 
2023-12-01 09:38:44.1197–TRACE–2023/12/01 09:38:44:1197| 0| COM83| S | CommandID     39| FA52030401
2023-12-01 09:38:44.4334–TRACE–Timeout without any data received.
2023-12-01 09:38:44.4334–TRACE–2023/12/01 09:38:44:4337| 0| COM83| R | CommandID     39| 
2023-12-01 09:38:44.4418–TRACE–2023/12/01 09:38:44:4418| 0| COM83| S | CommandID     40| FA52010101
2023-12-01 09:38:44.7561–TRACE–Timeout without any data received.
2023-12-01 09:38:44.7561–TRACE–2023/12/01 09:38:44:7562| 0| COM83| R | CommandID     40| 
2023-12-01 09:38:44.7561–TRACE–2023/12/01 09:38:44:7587| 0| COM83| S | CommandID     41| FA52010002
2023-12-01 09:38:45.0651–TRACE–Timeout without any data received.
2023-12-01 09:38:45.0651–TRACE–2023/12/01 09:38:45:0653| 0| COM83| R | CommandID     41| 
2023-12-01 09:38:45.0651–TRACE–2023/12/01 09:38:45:0681| 0| COM83| S | CommandID     42| FA52020002
2023-12-01 09:38:45.3797–TRACE–Timeout without any data received.
2023-12-01 09:38:45.3797–TRACE–2023/12/01 09:38:45:3797| 0| COM83| R | CommandID     42| 
2023-12-01 09:38:45.3797–TRACE–2023/12/01 09:38:45:3829| 0| COM83| S | CommandID     43| FA52030002
2023-12-01 09:38:45.6918–TRACE–Timeout without any data received.
2023-12-01 09:38:45.6918–TRACE–2023/12/01 09:38:45:6919| 0| COM83| R | CommandID     43| 
2023-12-01 09:38:45.6918–TRACE–2023/12/01 09:38:45:6944| 0| COM83| S | CommandID     44| FA52010001
2023-12-01 09:38:46.0221–TRACE–Timeout without any data received.
2023-12-01 09:38:46.0221–TRACE–2023/12/01 09:38:46:0225| 0| COM83| R | CommandID     44| 
2023-12-01 09:38:46.0221–TRACE–2023/12/01 09:38:46:0271| 0| COM83| S | CommandID     45| FA52020001
2023-12-01 09:38:46.3390–TRACE–Timeout without any data received.
2023-12-01 09:38:46.3390–TRACE–2023/12/01 09:38:46:3390| 0| COM83| R | CommandID     45| 
2023-12-01 09:38:46.3390–TRACE–2023/12/01 09:38:46:3413| 0| COM83| S | CommandID     46| FA52030001
2023-12-01 09:38:46.6521–TRACE–Timeout without any data received.
2023-12-01 09:38:46.6521–TRACE–2023/12/01 09:38:46:6521| 0| COM83| R | CommandID     46| 
2023-12-01 09:38:46.6521–TRACE–2023/12/01 09:38:46:6553| 0| COM83| S | CommandID     47| FA52010401
2023-12-01 09:38:46.9650–TRACE–Timeout without any data received.
2023-12-01 09:38:46.9650–TRACE–2023/12/01 09:38:46:9650| 0| COM83| R | CommandID     47| 
2023-12-01 09:38:46.9650–TRACE–2023/12/01 09:38:46:9674| 0| COM83| S | CommandID     48| FA52020401
2023-12-01 09:38:47.2774–TRACE–Timeout without any data received.
2023-12-01 09:38:47.2774–TRACE–2023/12/01 09:38:47:2776| 0| COM83| R | CommandID     48| 
2023-12-01 09:38:47.2774–TRACE–2023/12/01 09:38:47:2800| 0| COM83| S | CommandID     49| FA52030401
2023-12-01 09:38:47.5823–TRACE–Timeout without any data received.
2023-12-01 09:38:47.5823–TRACE–2023/12/01 09:38:47:5838| 0| COM83| R | CommandID     49| 
2023-12-01 09:38:47.5823–TRACE–2023/12/01 09:38:47:5862| 0| COM83| S | CommandID     50| FA52010101
2023-12-01 09:38:47.9102–TRACE–Timeout without any data received.
2023-12-01 09:38:47.9102–TRACE–2023/12/01 09:38:47:9105| 0| COM83| R | CommandID     50| 
2023-12-01 09:38:47.9102–TRACE–2023/12/01 09:38:47:9130| 0| COM83| S | CommandID     51| FA52010002
2023-12-01 09:38:48.2226–TRACE–Timeout without any data received.
2023-12-01 09:38:48.2226–TRACE–2023/12/01 09:38:48:2228| 0| COM83| R | CommandID     51| 
2023-12-01 09:38:48.2226–TRACE–2023/12/01 09:38:48:2263| 0| COM83| S | CommandID     52| FA52020002
2023-12-01 09:38:48.5333–TRACE–Timeout without any data received.
2023-12-01 09:38:48.5333–TRACE–2023/12/01 09:38:48:5333| 0| COM83| R | CommandID     52| 
2023-12-01 09:38:48.5333–TRACE–2023/12/01 09:38:48:5359| 0| COM83| S | CommandID     53| FA52030002
2023-12-01 09:38:48.8540–TRACE–Timeout without any data received.
2023-12-01 09:38:48.8540–TRACE–2023/12/01 09:38:48:8541| 0| COM83| R | CommandID     53| 
2023-12-01 09:38:48.8540–TRACE–2023/12/01 09:38:48:8566| 0| COM83| S | CommandID     54| FA52010001
2023-12-01 09:38:49.1630–TRACE–Timeout without any data received.
2023-12-01 09:38:49.1630–TRACE–2023/12/01 09:38:49:1631| 0| COM83| R | CommandID     54| 
2023-12-01 09:38:49.1630–TRACE–2023/12/01 09:38:49:1666| 0| COM83| S | CommandID     55| FA52020001
2023-12-01 09:38:49.4725–TRACE–Timeout without any data received.
2023-12-01 09:38:49.4725–TRACE–2023/12/01 09:38:49:4728| 0| COM83| R | CommandID     55| 
2023-12-01 09:38:49.4725–TRACE–2023/12/01 09:38:49:4760| 0| COM83| S | CommandID     56| FA52030001
2023-12-01 09:41:50.0786–TRACE–– Start Custom script schedule.
2023-12-01 09:41:50.0786–TRACE–- Currently on iteration : 0
2023-12-01 09:41:50.0841–TRACE–– Enter A-0 step.
2023-12-01 09:41:50.0841–TRACE–- A-1 initial
2023-12-01 09:41:50.0841–TRACE–2023/12/01 09:41:50:0901| 0| COM83| S | CommandID      0| FA57000201
2023-12-01 09:41:50.4122–TRACE–Timeout without any data received.
2023-12-01 09:41:50.4122–TRACE–2023/12/01 09:41:50:4127| 0| COM83| R | CommandID      0| 
2023-12-01 09:41:55.1046–TRACE–- A-1 進入偵測階段
2023-12-01 09:41:55.1046–TRACE–2023/12/01 09:41:55:1117| 0| COM83| S | CommandID      1| FA52010002
2023-12-01 09:41:55.4201–TRACE–Timeout without any data received.
2023-12-01 09:41:55.4201–TRACE–2023/12/01 09:41:55:4204| 0| COM83| R | CommandID      1| 
2023-12-01 09:41:55.4201–TRACE–2023/12/01 09:41:55:4242| 0| COM83| S | CommandID      2| FA52020002
2023-12-01 09:41:55.7294–TRACE–Timeout without any data received.
2023-12-01 09:41:55.7294–TRACE–2023/12/01 09:41:55:7299| 0| COM83| R | CommandID      2| 
2023-12-01 09:41:55.7294–TRACE–2023/12/01 09:41:55:7337| 0| COM83| S | CommandID      3| FA52030002
2023-12-01 09:41:56.0456–TRACE–Timeout without any data received.
2023-12-01 09:41:56.0456–TRACE–2023/12/01 09:41:56:0458| 0| COM83| R | CommandID      3| 
2023-12-01 09:41:56.0456–TRACE–2023/12/01 09:41:56:0483| 0| COM83| S | CommandID      4| FA52010001
2023-12-01 09:41:56.3556–TRACE–Timeout without any data received.
2023-12-01 09:41:56.3556–TRACE–2023/12/01 09:41:56:3556| 0| COM83| R | CommandID      4| 
2023-12-01 09:41:56.3556–TRACE–2023/12/01 09:41:56:3575| 0| COM83| S | CommandID      5| FA52020001
2023-12-01 09:41:56.6637–TRACE–Timeout without any data received.
2023-12-01 09:41:56.6637–TRACE–2023/12/01 09:41:56:6637| 0| COM83| R | CommandID      5| 
2023-12-01 09:41:56.6637–TRACE–2023/12/01 09:41:56:6656| 0| COM83| S | CommandID      6| FA52030001
2023-12-01 09:41:56.8710–TRACE–Timeout without any data received.
2023-12-01 09:41:56.8710–TRACE–2023/12/01 09:41:56:8711| 0| COM83| R | CommandID      6| 
2023-12-01 09:41:56.8840–TRACE–- A-2 initial
2023-12-01 09:41:56.8840–TRACE–- Currently on iteration : 1
2023-12-01 09:41:56.8840–TRACE–– End Custom script schedule.
