2023-11-07 13:35:01.1859–TRACE–2023/11/07 13:35:01:1791| 0| COM85| S | CommandID      0| FA57000201
2023-11-07 13:35:01.1966–TRACE–2023/11/07 13:35:01:1966| 0| COM85| R | CommandID      0| C30D0A
2023-11-07 13:35:01.3793–TRACE–2023/11/07 13:35:01:3793| 0| COM85| S | CommandID      1| FA52010401
2023-11-07 13:35:01.3793–TRACE–2023/11/07 13:35:01:3878| 0| COM85| R | CommandID      1| FA010A0101020304050607080D0A
2023-11-07 13:35:01.5800–TRACE–2023/11/07 13:35:01:5800| 0| COM85| S | CommandID      2| FA52020401
2023-11-07 13:35:01.5964–TRACE–2023/11/07 13:35:01:5964| 0| COM85| R | CommandID      2| FA020A0101020304050607080D0A
2023-11-07 13:35:01.7893–TRACE–2023/11/07 13:35:01:7893| 0| COM85| S | CommandID      3| FA52030401
2023-11-07 13:35:01.8155–TRACE–2023/11/07 13:35:01:8155| 0| COM85| R | CommandID      3| FA030A0101020304050607080D0A
2023-11-07 13:35:02.0030–TRACE–2023/11/07 13:35:02:0029| 0| COM85| S | CommandID      4| FA52010101
2023-11-07 13:35:02.0174–TRACE–2023/11/07 13:35:02:0174| 0| COM85| R | CommandID      4| FA0103640D0A
2023-11-07 13:35:02.2041–TRACE–2023/11/07 13:35:02:2041| 0| COM85| S | CommandID      5| FA52020101
2023-11-07 13:35:02.2219–TRACE–2023/11/07 13:35:02:2219| 0| COM85| R | CommandID      5| FA0203000D0A
2023-11-07 13:35:02.4146–TRACE–2023/11/07 13:35:02:4145| 0| COM85| S | CommandID      6| FA52030101
2023-11-07 13:35:02.4399–TRACE–2023/11/07 13:35:02:4399| 0| COM85| R | CommandID      6| FA0303640D0A
2023-11-07 13:35:02.6292–TRACE–2023/11/07 13:35:02:6292| 0| COM85| S | CommandID      7| FA52010402
2023-11-07 13:35:02.6447–TRACE–2023/11/07 13:35:02:6447| 0| COM85| R | CommandID      7| FA010400890D0A
2023-11-07 13:35:02.8301–TRACE–2023/11/07 13:35:02:8301| 0| COM85| S | CommandID      8| FA52020402
2023-11-07 13:35:02.8462–TRACE–2023/11/07 13:35:02:8462| 0| COM85| R | CommandID      8| FA020400890D0A
2023-11-07 13:35:03.0378–TRACE–2023/11/07 13:35:03:0378| 0| COM85| S | CommandID      9| FA52030402
2023-11-07 13:35:03.0485–TRACE–2023/11/07 13:35:03:0484| 0| COM85| R | CommandID      9| FA030400890D0A
2023-11-07 13:35:03.2384–TRACE–2023/11/07 13:35:03:2383| 0| COM85| S | CommandID     10| FA52010403
2023-11-07 13:35:03.2528–TRACE–2023/11/07 13:35:03:2527| 0| COM85| R | CommandID     10| FA01054359550D0A
2023-11-07 13:35:03.4399–TRACE–2023/11/07 13:35:03:4399| 0| COM85| S | CommandID     11| FA52020403
2023-11-07 13:35:03.4544–TRACE–2023/11/07 13:35:03:4544| 0| COM85| R | CommandID     11| FA02054359550D0A
2023-11-07 13:35:03.6449–TRACE–2023/11/07 13:35:03:6449| 0| COM85| S | CommandID     12| FA52030403
2023-11-07 13:35:03.6610–TRACE–2023/11/07 13:35:03:6610| 0| COM85| R | CommandID     12| FA03054159550D0A
2023-11-07 13:35:03.8463–TRACE–2023/11/07 13:35:03:8463| 0| COM85| S | CommandID     13| FA52010404
2023-11-07 13:35:03.8617–TRACE–2023/11/07 13:35:03:8617| 0| COM85| R | CommandID     13| FA01034B0D0A
2023-11-07 13:35:04.0476–TRACE–2023/11/07 13:35:04:0476| 0| COM85| S | CommandID     14| FA52020404
2023-11-07 13:35:04.0642–TRACE–2023/11/07 13:35:04:0642| 0| COM85| R | CommandID     14| FA02034B0D0A
2023-11-07 13:35:04.2608–TRACE–2023/11/07 13:35:04:2608| 0| COM85| S | CommandID     15| FA52030404
2023-11-07 13:35:04.2837–TRACE–2023/11/07 13:35:04:2837| 0| COM85| R | CommandID     15| FA03034B0D0A
2023-11-07 13:35:04.4744–TRACE–2023/11/07 13:35:04:4744| 0| COM85| S | CommandID     16| FA52010405
2023-11-07 13:35:04.4850–TRACE–2023/11/07 13:35:04:4850| 0| COM85| R | CommandID     16| FA01044D390D0A
2023-11-07 13:35:04.6896–TRACE–2023/11/07 13:35:04:6896| 0| COM85| S | CommandID     17| FA52020405
2023-11-07 13:35:04.7041–TRACE–2023/11/07 13:35:04:7041| 0| COM85| R | CommandID     17| FA0204174C0D0A
2023-11-07 13:35:04.8983–TRACE–2023/11/07 13:35:04:8983| 0| COM85| S | CommandID     18| FA52030405
2023-11-07 13:35:04.9248–TRACE–2023/11/07 13:35:04:9247| 0| COM85| R | CommandID     18| FA030418500D0A
2023-11-07 13:35:05.1102–TRACE–2023/11/07 13:35:05:1101| 0| COM85| S | CommandID     19| FA52010501
2023-11-07 13:35:05.1284–TRACE–2023/11/07 13:35:05:1284| 0| COM85| R | CommandID     19| FA010401280D0A
2023-11-07 13:35:05.3198–TRACE–2023/11/07 13:35:05:3198| 0| COM85| S | CommandID     20| FA52020501
2023-11-07 13:35:05.3306–TRACE–2023/11/07 13:35:05:3306| 0| COM85| R | CommandID     20| FA020401100D0A
2023-11-07 13:35:05.5209–TRACE–2023/11/07 13:35:05:5209| 0| COM85| S | CommandID     21| FA52030501
2023-11-07 13:35:05.5337–TRACE–2023/11/07 13:35:05:5337| 0| COM85| R | CommandID     21| FA0304015C0D0A
2023-11-07 13:35:05.7370–TRACE–2023/11/07 13:35:05:7370| 0| COM85| S | CommandID     22| FA52010001
2023-11-07 13:35:05.7525–TRACE–2023/11/07 13:35:05:7525| 0| COM85| R | CommandID     22| FA010401020D0A
2023-11-07 13:35:05.9385–TRACE–2023/11/07 13:35:05:9385| 0| COM85| S | CommandID     23| FA52020001
2023-11-07 13:35:05.9552–TRACE–2023/11/07 13:35:05:9552| 0| COM85| R | CommandID     23| FA020401020D0A
2023-11-07 13:35:06.1529–TRACE–2023/11/07 13:35:06:1529| 0| COM85| S | CommandID     24| FA52030001
2023-11-07 13:35:06.1784–TRACE–2023/11/07 13:35:06:1784| 0| COM85| R | CommandID     24| FA030401020D0A
2023-11-07 13:35:06.3633–TRACE–2023/11/07 13:35:06:3632| 0| COM85| S | CommandID     25| FA52010002
2023-11-07 13:35:06.3779–TRACE–2023/11/07 13:35:06:3779| 0| COM85| R | CommandID     25| FA010403040D0A
2023-11-07 13:35:06.5773–TRACE–2023/11/07 13:35:06:5773| 0| COM85| S | CommandID     26| FA52020002
2023-11-07 13:35:06.5964–TRACE–2023/11/07 13:35:06:5964| 0| COM85| R | CommandID     26| FA020403040D0A
2023-11-07 13:35:06.7852–TRACE–2023/11/07 13:35:06:7851| 0| COM85| S | CommandID     27| FA52030002
2023-11-07 13:35:06.7988–TRACE–2023/11/07 13:35:06:7988| 0| COM85| R | CommandID     27| FA030403040D0A
2023-11-07 13:35:06.9856–TRACE–2023/11/07 13:35:06:9856| 0| COM85| S | CommandID     28| FA57000201
2023-11-07 13:35:07.0007–TRACE–2023/11/07 13:35:07:0007| 0| COM85| R | CommandID     28| C30D0A
2023-11-07 13:35:07.1936–TRACE–2023/11/07 13:35:07:1935| 0| COM85| S | CommandID     29| FA52010401
2023-11-07 13:35:07.2046–TRACE–2023/11/07 13:35:07:2046| 0| COM85| R | CommandID     29| FA010A0101020304050607080D0A
2023-11-07 13:35:07.4062–TRACE–2023/11/07 13:35:07:4062| 0| COM85| S | CommandID     30| FA52020401
2023-11-07 13:35:07.4245–TRACE–2023/11/07 13:35:07:4245| 0| COM85| R | CommandID     30| FA020A0101020304050607080D0A
2023-11-07 13:35:07.6157–TRACE–2023/11/07 13:35:07:6157| 0| COM85| S | CommandID     31| FA52030401
2023-11-07 13:35:07.6435–TRACE–2023/11/07 13:35:07:6435| 0| COM85| R | CommandID     31| FA030A0101020304050607080D0A
2023-11-07 13:35:07.8182–TRACE–2023/11/07 13:35:07:8181| 0| COM85| S | CommandID     32| FA52010101
2023-11-07 13:35:07.8297–TRACE–2023/11/07 13:35:07:8297| 0| COM85| R | CommandID     32| FA0103640D0A
2023-11-07 13:35:08.0186–TRACE–2023/11/07 13:35:08:0186| 0| COM85| S | CommandID     33| FA52020101
2023-11-07 13:35:08.0336–TRACE–2023/11/07 13:35:08:0336| 0| COM85| R | CommandID     33| FA0203640D0A
2023-11-07 13:35:08.2294–TRACE–2023/11/07 13:35:08:2293| 0| COM85| S | CommandID     34| FA52030101
2023-11-07 13:35:08.2522–TRACE–2023/11/07 13:35:08:2522| 0| COM85| R | CommandID     34| FA0303640D0A
2023-11-07 13:35:08.4387–TRACE–2023/11/07 13:35:08:4387| 0| COM85| S | CommandID     35| FA52010402
2023-11-07 13:35:08.4540–TRACE–2023/11/07 13:35:08:4540| 0| COM85| R | CommandID     35| FA010400850D0A
2023-11-07 13:35:08.6519–TRACE–2023/11/07 13:35:08:6519| 0| COM85| S | CommandID     36| FA52020402
2023-11-07 13:35:08.6773–TRACE–2023/11/07 13:35:08:6773| 0| COM85| R | CommandID     36| FA020400850D0A
2023-11-07 13:35:08.8597–TRACE–2023/11/07 13:35:08:8597| 0| COM85| S | CommandID     37| FA52030402
2023-11-07 13:35:08.8776–TRACE–2023/11/07 13:35:08:8775| 0| COM85| R | CommandID     37| FA030400850D0A
