2023-12-24 10:00:01.4116–TRACE–2023/12/24 10:00:01:4115| 0|  COM5| S | CommandID    162| FA52010401
2023-12-24 10:00:01.4383–TRACE–2023/12/24 10:00:01:4383| 0|  COM5| R | CommandID    162| FA010A0101020304050607080D0A
2023-12-24 10:00:01.4383–TRACE–2023/12/24 10:00:01:4423| 0|  COM5| S | CommandID    163| FA52020401
2023-12-24 10:00:01.4687–TRACE–2023/12/24 10:00:01:4687| 0|  COM5| R | CommandID    163| FA020A0101020304050607080D0A
2023-12-24 10:00:01.4687–TRACE–2023/12/24 10:00:01:4726| 0|  COM5| S | CommandID    164| FA52030401
2023-12-24 10:00:01.4956–TRACE–2023/12/24 10:00:01:4956| 0|  COM5| R | CommandID    164| FA030A0101020304050607080D0A
2023-12-24 10:00:01.4956–TRACE–2023/12/24 10:00:01:4995| 0|  COM5| S | CommandID    165| FA52010101
2023-12-24 10:00:01.5242–TRACE–2023/12/24 10:00:01:5242| 0|  COM5| R | CommandID    165| FA0103640D0A
2023-12-24 10:00:01.5242–TRACE–2023/12/24 10:00:01:5278| 0|  COM5| S | CommandID    166| FA52020101
2023-12-24 10:00:01.5414–TRACE–2023/12/24 10:00:01:5414| 0|  COM5| R | CommandID    166| FA0203640D0A
2023-12-24 10:00:01.5414–TRACE–2023/12/24 10:00:01:5453| 0|  COM5| S | CommandID    167| FA52030101
2023-12-24 10:00:01.5716–TRACE–2023/12/24 10:00:01:5716| 0|  COM5| R | CommandID    167| FA0303640D0A
2023-12-24 10:00:01.5716–TRACE–2023/12/24 10:00:01:5762| 0|  COM5| S | CommandID    168| FA52010402
2023-12-24 10:00:01.6102–TRACE–2023/12/24 10:00:01:6101| 0|  COM5| R | CommandID    168| FA010400870D0A
2023-12-24 10:00:01.6102–TRACE–2023/12/24 10:00:01:6138| 0|  COM5| S | CommandID    169| FA52020402
2023-12-24 10:00:01.6391–TRACE–2023/12/24 10:00:01:6391| 0|  COM5| R | CommandID    169| FA020400870D0A
2023-12-24 10:00:01.6391–TRACE–2023/12/24 10:00:01:6428| 0|  COM5| S | CommandID    170| FA52030402
2023-12-24 10:00:01.6711–TRACE–2023/12/24 10:00:01:6711| 0|  COM5| R | CommandID    170| FA030400850D0A
2023-12-24 10:00:01.6711–TRACE–2023/12/24 10:00:01:6749| 0|  COM5| S | CommandID    171| FA52010403
2023-12-24 10:00:01.6993–TRACE–2023/12/24 10:00:01:6992| 0|  COM5| R | CommandID    171| FA01054355550D0A
2023-12-24 10:00:01.6993–TRACE–2023/12/24 10:00:01:7111| 0|  COM5| S | CommandID    172| FA52020403
2023-12-24 10:00:01.7297–TRACE–2023/12/24 10:00:01:7297| 0|  COM5| R | CommandID    172| FA02054359550D0A
2023-12-24 10:00:01.7297–TRACE–2023/12/24 10:00:01:7340| 0|  COM5| S | CommandID    173| FA52030403
2023-12-24 10:00:01.7583–TRACE–2023/12/24 10:00:01:7583| 0|  COM5| R | CommandID    173| FA03054155550D0A
2023-12-24 10:00:01.7583–TRACE–2023/12/24 10:00:01:7630| 0|  COM5| S | CommandID    174| FA52010404
2023-12-24 10:00:01.7924–TRACE–2023/12/24 10:00:01:7924| 0|  COM5| R | CommandID    174| FA01034B0D0A
2023-12-24 10:00:01.7924–TRACE–2023/12/24 10:00:01:7967| 0|  COM5| S | CommandID    175| FA52020404
2023-12-24 10:00:01.8245–TRACE–2023/12/24 10:00:01:8245| 0|  COM5| R | CommandID    175| FA02034B0D0A
2023-12-24 10:00:01.8245–TRACE–2023/12/24 10:00:01:8347| 0|  COM5| S | CommandID    176| FA52030404
2023-12-24 10:00:01.8537–TRACE–2023/12/24 10:00:01:8537| 0|  COM5| R | CommandID    176| FA03034B0D0A
2023-12-24 10:00:01.8537–TRACE–2023/12/24 10:00:01:8577| 0|  COM5| S | CommandID    177| FA52010405
2023-12-24 10:00:01.8846–TRACE–2023/12/24 10:00:01:8846| 0|  COM5| R | CommandID    177| FA0104481D0D0A
2023-12-24 10:00:01.8846–TRACE–2023/12/24 10:00:01:8884| 0|  COM5| S | CommandID    178| FA52020405
2023-12-24 10:00:01.9169–TRACE–2023/12/24 10:00:01:9168| 0|  COM5| R | CommandID    178| FA0204311E0D0A
2023-12-24 10:00:01.9169–TRACE–2023/12/24 10:00:01:9207| 0|  COM5| S | CommandID    179| FA52030405
2023-12-24 10:00:01.9519–TRACE–2023/12/24 10:00:01:9519| 0|  COM5| R | CommandID    179| FA03043F310D0A
2023-12-24 10:00:01.9519–TRACE–2023/12/24 10:00:01:9559| 0|  COM5| S | CommandID    180| FA52010501
2023-12-24 10:00:01.9784–TRACE–2023/12/24 10:00:01:9784| 0|  COM5| R | CommandID    180| FA010401140D0A
2023-12-24 10:00:01.9784–TRACE–2023/12/24 10:00:01:9835| 0|  COM5| S | CommandID    181| FA52030501
2023-12-24 10:00:02.0093–TRACE–2023/12/24 10:00:02:0092| 0|  COM5| R | CommandID    181| FA030401600D0A
2023-12-24 10:00:02.0093–TRACE–2023/12/24 10:00:02:0131| 0|  COM5| S | CommandID    182| FA52020501
2023-12-24 10:00:02.0407–TRACE–2023/12/24 10:00:02:0406| 0|  COM5| R | CommandID    182| FA020401300D0A
2023-12-24 10:00:02.0407–TRACE–2023/12/24 10:00:02:0447| 0|  COM5| S | CommandID    183| FA52010601
2023-12-24 10:00:02.0769–TRACE–2023/12/24 10:00:02:0769| 0|  COM5| R | CommandID    183| FA010701010020320D0A
2023-12-24 10:00:02.0769–TRACE–2023/12/24 10:00:02:0807| 0|  COM5| S | CommandID    184| FA52020601
2023-12-24 10:00:02.1027–TRACE–2023/12/24 10:00:02:1027| 0|  COM5| R | CommandID    184| FA020701010020320D0A
2023-12-24 10:00:04.4774–TRACE–2023/12/24 10:00:04:4773| 0|  COM5| S | CommandID    185| FA52010401
2023-12-24 10:00:04.4934–TRACE–2023/12/24 10:00:04:4934| 0|  COM5| R | CommandID    185| FA010A0101020304050607080D0A
2023-12-24 10:00:04.4934–TRACE–2023/12/24 10:00:04:4987| 0|  COM5| S | CommandID    186| FA52020401
2023-12-24 10:00:04.5281–TRACE–2023/12/24 10:00:04:5281| 0|  COM5| R | CommandID    186| FA020A0101020304050607080D0A
2023-12-24 10:00:04.5281–TRACE–2023/12/24 10:00:04:5325| 0|  COM5| S | CommandID    187| FA52030401
2023-12-24 10:00:04.5609–TRACE–2023/12/24 10:00:04:5609| 0|  COM5| R | CommandID    187| FA030A0101020304050607080D0A
2023-12-24 10:00:04.5609–TRACE–2023/12/24 10:00:04:5646| 0|  COM5| S | CommandID    188| FA52010101
2023-12-24 10:00:04.5887–TRACE–2023/12/24 10:00:04:5887| 0|  COM5| R | CommandID    188| FA0103640D0A
2023-12-24 10:00:04.5887–TRACE–2023/12/24 10:00:04:5926| 0|  COM5| S | CommandID    189| FA52020101
2023-12-24 10:00:04.6198–TRACE–2023/12/24 10:00:04:6198| 0|  COM5| R | CommandID    189| FA0203640D0A
2023-12-24 10:00:04.6198–TRACE–2023/12/24 10:00:04:6236| 0|  COM5| S | CommandID    190| FA52030101
2023-12-24 10:00:04.6505–TRACE–2023/12/24 10:00:04:6505| 0|  COM5| R | CommandID    190| FA0303640D0A
2023-12-24 10:00:04.6505–TRACE–2023/12/24 10:00:04:6543| 0|  COM5| S | CommandID    191| FA52010402
2023-12-24 10:00:04.6815–TRACE–2023/12/24 10:00:04:6815| 0|  COM5| R | CommandID    191| FA010400890D0A
2023-12-24 10:00:04.6815–TRACE–2023/12/24 10:00:04:6856| 0|  COM5| S | CommandID    192| FA52020402
2023-12-24 10:00:04.7157–TRACE–2023/12/24 10:00:04:7156| 0|  COM5| R | CommandID    192| FA020400890D0A
2023-12-24 10:00:04.7157–TRACE–2023/12/24 10:00:04:7195| 0|  COM5| S | CommandID    193| FA52030402
2023-12-24 10:00:04.7531–TRACE–2023/12/24 10:00:04:7531| 0|  COM5| R | CommandID    193| FA030400890D0A
2023-12-24 10:00:04.7531–TRACE–2023/12/24 10:00:04:7573| 0|  COM5| S | CommandID    194| FA52010403
2023-12-24 10:00:04.7837–TRACE–2023/12/24 10:00:04:7837| 0|  COM5| R | CommandID    194| FA01054355550D0A
2023-12-24 10:00:04.7837–TRACE–2023/12/24 10:00:04:7876| 0|  COM5| S | CommandID    195| FA52020403
2023-12-24 10:00:04.8134–TRACE–2023/12/24 10:00:04:8133| 0|  COM5| R | CommandID    195| FA02054359550D0A
2023-12-24 10:00:04.8134–TRACE–2023/12/24 10:00:04:8175| 0|  COM5| S | CommandID    196| FA52030403
2023-12-24 10:00:04.8433–TRACE–2023/12/24 10:00:04:8433| 0|  COM5| R | CommandID    196| FA03054357550D0A
2023-12-24 10:00:04.8433–TRACE–2023/12/24 10:00:04:8474| 0|  COM5| S | CommandID    197| FA52010404
2023-12-24 10:00:04.8715–TRACE–2023/12/24 10:00:04:8715| 0|  COM5| R | CommandID    197| FA01034B0D0A
2023-12-24 10:00:04.8715–TRACE–2023/12/24 10:00:04:8760| 0|  COM5| S | CommandID    198| FA52020404
2023-12-24 10:00:04.9027–TRACE–2023/12/24 10:00:04:9027| 0|  COM5| R | CommandID    198| FA02034B0D0A
2023-12-24 10:00:04.9027–TRACE–2023/12/24 10:00:04:9067| 0|  COM5| S | CommandID    199| FA52030404
2023-12-24 10:00:04.9358–TRACE–2023/12/24 10:00:04:9358| 0|  COM5| R | CommandID    199| FA03034B0D0A
2023-12-24 10:00:04.9478–TRACE–2023/12/24 10:00:04:9478| 0|  COM5| S | CommandID    200| FA52010405
2023-12-24 10:00:04.9627–TRACE–2023/12/24 10:00:04:9627| 0|  COM5| R | CommandID    200| FA01042D2B0D0A
2023-12-24 10:00:04.9627–TRACE–2023/12/24 10:00:04:9682| 0|  COM5| S | CommandID    201| FA52020405
2023-12-24 10:00:04.9937–TRACE–2023/12/24 10:00:04:9937| 0|  COM5| R | CommandID    201| FA0204190A0D0A
2023-12-24 10:00:04.9937–TRACE–2023/12/24 10:00:04:9980| 0|  COM5| S | CommandID    202| FA52030405
2023-12-24 10:00:05.0264–TRACE–2023/12/24 10:00:05:0264| 0|  COM5| R | CommandID    202| FA03044B480D0A
2023-12-24 10:00:05.0264–TRACE–2023/12/24 10:00:05:0373| 0|  COM5| S | CommandID    203| FA52010501
2023-12-24 10:00:05.0566–TRACE–2023/12/24 10:00:05:0566| 0|  COM5| R | CommandID    203| FA0104050C0D0A
2023-12-24 10:00:05.0566–TRACE–2023/12/24 10:00:05:0610| 0|  COM5| S | CommandID    204| FA52030501
2023-12-24 10:00:05.0913–TRACE–2023/12/24 10:00:05:0913| 0|  COM5| R | CommandID    204| FA030401080D0A
2023-12-24 10:00:05.0913–TRACE–2023/12/24 10:00:05:0956| 0|  COM5| S | CommandID    205| FA52020501
2023-12-24 10:00:05.1219–TRACE–2023/12/24 10:00:05:1219| 0|  COM5| R | CommandID    205| FA020401300D0A
2023-12-24 10:00:05.1219–TRACE–2023/12/24 10:00:05:1265| 0|  COM5| S | CommandID    206| FA52010601
2023-12-24 10:00:05.1502–TRACE–2023/12/24 10:00:05:1502| 0|  COM5| R | CommandID    206| FA010701010020320D0A
2023-12-24 10:00:05.1502–TRACE–2023/12/24 10:00:05:1546| 0|  COM5| S | CommandID    207| FA52020601
2023-12-24 10:00:05.1808–TRACE–2023/12/24 10:00:05:1808| 0|  COM5| R | CommandID    207| FA020701010020320D0A
2023-12-24 10:00:07.5433–TRACE–2023/12/24 10:00:07:5433| 0|  COM5| S | CommandID    208| FA52010401
2023-12-24 10:00:07.5724–TRACE–2023/12/24 10:00:07:5724| 0|  COM5| R | CommandID    208| FA010A0101020304050607080D0A
2023-12-24 10:00:07.5724–TRACE–2023/12/24 10:00:07:5850| 0|  COM5| S | CommandID    209| FA52020401
2023-12-24 10:00:07.6068–TRACE–2023/12/24 10:00:07:6068| 0|  COM5| R | CommandID    209| FA020A0101020304050607080D0A
2023-12-24 10:00:07.6068–TRACE–2023/12/24 10:00:07:6115| 0|  COM5| S | CommandID    210| FA52030401
2023-12-24 10:00:07.6347–TRACE–2023/12/24 10:00:07:6347| 0|  COM5| R | CommandID    210| FA030A0101020304050607080D0A
2023-12-24 10:00:07.6347–TRACE–2023/12/24 10:00:07:6394| 0|  COM5| S | CommandID    211| FA52010101
2023-12-24 10:00:07.6672–TRACE–2023/12/24 10:00:07:6671| 0|  COM5| R | CommandID    211| FA0103640D0A
2023-12-24 10:00:07.6672–TRACE–2023/12/24 10:00:07:6729| 0|  COM5| S | CommandID    212| FA52020101
2023-12-24 10:00:07.7050–TRACE–2023/12/24 10:00:07:7050| 0|  COM5| R | CommandID    212| FA0203640D0A
2023-12-24 10:00:07.7050–TRACE–2023/12/24 10:00:07:7096| 0|  COM5| S | CommandID    213| FA52030101
2023-12-24 10:00:07.7358–TRACE–2023/12/24 10:00:07:7358| 0|  COM5| R | CommandID    213| FA0303000D0A
2023-12-24 10:00:07.7358–TRACE–2023/12/24 10:00:07:7400| 0|  COM5| S | CommandID    214| FA52010402
2023-12-24 10:00:07.7671–TRACE–2023/12/24 10:00:07:7670| 0|  COM5| R | CommandID    214| FA010400850D0A
2023-12-24 10:00:07.7671–TRACE–2023/12/24 10:00:07:7717| 0|  COM5| S | CommandID    215| FA52020402
2023-12-24 10:00:07.7947–TRACE–2023/12/24 10:00:07:7947| 0|  COM5| R | CommandID    215| FA020400870D0A
2023-12-24 10:00:07.7947–TRACE–2023/12/24 10:00:07:7995| 0|  COM5| S | CommandID    216| FA52030402
2023-12-24 10:00:07.8276–TRACE–2023/12/24 10:00:07:8276| 0|  COM5| R | CommandID    216| FA030400850D0A
2023-12-24 10:00:07.8276–TRACE–2023/12/24 10:00:07:8319| 0|  COM5| S | CommandID    217| FA52010403
2023-12-24 10:00:07.8586–TRACE–2023/12/24 10:00:07:8585| 0|  COM5| R | CommandID    217| FA01054159550D0A
2023-12-24 10:00:07.8586–TRACE–2023/12/24 10:00:07:8632| 0|  COM5| S | CommandID    218| FA52020403
2023-12-24 10:00:07.8861–TRACE–2023/12/24 10:00:07:8861| 0|  COM5| R | CommandID    218| FA02055959550D0A
2023-12-24 10:00:07.8861–TRACE–2023/12/24 10:00:07:8903| 0|  COM5| S | CommandID    219| FA52030403
2023-12-24 10:00:07.9185–TRACE–2023/12/24 10:00:07:9184| 0|  COM5| R | CommandID    219| FA03054155550D0A
2023-12-24 10:00:07.9185–TRACE–2023/12/24 10:00:07:9232| 0|  COM5| S | CommandID    220| FA52010404
2023-12-24 10:00:07.9459–TRACE–2023/12/24 10:00:07:9459| 0|  COM5| R | CommandID    220| FA01034B0D0A
2023-12-24 10:00:07.9459–TRACE–2023/12/24 10:00:07:9504| 0|  COM5| S | CommandID    221| FA52020404
2023-12-24 10:00:07.9864–TRACE–2023/12/24 10:00:07:9864| 0|  COM5| R | CommandID    221| FA02034B0D0A
2023-12-24 10:00:07.9864–TRACE–2023/12/24 10:00:07:9907| 0|  COM5| S | CommandID    222| FA52030404
2023-12-24 10:00:08.0173–TRACE–2023/12/24 10:00:08:0173| 0|  COM5| R | CommandID    222| FA03034B0D0A
2023-12-24 10:00:08.0173–TRACE–2023/12/24 10:00:08:0215| 0|  COM5| S | CommandID    223| FA52010405
2023-12-24 10:00:08.0491–TRACE–2023/12/24 10:00:08:0490| 0|  COM5| R | CommandID    223| FA01042A4A0D0A
2023-12-24 10:00:08.0491–TRACE–2023/12/24 10:00:08:0535| 0|  COM5| S | CommandID    224| FA52020405
2023-12-24 10:00:08.0769–TRACE–2023/12/24 10:00:08:0769| 0|  COM5| R | CommandID    224| FA020414230D0A
2023-12-24 10:00:08.0769–TRACE–2023/12/24 10:00:08:0814| 0|  COM5| S | CommandID    225| FA52030405
2023-12-24 10:00:08.1049–TRACE–2023/12/24 10:00:08:1049| 0|  COM5| R | CommandID    225| FA03040E1D0D0A
2023-12-24 10:00:08.1049–TRACE–2023/12/24 10:00:08:1095| 0|  COM5| S | CommandID    226| FA52010501
2023-12-24 10:00:08.1388–TRACE–2023/12/24 10:00:08:1388| 0|  COM5| R | CommandID    226| FA010401280D0A
2023-12-24 10:00:08.1388–TRACE–2023/12/24 10:00:08:1435| 0|  COM5| S | CommandID    227| FA52030501
2023-12-24 10:00:08.1697–TRACE–2023/12/24 10:00:08:1697| 0|  COM5| R | CommandID    227| FA0304014C0D0A
2023-12-24 10:00:08.1697–TRACE–2023/12/24 10:00:08:1741| 0|  COM5| S | CommandID    228| FA52020501
2023-12-24 10:00:08.1992–TRACE–2023/12/24 10:00:08:1991| 0|  COM5| R | CommandID    228| FA020401000D0A
2023-12-24 10:00:08.1992–TRACE–2023/12/24 10:00:08:2044| 0|  COM5| S | CommandID    229| FA52010601
2023-12-24 10:00:08.2297–TRACE–2023/12/24 10:00:08:2297| 0|  COM5| R | CommandID    229| FA010701010020320D0A
2023-12-24 10:00:08.2297–TRACE–2023/12/24 10:00:08:2344| 0|  COM5| S | CommandID    230| FA52020601
2023-12-24 10:00:08.2663–TRACE–2023/12/24 10:00:08:2663| 0|  COM5| R | CommandID    230| FA020701010020320D0A
2023-12-24 10:00:10.6036–TRACE–2023/12/24 10:00:10:6036| 0|  COM5| S | CommandID    231| FA52010401
2023-12-24 10:00:10.6358–TRACE–2023/12/24 10:00:10:6357| 0|  COM5| R | CommandID    231| FA010A0101020304050607080D0A
2023-12-24 10:00:10.6358–TRACE–2023/12/24 10:00:10:6408| 0|  COM5| S | CommandID    232| FA52020401
2023-12-24 10:00:10.6680–TRACE–2023/12/24 10:00:10:6680| 0|  COM5| R | CommandID    232| FA020A0101020304050607080D0A
2023-12-24 10:00:10.6680–TRACE–2023/12/24 10:00:10:6800| 0|  COM5| S | CommandID    233| FA52030401
2023-12-24 10:00:10.7018–TRACE–2023/12/24 10:00:10:7018| 0|  COM5| R | CommandID    233| FA030A0101020304050607080D0A
2023-12-24 10:00:10.7018–TRACE–2023/12/24 10:00:10:7067| 0|  COM5| S | CommandID    234| FA52010101
2023-12-24 10:00:10.7312–TRACE–2023/12/24 10:00:10:7312| 0|  COM5| R | CommandID    234| FA0103640D0A
2023-12-24 10:00:10.7312–TRACE–2023/12/24 10:00:10:7366| 0|  COM5| S | CommandID    235| FA52020101
2023-12-24 10:00:10.7611–TRACE–2023/12/24 10:00:10:7611| 0|  COM5| R | CommandID    235| FA0203640D0A
2023-12-24 10:00:10.7751–TRACE–2023/12/24 10:00:10:7751| 0|  COM5| S | CommandID    236| FA52030101
2023-12-24 10:00:10.8101–TRACE–2023/12/24 10:00:10:8101| 0|  COM5| R | CommandID    236| FA0303640D0A
2023-12-24 10:00:10.8101–TRACE–2023/12/24 10:00:10:8147| 0|  COM5| S | CommandID    237| FA52010402
2023-12-24 10:00:10.8393–TRACE–2023/12/24 10:00:10:8393| 0|  COM5| R | CommandID    237| FA010400870D0A
2023-12-24 10:00:10.8393–TRACE–2023/12/24 10:00:10:8446| 0|  COM5| S | CommandID    238| FA52020402
2023-12-24 10:00:10.8745–TRACE–2023/12/24 10:00:10:8745| 0|  COM5| R | CommandID    238| FA020400850D0A
2023-12-24 10:00:10.8745–TRACE–2023/12/24 10:00:10:8793| 0|  COM5| S | CommandID    239| FA52030402
2023-12-24 10:00:10.9064–TRACE–2023/12/24 10:00:10:9064| 0|  COM5| R | CommandID    239| FA030400890D0A
2023-12-24 10:00:10.9064–TRACE–2023/12/24 10:00:10:9112| 0|  COM5| S | CommandID    240| FA52010403
2023-12-24 10:00:10.9389–TRACE–2023/12/24 10:00:10:9389| 0|  COM5| R | CommandID    240| FA01054359550D0A
2023-12-24 10:00:10.9389–TRACE–2023/12/24 10:00:10:9440| 0|  COM5| S | CommandID    241| FA52020403
2023-12-24 10:00:10.9713–TRACE–2023/12/24 10:00:10:9713| 0|  COM5| R | CommandID    241| FA02054357550D0A
2023-12-24 10:00:10.9713–TRACE–2023/12/24 10:00:10:9775| 0|  COM5| S | CommandID    242| FA52030403
2023-12-24 10:00:11.0010–TRACE–2023/12/24 10:00:11:0010| 0|  COM5| R | CommandID    242| FA03054357550D0A
2023-12-24 10:00:11.0010–TRACE–2023/12/24 10:00:11:0062| 0|  COM5| S | CommandID    243| FA52010404
2023-12-24 10:00:11.0336–TRACE–2023/12/24 10:00:11:0336| 0|  COM5| R | CommandID    243| FA01034B0D0A
2023-12-24 10:00:11.0336–TRACE–2023/12/24 10:00:11:0386| 0|  COM5| S | CommandID    244| FA52020404
2023-12-24 10:00:11.0623–TRACE–2023/12/24 10:00:11:0623| 0|  COM5| R | CommandID    244| FA02034B0D0A
2023-12-24 10:00:11.0623–TRACE–2023/12/24 10:00:11:0699| 0|  COM5| S | CommandID    245| FA52030404
2023-12-24 10:00:11.0973–TRACE–2023/12/24 10:00:11:0973| 0|  COM5| R | CommandID    245| FA03034B0D0A
2023-12-24 10:00:11.1023–TRACE–2023/12/24 10:00:11:1023| 0|  COM5| S | CommandID    246| FA52010405
2023-12-24 10:00:11.1194–TRACE–2023/12/24 10:00:11:1194| 0|  COM5| R | CommandID    246| FA0104442B0D0A
2023-12-24 10:00:11.1194–TRACE–2023/12/24 10:00:11:1242| 0|  COM5| S | CommandID    247| FA52020405
2023-12-24 10:00:11.1504–TRACE–2023/12/24 10:00:11:1503| 0|  COM5| R | CommandID    247| FA02041F0A0D0A
2023-12-24 10:00:11.1504–TRACE–2023/12/24 10:00:11:1510| 0|  COM5| S | CommandID    248| FA52030405
2023-12-24 10:00:11.1660–TRACE–2023/12/24 10:00:11:1660| 0|  COM5| R | CommandID    248| FA03041C280D0A
2023-12-24 10:00:11.1660–TRACE–2023/12/24 10:00:11:1679| 0|  COM5| S | CommandID    249| FA52010501
2023-12-24 10:00:11.1807–TRACE–2023/12/24 10:00:11:1807| 0|  COM5| R | CommandID    249| FA0104015C0D0A
2023-12-24 10:00:11.1807–TRACE–2023/12/24 10:00:11:1815| 0|  COM5| S | CommandID    250| FA52030501
2023-12-24 10:00:11.1964–TRACE–2023/12/24 10:00:11:1964| 0|  COM5| R | CommandID    250| FA030401280D0A
2023-12-24 10:00:11.1964–TRACE–2023/12/24 10:00:11:1973| 0|  COM5| S | CommandID    251| FA52020501
2023-12-24 10:00:11.2125–TRACE–2023/12/24 10:00:11:2125| 0|  COM5| R | CommandID    251| FA020401040D0A
2023-12-24 10:00:11.2125–TRACE–2023/12/24 10:00:11:2133| 0|  COM5| S | CommandID    252| FA52010601
2023-12-24 10:00:11.2282–TRACE–2023/12/24 10:00:11:2282| 0|  COM5| R | CommandID    252| FA010701010020320D0A
2023-12-24 10:00:11.2282–TRACE–2023/12/24 10:00:11:2294| 0|  COM5| S | CommandID    253| FA52020601
2023-12-24 10:00:11.2450–TRACE–2023/12/24 10:00:11:2450| 0|  COM5| R | CommandID    253| FA020701010020320D0A
2023-12-24 10:00:13.6535–TRACE–2023/12/24 10:00:13:6535| 0|  COM5| S | CommandID    254| FA52010401
2023-12-24 10:00:13.6837–TRACE–2023/12/24 10:00:13:6837| 0|  COM5| R | CommandID    254| FA010A0101020304050607080D0A
2023-12-24 10:00:13.6837–TRACE–2023/12/24 10:00:13:6848| 0|  COM5| S | CommandID    255| FA52020401
2023-12-24 10:00:13.7046–TRACE–2023/12/24 10:00:13:7046| 0|  COM5| R | CommandID    255| FA020A0101020304050607080D0A
2023-12-24 10:00:13.7046–TRACE–2023/12/24 10:00:13:7057| 0|  COM5| S | CommandID    256| FA52030401
2023-12-24 10:00:13.7274–TRACE–2023/12/24 10:00:13:7274| 0|  COM5| R | CommandID    256| FA030A0101020304050607080D0A
2023-12-24 10:00:13.7274–TRACE–2023/12/24 10:00:13:7283| 0|  COM5| S | CommandID    257| FA52010101
2023-12-24 10:00:13.7436–TRACE–2023/12/24 10:00:13:7436| 0|  COM5| R | CommandID    257| FA0103640D0A
2023-12-24 10:00:13.7436–TRACE–2023/12/24 10:00:13:7450| 0|  COM5| S | CommandID    258| FA52020101
2023-12-24 10:00:13.7587–TRACE–2023/12/24 10:00:13:7587| 0|  COM5| R | CommandID    258| FA0203640D0A
2023-12-24 10:00:13.7587–TRACE–2023/12/24 10:00:13:7596| 0|  COM5| S | CommandID    259| FA52030101
2023-12-24 10:00:13.7746–TRACE–2023/12/24 10:00:13:7746| 0|  COM5| R | CommandID    259| FA0303640D0A
2023-12-24 10:00:13.7746–TRACE–2023/12/24 10:00:13:7756| 0|  COM5| S | CommandID    260| FA52010402
2023-12-24 10:00:13.7916–TRACE–2023/12/24 10:00:13:7916| 0|  COM5| R | CommandID    260| FA010400870D0A
2023-12-24 10:00:13.7916–TRACE–2023/12/24 10:00:13:7926| 0|  COM5| S | CommandID    261| FA52020402
2023-12-24 10:00:13.8054–TRACE–2023/12/24 10:00:13:8054| 0|  COM5| R | CommandID    261| FA020400870D0A
2023-12-24 10:00:13.8054–TRACE–2023/12/24 10:00:13:8063| 0|  COM5| S | CommandID    262| FA52030402
2023-12-24 10:00:13.8239–TRACE–2023/12/24 10:00:13:8239| 0|  COM5| R | CommandID    262| FA030400890D0A
2023-12-24 10:00:13.8239–TRACE–2023/12/24 10:00:13:8249| 0|  COM5| S | CommandID    263| FA52010403
2023-12-24 10:00:13.8554–TRACE–2023/12/24 10:00:13:8554| 0|  COM5| R | CommandID    263| FA01054357550D0A
2023-12-24 10:00:13.8554–TRACE–2023/12/24 10:00:13:8563| 0|  COM5| S | CommandID    264| FA52020403
2023-12-24 10:00:13.8697–TRACE–2023/12/24 10:00:13:8697| 0|  COM5| R | CommandID    264| FA02054157550D0A
2023-12-24 10:00:13.8697–TRACE–2023/12/24 10:00:13:8707| 0|  COM5| S | CommandID    265| FA52030403
2023-12-24 10:00:13.8859–TRACE–2023/12/24 10:00:13:8858| 0|  COM5| R | CommandID    265| FA03054159550D0A
2023-12-24 10:00:13.8859–TRACE–2023/12/24 10:00:13:8868| 0|  COM5| S | CommandID    266| FA52010404
2023-12-24 10:00:13.9005–TRACE–2023/12/24 10:00:13:9005| 0|  COM5| R | CommandID    266| FA01034B0D0A
2023-12-24 10:00:13.9005–TRACE–2023/12/24 10:00:13:9017| 0|  COM5| S | CommandID    267| FA52020404
2023-12-24 10:00:13.9160–TRACE–2023/12/24 10:00:13:9159| 0|  COM5| R | CommandID    267| FA02034B0D0A
2023-12-24 10:00:13.9160–TRACE–2023/12/24 10:00:13:9170| 0|  COM5| S | CommandID    268| FA52030404
2023-12-24 10:00:13.9319–TRACE–2023/12/24 10:00:13:9319| 0|  COM5| R | CommandID    268| FA03034B0D0A
2023-12-24 10:00:13.9319–TRACE–2023/12/24 10:00:13:9337| 0|  COM5| S | CommandID    269| FA52010405
2023-12-24 10:00:13.9460–TRACE–2023/12/24 10:00:13:9459| 0|  COM5| R | CommandID    269| FA010419100D0A
2023-12-24 10:00:13.9460–TRACE–2023/12/24 10:00:13:9469| 0|  COM5| S | CommandID    270| FA52020405
2023-12-24 10:00:13.9634–TRACE–2023/12/24 10:00:13:9634| 0|  COM5| R | CommandID    270| FA02043D180D0A
2023-12-24 10:00:13.9634–TRACE–2023/12/24 10:00:13:9678| 0|  COM5| S | CommandID    271| FA52030405
2023-12-24 10:00:13.9960–TRACE–2023/12/24 10:00:13:9960| 0|  COM5| R | CommandID    271| FA030411370D0A
2023-12-24 10:00:13.9960–TRACE–2023/12/24 10:00:13:9970| 0|  COM5| S | CommandID    272| FA52010501
2023-12-24 10:00:14.0106–TRACE–2023/12/24 10:00:14:0106| 0|  COM5| R | CommandID    272| FA010401400D0A
2023-12-24 10:00:14.0106–TRACE–2023/12/24 10:00:14:0116| 0|  COM5| S | CommandID    273| FA52030501
2023-12-24 10:00:14.0262–TRACE–2023/12/24 10:00:14:0262| 0|  COM5| R | CommandID    273| FA030401440D0A
2023-12-24 10:00:14.0262–TRACE–2023/12/24 10:00:14:0273| 0|  COM5| S | CommandID    274| FA52020501
2023-12-24 10:00:14.0401–TRACE–2023/12/24 10:00:14:0401| 0|  COM5| R | CommandID    274| FA0204010C0D0A
2023-12-24 10:00:14.0401–TRACE–2023/12/24 10:00:14:0417| 0|  COM5| S | CommandID    275| FA52010601
2023-12-24 10:00:14.0573–TRACE–2023/12/24 10:00:14:0573| 0|  COM5| R | CommandID    275| FA010701010020320D0A
2023-12-24 10:00:14.0573–TRACE–2023/12/24 10:00:14:0584| 0|  COM5| S | CommandID    276| FA52020601
2023-12-24 10:00:14.0721–TRACE–2023/12/24 10:00:14:0721| 0|  COM5| R | CommandID    276| FA020701010020320D0A
2023-12-24 10:00:16.6946–TRACE–2023/12/24 10:00:16:6946| 0|  COM5| S | CommandID    277| FA52010401
2023-12-24 10:00:16.7139–TRACE–2023/12/24 10:00:16:7139| 0|  COM5| R | CommandID    277| FA010A0101020304050607080D0A
2023-12-24 10:00:16.7139–TRACE–2023/12/24 10:00:16:7151| 0|  COM5| S | CommandID    278| FA52020401
2023-12-24 10:00:16.7313–TRACE–2023/12/24 10:00:16:7313| 0|  COM5| R | CommandID    278| FA020A0101020304050607080D0A
2023-12-24 10:00:16.7313–TRACE–2023/12/24 10:00:16:7327| 0|  COM5| S | CommandID    279| FA52030401
2023-12-24 10:00:16.7451–TRACE–2023/12/24 10:00:16:7451| 0|  COM5| R | CommandID    279| FA030A0101020304050607080D0A
2023-12-24 10:00:16.7451–TRACE–2023/12/24 10:00:16:7466| 0|  COM5| S | CommandID    280| FA52010101
2023-12-24 10:00:16.7609–TRACE–2023/12/24 10:00:16:7609| 0|  COM5| R | CommandID    280| FA0103640D0A
2023-12-24 10:00:16.7609–TRACE–2023/12/24 10:00:16:7621| 0|  COM5| S | CommandID    281| FA52020101
2023-12-24 10:00:16.7750–TRACE–2023/12/24 10:00:16:7750| 0|  COM5| R | CommandID    281| FA0203000D0A
2023-12-24 10:00:16.7750–TRACE–2023/12/24 10:00:16:7761| 0|  COM5| S | CommandID    282| FA52030101
2023-12-24 10:00:16.7911–TRACE–2023/12/24 10:00:16:7911| 0|  COM5| R | CommandID    282| FA0303640D0A
2023-12-24 10:00:16.7911–TRACE–2023/12/24 10:00:16:7926| 0|  COM5| S | CommandID    283| FA52010402
2023-12-24 10:00:16.8086–TRACE–2023/12/24 10:00:16:8085| 0|  COM5| R | CommandID    283| FA010400870D0A
2023-12-24 10:00:16.8086–TRACE–2023/12/24 10:00:16:8100| 0|  COM5| S | CommandID    284| FA52020402
2023-12-24 10:00:16.8222–TRACE–2023/12/24 10:00:16:8222| 0|  COM5| R | CommandID    284| FA020400850D0A
2023-12-24 10:00:16.8222–TRACE–2023/12/24 10:00:16:8233| 0|  COM5| S | CommandID    285| FA52030402
2023-12-24 10:00:16.8367–TRACE–2023/12/24 10:00:16:8367| 0|  COM5| R | CommandID    285| FA030400850D0A
2023-12-24 10:00:16.8367–TRACE–2023/12/24 10:00:16:8379| 0|  COM5| S | CommandID    286| FA52010403
2023-12-24 10:00:16.8546–TRACE–2023/12/24 10:00:16:8546| 0|  COM5| R | CommandID    286| FA01054355550D0A
2023-12-24 10:00:16.8546–TRACE–2023/12/24 10:00:16:8559| 0|  COM5| S | CommandID    287| FA52020403
2023-12-24 10:00:16.8693–TRACE–2023/12/24 10:00:16:8693| 0|  COM5| R | CommandID    287| FA02054155550D0A
2023-12-24 10:00:16.8693–TRACE–2023/12/24 10:00:16:8708| 0|  COM5| S | CommandID    288| FA52030403
2023-12-24 10:00:16.8872–TRACE–2023/12/24 10:00:16:8871| 0|  COM5| R | CommandID    288| FA03054159550D0A
2023-12-24 10:00:16.8872–TRACE–2023/12/24 10:00:16:8887| 0|  COM5| S | CommandID    289| FA52010404
2023-12-24 10:00:16.9013–TRACE–2023/12/24 10:00:16:9012| 0|  COM5| R | CommandID    289| FA01034B0D0A
2023-12-24 10:00:16.9013–TRACE–2023/12/24 10:00:16:9029| 0|  COM5| S | CommandID    290| FA52020404
2023-12-24 10:00:16.9156–TRACE–2023/12/24 10:00:16:9156| 0|  COM5| R | CommandID    290| FA02034B0D0A
2023-12-24 10:00:16.9156–TRACE–2023/12/24 10:00:16:9171| 0|  COM5| S | CommandID    291| FA52030404
2023-12-24 10:00:16.9338–TRACE–2023/12/24 10:00:16:9338| 0|  COM5| R | CommandID    291| FA03034B0D0A
2023-12-24 10:00:16.9338–TRACE–2023/12/24 10:00:16:9353| 0|  COM5| S | CommandID    292| FA52010405
2023-12-24 10:00:16.9467–TRACE–2023/12/24 10:00:16:9467| 0|  COM5| R | CommandID    292| FA01040A200D0A
2023-12-24 10:00:16.9467–TRACE–2023/12/24 10:00:16:9479| 0|  COM5| S | CommandID    293| FA52020405
2023-12-24 10:00:16.9621–TRACE–2023/12/24 10:00:16:9621| 0|  COM5| R | CommandID    293| FA02042C2B0D0A
2023-12-24 10:00:16.9621–TRACE–2023/12/24 10:00:16:9635| 0|  COM5| S | CommandID    294| FA52030405
2023-12-24 10:00:16.9775–TRACE–2023/12/24 10:00:16:9775| 0|  COM5| R | CommandID    294| FA03041B240D0A
2023-12-24 10:00:16.9775–TRACE–2023/12/24 10:00:16:9789| 0|  COM5| S | CommandID    295| FA52010501
2023-12-24 10:00:16.9941–TRACE–2023/12/24 10:00:16:9941| 0|  COM5| R | CommandID    295| FA010401180D0A
2023-12-24 10:00:16.9941–TRACE–2023/12/24 10:00:16:9955| 0|  COM5| S | CommandID    296| FA52030501
2023-12-24 10:00:17.0103–TRACE–2023/12/24 10:00:17:0103| 0|  COM5| R | CommandID    296| FA030401300D0A
2023-12-24 10:00:17.0103–TRACE–2023/12/24 10:00:17:0117| 0|  COM5| S | CommandID    297| FA52020501
2023-12-24 10:00:17.0251–TRACE–2023/12/24 10:00:17:0250| 0|  COM5| R | CommandID    297| FA020401480D0A
2023-12-24 10:00:17.0251–TRACE–2023/12/24 10:00:17:0264| 0|  COM5| S | CommandID    298| FA52010601
2023-12-24 10:00:17.0403–TRACE–2023/12/24 10:00:17:0403| 0|  COM5| R | CommandID    298| FA010701010020320D0A
2023-12-24 10:00:17.0403–TRACE–2023/12/24 10:00:17:0423| 0|  COM5| S | CommandID    299| FA52020601
2023-12-24 10:00:17.0752–TRACE–2023/12/24 10:00:17:0752| 0|  COM5| R | CommandID    299| FA020701010020320D0A
2023-12-24 10:00:19.7649–TRACE–2023/12/24 10:00:19:7648| 0|  COM5| S | CommandID    300| FA52010401
2023-12-24 10:00:19.7941–TRACE–2023/12/24 10:00:19:7941| 0|  COM5| R | CommandID    300| FA010A0101020304050607080D0A
2023-12-24 10:00:19.7941–TRACE–2023/12/24 10:00:19:7959| 0|  COM5| S | CommandID    301| FA52020401
2023-12-24 10:00:19.8096–TRACE–2023/12/24 10:00:19:8096| 0|  COM5| R | CommandID    301| FA020A0101020304050607080D0A
2023-12-24 10:00:19.8096–TRACE–2023/12/24 10:00:19:8111| 0|  COM5| S | CommandID    302| FA52030401
2023-12-24 10:00:19.8215–TRACE–2023/12/24 10:00:19:8215| 0|  COM5| R | CommandID    302| FA030A0101020304050607080D0A
2023-12-24 10:00:19.8215–TRACE–2023/12/24 10:00:19:8244| 0|  COM5| S | CommandID    303| FA52010101
2023-12-24 10:00:19.8382–TRACE–2023/12/24 10:00:19:8381| 0|  COM5| R | CommandID    303| FA0103640D0A
2023-12-24 10:00:19.8382–TRACE–2023/12/24 10:00:19:8397| 0|  COM5| S | CommandID    304| FA52020101
2023-12-24 10:00:19.8540–TRACE–2023/12/24 10:00:19:8540| 0|  COM5| R | CommandID    304| FA0203640D0A
2023-12-24 10:00:19.8540–TRACE–2023/12/24 10:00:19:8622| 0|  COM5| S | CommandID    305| FA52030101
2023-12-24 10:00:19.8892–TRACE–2023/12/24 10:00:19:8892| 0|  COM5| R | CommandID    305| FA0303000D0A
2023-12-24 10:00:19.8892–TRACE–2023/12/24 10:00:19:8907| 0|  COM5| S | CommandID    306| FA52010402
2023-12-24 10:00:19.9162–TRACE–2023/12/24 10:00:19:9162| 0|  COM5| R | CommandID    306| FA010400870D0A
2023-12-24 10:00:19.9162–TRACE–2023/12/24 10:00:19:9178| 0|  COM5| S | CommandID    307| FA52020402
2023-12-24 10:00:19.9314–TRACE–2023/12/24 10:00:19:9314| 0|  COM5| R | CommandID    307| FA020400870D0A
2023-12-24 10:00:19.9314–TRACE–2023/12/24 10:00:19:9328| 0|  COM5| S | CommandID    308| FA52030402
2023-12-24 10:00:19.9473–TRACE–2023/12/24 10:00:19:9473| 0|  COM5| R | CommandID    308| FA030400850D0A
2023-12-24 10:00:19.9473–TRACE–2023/12/24 10:00:19:9487| 0|  COM5| S | CommandID    309| FA52010403
2023-12-24 10:00:19.9629–TRACE–2023/12/24 10:00:19:9629| 0|  COM5| R | CommandID    309| FA01054559550D0A
2023-12-24 10:00:19.9629–TRACE–2023/12/24 10:00:19:9646| 0|  COM5| S | CommandID    310| FA52020403
2023-12-24 10:00:19.9785–TRACE–2023/12/24 10:00:19:9785| 0|  COM5| R | CommandID    310| FA02054155550D0A
2023-12-24 10:00:19.9785–TRACE–2023/12/24 10:00:19:9800| 0|  COM5| S | CommandID    311| FA52030403
2023-12-24 10:00:19.9980–TRACE–2023/12/24 10:00:19:9980| 0|  COM5| R | CommandID    311| FA03054555550D0A
2023-12-24 10:00:19.9980–TRACE–2023/12/24 10:00:19:9996| 0|  COM5| S | CommandID    312| FA52010404
2023-12-24 10:00:20.0243–TRACE–2023/12/24 10:00:20:0243| 0|  COM5| R | CommandID    312| FA01034B0D0A
2023-12-24 10:00:20.0243–TRACE–2023/12/24 10:00:20:0260| 0|  COM5| S | CommandID    313| FA52020404
2023-12-24 10:00:20.0423–TRACE–2023/12/24 10:00:20:0423| 0|  COM5| R | CommandID    313| FA02034B0D0A
2023-12-24 10:00:20.0423–TRACE–2023/12/24 10:00:20:0437| 0|  COM5| S | CommandID    314| FA52030404
2023-12-24 10:00:20.0559–TRACE–2023/12/24 10:00:20:0559| 0|  COM5| R | CommandID    314| FA03034B0D0A
2023-12-24 10:00:20.0559–TRACE–2023/12/24 10:00:20:0576| 0|  COM5| S | CommandID    315| FA52010405
2023-12-24 10:00:20.0727–TRACE–2023/12/24 10:00:20:0727| 0|  COM5| R | CommandID    315| FA0104343C0D0A
2023-12-24 10:00:20.0727–TRACE–2023/12/24 10:00:20:0745| 0|  COM5| S | CommandID    316| FA52020405
2023-12-24 10:00:20.0886–TRACE–2023/12/24 10:00:20:0886| 0|  COM5| R | CommandID    316| FA020441340D0A
2023-12-24 10:00:20.0886–TRACE–2023/12/24 10:00:20:0903| 0|  COM5| S | CommandID    317| FA52030405
2023-12-24 10:00:20.1073–TRACE–2023/12/24 10:00:20:1073| 0|  COM5| R | CommandID    317| FA030447200D0A
2023-12-24 10:00:20.1073–TRACE–2023/12/24 10:00:20:1091| 0|  COM5| S | CommandID    318| FA52010501
2023-12-24 10:00:20.1337–TRACE–2023/12/24 10:00:20:1337| 0|  COM5| R | CommandID    318| FA0104012C0D0A
2023-12-24 10:00:20.1337–TRACE–2023/12/24 10:00:20:1354| 0|  COM5| S | CommandID    319| FA52030501
2023-12-24 10:00:20.1503–TRACE–2023/12/24 10:00:20:1503| 0|  COM5| R | CommandID    319| FA030401600D0A
2023-12-24 10:00:20.1503–TRACE–2023/12/24 10:00:20:1520| 0|  COM5| S | CommandID    320| FA52020501
2023-12-24 10:00:20.1665–TRACE–2023/12/24 10:00:20:1665| 0|  COM5| R | CommandID    320| FA0204015C0D0A
2023-12-24 10:00:20.1665–TRACE–2023/12/24 10:00:20:1691| 0|  COM5| S | CommandID    321| FA52010601
2023-12-24 10:00:20.1817–TRACE–2023/12/24 10:00:20:1817| 0|  COM5| R | CommandID    321| FA010701010020320D0A
2023-12-24 10:00:20.1817–TRACE–2023/12/24 10:00:20:1835| 0|  COM5| S | CommandID    322| FA52020601
2023-12-24 10:00:20.1970–TRACE–2023/12/24 10:00:20:1970| 0|  COM5| R | CommandID    322| FA020701010020320D0A
2023-12-24 10:00:22.8174–TRACE–2023/12/24 10:00:22:8174| 0|  COM5| S | CommandID    323| FA52010401
2023-12-24 10:00:22.8397–TRACE–2023/12/24 10:00:22:8396| 0|  COM5| R | CommandID    323| FA010A0101020304050607080D0A
2023-12-24 10:00:22.8397–TRACE–2023/12/24 10:00:22:8419| 0|  COM5| S | CommandID    324| FA52020401
2023-12-24 10:00:22.8690–TRACE–2023/12/24 10:00:22:8690| 0|  COM5| R | CommandID    324| FA020A0101020304050607080D0A
2023-12-24 10:00:22.8690–TRACE–2023/12/24 10:00:22:8710| 0|  COM5| S | CommandID    325| FA52030401
2023-12-24 10:00:22.8850–TRACE–2023/12/24 10:00:22:8850| 0|  COM5| R | CommandID    325| FA030A0101020304050607080D0A
2023-12-24 10:00:22.8850–TRACE–2023/12/24 10:00:22:8870| 0|  COM5| S | CommandID    326| FA52010101
2023-12-24 10:00:22.8993–TRACE–2023/12/24 10:00:22:8992| 0|  COM5| R | CommandID    326| FA0103640D0A
2023-12-24 10:00:22.8993–TRACE–2023/12/24 10:00:22:9024| 0|  COM5| S | CommandID    327| FA52020101
2023-12-24 10:00:22.9179–TRACE–2023/12/24 10:00:22:9179| 0|  COM5| R | CommandID    327| FA0203640D0A
2023-12-24 10:00:22.9179–TRACE–2023/12/24 10:00:22:9202| 0|  COM5| S | CommandID    328| FA52030101
2023-12-24 10:00:22.9470–TRACE–2023/12/24 10:00:22:9470| 0|  COM5| R | CommandID    328| FA0303640D0A
2023-12-24 10:00:22.9470–TRACE–2023/12/24 10:00:22:9488| 0|  COM5| S | CommandID    329| FA52010402
2023-12-24 10:00:22.9623–TRACE–2023/12/24 10:00:22:9623| 0|  COM5| R | CommandID    329| FA010400870D0A
2023-12-24 10:00:22.9623–TRACE–2023/12/24 10:00:22:9640| 0|  COM5| S | CommandID    330| FA52020402
2023-12-24 10:00:22.9792–TRACE–2023/12/24 10:00:22:9792| 0|  COM5| R | CommandID    330| FA020400870D0A
2023-12-24 10:00:22.9792–TRACE–2023/12/24 10:00:22:9812| 0|  COM5| S | CommandID    331| FA52030402
2023-12-24 10:00:22.9945–TRACE–2023/12/24 10:00:22:9944| 0|  COM5| R | CommandID    331| FA030400850D0A
2023-12-24 10:00:22.9945–TRACE–2023/12/24 10:00:22:9964| 0|  COM5| S | CommandID    332| FA52010403
2023-12-24 10:00:23.0105–TRACE–2023/12/24 10:00:23:0105| 0|  COM5| R | CommandID    332| FA01054359550D0A
2023-12-24 10:00:23.0105–TRACE–2023/12/24 10:00:23:0125| 0|  COM5| S | CommandID    333| FA52020403
2023-12-24 10:00:23.0267–TRACE–2023/12/24 10:00:23:0267| 0|  COM5| R | CommandID    333| FA02054555550D0A
2023-12-24 10:00:23.0267–TRACE–2023/12/24 10:00:23:0290| 0|  COM5| S | CommandID    334| FA52030403
2023-12-24 10:00:23.0620–TRACE–2023/12/24 10:00:23:0620| 0|  COM5| R | CommandID    334| FA03054355550D0A
2023-12-24 10:00:23.0620–TRACE–2023/12/24 10:00:23:0639| 0|  COM5| S | CommandID    335| FA52010404
2023-12-24 10:00:23.0898–TRACE–2023/12/24 10:00:23:0898| 0|  COM5| R | CommandID    335| FA01034B0D0A
2023-12-24 10:00:23.0898–TRACE–2023/12/24 10:00:23:0921| 0|  COM5| S | CommandID    336| FA52020404
2023-12-24 10:00:23.1039–TRACE–2023/12/24 10:00:23:1039| 0|  COM5| R | CommandID    336| FA02035F0D0A
2023-12-24 10:00:23.1039–TRACE–2023/12/24 10:00:23:1060| 0|  COM5| S | CommandID    337| FA52030404
2023-12-24 10:00:23.1196–TRACE–2023/12/24 10:00:23:1196| 0|  COM5| R | CommandID    337| FA03034B0D0A
2023-12-24 10:00:23.1196–TRACE–2023/12/24 10:00:23:1221| 0|  COM5| S | CommandID    338| FA52010405
2023-12-24 10:00:23.1375–TRACE–2023/12/24 10:00:23:1375| 0|  COM5| R | CommandID    338| FA0104501A0D0A
2023-12-24 10:00:23.1375–TRACE–2023/12/24 10:00:23:1400| 0|  COM5| S | CommandID    339| FA52020405
2023-12-24 10:00:23.1646–TRACE–2023/12/24 10:00:23:1646| 0|  COM5| R | CommandID    339| FA0204254E0D0A
2023-12-24 10:00:23.1646–TRACE–2023/12/24 10:00:23:1684| 0|  COM5| S | CommandID    340| FA52030405
2023-12-24 10:00:23.1860–TRACE–2023/12/24 10:00:23:1860| 0|  COM5| R | CommandID    340| FA030437460D0A
2023-12-24 10:00:23.1860–TRACE–2023/12/24 10:00:23:1884| 0|  COM5| S | CommandID    341| FA52010501
2023-12-24 10:00:23.2163–TRACE–2023/12/24 10:00:23:2163| 0|  COM5| R | CommandID    341| FA010401480D0A
2023-12-24 10:00:23.2163–TRACE–2023/12/24 10:00:23:2193| 0|  COM5| S | CommandID    342| FA52030501
2023-12-24 10:00:23.2435–TRACE–2023/12/24 10:00:23:2435| 0|  COM5| R | CommandID    342| FA0304015C0D0A
2023-12-24 10:00:23.2435–TRACE–2023/12/24 10:00:23:2457| 0|  COM5| S | CommandID    343| FA52020501
2023-12-24 10:00:23.2605–TRACE–2023/12/24 10:00:23:2604| 0|  COM5| R | CommandID    343| FA0204015C0D0A
2023-12-24 10:00:23.2605–TRACE–2023/12/24 10:00:23:2626| 0|  COM5| S | CommandID    344| FA52010601
2023-12-24 10:00:23.2747–TRACE–2023/12/24 10:00:23:2747| 0|  COM5| R | CommandID    344| FA010701010020320D0A
2023-12-24 10:00:23.2747–TRACE–2023/12/24 10:00:23:2774| 0|  COM5| S | CommandID    345| FA52020601
2023-12-24 10:00:23.3115–TRACE–2023/12/24 10:00:23:3115| 0|  COM5| R | CommandID    345| FA020701010020320D0A
2023-12-24 10:00:25.8865–TRACE–2023/12/24 10:00:25:8865| 0|  COM5| S | CommandID    346| FA52010401
2023-12-24 10:00:25.9017–TRACE–2023/12/24 10:00:25:9016| 0|  COM5| R | CommandID    346| FA010A0101020304050607080D0A
2023-12-24 10:00:25.9017–TRACE–2023/12/24 10:00:25:9042| 0|  COM5| S | CommandID    347| FA52020401
2023-12-24 10:00:25.9313–TRACE–2023/12/24 10:00:25:9313| 0|  COM5| R | CommandID    347| FA020A0101020304050607080D0A
2023-12-24 10:00:25.9313–TRACE–2023/12/24 10:00:25:9348| 0|  COM5| S | CommandID    348| FA52030401
2023-12-24 10:00:25.9634–TRACE–2023/12/24 10:00:25:9634| 0|  COM5| R | CommandID    348| FA030A0101020304050607080D0A
2023-12-24 10:00:25.9634–TRACE–2023/12/24 10:00:25:9678| 0|  COM5| S | CommandID    349| FA52010101
2023-12-24 10:00:25.9943–TRACE–2023/12/24 10:00:25:9943| 0|  COM5| R | CommandID    349| FA0103640D0A
2023-12-24 10:00:25.9943–TRACE–2023/12/24 10:00:25:9966| 0|  COM5| S | CommandID    350| FA52020101
2023-12-24 10:00:26.0089–TRACE–2023/12/24 10:00:26:0089| 0|  COM5| R | CommandID    350| FA0203000D0A
2023-12-24 10:00:26.0089–TRACE–2023/12/24 10:00:26:0117| 0|  COM5| S | CommandID    351| FA52030101
2023-12-24 10:00:26.0260–TRACE–2023/12/24 10:00:26:0259| 0|  COM5| R | CommandID    351| FA0303640D0A
2023-12-24 10:00:26.0260–TRACE–2023/12/24 10:00:26:0293| 0|  COM5| S | CommandID    352| FA52010402
2023-12-24 10:00:26.0566–TRACE–2023/12/24 10:00:26:0566| 0|  COM5| R | CommandID    352| FA010400850D0A
2023-12-24 10:00:26.0566–TRACE–2023/12/24 10:00:26:0588| 0|  COM5| S | CommandID    353| FA52020402
2023-12-24 10:00:26.0756–TRACE–2023/12/24 10:00:26:0756| 0|  COM5| R | CommandID    353| FA020400890D0A
2023-12-24 10:00:26.0756–TRACE–2023/12/24 10:00:26:0796| 0|  COM5| S | CommandID    354| FA52030402
2023-12-24 10:00:26.1100–TRACE–2023/12/24 10:00:26:1100| 0|  COM5| R | CommandID    354| FA030400890D0A
2023-12-24 10:00:26.1100–TRACE–2023/12/24 10:00:26:1122| 0|  COM5| S | CommandID    355| FA52010403
2023-12-24 10:00:26.1392–TRACE–2023/12/24 10:00:26:1391| 0|  COM5| R | CommandID    355| FA01054157550D0A
2023-12-24 10:00:26.1392–TRACE–2023/12/24 10:00:26:1415| 0|  COM5| S | CommandID    356| FA52020403
2023-12-24 10:00:26.1651–TRACE–2023/12/24 10:00:26:1650| 0|  COM5| R | CommandID    356| FA02054359550D0A
2023-12-24 10:00:26.1651–TRACE–2023/12/24 10:00:26:1692| 0|  COM5| S | CommandID    357| FA52030403
2023-12-24 10:00:26.1967–TRACE–2023/12/24 10:00:26:1967| 0|  COM5| R | CommandID    357| FA03054359550D0A
2023-12-24 10:00:26.1967–TRACE–2023/12/24 10:00:26:1991| 0|  COM5| S | CommandID    358| FA52010404
2023-12-24 10:00:26.2146–TRACE–2023/12/24 10:00:26:2146| 0|  COM5| R | CommandID    358| FA01034B0D0A
2023-12-24 10:00:26.2146–TRACE–2023/12/24 10:00:26:2171| 0|  COM5| S | CommandID    359| FA52020404
2023-12-24 10:00:26.2460–TRACE–2023/12/24 10:00:26:2460| 0|  COM5| R | CommandID    359| FA02034B0D0A
2023-12-24 10:00:26.2460–TRACE–2023/12/24 10:00:26:2484| 0|  COM5| S | CommandID    360| FA52030404
2023-12-24 10:00:26.2746–TRACE–2023/12/24 10:00:26:2746| 0|  COM5| R | CommandID    360| FA03034B0D0A
2023-12-24 10:00:26.2746–TRACE–2023/12/24 10:00:26:2770| 0|  COM5| S | CommandID    361| FA52010405
2023-12-24 10:00:26.2908–TRACE–2023/12/24 10:00:26:2908| 0|  COM5| R | CommandID    361| FA010415200D0A
2023-12-24 10:00:26.2908–TRACE–2023/12/24 10:00:26:2934| 0|  COM5| S | CommandID    362| FA52020405
2023-12-24 10:00:26.3086–TRACE–2023/12/24 10:00:26:3086| 0|  COM5| R | CommandID    362| FA02040C110D0A
2023-12-24 10:00:26.3086–TRACE–2023/12/24 10:00:26:3110| 0|  COM5| S | CommandID    363| FA52030405
2023-12-24 10:00:26.3365–TRACE–2023/12/24 10:00:26:3365| 0|  COM5| R | CommandID    363| FA030423480D0A
2023-12-24 10:00:26.3365–TRACE–2023/12/24 10:00:26:3388| 0|  COM5| S | CommandID    364| FA52010501
2023-12-24 10:00:26.3535–TRACE–2023/12/24 10:00:26:3535| 0|  COM5| R | CommandID    364| FA010401080D0A
2023-12-24 10:00:26.3535–TRACE–2023/12/24 10:00:26:3562| 0|  COM5| S | CommandID    365| FA52030501
2023-12-24 10:00:26.3689–TRACE–2023/12/24 10:00:26:3689| 0|  COM5| R | CommandID    365| FA030401340D0A
2023-12-24 10:00:26.3689–TRACE–2023/12/24 10:00:26:3715| 0|  COM5| S | CommandID    366| FA52020501
2023-12-24 10:00:26.3876–TRACE–2023/12/24 10:00:26:3876| 0|  COM5| R | CommandID    366| FA0204012C0D0A
2023-12-24 10:00:26.3876–TRACE–2023/12/24 10:00:26:3901| 0|  COM5| S | CommandID    367| FA52010601
2023-12-24 10:00:26.4186–TRACE–2023/12/24 10:00:26:4186| 0|  COM5| R | CommandID    367| FA010701010020320D0A
2023-12-24 10:00:26.4186–TRACE–2023/12/24 10:00:26:4212| 0|  COM5| S | CommandID    368| FA52020601
2023-12-24 10:00:26.4533–TRACE–2023/12/24 10:00:26:4533| 0|  COM5| R | CommandID    368| FA020701010020320D0A
2023-12-24 10:00:28.9502–TRACE–2023/12/24 10:00:28:9502| 0|  COM5| S | CommandID    369| FA52010401
2023-12-24 10:00:28.9781–TRACE–2023/12/24 10:00:28:9780| 0|  COM5| R | CommandID    369| FA010A0101020304050607080D0A
2023-12-24 10:00:28.9781–TRACE–2023/12/24 10:00:28:9806| 0|  COM5| S | CommandID    370| FA52020401
2023-12-24 10:00:28.9955–TRACE–2023/12/24 10:00:28:9955| 0|  COM5| R | CommandID    370| FA020A0101020304050607080D0A
2023-12-24 10:00:28.9955–TRACE–2023/12/24 10:00:28:9977| 0|  COM5| S | CommandID    371| FA52030401
2023-12-24 10:00:29.0252–TRACE–2023/12/24 10:00:29:0252| 0|  COM5| R | CommandID    371| FA030A0101020304050607080D0A
2023-12-24 10:00:29.0252–TRACE–2023/12/24 10:00:29:0352| 0|  COM5| S | CommandID    372| FA52010101
2023-12-24 10:00:29.0642–TRACE–2023/12/24 10:00:29:0642| 0|  COM5| R | CommandID    372| FA0103640D0A
2023-12-24 10:00:29.0642–TRACE–2023/12/24 10:00:29:0680| 0|  COM5| S | CommandID    373| FA52020101
2023-12-24 10:00:29.0936–TRACE–2023/12/24 10:00:29:0936| 0|  COM5| R | CommandID    373| FA0203640D0A
2023-12-24 10:00:29.0936–TRACE–2023/12/24 10:00:29:0962| 0|  COM5| S | CommandID    374| FA52030101
2023-12-24 10:00:29.1215–TRACE–2023/12/24 10:00:29:1215| 0|  COM5| R | CommandID    374| FA0303640D0A
2023-12-24 10:00:29.1215–TRACE–2023/12/24 10:00:29:1239| 0|  COM5| S | CommandID    375| FA52010402
2023-12-24 10:00:29.1517–TRACE–2023/12/24 10:00:29:1516| 0|  COM5| R | CommandID    375| FA010400890D0A
2023-12-24 10:00:29.1517–TRACE–2023/12/24 10:00:29:1541| 0|  COM5| S | CommandID    376| FA52020402
2023-12-24 10:00:29.1833–TRACE–2023/12/24 10:00:29:1833| 0|  COM5| R | CommandID    376| FA020400870D0A
2023-12-24 10:00:29.1833–TRACE–2023/12/24 10:00:29:1858| 0|  COM5| S | CommandID    377| FA52030402
2023-12-24 10:00:29.2150–TRACE–2023/12/24 10:00:29:2150| 0|  COM5| R | CommandID    377| FA030400890D0A
2023-12-24 10:00:29.2150–TRACE–2023/12/24 10:00:29:2175| 0|  COM5| S | CommandID    378| FA52010403
2023-12-24 10:00:29.2452–TRACE–2023/12/24 10:00:29:2452| 0|  COM5| R | CommandID    378| FA01054557550D0A
2023-12-24 10:00:29.2452–TRACE–2023/12/24 10:00:29:2481| 0|  COM5| S | CommandID    379| FA52020403
2023-12-24 10:00:29.2754–TRACE–2023/12/24 10:00:29:2754| 0|  COM5| R | CommandID    379| FA02054359550D0A
2023-12-24 10:00:29.2754–TRACE–2023/12/24 10:00:29:2783| 0|  COM5| S | CommandID    380| FA52030403
2023-12-24 10:00:29.2911–TRACE–2023/12/24 10:00:29:2911| 0|  COM5| R | CommandID    380| FA03054559550D0A
2023-12-24 10:00:29.2911–TRACE–2023/12/24 10:00:29:3012| 0|  COM5| S | CommandID    381| FA52010404
2023-12-24 10:00:29.3288–TRACE–2023/12/24 10:00:29:3288| 0|  COM5| R | CommandID    381| FA01034B0D0A
2023-12-24 10:00:29.3288–TRACE–2023/12/24 10:00:29:3313| 0|  COM5| S | CommandID    382| FA52020404
2023-12-24 10:00:29.3548–TRACE–2023/12/24 10:00:29:3548| 0|  COM5| R | CommandID    382| FA02034B0D0A
2023-12-24 10:00:29.3548–TRACE–2023/12/24 10:00:29:3578| 0|  COM5| S | CommandID    383| FA52030404
2023-12-24 10:00:29.3700–TRACE–2023/12/24 10:00:29:3700| 0|  COM5| R | CommandID    383| FA03034B0D0A
2023-12-24 10:00:29.3700–TRACE–2023/12/24 10:00:29:3725| 0|  COM5| S | CommandID    384| FA52010405
2023-12-24 10:00:29.4011–TRACE–2023/12/24 10:00:29:4011| 0|  COM5| R | CommandID    384| FA0104473F0D0A
2023-12-24 10:00:29.4011–TRACE–2023/12/24 10:00:29:4041| 0|  COM5| S | CommandID    385| FA52020405
2023-12-24 10:00:29.4306–TRACE–2023/12/24 10:00:29:4306| 0|  COM5| R | CommandID    385| FA02041D160D0A
2023-12-24 10:00:29.4306–TRACE–2023/12/24 10:00:29:4351| 0|  COM5| S | CommandID    386| FA52030405
2023-12-24 10:00:29.4628–TRACE–2023/12/24 10:00:29:4628| 0|  COM5| R | CommandID    386| FA030445300D0A
2023-12-24 10:00:29.4628–TRACE–2023/12/24 10:00:29:4654| 0|  COM5| S | CommandID    387| FA52010501
2023-12-24 10:00:29.4942–TRACE–2023/12/24 10:00:29:4941| 0|  COM5| R | CommandID    387| FA010401380D0A
2023-12-24 10:00:29.4942–TRACE–2023/12/24 10:00:29:4969| 0|  COM5| S | CommandID    388| FA52030501
2023-12-24 10:00:29.5106–TRACE–2023/12/24 10:00:29:5106| 0|  COM5| R | CommandID    388| FA030401580D0A
2023-12-24 10:00:29.5106–TRACE–2023/12/24 10:00:29:5132| 0|  COM5| S | CommandID    389| FA52020501
2023-12-24 10:00:29.5411–TRACE–2023/12/24 10:00:29:5411| 0|  COM5| R | CommandID    389| FA020401380D0A
2023-12-24 10:00:29.5411–TRACE–2023/12/24 10:00:29:5440| 0|  COM5| S | CommandID    390| FA52010601
2023-12-24 10:00:29.5571–TRACE–2023/12/24 10:00:29:5571| 0|  COM5| R | CommandID    390| FA010701010020320D0A
2023-12-24 10:00:29.5571–TRACE–2023/12/24 10:00:29:5599| 0|  COM5| S | CommandID    391| FA52020601
2023-12-24 10:00:29.5872–TRACE–2023/12/24 10:00:29:5872| 0|  COM5| R | CommandID    391| FA020701010020320D0A
2023-12-24 10:00:32.0138–TRACE–2023/12/24 10:00:32:0137| 0|  COM5| S | CommandID    392| FA52010401
2023-12-24 10:00:32.0499–TRACE–2023/12/24 10:00:32:0499| 0|  COM5| R | CommandID    392| FA010A0101020304050607080D0A
2023-12-24 10:00:32.0499–TRACE–2023/12/24 10:00:32:0526| 0|  COM5| S | CommandID    393| FA52020401
2023-12-24 10:00:32.0742–TRACE–2023/12/24 10:00:32:0742| 0|  COM5| R | CommandID    393| FA020A0101020304050607080D0A
2023-12-24 10:00:32.0742–TRACE–2023/12/24 10:00:32:0784| 0|  COM5| S | CommandID    394| FA52030401
2023-12-24 10:00:32.1041–TRACE–2023/12/24 10:00:32:1040| 0|  COM5| R | CommandID    394| FA030A0101020304050607080D0A
2023-12-24 10:00:32.1041–TRACE–2023/12/24 10:00:32:1068| 0|  COM5| S | CommandID    395| FA52010101
2023-12-24 10:00:32.1347–TRACE–2023/12/24 10:00:32:1347| 0|  COM5| R | CommandID    395| FA0103640D0A
2023-12-24 10:00:32.1347–TRACE–2023/12/24 10:00:32:1382| 0|  COM5| S | CommandID    396| FA52020101
2023-12-24 10:00:32.1518–TRACE–2023/12/24 10:00:32:1518| 0|  COM5| R | CommandID    396| FA0203640D0A
2023-12-24 10:00:32.1518–TRACE–2023/12/24 10:00:32:1618| 0|  COM5| S | CommandID    397| FA52030101
2023-12-24 10:00:32.1817–TRACE–2023/12/24 10:00:32:1817| 0|  COM5| R | CommandID    397| FA0303640D0A
2023-12-24 10:00:32.1817–TRACE–2023/12/24 10:00:32:1849| 0|  COM5| S | CommandID    398| FA52010402
2023-12-24 10:00:32.2125–TRACE–2023/12/24 10:00:32:2125| 0|  COM5| R | CommandID    398| FA010400890D0A
2023-12-24 10:00:32.2125–TRACE–2023/12/24 10:00:32:2156| 0|  COM5| S | CommandID    399| FA52020402
2023-12-24 10:00:32.2437–TRACE–2023/12/24 10:00:32:2437| 0|  COM5| R | CommandID    399| FA020400890D0A
2023-12-24 10:00:32.2437–TRACE–2023/12/24 10:00:32:2467| 0|  COM5| S | CommandID    400| FA52030402
2023-12-24 10:00:32.2627–TRACE–2023/12/24 10:00:32:2627| 0|  COM5| R | CommandID    400| FA030400870D0A
2023-12-24 10:00:32.2627–TRACE–2023/12/24 10:00:32:2733| 0|  COM5| S | CommandID    401| FA52010403
2023-12-24 10:00:32.2914–TRACE–2023/12/24 10:00:32:2914| 0|  COM5| R | CommandID    401| FA01055759550D0A
2023-12-24 10:00:32.2914–TRACE–2023/12/24 10:00:32:2943| 0|  COM5| S | CommandID    402| FA52020403
2023-12-24 10:00:32.3086–TRACE–2023/12/24 10:00:32:3086| 0|  COM5| R | CommandID    402| FA02054155550D0A
2023-12-24 10:00:32.3086–TRACE–2023/12/24 10:00:32:3120| 0|  COM5| S | CommandID    403| FA52030403
2023-12-24 10:00:32.3413–TRACE–2023/12/24 10:00:32:3413| 0|  COM5| R | CommandID    403| FA03054155550D0A
2023-12-24 10:00:32.3413–TRACE–2023/12/24 10:00:32:3443| 0|  COM5| S | CommandID    404| FA52010404
2023-12-24 10:00:32.3730–TRACE–2023/12/24 10:00:32:3730| 0|  COM5| R | CommandID    404| FA01034B0D0A
2023-12-24 10:00:32.3837–TRACE–2023/12/24 10:00:32:3837| 0|  COM5| S | CommandID    405| FA52020404
2023-12-24 10:00:32.4016–TRACE–2023/12/24 10:00:32:4015| 0|  COM5| R | CommandID    405| FA02034B0D0A
2023-12-24 10:00:32.4016–TRACE–2023/12/24 10:00:32:4046| 0|  COM5| S | CommandID    406| FA52030404
2023-12-24 10:00:32.4334–TRACE–2023/12/24 10:00:32:4334| 0|  COM5| R | CommandID    406| FA03034B0D0A
2023-12-24 10:00:32.4334–TRACE–2023/12/24 10:00:32:4367| 0|  COM5| S | CommandID    407| FA52010405
2023-12-24 10:00:32.4632–TRACE–2023/12/24 10:00:32:4632| 0|  COM5| R | CommandID    407| FA0104482D0D0A
2023-12-24 10:00:32.4632–TRACE–2023/12/24 10:00:32:4665| 0|  COM5| S | CommandID    408| FA52020405
2023-12-24 10:00:32.4942–TRACE–2023/12/24 10:00:32:4942| 0|  COM5| R | CommandID    408| FA020411320D0A
2023-12-24 10:00:32.4942–TRACE–2023/12/24 10:00:32:4975| 0|  COM5| S | CommandID    409| FA52030405
2023-12-24 10:00:32.5246–TRACE–2023/12/24 10:00:32:5246| 0|  COM5| R | CommandID    409| FA03042F480D0A
2023-12-24 10:00:32.5246–TRACE–2023/12/24 10:00:32:5277| 0|  COM5| S | CommandID    410| FA52010501
2023-12-24 10:00:32.5425–TRACE–2023/12/24 10:00:32:5425| 0|  COM5| R | CommandID    410| FA0104010C0D0A
2023-12-24 10:00:32.5425–TRACE–2023/12/24 10:00:32:5456| 0|  COM5| S | CommandID    411| FA52030501
2023-12-24 10:00:32.5721–TRACE–2023/12/24 10:00:32:5721| 0|  COM5| R | CommandID    411| FA0304012C0D0A
2023-12-24 10:00:32.5721–TRACE–2023/12/24 10:00:32:5754| 0|  COM5| S | CommandID    412| FA52020501
2023-12-24 10:00:32.6029–TRACE–2023/12/24 10:00:32:6029| 0|  COM5| R | CommandID    412| FA020401380D0A
2023-12-24 10:00:32.6029–TRACE–2023/12/24 10:00:32:6061| 0|  COM5| S | CommandID    413| FA52010601
2023-12-24 10:00:32.6207–TRACE–2023/12/24 10:00:32:6207| 0|  COM5| R | CommandID    413| FA010701010020320D0A
2023-12-24 10:00:32.6207–TRACE–2023/12/24 10:00:32:6236| 0|  COM5| S | CommandID    414| FA52020601
2023-12-24 10:00:32.6506–TRACE–2023/12/24 10:00:32:6506| 0|  COM5| R | CommandID    414| FA020701010020320D0A
2023-12-24 10:00:34.8550–TRACE–2023/12/24 10:00:34:8550| 0|  COM5| S | CommandID    415| FA52030601
2023-12-24 10:00:34.8693–TRACE–2023/12/24 10:00:34:8693| 0|  COM5| R | CommandID    415| FA030701010020320D0A
2023-12-24 10:00:34.8911–TRACE–- A-2 initial
2023-12-24 10:00:34.9009–TRACE–2023/12/24 10:00:34:9009| 0|  COM5| S | CommandID    416| FA57000200
2023-12-24 10:00:34.9160–TRACE–2023/12/24 10:00:34:9160| 0|  COM5| R | CommandID    416| C30D0A
2023-12-24 10:00:39.9184–TRACE–- A-2 進入偵測階段
2023-12-24 10:00:39.9184–TRACE–2023/12/24 10:00:39:9219| 0|  COM5| S | CommandID    417| FA52010501
2023-12-24 10:00:39.9483–TRACE–2023/12/24 10:00:39:9483| 0|  COM5| R | CommandID    417| FA010400030D0A
2023-12-24 10:00:39.9483–TRACE–2023/12/24 10:00:39:9528| 0|  COM5| S | CommandID    418| FA52020501
2023-12-24 10:00:39.9838–TRACE–2023/12/24 10:00:39:9838| 0|  COM5| R | CommandID    418| FA020400030D0A
2023-12-24 10:00:39.9838–TRACE–2023/12/24 10:00:39:9879| 0|  COM5| S | CommandID    419| FA52030501
2023-12-24 10:00:40.0118–TRACE–2023/12/24 10:00:40:0118| 0|  COM5| R | CommandID    419| FA030400080D0A
2023-12-24 10:00:42.9868–TRACE–2023/12/24 10:00:42:9868| 0|  COM5| S | CommandID    420| FA52010501
2023-12-24 10:00:43.0104–TRACE–2023/12/24 10:00:43:0104| 0|  COM5| R | CommandID    420| FA010400020D0A
2023-12-24 10:00:43.0104–TRACE–2023/12/24 10:00:43:0145| 0|  COM5| S | CommandID    421| FA52020501
2023-12-24 10:00:43.0500–TRACE–2023/12/24 10:00:43:0500| 0|  COM5| R | CommandID    421| FA020400050D0A
2023-12-24 10:00:43.0500–TRACE–2023/12/24 10:00:43:0540| 0|  COM5| S | CommandID    422| FA52030501
2023-12-24 10:00:43.0801–TRACE–2023/12/24 10:00:43:0801| 0|  COM5| R | CommandID    422| FA030400010D0A
2023-12-24 10:00:46.0526–TRACE–2023/12/24 10:00:46:0526| 0|  COM5| S | CommandID    423| FA52010501
2023-12-24 10:00:46.0803–TRACE–2023/12/24 10:00:46:0803| 0|  COM5| R | CommandID    423| FA010400090D0A
2023-12-24 10:00:46.0920–TRACE–2023/12/24 10:00:46:0919| 0|  COM5| S | CommandID    424| FA52020501
2023-12-24 10:00:46.1233–TRACE–2023/12/24 10:00:46:1233| 0|  COM5| R | CommandID    424| FA020400050D0A
2023-12-24 10:00:46.1233–TRACE–2023/12/24 10:00:46:1271| 0|  COM5| S | CommandID    425| FA52030501
2023-12-24 10:00:46.1559–TRACE–2023/12/24 10:00:46:1558| 0|  COM5| R | CommandID    425| FA030400060D0A
2023-12-24 10:00:49.1160–TRACE–2023/12/24 10:00:49:1160| 0|  COM5| S | CommandID    426| FA52010501
2023-12-24 10:00:49.1430–TRACE–2023/12/24 10:00:49:1429| 0|  COM5| R | CommandID    426| FA010400010D0A
2023-12-24 10:00:49.1536–TRACE–2023/12/24 10:00:49:1536| 0|  COM5| S | CommandID    427| FA52020501
2023-12-24 10:00:49.1862–TRACE–2023/12/24 10:00:49:1862| 0|  COM5| R | CommandID    427| FA0204001F0D0A
2023-12-24 10:00:49.1862–TRACE–2023/12/24 10:00:49:1898| 0|  COM5| S | CommandID    428| FA52030501
2023-12-24 10:00:49.2150–TRACE–2023/12/24 10:00:49:2150| 0|  COM5| R | CommandID    428| FA0304000A0D0A
2023-12-24 10:00:52.1770–TRACE–2023/12/24 10:00:52:1770| 0|  COM5| S | CommandID    429| FA52010501
2023-12-24 10:00:52.2014–TRACE–2023/12/24 10:00:52:2013| 0|  COM5| R | CommandID    429| FA010400030D0A
2023-12-24 10:00:52.2014–TRACE–2023/12/24 10:00:52:2052| 0|  COM5| S | CommandID    430| FA52020501
2023-12-24 10:00:52.2343–TRACE–2023/12/24 10:00:52:2343| 0|  COM5| R | CommandID    430| FA0204000A0D0A
2023-12-24 10:00:52.2343–TRACE–2023/12/24 10:00:52:2387| 0|  COM5| S | CommandID    431| FA52030501
2023-12-24 10:00:52.2648–TRACE–2023/12/24 10:00:52:2648| 0|  COM5| R | CommandID    431| FA030400080D0A
2023-12-24 10:00:55.2420–TRACE–2023/12/24 10:00:55:2420| 0|  COM5| S | CommandID    432| FA52010501
2023-12-24 10:00:55.2668–TRACE–2023/12/24 10:00:55:2667| 0|  COM5| R | CommandID    432| FA0104000B0D0A
2023-12-24 10:00:55.2668–TRACE–2023/12/24 10:00:55:2710| 0|  COM5| S | CommandID    433| FA52020501
2023-12-24 10:00:55.2964–TRACE–2023/12/24 10:00:55:2964| 0|  COM5| R | CommandID    433| FA0204000B0D0A
2023-12-24 10:00:55.2964–TRACE–2023/12/24 10:00:55:3004| 0|  COM5| S | CommandID    434| FA52030501
2023-12-24 10:00:55.3243–TRACE–2023/12/24 10:00:55:3243| 0|  COM5| R | CommandID    434| FA0304000B0D0A
2023-12-24 10:00:58.3021–TRACE–2023/12/24 10:00:58:3021| 0|  COM5| S | CommandID    435| FA52010501
2023-12-24 10:00:58.3287–TRACE–2023/12/24 10:00:58:3286| 0|  COM5| R | CommandID    435| FA0104000A0D0A
2023-12-24 10:00:58.3287–TRACE–2023/12/24 10:00:58:3329| 0|  COM5| S | CommandID    436| FA52020501
2023-12-24 10:00:58.3595–TRACE–2023/12/24 10:00:58:3595| 0|  COM5| R | CommandID    436| FA020400050D0A
2023-12-24 10:00:58.3595–TRACE–2023/12/24 10:00:58:3641| 0|  COM5| S | CommandID    437| FA52030501
2023-12-24 10:00:58.3894–TRACE–2023/12/24 10:00:58:3894| 0|  COM5| R | CommandID    437| FA030400050D0A
2023-12-24 10:01:01.3646–TRACE–2023/12/24 10:01:01:3646| 0|  COM5| S | CommandID    438| FA52010501
2023-12-24 10:01:01.3921–TRACE–2023/12/24 10:01:01:3920| 0|  COM5| R | CommandID    438| FA010400030D0A
2023-12-24 10:01:01.3921–TRACE–2023/12/24 10:01:01:3958| 0|  COM5| S | CommandID    439| FA52020501
2023-12-24 10:01:01.4215–TRACE–2023/12/24 10:01:01:4215| 0|  COM5| R | CommandID    439| FA0204000A0D0A
2023-12-24 10:01:01.4215–TRACE–2023/12/24 10:01:01:4256| 0|  COM5| S | CommandID    440| FA52030501
2023-12-24 10:01:01.4505–TRACE–2023/12/24 10:01:01:4505| 0|  COM5| R | CommandID    440| FA030400030D0A
