2023-11-30 13:52:41.7562–TRACE–– Start Custom script schedule.
2023-11-30 13:52:41.7562–TRACE–- Currently on iteration : 0
2023-11-30 13:52:41.7603–TRACE–– Enter A-0 step.
2023-11-30 13:52:41.7603–TRACE–- A-1 initial
2023-11-30 13:52:41.7603–TRACE–2023/11/30 13:52:41:7642| 0| COM88| S | CommandID      0| FA57000201
2023-11-30 13:52:41.7773–TRACE–2023/11/30 13:52:41:7773| 0| COM88| R | CommandID      0| C30D0A
2023-11-30 13:52:46.7782–TRACE–- A-1 進入偵測階段
2023-11-30 13:52:46.7782–TRACE–2023/11/30 13:52:46:7844| 0| COM88| S | CommandID      1| FA52010002
2023-11-30 13:52:46.7924–TRACE–2023/11/30 13:52:46:7924| 0| COM88| R | CommandID      1| FA010403040D0A
2023-11-30 13:52:46.7924–TRACE–2023/11/30 13:52:46:7947| 0| COM88| S | CommandID      2| FA52020002
2023-11-30 13:52:46.8234–TRACE–2023/11/30 13:52:46:8234| 0| COM88| R | CommandID      2| FA020403040D0A
2023-11-30 13:52:46.8234–TRACE–2023/11/30 13:52:46:8288| 0| COM88| S | CommandID      3| FA52030002
2023-11-30 13:52:46.8598–TRACE–2023/11/30 13:52:46:8597| 0| COM88| R | CommandID      3| FA030403040D0A
2023-11-30 13:52:46.8598–TRACE–2023/11/30 13:52:46:8628| 0| COM88| S | CommandID      4| FA52010001
2023-11-30 13:52:46.8895–TRACE–2023/11/30 13:52:46:8895| 0| COM88| R | CommandID      4| FA010401020D0A
2023-11-30 13:52:46.8895–TRACE–2023/11/30 13:52:46:8911| 0| COM88| S | CommandID      5| FA52020001
2023-11-30 13:52:46.9180–TRACE–2023/11/30 13:52:46:9180| 0| COM88| R | CommandID      5| FA020401020D0A
2023-11-30 13:52:46.9406–TRACE–2023/11/30 13:52:46:9405| 0| COM88| S | CommandID      6| FA52030001
2023-11-30 13:52:46.9689–TRACE–2023/11/30 13:52:46:9689| 0| COM88| R | CommandID      6| FA030401020D0A
2023-11-30 13:52:46.9689–TRACE–2023/11/30 13:52:46:9708| 0| COM88| S | CommandID      7| FA52010401
2023-11-30 13:52:46.9948–TRACE–2023/11/30 13:52:46:9948| 0| COM88| R | CommandID      7| FA010A0101020304050607080D0A
2023-11-30 13:52:46.9948–TRACE–2023/11/30 13:52:46:9986| 0| COM88| S | CommandID      8| FA52020401
2023-11-30 13:52:47.0277–TRACE–2023/11/30 13:52:47:0277| 0| COM88| R | CommandID      8| FA020A0101020304050607080D0A
2023-11-30 13:52:47.0277–TRACE–2023/11/30 13:52:47:0388| 0| COM88| S | CommandID      9| FA52030401
2023-11-30 13:52:47.0596–TRACE–2023/11/30 13:52:47:0596| 0| COM88| R | CommandID      9| FA030A0101020304050607080D0A
2023-11-30 13:52:47.0596–TRACE–2023/11/30 13:52:47:0621| 0| COM88| S | CommandID     10| FA52010101
2023-11-30 13:52:47.0872–TRACE–2023/11/30 13:52:47:0872| 0| COM88| R | CommandID     10| FA0103640D0A
2023-11-30 13:52:47.0872–TRACE–2023/11/30 13:52:47:0890| 0| COM88| S | CommandID     11| FA52020101
2023-11-30 13:52:47.1030–TRACE–2023/11/30 13:52:47:1030| 0| COM88| R | CommandID     11| FA0203640D0A
2023-11-30 13:52:47.1030–TRACE–2023/11/30 13:52:47:1052| 0| COM88| S | CommandID     12| FA52030101
2023-11-30 13:52:47.1197–TRACE–2023/11/30 13:52:47:1197| 0| COM88| R | CommandID     12| FA0303640D0A
2023-11-30 13:52:47.1197–TRACE–2023/11/30 13:52:47:1221| 0| COM88| S | CommandID     13| FA52010402
2023-11-30 13:52:47.1387–TRACE–2023/11/30 13:52:47:1387| 0| COM88| R | CommandID     13| FA010400890D0A
2023-11-30 13:52:47.1387–TRACE–2023/11/30 13:52:47:1405| 0| COM88| S | CommandID     14| FA52020402
2023-11-30 13:52:47.1667–TRACE–2023/11/30 13:52:47:1667| 0| COM88| R | CommandID     14| FA020400890D0A
2023-11-30 13:52:47.1667–TRACE–2023/11/30 13:52:47:1691| 0| COM88| S | CommandID     15| FA52030402
2023-11-30 13:52:47.1860–TRACE–2023/11/30 13:52:47:1860| 0| COM88| R | CommandID     15| FA030400890D0A
2023-11-30 13:52:47.1860–TRACE–2023/11/30 13:52:47:1893| 0| COM88| S | CommandID     16| FA52010403
2023-11-30 13:52:47.2134–TRACE–2023/11/30 13:52:47:2134| 0| COM88| R | CommandID     16| FA01054555550D0A
2023-11-30 13:52:47.2134–TRACE–2023/11/30 13:52:47:2164| 0| COM88| S | CommandID     17| FA52020403
2023-11-30 13:52:47.2336–TRACE–2023/11/30 13:52:47:2336| 0| COM88| R | CommandID     17| FA02054557550D0A
2023-11-30 13:52:47.2336–TRACE–2023/11/30 13:52:47:2366| 0| COM88| S | CommandID     18| FA52030403
2023-11-30 13:52:47.2695–TRACE–2023/11/30 13:52:47:2695| 0| COM88| R | CommandID     18| FA03054557550D0A
2023-11-30 13:52:47.2695–TRACE–2023/11/30 13:52:47:2722| 0| COM88| S | CommandID     19| FA52010404
2023-11-30 13:52:47.2937–TRACE–2023/11/30 13:52:47:2937| 0| COM88| R | CommandID     19| FA01034B0D0A
2023-11-30 13:52:47.2937–TRACE–2023/11/30 13:52:47:2963| 0| COM88| S | CommandID     20| FA52020404
2023-11-30 13:52:47.3235–TRACE–2023/11/30 13:52:47:3235| 0| COM88| R | CommandID     20| FA02034B0D0A
2023-11-30 13:52:47.3235–TRACE–2023/11/30 13:52:47:3266| 0| COM88| S | CommandID     21| FA52030404
2023-11-30 13:52:47.3409–TRACE–2023/11/30 13:52:47:3409| 0| COM88| R | CommandID     21| FA03034B0D0A
2023-11-30 13:52:47.3409–TRACE–2023/11/30 13:52:47:3437| 0| COM88| S | CommandID     22| FA52010405
2023-11-30 13:52:47.3688–TRACE–2023/11/30 13:52:47:3688| 0| COM88| R | CommandID     22| FA01040D350D0A
2023-11-30 13:52:47.3688–TRACE–2023/11/30 13:52:47:3708| 0| COM88| S | CommandID     23| FA52020405
2023-11-30 13:52:47.3870–TRACE–2023/11/30 13:52:47:3870| 0| COM88| R | CommandID     23| FA02041A470D0A
2023-11-30 13:52:47.3870–TRACE–2023/11/30 13:52:47:3890| 0| COM88| S | CommandID     24| FA52030405
2023-11-30 13:52:47.4166–TRACE–2023/11/30 13:52:47:4166| 0| COM88| R | CommandID     24| FA03044C0D0D0A
2023-11-30 13:52:47.4166–TRACE–2023/11/30 13:52:47:4187| 0| COM88| S | CommandID     25| FA52010501
2023-11-30 13:52:47.4349–TRACE–2023/11/30 13:52:47:4349| 0| COM88| R | CommandID     25| FA010401500D0A
2023-11-30 13:52:47.4349–TRACE–2023/11/30 13:52:47:4376| 0| COM88| S | CommandID     26| FA52030501
2023-11-30 13:52:47.4649–TRACE–2023/11/30 13:52:47:4649| 0| COM88| R | CommandID     26| FA030401440D0A
2023-11-30 13:52:47.4649–TRACE–2023/11/30 13:52:47:4672| 0| COM88| S | CommandID     27| FA52020501
2023-11-30 13:52:49.1174–TRACE–- A-2 initial
2023-11-30 13:52:49.1203–TRACE–- Currently on iteration : 1
2023-11-30 13:52:49.1203–TRACE–– End Custom script schedule.
