2023-12-11 16:03:03.4748–TRACE–2023/12/11 16:03:03:4568| 0| COM89| S |FA52010402
2023-12-11 16:03:03.4748–TRACE–2023/12/11 16:03:03:4866| 0| COM89| Rs |FA010400840D0A
2023-12-11 16:03:27.7932–TRACE–2023/12/11 16:03:27:7931| 0| COM89| S | CommandID      0| FA57000200
2023-12-11 16:03:28.1022–TRACE–Timeout without any data received.
2023-12-11 16:03:28.1022–TRACE–2023/12/11 16:03:28:1027| 0| COM89| R | CommandID      0| 
2023-12-11 16:03:32.7961–TRACE–2023/12/11 16:03:32:7961| 0| COM89| S | CommandID      1| FA52010002
2023-12-11 16:03:32.7961–TRACE–2023/12/11 16:03:32:7981| 0| COM89| R | CommandID      1| C30D0A
2023-12-11 16:03:32.7961–TRACE–2023/12/11 16:03:32:7993| 0| COM89| S | CommandID      2| FA52020002
2023-12-11 16:03:32.8222–TRACE–2023/12/11 16:03:32:8222| 0| COM89| R | CommandID      2| FA010401020D0A
2023-12-11 16:03:32.8222–TRACE–2023/12/11 16:03:32:8235| 0| COM89| S | CommandID      3| FA52030002
2023-12-11 16:03:32.8222–TRACE–2023/12/11 16:03:32:8243| 0| COM89| R | CommandID      3| FA020401020D0A
2023-12-11 16:03:32.8222–TRACE–2023/12/11 16:03:32:8249| 0| COM89| S | CommandID      4| FA52010001
2023-12-11 16:03:32.8578–TRACE–2023/12/11 16:03:32:8578| 0| COM89| R | CommandID      4| FA030401020D0A
2023-12-11 16:03:32.8578–TRACE–2023/12/11 16:03:32:8588| 0| COM89| S | CommandID      5| FA52020001
2023-12-11 16:03:32.8578–TRACE–2023/12/11 16:03:32:8597| 0| COM89| R | CommandID      5| FA010401020D0A
2023-12-11 16:03:32.8578–TRACE–2023/12/11 16:03:32:8606| 0| COM89| S | CommandID      6| FA52030001
2023-12-11 16:03:32.8822–TRACE–2023/12/11 16:03:32:8821| 0| COM89| R | CommandID      6| FA020401020D0A
2023-12-11 16:03:32.8822–TRACE–2023/12/11 16:03:32:8831| 0| COM89| S | CommandID      7| FA52010401
2023-12-11 16:03:32.8822–TRACE–2023/12/11 16:03:32:8840| 0| COM89| R | CommandID      7| FA030401020D0A
2023-12-11 16:03:32.8822–TRACE–2023/12/11 16:03:32:8849| 0| COM89| S | CommandID      8| FA52020401
2023-12-11 16:03:32.9142–TRACE–2023/12/11 16:03:32:9142| 0| COM89| R | CommandID      8| FA010401020D0A
2023-12-11 16:03:32.9142–TRACE–2023/12/11 16:03:32:9159| 0| COM89| S | CommandID      9| FA52030401
2023-12-11 16:03:32.9142–TRACE–2023/12/11 16:03:32:9174| 0| COM89| R | CommandID      9| 00FA020401020D0A
2023-12-11 16:03:32.9142–TRACE–2023/12/11 16:03:32:9208| 0| COM89| S | CommandID     10| FA52010101
2023-12-11 16:03:32.9142–TRACE–2023/12/11 16:03:32:9234| 0| COM89| R | CommandID     10| 00FA030401020D0A
2023-12-11 16:03:32.9254–TRACE–2023/12/11 16:03:32:9254| 0| COM89| S | CommandID     11| FA52020101
2023-12-11 16:03:32.9414–TRACE–2023/12/11 16:03:32:9414| 0| COM89| R | CommandID     11| 00FA0103640D0A
2023-12-11 16:03:32.9414–TRACE–2023/12/11 16:03:32:9423| 0| COM89| S | CommandID     12| FA52030101
2023-12-11 16:03:32.9414–TRACE–2023/12/11 16:03:32:9433| 0| COM89| R | CommandID     12| FA010401020DFA0203640D0A
2023-12-11 16:03:32.9414–TRACE–2023/12/11 16:03:32:9453| 0| COM89| S | CommandID     13| FA52010402
2023-12-11 16:11:33.1083–TRACE–2023/12/11 16:11:33:0996| 0| COM89| S |FA52010402
2023-12-11 16:11:33.1083–TRACE–2023/12/11 16:11:33:1151| 0| COM89| Rs |FA010400840D
2023-12-11 16:11:33.1264–TRACE–2023/12/11 16:11:33:1264| 0| COM89| Rs |0A
2023-12-11 16:11:34.5637–TRACE–2023/12/11 16:11:34:5628| 0| COM89| S |FA52010402
2023-12-11 16:11:34.5798–TRACE–2023/12/11 16:11:34:5798| 0| COM89| Rs |FA010400840D0A
2023-12-11 16:11:37.7309–TRACE–2023/12/11 16:11:37:7298| 0| COM89| S |FA52010402
2023-12-11 16:11:37.7309–TRACE–2023/12/11 16:11:37:7425| 0| COM89| Rs |FA010400840D0A
2023-12-11 16:11:54.0076–TRACE–2023/12/11 16:11:54:0075| 0| COM89| S | CommandID      0| FA57000200
2023-12-11 16:11:54.3233–TRACE–Timeout without any data received.
2023-12-11 16:11:54.3233–TRACE–2023/12/11 16:11:54:3250| 0| COM89| R | CommandID      0| 
2023-12-11 16:11:59.0118–TRACE–2023/12/11 16:11:59:0117| 0| COM89| S | CommandID      1| FA52010002
2023-12-11 16:11:59.0270–TRACE–2023/12/11 16:11:59:0270| 0| COM89| R | CommandID      1| FA010401020D0A
2023-12-11 16:11:59.0270–TRACE–2023/12/11 16:11:59:0280| 0| COM89| S | CommandID      2| FA52020002
2023-12-11 16:11:59.0442–TRACE–2023/12/11 16:11:59:0442| 0| COM89| R | CommandID      2| FA020401020D0A
2023-12-11 16:11:59.0442–TRACE–2023/12/11 16:11:59:0449| 0| COM89| S | CommandID      3| FA52030002
2023-12-11 16:11:59.0642–TRACE–2023/12/11 16:11:59:0642| 0| COM89| R | CommandID      3| FA030401020D0A
2023-12-11 16:11:59.0642–TRACE–2023/12/11 16:11:59:0652| 0| COM89| S | CommandID      4| FA52010001
2023-12-11 16:11:59.0900–TRACE–2023/12/11 16:11:59:0900| 0| COM89| R | CommandID      4| FA010401020D0A
2023-12-11 16:11:59.0900–TRACE–2023/12/11 16:11:59:0941| 0| COM89| S | CommandID      5| FA52020001
2023-12-11 16:11:59.1201–TRACE–2023/12/11 16:11:59:1201| 0| COM89| R | CommandID      5| FA020401020D0A
2023-12-11 16:11:59.1201–TRACE–2023/12/11 16:11:59:1209| 0| COM89| S | CommandID      6| FA52030001
2023-12-11 16:11:59.1367–TRACE–2023/12/11 16:11:59:1366| 0| COM89| R | CommandID      6| FA030401020D0A
2023-12-11 16:11:59.1367–TRACE–2023/12/11 16:11:59:1382| 0| COM89| S | CommandID      7| FA52010401
2023-12-11 16:11:59.1564–TRACE–2023/12/11 16:11:59:1563| 0| COM89| R | CommandID      7| FA010401020D0A
2023-12-11 16:11:59.1564–TRACE–2023/12/11 16:11:59:1589| 0| COM89| S | CommandID      8| FA52020401
2023-12-11 16:11:59.1842–TRACE–2023/12/11 16:11:59:1842| 0| COM89| R | CommandID      8| 00FA020401020D0A
2023-12-11 16:11:59.1842–TRACE–2023/12/11 16:11:59:1873| 0| COM89| S | CommandID      9| FA52030401
2023-12-11 16:11:59.2135–TRACE–2023/12/11 16:11:59:2135| 0| COM89| R | CommandID      9| 00FA030401020D0A
2023-12-11 16:11:59.2135–TRACE–2023/12/11 16:11:59:2176| 0| COM89| S | CommandID     10| FA52010101
2023-12-11 16:11:59.2463–TRACE–2023/12/11 16:11:59:2463| 0| COM89| R | CommandID     10| 00FA0103640D0A
2023-12-11 16:11:59.2463–TRACE–2023/12/11 16:11:59:2477| 0| COM89| S | CommandID     11| FA52020101
2023-12-11 16:11:59.2615–TRACE–2023/12/11 16:11:59:2615| 0| COM89| R | CommandID     11| FA010401020DFA0203640D0A
2023-12-11 16:11:59.2615–TRACE–2023/12/11 16:11:59:2634| 0| COM89| S | CommandID     12| FA52030101
2023-12-11 16:11:59.2767–TRACE–2023/12/11 16:11:59:2767| 0| COM89| R | CommandID     12| FA020401020DFA0303640D0A
2023-12-11 16:11:59.2767–TRACE–2023/12/11 16:11:59:2777| 0| COM89| S | CommandID     13| FA52010402
