2023-12-24 09:54:35.6177–TRACE–– Start Custom script schedule.
2023-12-24 09:54:35.6184–TRACE–- Currently on iteration : 0
2023-12-24 09:54:35.6184–TRACE–– End Custom script schedule.
2023-12-24 09:56:11.9809–TRACE–– Start Custom script schedule.
2023-12-24 09:56:11.9809–TRACE–- Currently on iteration : 0
2023-12-24 09:56:11.9809–TRACE–– Enter A-0 step.
2023-12-24 09:56:11.9809–TRACE–- A-1 initial
2023-12-24 09:56:14.6859–TRACE–- A-1 進入偵測階段
2023-12-24 09:56:15.6180–TRACE–- A-2 initial
2023-12-24 09:56:16.4736–TRACE–- A-2 進入偵測階段
2023-12-24 09:56:17.0674–TRACE–– Enter A-1 step.
2023-12-24 09:56:17.0674–TRACE–- A-1 initial
2023-12-24 09:56:17.5827–TRACE–- A-1 進入偵測階段
2023-12-24 09:56:17.8225–TRACE–- A-2 initial
2023-12-24 09:56:18.0280–TRACE–- A-2 進入偵測階段
2023-12-24 09:56:18.2117–TRACE–– Enter B-0 step.
2023-12-24 09:56:18.2117–TRACE–- B-1 initial
2023-12-24 09:56:18.5478–TRACE–- B-1 進入偵測階段
2023-12-24 09:56:18.7769–TRACE–- B-2 initial
2023-12-24 09:56:18.9667–TRACE–- B-2 進入偵測階段
2023-12-24 09:56:19.1346–TRACE–– Enter B-1 step.
2023-12-24 09:56:19.1346–TRACE–- B-1 initial
2023-12-24 09:56:19.3011–TRACE–- B-1 進入偵測階段
2023-12-24 09:56:19.4896–TRACE–- B-2 initial
2023-12-24 09:56:19.6732–TRACE–- B-2 進入偵測階段
2023-12-24 09:56:19.8472–TRACE–- Currently on iteration : 1
2023-12-24 09:56:19.8472–TRACE–– Enter A-0 step.
2023-12-24 09:56:19.8612–TRACE–- A-1 initial
2023-12-24 09:56:20.0335–TRACE–- A-1 進入偵測階段
2023-12-24 09:56:20.2435–TRACE–- A-2 initial
2023-12-24 09:56:21.6497–TRACE–- A-2 進入偵測階段
2023-12-24 09:56:22.5967–TRACE–– Enter A-1 step.
2023-12-24 09:56:22.5967–TRACE–- A-1 initial
2023-12-24 09:57:35.8658–TRACE–– Start Custom script schedule.
2023-12-24 09:57:35.8677–TRACE–- Currently on iteration : 0
2023-12-24 09:57:35.8677–TRACE–– Enter A-0 step.
2023-12-24 09:57:35.8677–TRACE–- A-1 initial
2023-12-24 09:57:35.8677–TRACE–2023/12/24 09:57:35:8751| 0|  COM5| S | CommandID      0| FA57000201
2023-12-24 09:57:35.8677–TRACE–2023/12/24 09:57:35:8830| 0|  COM5| R | CommandID      0| C30D0A
2023-12-24 09:57:40.8883–TRACE–- A-1 進入偵測階段
2023-12-24 09:57:47.2262–TRACE–- A-2 initial
2023-12-24 09:57:47.2282–TRACE–2023/12/24 09:57:47:2282| 0|  COM5| S | CommandID      1| FA57000200
2023-12-24 09:57:47.2464–TRACE–2023/12/24 09:57:47:2464| 0|  COM5| R | CommandID      1| C30D0A
2023-12-24 09:58:45.7104–TRACE–– Start Custom script schedule.
2023-12-24 09:58:45.7125–TRACE–- Currently on iteration : 0
2023-12-24 09:58:45.7125–TRACE–– Enter A-0 step.
2023-12-24 09:58:45.7125–TRACE–- A-1 initial
2023-12-24 09:58:45.7125–TRACE–2023/12/24 09:58:45:7190| 0|  COM5| S | CommandID      0| FA57000201
2023-12-24 09:58:45.7505–TRACE–2023/12/24 09:58:45:7505| 0|  COM5| R | CommandID      0| C30D0A
2023-12-24 09:58:50.7294–TRACE–- A-1 進入偵測階段
2023-12-24 09:58:52.0896–TRACE–- A-2 initial
2023-12-24 09:58:52.0896–TRACE–2023/12/24 09:58:52:0918| 0|  COM5| S | CommandID      1| FA57000200
2023-12-24 09:58:52.1035–TRACE–2023/12/24 09:58:52:1035| 0|  COM5| R | CommandID      1| C30D0A
2023-12-24 09:58:57.1030–TRACE–- A-2 進入偵測階段
2023-12-24 09:58:59.3465–TRACE–– Enter A-1 step.
2023-12-24 09:58:59.3530–TRACE–- A-1 initial
2023-12-24 09:58:59.3530–TRACE–2023/12/24 09:58:59:3551| 0|  COM5| S | CommandID      2| FA57000201
2023-12-24 09:58:59.3530–TRACE–2023/12/24 09:58:59:3598| 0|  COM5| R | CommandID      2| C30D0A
2023-12-24 09:59:34.8339–TRACE–– Start Custom script schedule.
2023-12-24 09:59:34.8339–TRACE–- Currently on iteration : 0
2023-12-24 09:59:34.8381–TRACE–– Enter A-0 step.
2023-12-24 09:59:34.8381–TRACE–- A-1 initial
2023-12-24 09:59:34.8381–TRACE–2023/12/24 09:59:34:8437| 0|  COM5| S | CommandID      0| FA57000201
2023-12-24 09:59:34.8760–TRACE–2023/12/24 09:59:34:8760| 0|  COM5| R | CommandID      0| C30D0A
2023-12-24 09:59:39.8550–TRACE–- A-1 進入偵測階段
2023-12-24 09:59:39.8550–TRACE–2023/12/24 09:59:39:8582| 0|  COM5| S | CommandID      1| FA52010401
2023-12-24 09:59:39.8858–TRACE–2023/12/24 09:59:39:8858| 0|  COM5| R | CommandID      1| FA010A0101020304050607080D0A
2023-12-24 09:59:39.8858–TRACE–2023/12/24 09:59:39:8877| 0|  COM5| S | CommandID      2| FA52020401
2023-12-24 09:59:39.9031–TRACE–2023/12/24 09:59:39:9030| 0|  COM5| R | CommandID      2| FA020A0101020304050607080D0A
2023-12-24 09:59:39.9031–TRACE–2023/12/24 09:59:39:9059| 0|  COM5| S | CommandID      3| FA52030401
2023-12-24 09:59:39.9208–TRACE–2023/12/24 09:59:39:9208| 0|  COM5| R | CommandID      3| FA030A0101020304050607080D0A
2023-12-24 09:59:39.9208–TRACE–2023/12/24 09:59:39:9224| 0|  COM5| S | CommandID      4| FA52010101
2023-12-24 09:59:39.9478–TRACE–2023/12/24 09:59:39:9478| 0|  COM5| R | CommandID      4| FA0103640D0A
2023-12-24 09:59:39.9478–TRACE–2023/12/24 09:59:39:9495| 0|  COM5| S | CommandID      5| FA52020101
2023-12-24 09:59:39.9672–TRACE–2023/12/24 09:59:39:9672| 0|  COM5| R | CommandID      5| FA0203000D0A
2023-12-24 09:59:39.9672–TRACE–2023/12/24 09:59:39:9685| 0|  COM5| S | CommandID      6| FA52030101
2023-12-24 09:59:39.9939–TRACE–2023/12/24 09:59:39:9939| 0|  COM5| R | CommandID      6| FA0303640D0A
2023-12-24 09:59:39.9939–TRACE–2023/12/24 09:59:39:9953| 0|  COM5| S | CommandID      7| FA52010402
2023-12-24 09:59:40.0092–TRACE–2023/12/24 09:59:40:0092| 0|  COM5| R | CommandID      7| FA010400850D0A
2023-12-24 09:59:40.0092–TRACE–2023/12/24 09:59:40:0105| 0|  COM5| S | CommandID      8| FA52020402
2023-12-24 09:59:40.0276–TRACE–2023/12/24 09:59:40:0276| 0|  COM5| R | CommandID      8| FA020400890D0A
2023-12-24 09:59:40.0276–TRACE–2023/12/24 09:59:40:0288| 0|  COM5| S | CommandID      9| FA52030402
2023-12-24 09:59:40.0400–TRACE–2023/12/24 09:59:40:0400| 0|  COM5| R | CommandID      9| FA030400870D0A
2023-12-24 09:59:40.0400–TRACE–2023/12/24 09:59:40:0418| 0|  COM5| S | CommandID     10| FA52010403
2023-12-24 09:59:40.0607–TRACE–2023/12/24 09:59:40:0607| 0|  COM5| R | CommandID     10| FA01054355550D0A
2023-12-24 09:59:40.0607–TRACE–2023/12/24 09:59:40:0625| 0|  COM5| S | CommandID     11| FA52020403
2023-12-24 09:59:40.0869–TRACE–2023/12/24 09:59:40:0869| 0|  COM5| R | CommandID     11| FA02054157550D0A
2023-12-24 09:59:40.0869–TRACE–2023/12/24 09:59:40:0884| 0|  COM5| S | CommandID     12| FA52030403
2023-12-24 09:59:40.1039–TRACE–2023/12/24 09:59:40:1038| 0|  COM5| R | CommandID     12| FA03054359550D0A
2023-12-24 09:59:40.1039–TRACE–2023/12/24 09:59:40:1055| 0|  COM5| S | CommandID     13| FA52010404
2023-12-24 09:59:40.1183–TRACE–2023/12/24 09:59:40:1183| 0|  COM5| R | CommandID     13| FA01034B0D0A
2023-12-24 09:59:40.1183–TRACE–2023/12/24 09:59:40:1197| 0|  COM5| S | CommandID     14| FA52020404
2023-12-24 09:59:40.1354–TRACE–2023/12/24 09:59:40:1353| 0|  COM5| R | CommandID     14| FA02034B0D0A
2023-12-24 09:59:40.1354–TRACE–2023/12/24 09:59:40:1369| 0|  COM5| S | CommandID     15| FA52030404
2023-12-24 09:59:40.1716–TRACE–2023/12/24 09:59:40:1716| 0|  COM5| R | CommandID     15| FA03034B0D0A
2023-12-24 09:59:40.1716–TRACE–2023/12/24 09:59:40:1731| 0|  COM5| S | CommandID     16| FA52010405
2023-12-24 09:59:40.1970–TRACE–2023/12/24 09:59:40:1970| 0|  COM5| R | CommandID     16| FA01042B350D0A
2023-12-24 09:59:40.1970–TRACE–2023/12/24 09:59:40:2000| 0|  COM5| S | CommandID     17| FA52020405
2023-12-24 09:59:40.2117–TRACE–2023/12/24 09:59:40:2116| 0|  COM5| R | CommandID     17| FA020415120D0A
2023-12-24 09:59:40.2117–TRACE–2023/12/24 09:59:40:2132| 0|  COM5| S | CommandID     18| FA52030405
2023-12-24 09:59:40.2287–TRACE–2023/12/24 09:59:40:2286| 0|  COM5| R | CommandID     18| FA0304390F0D0A
2023-12-24 09:59:40.2287–TRACE–2023/12/24 09:59:40:2302| 0|  COM5| S | CommandID     19| FA52010501
2023-12-24 09:59:40.2448–TRACE–2023/12/24 09:59:40:2448| 0|  COM5| R | CommandID     19| FA010405340D0A
2023-12-24 09:59:40.2448–TRACE–2023/12/24 09:59:40:2464| 0|  COM5| S | CommandID     20| FA52030501
2023-12-24 09:59:40.2600–TRACE–2023/12/24 09:59:40:2600| 0|  COM5| R | CommandID     20| FA030401240D0A
2023-12-24 09:59:40.2600–TRACE–2023/12/24 09:59:40:2617| 0|  COM5| S | CommandID     21| FA52020501
2023-12-24 09:59:40.2758–TRACE–2023/12/24 09:59:40:2758| 0|  COM5| R | CommandID     21| FA020401480D0A
2023-12-24 09:59:40.2758–TRACE–2023/12/24 09:59:40:2773| 0|  COM5| S | CommandID     22| FA52010601
2023-12-24 09:59:40.2911–TRACE–2023/12/24 09:59:40:2911| 0|  COM5| R | CommandID     22| FA010701010020320D0A
2023-12-24 09:59:40.2911–TRACE–2023/12/24 09:59:40:2930| 0|  COM5| S | CommandID     23| FA52020601
2023-12-24 09:59:40.3097–TRACE–2023/12/24 09:59:40:3097| 0|  COM5| R | CommandID     23| FA020701010020320D0A
2023-12-24 09:59:43.0557–TRACE–2023/12/24 09:59:43:0557| 0|  COM5| S | CommandID     24| FA52010401
2023-12-24 09:59:43.0729–TRACE–2023/12/24 09:59:43:0729| 0|  COM5| R | CommandID     24| FA010A0101020304050607080D0A
2023-12-24 09:59:43.0729–TRACE–2023/12/24 09:59:43:0748| 0|  COM5| S | CommandID     25| FA52020401
2023-12-24 09:59:43.0887–TRACE–2023/12/24 09:59:43:0887| 0|  COM5| R | CommandID     25| FA020A0101020304050607080D0A
2023-12-24 09:59:43.0887–TRACE–2023/12/24 09:59:43:0904| 0|  COM5| S | CommandID     26| FA52030401
2023-12-24 09:59:43.1090–TRACE–2023/12/24 09:59:43:1090| 0|  COM5| R | CommandID     26| FA030A0001020304050607080D0A
2023-12-24 09:59:43.1090–TRACE–2023/12/24 09:59:43:1108| 0|  COM5| S | CommandID     27| FA52010101
2023-12-24 09:59:43.1336–TRACE–2023/12/24 09:59:43:1336| 0|  COM5| R | CommandID     27| FA0103640D0A
2023-12-24 09:59:43.1336–TRACE–2023/12/24 09:59:43:1356| 0|  COM5| S | CommandID     28| FA52020101
2023-12-24 09:59:43.1504–TRACE–2023/12/24 09:59:43:1504| 0|  COM5| R | CommandID     28| FA0203640D0A
2023-12-24 09:59:43.1504–TRACE–2023/12/24 09:59:43:1520| 0|  COM5| S | CommandID     29| FA52030101
2023-12-24 09:59:43.1665–TRACE–2023/12/24 09:59:43:1665| 0|  COM5| R | CommandID     29| FA0303640D0A
2023-12-24 09:59:43.1665–TRACE–2023/12/24 09:59:43:1683| 0|  COM5| S | CommandID     30| FA52010402
2023-12-24 09:59:43.1842–TRACE–2023/12/24 09:59:43:1842| 0|  COM5| R | CommandID     30| FA010400850D0A
2023-12-24 09:59:43.1842–TRACE–2023/12/24 09:59:43:1859| 0|  COM5| S | CommandID     31| FA52020402
2023-12-24 09:59:43.1978–TRACE–2023/12/24 09:59:43:1978| 0|  COM5| R | CommandID     31| FA020400890D0A
2023-12-24 09:59:43.1978–TRACE–2023/12/24 09:59:43:2082| 0|  COM5| S | CommandID     32| FA52030402
2023-12-24 09:59:43.2360–TRACE–2023/12/24 09:59:43:2360| 0|  COM5| R | CommandID     32| FA030400890D0A
2023-12-24 09:59:43.2360–TRACE–2023/12/24 09:59:43:2378| 0|  COM5| S | CommandID     33| FA52010403
2023-12-24 09:59:43.2631–TRACE–2023/12/24 09:59:43:2631| 0|  COM5| R | CommandID     33| FA01054557550D0A
2023-12-24 09:59:43.2631–TRACE–2023/12/24 09:59:43:2648| 0|  COM5| S | CommandID     34| FA52020403
2023-12-24 09:59:43.2942–TRACE–2023/12/24 09:59:43:2942| 0|  COM5| R | CommandID     34| FA02054355550D0A
2023-12-24 09:59:43.2942–TRACE–2023/12/24 09:59:43:2960| 0|  COM5| S | CommandID     35| FA52030403
2023-12-24 09:59:43.3226–TRACE–2023/12/24 09:59:43:3226| 0|  COM5| R | CommandID     35| FA03054355550D0A
2023-12-24 09:59:43.3226–TRACE–2023/12/24 09:59:43:3253| 0|  COM5| S | CommandID     36| FA52010404
2023-12-24 09:59:43.3404–TRACE–2023/12/24 09:59:43:3404| 0|  COM5| R | CommandID     36| FA01035F0D0A
2023-12-24 09:59:43.3404–TRACE–2023/12/24 09:59:43:3423| 0|  COM5| S | CommandID     37| FA52020404
2023-12-24 09:59:43.3702–TRACE–2023/12/24 09:59:43:3702| 0|  COM5| R | CommandID     37| FA02034B0D0A
2023-12-24 09:59:43.3702–TRACE–2023/12/24 09:59:43:3722| 0|  COM5| S | CommandID     38| FA52030404
2023-12-24 09:59:43.3851–TRACE–2023/12/24 09:59:43:3851| 0|  COM5| R | CommandID     38| FA03034B0D0A
2023-12-24 09:59:43.3851–TRACE–2023/12/24 09:59:43:3868| 0|  COM5| S | CommandID     39| FA52010405
2023-12-24 09:59:43.4012–TRACE–2023/12/24 09:59:43:4012| 0|  COM5| R | CommandID     39| FA010419490D0A
2023-12-24 09:59:43.4012–TRACE–2023/12/24 09:59:43:4032| 0|  COM5| S | CommandID     40| FA52020405
2023-12-24 09:59:43.4337–TRACE–2023/12/24 09:59:43:4337| 0|  COM5| R | CommandID     40| FA02040B260D0A
2023-12-24 09:59:43.4337–TRACE–2023/12/24 09:59:43:4357| 0|  COM5| S | CommandID     41| FA52030405
2023-12-24 09:59:43.4627–TRACE–2023/12/24 09:59:43:4627| 0|  COM5| R | CommandID     41| FA03041C250D0A
2023-12-24 09:59:43.4627–TRACE–2023/12/24 09:59:43:4645| 0|  COM5| S | CommandID     42| FA52010501
2023-12-24 09:59:43.4777–TRACE–2023/12/24 09:59:43:4777| 0|  COM5| R | CommandID     42| FA010401400D0A
2023-12-24 09:59:43.4777–TRACE–2023/12/24 09:59:43:4798| 0|  COM5| S | CommandID     43| FA52030501
2023-12-24 09:59:43.4956–TRACE–2023/12/24 09:59:43:4956| 0|  COM5| R | CommandID     43| FA0304011C0D0A
2023-12-24 09:59:43.4956–TRACE–2023/12/24 09:59:43:4975| 0|  COM5| S | CommandID     44| FA52020501
2023-12-24 09:59:43.5244–TRACE–2023/12/24 09:59:43:5244| 0|  COM5| R | CommandID     44| FA020401380D0A
2023-12-24 09:59:43.5244–TRACE–2023/12/24 09:59:43:5264| 0|  COM5| S | CommandID     45| FA52010601
2023-12-24 09:59:43.5414–TRACE–2023/12/24 09:59:43:5413| 0|  COM5| R | CommandID     45| FA010701010020320D0A
2023-12-24 09:59:43.5414–TRACE–2023/12/24 09:59:43:5433| 0|  COM5| S | CommandID     46| FA52020601
2023-12-24 09:59:43.5573–TRACE–2023/12/24 09:59:43:5573| 0|  COM5| R | CommandID     46| FA020701010020320D0A
2023-12-24 09:59:46.1060–TRACE–2023/12/24 09:59:46:1059| 0|  COM5| S | CommandID     47| FA52010401
2023-12-24 09:59:46.1201–TRACE–2023/12/24 09:59:46:1200| 0|  COM5| R | CommandID     47| FA010A0101020304050607080D0A
2023-12-24 09:59:46.1201–TRACE–2023/12/24 09:59:46:1227| 0|  COM5| S | CommandID     48| FA52020401
2023-12-24 09:59:46.1500–TRACE–2023/12/24 09:59:46:1500| 0|  COM5| R | CommandID     48| FA020A0101020304050607080D0A
2023-12-24 09:59:46.1500–TRACE–2023/12/24 09:59:46:1523| 0|  COM5| S | CommandID     49| FA52030401
2023-12-24 09:59:46.1664–TRACE–2023/12/24 09:59:46:1664| 0|  COM5| R | CommandID     49| FA030A0101020304050607080D0A
2023-12-24 09:59:46.1664–TRACE–2023/12/24 09:59:46:1686| 0|  COM5| S | CommandID     50| FA52010101
2023-12-24 09:59:46.1812–TRACE–2023/12/24 09:59:46:1812| 0|  COM5| R | CommandID     50| FA0103640D0A
2023-12-24 09:59:46.1812–TRACE–2023/12/24 09:59:46:1837| 0|  COM5| S | CommandID     51| FA52020101
2023-12-24 09:59:46.1990–TRACE–2023/12/24 09:59:46:1990| 0|  COM5| R | CommandID     51| FA0203640D0A
2023-12-24 09:59:46.1990–TRACE–2023/12/24 09:59:46:2010| 0|  COM5| S | CommandID     52| FA52030101
2023-12-24 09:59:46.2129–TRACE–2023/12/24 09:59:46:2129| 0|  COM5| R | CommandID     52| FA0303640D0A
2023-12-24 09:59:46.2129–TRACE–2023/12/24 09:59:46:2149| 0|  COM5| S | CommandID     53| FA52010402
2023-12-24 09:59:46.2314–TRACE–2023/12/24 09:59:46:2314| 0|  COM5| R | CommandID     53| FA010400850D0A
2023-12-24 09:59:46.2448–TRACE–2023/12/24 09:59:46:2448| 0|  COM5| S | CommandID     54| FA52020402
2023-12-24 09:59:46.2759–TRACE–2023/12/24 09:59:46:2759| 0|  COM5| R | CommandID     54| FA020400890D0A
2023-12-24 09:59:46.2759–TRACE–2023/12/24 09:59:46:2782| 0|  COM5| S | CommandID     55| FA52030402
2023-12-24 09:59:46.2905–TRACE–2023/12/24 09:59:46:2904| 0|  COM5| R | CommandID     55| FA030400870D0A
2023-12-24 09:59:46.2905–TRACE–2023/12/24 09:59:46:2928| 0|  COM5| S | CommandID     56| FA52010403
2023-12-24 09:59:46.3054–TRACE–2023/12/24 09:59:46:3054| 0|  COM5| R | CommandID     56| FA01054559550D0A
2023-12-24 09:59:46.3054–TRACE–2023/12/24 09:59:46:3077| 0|  COM5| S | CommandID     57| FA52020403
2023-12-24 09:59:46.3262–TRACE–2023/12/24 09:59:46:3262| 0|  COM5| R | CommandID     57| FA02054355550D0A
2023-12-24 09:59:46.3262–TRACE–2023/12/24 09:59:46:3286| 0|  COM5| S | CommandID     58| FA52030403
2023-12-24 09:59:46.3533–TRACE–2023/12/24 09:59:46:3533| 0|  COM5| R | CommandID     58| FA03054359550D0A
2023-12-24 09:59:46.3533–TRACE–2023/12/24 09:59:46:3556| 0|  COM5| S | CommandID     59| FA52010404
2023-12-24 09:59:46.3693–TRACE–2023/12/24 09:59:46:3693| 0|  COM5| R | CommandID     59| FA01034B0D0A
2023-12-24 09:59:46.3693–TRACE–2023/12/24 09:59:46:3716| 0|  COM5| S | CommandID     60| FA52020404
2023-12-24 09:59:46.3851–TRACE–2023/12/24 09:59:46:3851| 0|  COM5| R | CommandID     60| FA02034B0D0A
2023-12-24 09:59:46.3851–TRACE–2023/12/24 09:59:46:3893| 0|  COM5| S | CommandID     61| FA52030404
2023-12-24 09:59:46.4211–TRACE–2023/12/24 09:59:46:4211| 0|  COM5| R | CommandID     61| FA03035F0D0A
2023-12-24 09:59:46.4211–TRACE–2023/12/24 09:59:46:4233| 0|  COM5| S | CommandID     62| FA52010405
2023-12-24 09:59:46.4480–TRACE–2023/12/24 09:59:46:4480| 0|  COM5| R | CommandID     62| FA01042D4B0D0A
2023-12-24 09:59:46.4480–TRACE–2023/12/24 09:59:46:4504| 0|  COM5| S | CommandID     63| FA52020405
2023-12-24 09:59:46.4630–TRACE–2023/12/24 09:59:46:4630| 0|  COM5| R | CommandID     63| FA02043C3A0D0A
2023-12-24 09:59:46.4630–TRACE–2023/12/24 09:59:46:4660| 0|  COM5| S | CommandID     64| FA52030405
2023-12-24 09:59:46.4822–TRACE–2023/12/24 09:59:46:4821| 0|  COM5| R | CommandID     64| FA03044F220D0A
2023-12-24 09:59:46.4822–TRACE–2023/12/24 09:59:46:4843| 0|  COM5| S | CommandID     65| FA52010501
2023-12-24 09:59:46.5120–TRACE–2023/12/24 09:59:46:5119| 0|  COM5| R | CommandID     65| FA0104013C0D0A
2023-12-24 09:59:46.5120–TRACE–2023/12/24 09:59:46:5150| 0|  COM5| S | CommandID     66| FA52030501
2023-12-24 09:59:46.5417–TRACE–2023/12/24 09:59:46:5417| 0|  COM5| R | CommandID     66| FA030401180D0A
2023-12-24 09:59:46.5417–TRACE–2023/12/24 09:59:46:5453| 0|  COM5| S | CommandID     67| FA52020501
2023-12-24 09:59:46.5726–TRACE–2023/12/24 09:59:46:5726| 0|  COM5| R | CommandID     67| FA020401300D0A
2023-12-24 09:59:46.5726–TRACE–2023/12/24 09:59:46:5751| 0|  COM5| S | CommandID     68| FA52010601
2023-12-24 09:59:46.5868–TRACE–2023/12/24 09:59:46:5868| 0|  COM5| R | CommandID     68| FA010701010020320D0A
2023-12-24 09:59:46.5868–TRACE–2023/12/24 09:59:46:5890| 0|  COM5| S | CommandID     69| FA52020601
2023-12-24 09:59:46.6070–TRACE–2023/12/24 09:59:46:6070| 0|  COM5| R | CommandID     69| FA020701010020320D0A
2023-12-24 09:59:49.1616–TRACE–2023/12/24 09:59:49:1615| 0|  COM5| S | CommandID     70| FA52010401
2023-12-24 09:59:49.1844–TRACE–2023/12/24 09:59:49:1843| 0|  COM5| R | CommandID     70| FA010A0101020304050607080D0A
2023-12-24 09:59:49.1844–TRACE–2023/12/24 09:59:49:1881| 0|  COM5| S | CommandID     71| FA52020401
2023-12-24 09:59:49.2167–TRACE–2023/12/24 09:59:49:2166| 0|  COM5| R | CommandID     71| FA020A0101020304050607080D0A
2023-12-24 09:59:49.2167–TRACE–2023/12/24 09:59:49:2194| 0|  COM5| S | CommandID     72| FA52030401
2023-12-24 09:59:49.2440–TRACE–2023/12/24 09:59:49:2440| 0|  COM5| R | CommandID     72| FA030A0101020304050607080D0A
2023-12-24 09:59:49.2440–TRACE–2023/12/24 09:59:49:2532| 0|  COM5| S | CommandID     73| FA52010101
2023-12-24 09:59:49.2814–TRACE–2023/12/24 09:59:49:2813| 0|  COM5| R | CommandID     73| FA0103640D0A
2023-12-24 09:59:49.2814–TRACE–2023/12/24 09:59:49:2838| 0|  COM5| S | CommandID     74| FA52020101
2023-12-24 09:59:49.3098–TRACE–2023/12/24 09:59:49:3098| 0|  COM5| R | CommandID     74| FA0203640D0A
2023-12-24 09:59:49.3098–TRACE–2023/12/24 09:59:49:3122| 0|  COM5| S | CommandID     75| FA52030101
2023-12-24 09:59:49.3375–TRACE–2023/12/24 09:59:49:3375| 0|  COM5| R | CommandID     75| FA0303640D0A
2023-12-24 09:59:49.3375–TRACE–2023/12/24 09:59:49:3399| 0|  COM5| S | CommandID     76| FA52010402
2023-12-24 09:59:49.3536–TRACE–2023/12/24 09:59:49:3536| 0|  COM5| R | CommandID     76| FA010400870D0A
2023-12-24 09:59:49.3536–TRACE–2023/12/24 09:59:49:3558| 0|  COM5| S | CommandID     77| FA52020402
2023-12-24 09:59:49.3687–TRACE–2023/12/24 09:59:49:3687| 0|  COM5| R | CommandID     77| FA020400850D0A
2023-12-24 09:59:49.3687–TRACE–2023/12/24 09:59:49:3711| 0|  COM5| S | CommandID     78| FA52030402
2023-12-24 09:59:49.3874–TRACE–2023/12/24 09:59:49:3874| 0|  COM5| R | CommandID     78| FA030400870D0A
2023-12-24 09:59:49.3874–TRACE–2023/12/24 09:59:49:3898| 0|  COM5| S | CommandID     79| FA52010403
2023-12-24 09:59:49.4227–TRACE–2023/12/24 09:59:49:4227| 0|  COM5| R | CommandID     79| FA01054357550D0A
2023-12-24 09:59:49.4227–TRACE–2023/12/24 09:59:49:4257| 0|  COM5| S | CommandID     80| FA52020403
2023-12-24 09:59:49.4461–TRACE–2023/12/24 09:59:49:4461| 0|  COM5| R | CommandID     80| FA02054157550D0A
2023-12-24 09:59:49.4461–TRACE–2023/12/24 09:59:49:4487| 0|  COM5| S | CommandID     81| FA52030403
2023-12-24 09:59:49.4622–TRACE–2023/12/24 09:59:49:4621| 0|  COM5| R | CommandID     81| FA03054357550D0A
2023-12-24 09:59:49.4622–TRACE–2023/12/24 09:59:49:4649| 0|  COM5| S | CommandID     82| FA52010404
2023-12-24 09:59:49.4942–TRACE–2023/12/24 09:59:49:4942| 0|  COM5| R | CommandID     82| FA01034B0D0A
2023-12-24 09:59:49.4942–TRACE–2023/12/24 09:59:49:4967| 0|  COM5| S | CommandID     83| FA52020404
2023-12-24 09:59:49.5105–TRACE–2023/12/24 09:59:49:5105| 0|  COM5| R | CommandID     83| FA02034B0D0A
2023-12-24 09:59:49.5105–TRACE–2023/12/24 09:59:49:5131| 0|  COM5| S | CommandID     84| FA52030404
2023-12-24 09:59:49.5407–TRACE–2023/12/24 09:59:49:5407| 0|  COM5| R | CommandID     84| FA03034B0D0A
2023-12-24 09:59:49.5407–TRACE–2023/12/24 09:59:49:5435| 0|  COM5| S | CommandID     85| FA52010405
2023-12-24 09:59:49.5767–TRACE–2023/12/24 09:59:49:5767| 0|  COM5| R | CommandID     85| FA0104283C0D0A
2023-12-24 09:59:49.5767–TRACE–2023/12/24 09:59:49:5797| 0|  COM5| S | CommandID     86| FA52020405
2023-12-24 09:59:49.6028–TRACE–2023/12/24 09:59:49:6028| 0|  COM5| R | CommandID     86| FA02040B2C0D0A
2023-12-24 09:59:49.6028–TRACE–2023/12/24 09:59:49:6054| 0|  COM5| S | CommandID     87| FA52030405
2023-12-24 09:59:49.6185–TRACE–2023/12/24 09:59:49:6185| 0|  COM5| R | CommandID     87| FA0304423F0D0A
2023-12-24 09:59:49.6185–TRACE–2023/12/24 09:59:49:6212| 0|  COM5| S | CommandID     88| FA52010501
2023-12-24 09:59:49.6369–TRACE–2023/12/24 09:59:49:6369| 0|  COM5| R | CommandID     88| FA010401440D0A
2023-12-24 09:59:49.6369–TRACE–2023/12/24 09:59:49:6415| 0|  COM5| S | CommandID     89| FA52030501
2023-12-24 09:59:49.6685–TRACE–2023/12/24 09:59:49:6685| 0|  COM5| R | CommandID     89| FA030401400D0A
2023-12-24 09:59:49.6685–TRACE–2023/12/24 09:59:49:6711| 0|  COM5| S | CommandID     90| FA52020501
2023-12-24 09:59:49.6965–TRACE–2023/12/24 09:59:49:6965| 0|  COM5| R | CommandID     90| FA0204013C0D0A
2023-12-24 09:59:49.6965–TRACE–2023/12/24 09:59:49:7007| 0|  COM5| S | CommandID     91| FA52010601
2023-12-24 09:59:49.7160–TRACE–2023/12/24 09:59:49:7160| 0|  COM5| R | CommandID     91| FA010701010020320D0A
2023-12-24 09:59:49.7160–TRACE–2023/12/24 09:59:49:7185| 0|  COM5| S | CommandID     92| FA52020601
2023-12-24 09:59:49.7444–TRACE–2023/12/24 09:59:49:7444| 0|  COM5| R | CommandID     92| FA020701010020320D0A
2023-12-24 09:59:52.2290–TRACE–2023/12/24 09:59:52:2290| 0|  COM5| S | CommandID     93| FA52010401
2023-12-24 09:59:52.2443–TRACE–2023/12/24 09:59:52:2443| 0|  COM5| R | CommandID     93| FA010A0101020304050607080D0A
2023-12-24 09:59:52.2443–TRACE–2023/12/24 09:59:52:2468| 0|  COM5| S | CommandID     94| FA52020401
2023-12-24 09:59:52.2604–TRACE–2023/12/24 09:59:52:2604| 0|  COM5| R | CommandID     94| FA020A0101020304050607080D0A
2023-12-24 09:59:52.2604–TRACE–2023/12/24 09:59:52:2703| 0|  COM5| S | CommandID     95| FA52030401
2023-12-24 09:59:52.3014–TRACE–2023/12/24 09:59:52:3014| 0|  COM5| R | CommandID     95| FA030A0101020304050607080D0A
2023-12-24 09:59:52.3014–TRACE–2023/12/24 09:59:52:3041| 0|  COM5| S | CommandID     96| FA52010101
2023-12-24 09:59:52.3282–TRACE–2023/12/24 09:59:52:3282| 0|  COM5| R | CommandID     96| FA0103640D0A
2023-12-24 09:59:52.3282–TRACE–2023/12/24 09:59:52:3309| 0|  COM5| S | CommandID     97| FA52020101
2023-12-24 09:59:52.3562–TRACE–2023/12/24 09:59:52:3562| 0|  COM5| R | CommandID     97| FA0203640D0A
2023-12-24 09:59:52.3562–TRACE–2023/12/24 09:59:52:3609| 0|  COM5| S | CommandID     98| FA52030101
2023-12-24 09:59:52.3863–TRACE–2023/12/24 09:59:52:3863| 0|  COM5| R | CommandID     98| FA0303640D0A
2023-12-24 09:59:52.3863–TRACE–2023/12/24 09:59:52:3889| 0|  COM5| S | CommandID     99| FA52010402
2023-12-24 09:59:52.4153–TRACE–2023/12/24 09:59:52:4152| 0|  COM5| R | CommandID     99| FA010400850D0A
2023-12-24 09:59:52.4153–TRACE–2023/12/24 09:59:52:4179| 0|  COM5| S | CommandID    100| FA52020402
2023-12-24 09:59:52.4496–TRACE–2023/12/24 09:59:52:4496| 0|  COM5| R | CommandID    100| FA020400870D0A
2023-12-24 09:59:52.4496–TRACE–2023/12/24 09:59:52:4522| 0|  COM5| S | CommandID    101| FA52030402
2023-12-24 09:59:52.4772–TRACE–2023/12/24 09:59:52:4772| 0|  COM5| R | CommandID    101| FA030400870D0A
2023-12-24 09:59:52.4772–TRACE–2023/12/24 09:59:52:4800| 0|  COM5| S | CommandID    102| FA52010403
2023-12-24 09:59:52.4943–TRACE–2023/12/24 09:59:52:4943| 0|  COM5| R | CommandID    102| FA01054559550D0A
2023-12-24 09:59:52.4943–TRACE–2023/12/24 09:59:52:4969| 0|  COM5| S | CommandID    103| FA52020403
2023-12-24 09:59:52.5152–TRACE–2023/12/24 09:59:52:5152| 0|  COM5| R | CommandID    103| FA02054557550D0A
2023-12-24 09:59:52.5152–TRACE–2023/12/24 09:59:52:5182| 0|  COM5| S | CommandID    104| FA52030403
2023-12-24 09:59:52.5451–TRACE–2023/12/24 09:59:52:5451| 0|  COM5| R | CommandID    104| FA03054555550D0A
2023-12-24 09:59:52.5451–TRACE–2023/12/24 09:59:52:5479| 0|  COM5| S | CommandID    105| FA52010404
2023-12-24 09:59:52.5765–TRACE–2023/12/24 09:59:52:5765| 0|  COM5| R | CommandID    105| FA01034B0D0A
2023-12-24 09:59:52.5765–TRACE–2023/12/24 09:59:52:5793| 0|  COM5| S | CommandID    106| FA52020404
2023-12-24 09:59:52.6038–TRACE–2023/12/24 09:59:52:6038| 0|  COM5| R | CommandID    106| FA02034B0D0A
2023-12-24 09:59:52.6038–TRACE–2023/12/24 09:59:52:6070| 0|  COM5| S | CommandID    107| FA52030404
2023-12-24 09:59:52.6200–TRACE–2023/12/24 09:59:52:6200| 0|  COM5| R | CommandID    107| FA03034B0D0A
2023-12-24 09:59:52.6200–TRACE–2023/12/24 09:59:52:6226| 0|  COM5| S | CommandID    108| FA52010405
2023-12-24 09:59:52.6517–TRACE–2023/12/24 09:59:52:6517| 0|  COM5| R | CommandID    108| FA01040A470D0A
2023-12-24 09:59:52.6517–TRACE–2023/12/24 09:59:52:6547| 0|  COM5| S | CommandID    109| FA52020405
2023-12-24 09:59:52.6807–TRACE–2023/12/24 09:59:52:6807| 0|  COM5| R | CommandID    109| FA02040B480D0A
2023-12-24 09:59:52.6807–TRACE–2023/12/24 09:59:52:6838| 0|  COM5| S | CommandID    110| FA52030405
2023-12-24 09:59:52.6979–TRACE–2023/12/24 09:59:52:6979| 0|  COM5| R | CommandID    110| FA0304340A0D0A
2023-12-24 09:59:52.6979–TRACE–2023/12/24 09:59:52:7011| 0|  COM5| S | CommandID    111| FA52010501
2023-12-24 09:59:52.7290–TRACE–2023/12/24 09:59:52:7290| 0|  COM5| R | CommandID    111| FA010401240D0A
2023-12-24 09:59:52.7290–TRACE–2023/12/24 09:59:52:7319| 0|  COM5| S | CommandID    112| FA52030501
2023-12-24 09:59:52.7599–TRACE–2023/12/24 09:59:52:7599| 0|  COM5| R | CommandID    112| FA030401380D0A
2023-12-24 09:59:52.7599–TRACE–2023/12/24 09:59:52:7635| 0|  COM5| S | CommandID    113| FA52020501
2023-12-24 09:59:52.7926–TRACE–2023/12/24 09:59:52:7926| 0|  COM5| R | CommandID    113| FA020405140D0A
2023-12-24 09:59:52.7926–TRACE–2023/12/24 09:59:52:7956| 0|  COM5| S | CommandID    114| FA52010601
2023-12-24 09:59:52.8223–TRACE–2023/12/24 09:59:52:8223| 0|  COM5| R | CommandID    114| FA010701010020320D0A
2023-12-24 09:59:52.8223–TRACE–2023/12/24 09:59:52:8254| 0|  COM5| S | CommandID    115| FA52020601
2023-12-24 09:59:52.8429–TRACE–2023/12/24 09:59:52:8429| 0|  COM5| R | CommandID    115| FA02070101000A320D0A
2023-12-24 09:59:55.2753–TRACE–2023/12/24 09:59:55:2753| 0|  COM5| S | CommandID    116| FA52010401
2023-12-24 09:59:55.2911–TRACE–2023/12/24 09:59:55:2911| 0|  COM5| R | CommandID    116| FA010A0101020304050607080D0A
2023-12-24 09:59:55.2911–TRACE–2023/12/24 09:59:55:2943| 0|  COM5| S | CommandID    117| FA52020401
2023-12-24 09:59:55.3219–TRACE–2023/12/24 09:59:55:3219| 0|  COM5| R | CommandID    117| FA020A0101020304050607080D0A
2023-12-24 09:59:55.3219–TRACE–2023/12/24 09:59:55:3253| 0|  COM5| S | CommandID    118| FA52030401
2023-12-24 09:59:55.3531–TRACE–2023/12/24 09:59:55:3531| 0|  COM5| R | CommandID    118| FA030A0101020304050607080D0A
2023-12-24 09:59:55.3531–TRACE–2023/12/24 09:59:55:3561| 0|  COM5| S | CommandID    119| FA52010101
2023-12-24 09:59:55.3837–TRACE–2023/12/24 09:59:55:3837| 0|  COM5| R | CommandID    119| FA0103640D0A
2023-12-24 09:59:55.3837–TRACE–2023/12/24 09:59:55:3867| 0|  COM5| S | CommandID    120| FA52020101
2023-12-24 09:59:55.4001–TRACE–2023/12/24 09:59:55:4001| 0|  COM5| R | CommandID    120| FA0203640D0A
2023-12-24 09:59:55.4001–TRACE–2023/12/24 09:59:55:4032| 0|  COM5| S | CommandID    121| FA52030101
2023-12-24 09:59:55.4174–TRACE–2023/12/24 09:59:55:4174| 0|  COM5| R | CommandID    121| FA0303640D0A
2023-12-24 09:59:55.4174–TRACE–2023/12/24 09:59:55:4207| 0|  COM5| S | CommandID    122| FA52010402
2023-12-24 09:59:55.4467–TRACE–2023/12/24 09:59:55:4467| 0|  COM5| R | CommandID    122| FA010400870D0A
2023-12-24 09:59:55.4467–TRACE–2023/12/24 09:59:55:4499| 0|  COM5| S | CommandID    123| FA52020402
2023-12-24 09:59:55.4633–TRACE–2023/12/24 09:59:55:4633| 0|  COM5| R | CommandID    123| FA020400870D0A
2023-12-24 09:59:55.4633–TRACE–2023/12/24 09:59:55:4753| 0|  COM5| S | CommandID    124| FA52030402
2023-12-24 09:59:55.4945–TRACE–2023/12/24 09:59:55:4945| 0|  COM5| R | CommandID    124| FA030400850D0A
2023-12-24 09:59:55.4945–TRACE–2023/12/24 09:59:55:4974| 0|  COM5| S | CommandID    125| FA52010403
2023-12-24 09:59:55.5124–TRACE–2023/12/24 09:59:55:5124| 0|  COM5| R | CommandID    125| FA01054155550D0A
2023-12-24 09:59:55.5124–TRACE–2023/12/24 09:59:55:5163| 0|  COM5| S | CommandID    126| FA52020403
2023-12-24 09:59:55.5413–TRACE–2023/12/24 09:59:55:5413| 0|  COM5| R | CommandID    126| FA02054359550D0A
2023-12-24 09:59:55.5413–TRACE–2023/12/24 09:59:55:5446| 0|  COM5| S | CommandID    127| FA52030403
2023-12-24 09:59:55.5583–TRACE–2023/12/24 09:59:55:5583| 0|  COM5| R | CommandID    127| FA03054357550D0A
2023-12-24 09:59:55.5583–TRACE–2023/12/24 09:59:55:5612| 0|  COM5| S | CommandID    128| FA52010404
2023-12-24 09:59:55.5868–TRACE–2023/12/24 09:59:55:5868| 0|  COM5| R | CommandID    128| FA01034B0D0A
2023-12-24 09:59:55.5868–TRACE–2023/12/24 09:59:55:5900| 0|  COM5| S | CommandID    129| FA52020404
2023-12-24 09:59:55.6039–TRACE–2023/12/24 09:59:55:6039| 0|  COM5| R | CommandID    129| FA02034B0D0A
2023-12-24 09:59:55.6039–TRACE–2023/12/24 09:59:55:6072| 0|  COM5| S | CommandID    130| FA52030404
2023-12-24 09:59:55.6338–TRACE–2023/12/24 09:59:55:6338| 0|  COM5| R | CommandID    130| FA03034B0D0A
2023-12-24 09:59:55.6338–TRACE–2023/12/24 09:59:55:6370| 0|  COM5| S | CommandID    131| FA52010405
2023-12-24 09:59:55.6504–TRACE–2023/12/24 09:59:55:6503| 0|  COM5| R | CommandID    131| FA010414100D0A
2023-12-24 09:59:55.6504–TRACE–2023/12/24 09:59:55:6537| 0|  COM5| S | CommandID    132| FA52020405
2023-12-24 09:59:55.6666–TRACE–2023/12/24 09:59:55:6666| 0|  COM5| R | CommandID    132| FA02042D430D0A
2023-12-24 09:59:55.6666–TRACE–2023/12/24 09:59:55:6699| 0|  COM5| S | CommandID    133| FA52030405
2023-12-24 09:59:55.7046–TRACE–2023/12/24 09:59:55:7046| 0|  COM5| R | CommandID    133| FA030424300D0A
2023-12-24 09:59:55.7046–TRACE–2023/12/24 09:59:55:7083| 0|  COM5| S | CommandID    134| FA52010501
2023-12-24 09:59:55.7342–TRACE–2023/12/24 09:59:55:7342| 0|  COM5| R | CommandID    134| FA010401540D0A
2023-12-24 09:59:55.7342–TRACE–2023/12/24 09:59:55:7391| 0|  COM5| S | CommandID    135| FA52030501
2023-12-24 09:59:55.7650–TRACE–2023/12/24 09:59:55:7650| 0|  COM5| R | CommandID    135| FA030401300D0A
2023-12-24 09:59:55.7650–TRACE–2023/12/24 09:59:55:7686| 0|  COM5| S | CommandID    136| FA52020501
2023-12-24 09:59:55.7914–TRACE–2023/12/24 09:59:55:7914| 0|  COM5| R | CommandID    136| FA020401040D0A
2023-12-24 09:59:55.7914–TRACE–2023/12/24 09:59:55:7950| 0|  COM5| S | CommandID    137| FA52010601
2023-12-24 09:59:55.8084–TRACE–2023/12/24 09:59:55:8084| 0|  COM5| R | CommandID    137| FA010701010020320D0A
2023-12-24 09:59:55.8084–TRACE–2023/12/24 09:59:55:8116| 0|  COM5| S | CommandID    138| FA52020601
2023-12-24 09:59:55.8410–TRACE–2023/12/24 09:59:55:8410| 0|  COM5| R | CommandID    138| FA020701010020320D0A
2023-12-24 09:59:58.3445–TRACE–2023/12/24 09:59:58:3445| 0|  COM5| S | CommandID    139| FA52010401
2023-12-24 09:59:58.3722–TRACE–2023/12/24 09:59:58:3722| 0|  COM5| R | CommandID    139| FA010A0101020304050607080D0A
2023-12-24 09:59:58.3722–TRACE–2023/12/24 09:59:58:3765| 0|  COM5| S | CommandID    140| FA52020401
2023-12-24 09:59:58.4053–TRACE–2023/12/24 09:59:58:4053| 0|  COM5| R | CommandID    140| FA020A0101020304050607080D0A
2023-12-24 09:59:58.4053–TRACE–2023/12/24 09:59:58:4091| 0|  COM5| S | CommandID    141| FA52030401
2023-12-24 09:59:58.4310–TRACE–2023/12/24 09:59:58:4310| 0|  COM5| R | CommandID    141| FA030A0101020304050607080D0A
2023-12-24 09:59:58.4310–TRACE–2023/12/24 09:59:58:4351| 0|  COM5| S | CommandID    142| FA52010101
2023-12-24 09:59:58.4632–TRACE–2023/12/24 09:59:58:4632| 0|  COM5| R | CommandID    142| FA0103640D0A
2023-12-24 09:59:58.4632–TRACE–2023/12/24 09:59:58:4669| 0|  COM5| S | CommandID    143| FA52020101
2023-12-24 09:59:58.4928–TRACE–2023/12/24 09:59:58:4928| 0|  COM5| R | CommandID    143| FA0203640D0A
2023-12-24 09:59:58.4928–TRACE–2023/12/24 09:59:58:4962| 0|  COM5| S | CommandID    144| FA52030101
2023-12-24 09:59:58.5264–TRACE–2023/12/24 09:59:58:5264| 0|  COM5| R | CommandID    144| FA0303640D0A
2023-12-24 09:59:58.5264–TRACE–2023/12/24 09:59:58:5298| 0|  COM5| S | CommandID    145| FA52010402
2023-12-24 09:59:58.5591–TRACE–2023/12/24 09:59:58:5591| 0|  COM5| R | CommandID    145| FA010400870D0A
2023-12-24 09:59:58.5591–TRACE–2023/12/24 09:59:58:5622| 0|  COM5| S | CommandID    146| FA52020402
2023-12-24 09:59:58.5915–TRACE–2023/12/24 09:59:58:5915| 0|  COM5| R | CommandID    146| FA020400890D0A
2023-12-24 09:59:58.5915–TRACE–2023/12/24 09:59:58:5951| 0|  COM5| S | CommandID    147| FA52030402
2023-12-24 09:59:58.6211–TRACE–2023/12/24 09:59:58:6211| 0|  COM5| R | CommandID    147| FA030400870D0A
2023-12-24 09:59:58.6211–TRACE–2023/12/24 09:59:58:6246| 0|  COM5| S | CommandID    148| FA52010403
2023-12-24 09:59:58.6500–TRACE–2023/12/24 09:59:58:6500| 0|  COM5| R | CommandID    148| FA01054155550D0A
2023-12-24 09:59:58.6500–TRACE–2023/12/24 09:59:58:6536| 0|  COM5| S | CommandID    149| FA52020403
2023-12-24 09:59:58.6841–TRACE–2023/12/24 09:59:58:6840| 0|  COM5| R | CommandID    149| FA02054357550D0A
2023-12-24 09:59:58.6841–TRACE–2023/12/24 09:59:58:6874| 0|  COM5| S | CommandID    150| FA52030403
2023-12-24 09:59:58.7168–TRACE–2023/12/24 09:59:58:7168| 0|  COM5| R | CommandID    150| FA03054559550D0A
2023-12-24 09:59:58.7168–TRACE–2023/12/24 09:59:58:7202| 0|  COM5| S | CommandID    151| FA52010404
2023-12-24 09:59:58.7464–TRACE–2023/12/24 09:59:58:7464| 0|  COM5| R | CommandID    151| FA01034B0D0A
2023-12-24 09:59:58.7464–TRACE–2023/12/24 09:59:58:7499| 0|  COM5| S | CommandID    152| FA52020404
2023-12-24 09:59:58.7758–TRACE–2023/12/24 09:59:58:7758| 0|  COM5| R | CommandID    152| FA02034B0D0A
2023-12-24 09:59:58.7758–TRACE–2023/12/24 09:59:58:7794| 0|  COM5| S | CommandID    153| FA52030404
2023-12-24 09:59:58.8130–TRACE–2023/12/24 09:59:58:8130| 0|  COM5| R | CommandID    153| FA03034B0D0A
2023-12-24 09:59:58.8130–TRACE–2023/12/24 09:59:58:8168| 0|  COM5| S | CommandID    154| FA52010405
2023-12-24 09:59:58.8398–TRACE–2023/12/24 09:59:58:8398| 0|  COM5| R | CommandID    154| FA0104241E0D0A
2023-12-24 09:59:58.8398–TRACE–2023/12/24 09:59:58:8433| 0|  COM5| S | CommandID    155| FA52020405
2023-12-24 09:59:58.8705–TRACE–2023/12/24 09:59:58:8705| 0|  COM5| R | CommandID    155| FA02044A4F0D0A
2023-12-24 09:59:58.8705–TRACE–2023/12/24 09:59:58:8740| 0|  COM5| S | CommandID    156| FA52030405
2023-12-24 09:59:58.9041–TRACE–2023/12/24 09:59:58:9041| 0|  COM5| R | CommandID    156| FA030450160D0A
2023-12-24 09:59:58.9041–TRACE–2023/12/24 09:59:58:9084| 0|  COM5| S | CommandID    157| FA52010501
2023-12-24 09:59:58.9409–TRACE–2023/12/24 09:59:58:9408| 0|  COM5| R | CommandID    157| FA0104013C0D0A
2023-12-24 09:59:58.9409–TRACE–2023/12/24 09:59:58:9446| 0|  COM5| S | CommandID    158| FA52030501
2023-12-24 09:59:58.9698–TRACE–2023/12/24 09:59:58:9698| 0|  COM5| R | CommandID    158| FA030401300D0A
2023-12-24 09:59:58.9698–TRACE–2023/12/24 09:59:58:9733| 0|  COM5| S | CommandID    159| FA52020501
2023-12-24 09:59:58.9968–TRACE–2023/12/24 09:59:58:9968| 0|  COM5| R | CommandID    159| FA0204012C0D0A
2023-12-24 09:59:58.9968–TRACE–2023/12/24 09:59:59:0004| 0|  COM5| S | CommandID    160| FA52010601
2023-12-24 09:59:59.0251–TRACE–2023/12/24 09:59:59:0251| 0|  COM5| R | CommandID    160| FA01070101000A320D0A
2023-12-24 09:59:59.0251–TRACE–2023/12/24 09:59:59:0289| 0|  COM5| S | CommandID    161| FA52020601
2023-12-24 09:59:59.0628–TRACE–2023/12/24 09:59:59:0628| 0|  COM5| R | CommandID    161| FA020701010020320D0A
