2023-11-14 20:23:49.0595–TRACE–2023/11/14 20:23:49:0566| 0|  COM5| S | CommandID      0| FA57000201
2023-11-14 20:23:49.0868–TRACE–2023/11/14 20:23:49:0867| 0|  COM5| R | CommandID      0| C30D0A
2023-11-14 20:23:51.0664–TRACE–2023/11/14 20:23:51:0664| 0|  COM5| S | CommandID      1| FA52010002
2023-11-14 20:23:51.0817–TRACE–2023/11/14 20:23:51:0817| 0|  COM5| R | CommandID      1| FA010403040D0A
2023-11-14 20:23:51.0817–TRACE–2023/11/14 20:23:51:0819| 0|  COM5| S | CommandID      2| FA52020002
2023-11-14 20:23:51.1038–TRACE–2023/11/14 20:23:51:1038| 0|  COM5| R | CommandID      2| FA020403040D0A
2023-11-14 20:23:51.1038–TRACE–2023/11/14 20:23:51:1040| 0|  COM5| S | CommandID      3| FA52030002
2023-11-14 20:23:51.1145–TRACE–2023/11/14 20:23:51:1145| 0|  COM5| R | CommandID      3| FA030403040D0A
2023-11-14 20:23:51.1145–TRACE–2023/11/14 20:23:51:1147| 0|  COM5| S | CommandID      4| FA52010001
2023-11-14 20:23:51.1301–TRACE–2023/11/14 20:23:51:1300| 0|  COM5| R | CommandID      4| FA010401020D0A
2023-11-14 20:23:51.1301–TRACE–2023/11/14 20:23:51:1302| 0|  COM5| S | CommandID      5| FA52020001
2023-11-14 20:23:51.1537–TRACE–2023/11/14 20:23:51:1536| 0|  COM5| R | CommandID      5| FA020401020D0A
2023-11-14 20:23:51.1537–TRACE–2023/11/14 20:23:51:1538| 0|  COM5| S | CommandID      6| FA52030001
2023-11-14 20:23:51.1756–TRACE–2023/11/14 20:23:51:1756| 0|  COM5| R | CommandID      6| FA030401020D0A
2023-11-14 20:23:51.1756–TRACE–2023/11/14 20:23:51:1758| 0|  COM5| S | CommandID      7| FA52010401
2023-11-14 20:23:51.1981–TRACE–2023/11/14 20:23:51:1981| 0|  COM5| R | CommandID      7| FA010A0101020304050607080D0A
2023-11-14 20:23:51.1981–TRACE–2023/11/14 20:23:51:1983| 0|  COM5| S | CommandID      8| FA52020401
2023-11-14 20:23:51.2218–TRACE–2023/11/14 20:23:51:2217| 0|  COM5| R | CommandID      8| FA020A0101020304050607080D0A
2023-11-14 20:23:51.2218–TRACE–2023/11/14 20:23:51:2220| 0|  COM5| S | CommandID      9| FA52030401
2023-11-14 20:23:51.2430–TRACE–2023/11/14 20:23:51:2430| 0|  COM5| R | CommandID      9| FA030A0101020304050607080D0A
2023-11-14 20:23:51.2430–TRACE–2023/11/14 20:23:51:2432| 0|  COM5| S | CommandID     10| FA52010101
2023-11-14 20:23:51.2575–TRACE–2023/11/14 20:23:51:2575| 0|  COM5| R | CommandID     10| FA0103640D0A
2023-11-14 20:23:51.2575–TRACE–2023/11/14 20:23:51:2577| 0|  COM5| S | CommandID     11| FA52020101
2023-11-14 20:23:51.2756–TRACE–2023/11/14 20:23:51:2756| 0|  COM5| R | CommandID     11| FA0203640D0A
2023-11-14 20:23:51.2756–TRACE–2023/11/14 20:23:51:2758| 0|  COM5| S | CommandID     12| FA52030101
2023-11-14 20:23:51.2998–TRACE–2023/11/14 20:23:51:2998| 0|  COM5| R | CommandID     12| FA0303640D0A
2023-11-14 20:23:51.2998–TRACE–2023/11/14 20:23:51:3000| 0|  COM5| S | CommandID     13| FA52010402
2023-11-14 20:23:51.3220–TRACE–2023/11/14 20:23:51:3220| 0|  COM5| R | CommandID     13| FA010400890D0A
2023-11-14 20:23:51.3220–TRACE–2023/11/14 20:23:51:3222| 0|  COM5| S | CommandID     14| FA52020402
2023-11-14 20:23:51.3487–TRACE–2023/11/14 20:23:51:3486| 0|  COM5| R | CommandID     14| FA020400870D0A
2023-11-14 20:23:51.3487–TRACE–2023/11/14 20:23:51:3488| 0|  COM5| S | CommandID     15| FA52030402
2023-11-14 20:23:51.3660–TRACE–2023/11/14 20:23:51:3660| 0|  COM5| R | CommandID     15| FA030400890D0A
2023-11-14 20:23:51.3660–TRACE–2023/11/14 20:23:51:3662| 0|  COM5| S | CommandID     16| FA52010403
2023-11-14 20:23:51.3777–TRACE–2023/11/14 20:23:51:3777| 0|  COM5| R | CommandID     16| FA01055557550D0A
2023-11-14 20:23:51.3777–TRACE–2023/11/14 20:23:51:3779| 0|  COM5| S | CommandID     17| FA52020403
2023-11-14 20:23:51.3990–TRACE–2023/11/14 20:23:51:3990| 0|  COM5| R | CommandID     17| FA02054555550D0A
2023-11-14 20:23:51.3990–TRACE–2023/11/14 20:23:51:3992| 0|  COM5| S | CommandID     18| FA52030403
2023-11-14 20:23:51.4247–TRACE–2023/11/14 20:23:51:4247| 0|  COM5| R | CommandID     18| FA03054555550D0A
2023-11-14 20:23:51.4247–TRACE–2023/11/14 20:23:51:4249| 0|  COM5| S | CommandID     19| FA52010404
2023-11-14 20:23:51.4459–TRACE–2023/11/14 20:23:51:4459| 0|  COM5| R | CommandID     19| FA01034B0D0A
2023-11-14 20:23:51.4459–TRACE–2023/11/14 20:23:51:4461| 0|  COM5| S | CommandID     20| FA52020404
2023-11-14 20:23:51.4823–TRACE–2023/11/14 20:23:51:4823| 0|  COM5| R | CommandID     20| FA02034B0D0A
2023-11-14 20:23:51.4823–TRACE–2023/11/14 20:23:51:4825| 0|  COM5| S | CommandID     21| FA52030404
2023-11-14 20:23:51.5217–TRACE–2023/11/14 20:23:51:5216| 0|  COM5| R | CommandID     21| FA03034B0D0A
2023-11-14 20:23:51.5217–TRACE–2023/11/14 20:23:51:5232| 0|  COM5| S | CommandID     22| FA52010405
2023-11-14 20:23:51.5406–TRACE–2023/11/14 20:23:51:5406| 0|  COM5| R | CommandID     22| FA01042D390D0A
2023-11-14 20:23:51.6355–TRACE–2023/11/14 20:23:51:6355| 0|  COM5| S | CommandID     23| FA52020405
2023-11-14 20:23:51.6648–TRACE–2023/11/14 20:23:51:6647| 0|  COM5| R | CommandID     23| FA0204301B0D0A
2023-11-14 20:23:51.7405–TRACE–2023/11/14 20:23:51:7405| 0|  COM5| S | CommandID     24| FA52030405
2023-11-14 20:23:51.7547–TRACE–2023/11/14 20:23:51:7547| 0|  COM5| R | CommandID     24| FA0304344F0D0A
2023-11-14 20:23:51.8465–TRACE–2023/11/14 20:23:51:8465| 0|  COM5| S | CommandID     25| FA52010501
2023-11-14 20:23:51.8627–TRACE–2023/11/14 20:23:51:8627| 0|  COM5| R | CommandID     25| FA010401280D0A
2023-11-14 20:23:51.9586–TRACE–2023/11/14 20:23:51:9586| 0|  COM5| S | CommandID     26| FA52030501
2023-11-14 20:23:51.9727–TRACE–2023/11/14 20:23:51:9727| 0|  COM5| R | CommandID     26| FA0304012C0D0A
2023-11-14 20:23:52.0658–TRACE–2023/11/14 20:23:52:0658| 0|  COM5| S | CommandID     27| FA52020501
2023-11-14 20:23:52.0819–TRACE–2023/11/14 20:23:52:0819| 0|  COM5| R | CommandID     27| FA0204011C0D0A
2023-11-14 20:23:52.5814–TRACE–2023/11/14 20:23:52:5814| 0|  COM5| S | CommandID     28| FA52010405
2023-11-14 20:23:52.5976–TRACE–2023/11/14 20:23:52:5976| 0|  COM5| R | CommandID     28| FA01041F350D0A
2023-11-14 20:23:52.6936–TRACE–2023/11/14 20:23:52:6935| 0|  COM5| S | CommandID     29| FA52020405
2023-11-14 20:23:52.7082–TRACE–2023/11/14 20:23:52:7082| 0|  COM5| R | CommandID     29| FA0204144F0D0A
2023-11-14 20:23:52.8037–TRACE–2023/11/14 20:23:52:8037| 0|  COM5| S | CommandID     30| FA52030405
2023-11-14 20:23:52.8156–TRACE–2023/11/14 20:23:52:8156| 0|  COM5| R | CommandID     30| FA030437320D0A
2023-11-14 20:23:52.9122–TRACE–2023/11/14 20:23:52:9122| 0|  COM5| S | CommandID     31| FA52010501
2023-11-14 20:23:52.9269–TRACE–2023/11/14 20:23:52:9269| 0|  COM5| R | CommandID     31| FA0104015C0D0A
2023-11-14 20:23:53.0247–TRACE–2023/11/14 20:23:53:0246| 0|  COM5| S | CommandID     32| FA52030501
2023-11-14 20:23:53.0521–TRACE–2023/11/14 20:23:53:0521| 0|  COM5| R | CommandID     32| FA030401000D0A
2023-11-14 20:23:53.1313–TRACE–2023/11/14 20:23:53:1313| 0|  COM5| S | CommandID     33| FA52020501
2023-11-14 20:23:53.1440–TRACE–2023/11/14 20:23:53:1439| 0|  COM5| R | CommandID     33| FA0204015C0D0A
2023-11-14 20:23:53.6320–TRACE–2023/11/14 20:23:53:6320| 0|  COM5| S | CommandID     34| FA52010405
2023-11-14 20:23:53.6449–TRACE–2023/11/14 20:23:53:6448| 0|  COM5| R | CommandID     34| FA010419420D0A
2023-11-14 20:23:53.7379–TRACE–2023/11/14 20:23:53:7378| 0|  COM5| S | CommandID     35| FA52020405
2023-11-14 20:23:53.7553–TRACE–2023/11/14 20:23:53:7553| 0|  COM5| R | CommandID     35| FA0204410D0D0A
2023-11-14 20:23:53.8463–TRACE–2023/11/14 20:23:53:8462| 0|  COM5| S | CommandID     36| FA52030405
2023-11-14 20:23:53.8625–TRACE–2023/11/14 20:23:53:8625| 0|  COM5| R | CommandID     36| FA030421140D0A
2023-11-14 20:23:53.9582–TRACE–2023/11/14 20:23:53:9582| 0|  COM5| S | CommandID     37| FA52010501
2023-11-14 20:23:53.9727–TRACE–2023/11/14 20:23:53:9727| 0|  COM5| R | CommandID     37| FA010401080D0A
2023-11-14 20:23:54.0653–TRACE–2023/11/14 20:23:54:0653| 0|  COM5| S | CommandID     38| FA52030501
2023-11-14 20:23:54.0807–TRACE–2023/11/14 20:23:54:0807| 0|  COM5| R | CommandID     38| FA030401180D0A
2023-11-14 20:23:54.1793–TRACE–2023/11/14 20:23:54:1793| 0|  COM5| S | CommandID     39| FA52020501
2023-11-14 20:23:54.1929–TRACE–2023/11/14 20:23:54:1929| 0|  COM5| R | CommandID     39| FA020401340D0A
2023-11-14 20:23:54.6913–TRACE–2023/11/14 20:23:54:6913| 0|  COM5| S | CommandID     40| FA52010405
2023-11-14 20:23:54.7056–TRACE–2023/11/14 20:23:54:7056| 0|  COM5| R | CommandID     40| FA010439290D0A
2023-11-14 20:23:54.8008–TRACE–2023/11/14 20:23:54:8007| 0|  COM5| S | CommandID     41| FA52020405
2023-11-14 20:23:54.8166–TRACE–2023/11/14 20:23:54:8166| 0|  COM5| R | CommandID     41| FA02041D100D0A
2023-11-14 20:23:54.9122–TRACE–2023/11/14 20:23:54:9122| 0|  COM5| S | CommandID     42| FA52030405
2023-11-14 20:23:54.9255–TRACE–2023/11/14 20:23:54:9255| 0|  COM5| R | CommandID     42| FA030434290D0A
2023-11-14 20:23:55.0205–TRACE–2023/11/14 20:23:55:0205| 0|  COM5| S | CommandID     43| FA52010501
2023-11-14 20:23:55.0344–TRACE–2023/11/14 20:23:55:0344| 0|  COM5| R | CommandID     43| FA010401540D0A
2023-11-14 20:23:55.1348–TRACE–2023/11/14 20:23:55:1348| 0|  COM5| S | CommandID     44| FA52030501
2023-11-14 20:23:55.1592–TRACE–2023/11/14 20:23:55:1592| 0|  COM5| R | CommandID     44| FA0304012C0D0A
2023-11-14 20:23:55.2417–TRACE–2023/11/14 20:23:55:2417| 0|  COM5| S | CommandID     45| FA52020501
2023-11-14 20:23:55.2759–TRACE–2023/11/14 20:23:55:2759| 0|  COM5| R | CommandID     45| FA020401000D0A
2023-11-14 20:23:55.7569–TRACE–2023/11/14 20:23:55:7569| 0|  COM5| S | CommandID     46| FA52010405
2023-11-14 20:23:55.7699–TRACE–2023/11/14 20:23:55:7699| 0|  COM5| R | CommandID     46| FA010414150D0A
2023-11-14 20:23:55.8627–TRACE–2023/11/14 20:23:55:8627| 0|  COM5| S | CommandID     47| FA52020405
2023-11-14 20:23:55.8780–TRACE–2023/11/14 20:23:55:8780| 0|  COM5| R | CommandID     47| FA02042D3A0D0A
2023-11-14 20:23:55.9770–TRACE–2023/11/14 20:23:55:9769| 0|  COM5| S | CommandID     48| FA52030405
2023-11-14 20:23:56.0046–TRACE–2023/11/14 20:23:56:0045| 0|  COM5| R | CommandID     48| FA030412390D0A
2023-11-14 20:23:56.0854–TRACE–2023/11/14 20:23:56:0853| 0|  COM5| S | CommandID     49| FA52010501
2023-11-14 20:23:56.1176–TRACE–2023/11/14 20:23:56:1176| 0|  COM5| R | CommandID     49| FA010401480D0A
2023-11-14 20:23:56.1915–TRACE–2023/11/14 20:23:56:1915| 0|  COM5| S | CommandID     50| FA52030501
2023-11-14 20:23:56.2082–TRACE–2023/11/14 20:23:56:2081| 0|  COM5| R | CommandID     50| FA030401240D0A
2023-11-14 20:23:56.3032–TRACE–2023/11/14 20:23:56:3032| 0|  COM5| S | CommandID     51| FA52020501
2023-11-14 20:23:56.3156–TRACE–2023/11/14 20:23:56:3156| 0|  COM5| R | CommandID     51| FA020401500D0A
2023-11-14 20:25:39.6783–TRACE–2023/11/14 20:25:39:6755| 0|  COM5| S | CommandID      0| FA57000201
2023-11-14 20:25:39.7126–TRACE–2023/11/14 20:25:39:7126| 0|  COM5| R | CommandID      0| C30D0A
2023-11-14 20:25:41.6744–TRACE–2023/11/14 20:25:41:6744| 0|  COM5| S | CommandID      1| FA52010002
2023-11-14 20:25:41.6962–TRACE–2023/11/14 20:25:41:6961| 0|  COM5| R | CommandID      1| FA010403040D0A
2023-11-14 20:25:41.6962–TRACE–2023/11/14 20:25:41:6983| 0|  COM5| S | CommandID      2| FA52020002
2023-11-14 20:25:41.7219–TRACE–2023/11/14 20:25:41:7219| 0|  COM5| R | CommandID      2| FA020403040D0A
2023-11-14 20:25:41.7219–TRACE–2023/11/14 20:25:41:7225| 0|  COM5| S | CommandID      3| FA52030002
2023-11-14 20:25:41.7378–TRACE–2023/11/14 20:25:41:7378| 0|  COM5| R | CommandID      3| FA030403040D0A
2023-11-14 20:25:41.7378–TRACE–2023/11/14 20:25:41:7383| 0|  COM5| S | CommandID      4| FA52010001
2023-11-14 20:25:41.7553–TRACE–2023/11/14 20:25:41:7553| 0|  COM5| R | CommandID      4| FA010401020D0A
2023-11-14 20:25:41.7553–TRACE–2023/11/14 20:25:41:7559| 0|  COM5| S | CommandID      5| FA52020001
2023-11-14 20:25:41.7721–TRACE–2023/11/14 20:25:41:7721| 0|  COM5| R | CommandID      5| FA020401020D0A
2023-11-14 20:25:41.7721–TRACE–2023/11/14 20:25:41:7728| 0|  COM5| S | CommandID      6| FA52030001
2023-11-14 20:25:41.7851–TRACE–2023/11/14 20:25:41:7851| 0|  COM5| R | CommandID      6| FA030401020D0A
2023-11-14 20:25:41.7851–TRACE–2023/11/14 20:25:41:7857| 0|  COM5| S | CommandID      7| FA52010401
2023-11-14 20:25:41.8005–TRACE–2023/11/14 20:25:41:8005| 0|  COM5| R | CommandID      7| FA010A0101020304050607080D0A
2023-11-14 20:25:41.8005–TRACE–2023/11/14 20:25:41:8014| 0|  COM5| S | CommandID      8| FA52020401
2023-11-14 20:25:41.8166–TRACE–2023/11/14 20:25:41:8166| 0|  COM5| R | CommandID      8| FA020A0101020304050607080D0A
2023-11-14 20:25:41.8166–TRACE–2023/11/14 20:25:41:8172| 0|  COM5| S | CommandID      9| FA52030401
2023-11-14 20:25:41.8323–TRACE–2023/11/14 20:25:41:8323| 0|  COM5| R | CommandID      9| FA030A0101020304050607080D0A
2023-11-14 20:25:41.8323–TRACE–2023/11/14 20:25:41:8329| 0|  COM5| S | CommandID     10| FA52010101
2023-11-14 20:25:41.8475–TRACE–2023/11/14 20:25:41:8475| 0|  COM5| R | CommandID     10| FA0103640D0A
2023-11-14 20:25:41.8475–TRACE–2023/11/14 20:25:41:8481| 0|  COM5| S | CommandID     11| FA52020101
2023-11-14 20:25:41.8626–TRACE–2023/11/14 20:25:41:8626| 0|  COM5| R | CommandID     11| FA0203640D0A
2023-11-14 20:25:41.8626–TRACE–2023/11/14 20:25:41:8632| 0|  COM5| S | CommandID     12| FA52030101
2023-11-14 20:25:41.8779–TRACE–2023/11/14 20:25:41:8779| 0|  COM5| R | CommandID     12| FA0303640D0A
2023-11-14 20:25:41.8779–TRACE–2023/11/14 20:25:41:8786| 0|  COM5| S | CommandID     13| FA52010402
2023-11-14 20:25:41.8947–TRACE–2023/11/14 20:25:41:8946| 0|  COM5| R | CommandID     13| FA010400870D0A
2023-11-14 20:25:41.8947–TRACE–2023/11/14 20:25:41:8953| 0|  COM5| S | CommandID     14| FA52020402
2023-11-14 20:25:41.9119–TRACE–2023/11/14 20:25:41:9119| 0|  COM5| R | CommandID     14| FA020400890D0A
2023-11-14 20:25:41.9119–TRACE–2023/11/14 20:25:41:9131| 0|  COM5| S | CommandID     15| FA52030402
2023-11-14 20:25:41.9253–TRACE–2023/11/14 20:25:41:9253| 0|  COM5| R | CommandID     15| FA030400890D0A
2023-11-14 20:25:41.9253–TRACE–2023/11/14 20:25:41:9260| 0|  COM5| S | CommandID     16| FA52010403
2023-11-14 20:25:41.9423–TRACE–2023/11/14 20:25:41:9423| 0|  COM5| R | CommandID     16| FA01054155550D0A
2023-11-14 20:25:41.9423–TRACE–2023/11/14 20:25:41:9431| 0|  COM5| S | CommandID     17| FA52020403
2023-11-14 20:25:41.9579–TRACE–2023/11/14 20:25:41:9579| 0|  COM5| R | CommandID     17| FA02054355550D0A
2023-11-14 20:25:41.9579–TRACE–2023/11/14 20:25:41:9587| 0|  COM5| S | CommandID     18| FA52030403
2023-11-14 20:25:41.9725–TRACE–2023/11/14 20:25:41:9725| 0|  COM5| R | CommandID     18| FA03054357550D0A
2023-11-14 20:25:41.9725–TRACE–2023/11/14 20:25:41:9733| 0|  COM5| S | CommandID     19| FA52010404
2023-11-14 20:25:41.9885–TRACE–2023/11/14 20:25:41:9885| 0|  COM5| R | CommandID     19| FA01034B0D0A
2023-11-14 20:25:41.9885–TRACE–2023/11/14 20:25:41:9895| 0|  COM5| S | CommandID     20| FA52020404
2023-11-14 20:25:42.0047–TRACE–2023/11/14 20:25:42:0046| 0|  COM5| R | CommandID     20| FA02034B0D0A
2023-11-14 20:25:42.0047–TRACE–2023/11/14 20:25:42:0056| 0|  COM5| S | CommandID     21| FA52030404
2023-11-14 20:25:42.0185–TRACE–2023/11/14 20:25:42:0185| 0|  COM5| R | CommandID     21| FA03034B0D0A
2023-11-14 20:25:42.0185–TRACE–2023/11/14 20:25:42:0193| 0|  COM5| S | CommandID     22| FA52010405
2023-11-14 20:25:42.0346–TRACE–2023/11/14 20:25:42:0346| 0|  COM5| R | CommandID     22| FA0104260C0D0A
2023-11-14 20:25:42.1294–TRACE–2023/11/14 20:25:42:1294| 0|  COM5| S | CommandID     23| FA52020405
2023-11-14 20:25:42.1471–TRACE–2023/11/14 20:25:42:1471| 0|  COM5| R | CommandID     23| FA0204483D0D0A
2023-11-14 20:25:42.2402–TRACE–2023/11/14 20:25:42:2401| 0|  COM5| S | CommandID     24| FA52030405
2023-11-14 20:25:42.2553–TRACE–2023/11/14 20:25:42:2553| 0|  COM5| R | CommandID     24| FA03041E420D0A
2023-11-14 20:25:42.3534–TRACE–2023/11/14 20:25:42:3534| 0|  COM5| S | CommandID     25| FA52010501
2023-11-14 20:25:42.3793–TRACE–2023/11/14 20:25:42:3793| 0|  COM5| R | CommandID     25| FA010401500D0A
2023-11-14 20:25:42.4575–TRACE–2023/11/14 20:25:42:4575| 0|  COM5| S | CommandID     26| FA52030501
2023-11-14 20:25:42.4730–TRACE–2023/11/14 20:25:42:4730| 0|  COM5| R | CommandID     26| FA030401180D0A
2023-11-14 20:25:42.5707–TRACE–2023/11/14 20:25:42:5707| 0|  COM5| S | CommandID     27| FA52020501
2023-11-14 20:25:42.5829–TRACE–2023/11/14 20:25:42:5829| 0|  COM5| R | CommandID     27| FA020401280D0A
2023-11-14 20:25:43.0834–TRACE–2023/11/14 20:25:43:0834| 0|  COM5| S | CommandID     28| FA52010405
2023-11-14 20:25:43.0983–TRACE–2023/11/14 20:25:43:0983| 0|  COM5| R | CommandID     28| FA0104201B0D0A
2023-11-14 20:25:43.1913–TRACE–2023/11/14 20:25:43:1913| 0|  COM5| S | CommandID     29| FA52020405
2023-11-14 20:25:43.2068–TRACE–2023/11/14 20:25:43:2068| 0|  COM5| R | CommandID     29| FA02040E4F0D0A
2023-11-14 20:25:43.3045–TRACE–2023/11/14 20:25:43:3045| 0|  COM5| S | CommandID     30| FA52030405
2023-11-14 20:25:43.3319–TRACE–2023/11/14 20:25:43:3318| 0|  COM5| R | CommandID     30| FA03043B3B0D0A
2023-11-14 20:25:43.4136–TRACE–2023/11/14 20:25:43:4135| 0|  COM5| S | CommandID     31| FA52010501
2023-11-14 20:25:43.4264–TRACE–2023/11/14 20:25:43:4263| 0|  COM5| R | CommandID     31| FA010401540D0A
2023-11-14 20:25:43.5258–TRACE–2023/11/14 20:25:43:5258| 0|  COM5| S | CommandID     32| FA52030501
2023-11-14 20:25:43.5497–TRACE–2023/11/14 20:25:43:5497| 0|  COM5| R | CommandID     32| FA030401080D0A
2023-11-14 20:25:43.6402–TRACE–2023/11/14 20:25:43:6402| 0|  COM5| S | CommandID     33| FA52020501
2023-11-14 20:25:43.6615–TRACE–2023/11/14 20:25:43:6615| 0|  COM5| R | CommandID     33| FA0204010C0D0A
2023-11-14 20:25:44.1503–TRACE–2023/11/14 20:25:44:1503| 0|  COM5| S | CommandID     34| FA52010405
2023-11-14 20:25:44.1758–TRACE–2023/11/14 20:25:44:1758| 0|  COM5| R | CommandID     34| FA010412240D0A
2023-11-14 20:25:44.2627–TRACE–2023/11/14 20:25:44:2627| 0|  COM5| S | CommandID     35| FA52020405
2023-11-14 20:25:44.2884–TRACE–2023/11/14 20:25:44:2883| 0|  COM5| R | CommandID     35| FA02042F3C0D0A
2023-11-14 20:25:44.3729–TRACE–2023/11/14 20:25:44:3729| 0|  COM5| S | CommandID     36| FA52030405
2023-11-14 20:25:44.3986–TRACE–2023/11/14 20:25:44:3986| 0|  COM5| R | CommandID     36| FA03040D210D0A
2023-11-14 20:25:44.4821–TRACE–2023/11/14 20:25:44:4821| 0|  COM5| S | CommandID     37| FA52010501
2023-11-14 20:25:44.5077–TRACE–2023/11/14 20:25:44:5077| 0|  COM5| R | CommandID     37| FA010401200D0A
2023-11-14 20:25:44.5900–TRACE–2023/11/14 20:25:44:5900| 0|  COM5| S | CommandID     38| FA52030501
2023-11-14 20:25:44.6154–TRACE–2023/11/14 20:25:44:6154| 0|  COM5| R | CommandID     38| FA030401300D0A
2023-11-14 20:25:44.6987–TRACE–2023/11/14 20:25:44:6986| 0|  COM5| S | CommandID     39| FA52020501
2023-11-14 20:25:44.7262–TRACE–2023/11/14 20:25:44:7262| 0|  COM5| R | CommandID     39| FA020401480D0A
2023-11-14 20:25:45.2078–TRACE–2023/11/14 20:25:45:2078| 0|  COM5| S | CommandID     40| FA52010405
2023-11-14 20:25:45.2237–TRACE–2023/11/14 20:25:45:2237| 0|  COM5| R | CommandID     40| FA01042B130D0A
2023-11-14 20:25:45.3175–TRACE–2023/11/14 20:25:45:3175| 0|  COM5| S | CommandID     41| FA52020405
2023-11-14 20:25:45.3509–TRACE–2023/11/14 20:25:45:3509| 0|  COM5| R | CommandID     41| FA0204374C0D0A
2023-11-14 20:25:45.4252–TRACE–2023/11/14 20:25:45:4252| 0|  COM5| S | CommandID     42| FA52030405
2023-11-14 20:25:45.4420–TRACE–2023/11/14 20:25:45:4420| 0|  COM5| R | CommandID     42| FA03044D1A0D0A
2023-11-14 20:25:45.5359–TRACE–2023/11/14 20:25:45:5358| 0|  COM5| S | CommandID     43| FA52010501
2023-11-14 20:25:45.5516–TRACE–2023/11/14 20:25:45:5516| 0|  COM5| R | CommandID     43| FA010401180D0A
2023-11-14 20:25:45.6476–TRACE–2023/11/14 20:25:45:6476| 0|  COM5| S | CommandID     44| FA52030501
2023-11-14 20:25:45.6605–TRACE–2023/11/14 20:25:45:6605| 0|  COM5| R | CommandID     44| FA030401400D0A
2023-11-14 20:25:45.7605–TRACE–2023/11/14 20:25:45:7605| 0|  COM5| S | CommandID     45| FA52020501
2023-11-14 20:25:45.7848–TRACE–2023/11/14 20:25:45:7848| 0|  COM5| R | CommandID     45| FA0204013C0D0A
2023-11-14 20:25:46.2735–TRACE–2023/11/14 20:25:46:2735| 0|  COM5| S | CommandID     46| FA52010405
2023-11-14 20:25:46.2852–TRACE–2023/11/14 20:25:46:2851| 0|  COM5| R | CommandID     46| FA01043C4C0D0A
2023-11-14 20:25:46.3812–TRACE–2023/11/14 20:25:46:3812| 0|  COM5| S | CommandID     47| FA52020405
2023-11-14 20:25:46.3934–TRACE–2023/11/14 20:25:46:3933| 0|  COM5| R | CommandID     47| FA02042A1B0D0A
2023-11-14 20:25:46.4887–TRACE–2023/11/14 20:25:46:4887| 0|  COM5| S | CommandID     48| FA52030405
2023-11-14 20:25:46.5035–TRACE–2023/11/14 20:25:46:5035| 0|  COM5| R | CommandID     48| FA030414270D0A
2023-11-14 20:25:46.6004–TRACE–2023/11/14 20:25:46:6003| 0|  COM5| S | CommandID     49| FA52010501
2023-11-14 20:25:46.6127–TRACE–2023/11/14 20:25:46:6127| 0|  COM5| R | CommandID     49| FA010401400D0A
2023-11-14 20:25:46.7077–TRACE–2023/11/14 20:25:46:7077| 0|  COM5| S | CommandID     50| FA52030501
2023-11-14 20:25:46.7225–TRACE–2023/11/14 20:25:46:7225| 0|  COM5| R | CommandID     50| FA030405000D0A
2023-11-14 20:25:46.8207–TRACE–2023/11/14 20:25:46:8206| 0|  COM5| S | CommandID     51| FA52020501
2023-11-14 20:25:46.8477–TRACE–2023/11/14 20:25:46:8476| 0|  COM5| R | CommandID     51| FA0204012C0D0A
2023-11-14 20:25:47.3349–TRACE–2023/11/14 20:25:47:3349| 0|  COM5| S | CommandID     52| FA52010405
2023-11-14 20:25:47.3476–TRACE–2023/11/14 20:25:47:3476| 0|  COM5| R | CommandID     52| FA010440370D0A
2023-11-14 20:25:47.4485–TRACE–2023/11/14 20:25:47:4485| 0|  COM5| S | CommandID     53| FA52020405
2023-11-14 20:25:47.4759–TRACE–2023/11/14 20:25:47:4759| 0|  COM5| R | CommandID     53| FA0204274C0D0A
2023-11-14 20:25:47.5557–TRACE–2023/11/14 20:25:47:5557| 0|  COM5| S | CommandID     54| FA52030405
2023-11-14 20:25:47.5831–TRACE–2023/11/14 20:25:47:5831| 0|  COM5| R | CommandID     54| FA030446150D0A
2023-11-14 20:25:47.6645–TRACE–2023/11/14 20:25:47:6645| 0|  COM5| S | CommandID     55| FA52010501
2023-11-14 20:25:47.6924–TRACE–2023/11/14 20:25:47:6924| 0|  COM5| R | CommandID     55| FA010401200D0A
2023-11-14 20:25:47.7793–TRACE–2023/11/14 20:25:47:7793| 0|  COM5| S | CommandID     56| FA52030501
2023-11-14 20:25:47.8018–TRACE–2023/11/14 20:25:47:8018| 0|  COM5| R | CommandID     56| FA030401300D0A
2023-11-14 20:25:47.8949–TRACE–2023/11/14 20:25:47:8949| 0|  COM5| S | CommandID     57| FA52020501
2023-11-14 20:25:47.9112–TRACE–2023/11/14 20:25:47:9111| 0|  COM5| R | CommandID     57| FA0204015C0D0A
2023-11-14 20:25:48.3954–TRACE–2023/11/14 20:25:48:3954| 0|  COM5| S | CommandID     58| FA52010405
2023-11-14 20:25:48.4109–TRACE–2023/11/14 20:25:48:4109| 0|  COM5| R | CommandID     58| FA010414230D0A
2023-11-14 20:25:48.5088–TRACE–2023/11/14 20:25:48:5088| 0|  COM5| S | CommandID     59| FA52020405
2023-11-14 20:25:48.5351–TRACE–2023/11/14 20:25:48:5351| 0|  COM5| R | CommandID     59| FA020440210D0A
2023-11-14 20:25:48.6189–TRACE–2023/11/14 20:25:48:6189| 0|  COM5| S | CommandID     60| FA52030405
2023-11-14 20:25:48.6450–TRACE–2023/11/14 20:25:48:6450| 0|  COM5| R | CommandID     60| FA030450490D0A
2023-11-14 20:25:48.7271–TRACE–2023/11/14 20:25:48:7270| 0|  COM5| S | CommandID     61| FA52010501
2023-11-14 20:25:48.7547–TRACE–2023/11/14 20:25:48:7547| 0|  COM5| R | CommandID     61| FA010401500D0A
2023-11-14 20:25:48.8345–TRACE–2023/11/14 20:25:48:8345| 0|  COM5| S | CommandID     62| FA52030501
2023-11-14 20:25:48.8488–TRACE–2023/11/14 20:25:48:8488| 0|  COM5| R | CommandID     62| FA030401400D0A
2023-11-14 20:25:48.9469–TRACE–2023/11/14 20:25:48:9469| 0|  COM5| S | CommandID     63| FA52020501
2023-11-14 20:25:48.9744–TRACE–2023/11/14 20:25:48:9744| 0|  COM5| R | CommandID     63| FA020401040D0A
2023-11-14 20:25:49.4473–TRACE–2023/11/14 20:25:49:4473| 0|  COM5| S | CommandID     64| FA52010405
2023-11-14 20:25:49.4717–TRACE–2023/11/14 20:25:49:4717| 0|  COM5| R | CommandID     64| FA0104343D0D0A
2023-11-14 20:25:49.5502–TRACE–2023/11/14 20:25:49:5502| 0|  COM5| S | CommandID     65| FA52020405
2023-11-14 20:25:49.5656–TRACE–2023/11/14 20:25:49:5656| 0|  COM5| R | CommandID     65| FA02043B1C0D0A
2023-11-14 20:25:49.6619–TRACE–2023/11/14 20:25:49:6619| 0|  COM5| S | CommandID     66| FA52030405
2023-11-14 20:25:49.6754–TRACE–2023/11/14 20:25:49:6754| 0|  COM5| R | CommandID     66| FA0304440B0D0A
2023-11-14 20:25:49.7715–TRACE–2023/11/14 20:25:49:7715| 0|  COM5| S | CommandID     67| FA52010501
2023-11-14 20:25:49.7859–TRACE–2023/11/14 20:25:49:7859| 0|  COM5| R | CommandID     67| FA010401340D0A
2023-11-14 20:25:49.8812–TRACE–2023/11/14 20:25:49:8812| 0|  COM5| S | CommandID     68| FA52030501
2023-11-14 20:25:49.8945–TRACE–2023/11/14 20:25:49:8945| 0|  COM5| R | CommandID     68| FA030401180D0A
2023-11-14 20:25:49.9846–TRACE–2023/11/14 20:25:49:9846| 0|  COM5| S | CommandID     69| FA52020501
2023-11-14 20:25:50.0064–TRACE–2023/11/14 20:25:50:0064| 0|  COM5| R | CommandID     69| FA020401280D0A
2023-11-14 20:25:50.4910–TRACE–2023/11/14 20:25:50:4910| 0|  COM5| S | CommandID     70| FA52010405
2023-11-14 20:25:50.5035–TRACE–2023/11/14 20:25:50:5035| 0|  COM5| R | CommandID     70| FA01040B3F0D0A
2023-11-14 20:25:50.6008–TRACE–2023/11/14 20:25:50:6008| 0|  COM5| S | CommandID     71| FA52020405
2023-11-14 20:25:50.6134–TRACE–2023/11/14 20:25:50:6134| 0|  COM5| R | CommandID     71| FA02043E240D0A
2023-11-14 20:25:50.7089–TRACE–2023/11/14 20:25:50:7089| 0|  COM5| S | CommandID     72| FA52030405
2023-11-14 20:25:50.7245–TRACE–2023/11/14 20:25:50:7245| 0|  COM5| R | CommandID     72| FA03044C450D0A
2023-11-14 20:25:50.8168–TRACE–2023/11/14 20:25:50:8168| 0|  COM5| S | CommandID     73| FA52010501
2023-11-14 20:25:50.8317–TRACE–2023/11/14 20:25:50:8317| 0|  COM5| R | CommandID     73| FA010401180D0A
2023-11-14 20:25:50.9288–TRACE–2023/11/14 20:25:50:9288| 0|  COM5| S | CommandID     74| FA52030501
2023-11-14 20:25:50.9571–TRACE–2023/11/14 20:25:50:9571| 0|  COM5| R | CommandID     74| FA030401480D0A
2023-11-14 20:25:51.0405–TRACE–2023/11/14 20:25:51:0405| 0|  COM5| S | CommandID     75| FA52020501
2023-11-14 20:25:51.0678–TRACE–2023/11/14 20:25:51:0678| 0|  COM5| R | CommandID     75| FA020401500D0A
2023-11-14 20:25:51.5513–TRACE–2023/11/14 20:25:51:5513| 0|  COM5| S | CommandID     76| FA52010405
2023-11-14 20:25:51.5656–TRACE–2023/11/14 20:25:51:5656| 0|  COM5| R | CommandID     76| FA010436250D0A
2023-11-14 20:25:51.6586–TRACE–2023/11/14 20:25:51:6586| 0|  COM5| S | CommandID     77| FA52020405
2023-11-14 20:25:51.6753–TRACE–2023/11/14 20:25:51:6753| 0|  COM5| R | CommandID     77| FA0204381D0D0A
2023-11-14 20:25:51.7685–TRACE–2023/11/14 20:25:51:7685| 0|  COM5| S | CommandID     78| FA52030405
2023-11-14 20:25:51.7859–TRACE–2023/11/14 20:25:51:7859| 0|  COM5| R | CommandID     78| FA0304174C0D0A
2023-11-14 20:25:51.8798–TRACE–2023/11/14 20:25:51:8798| 0|  COM5| S | CommandID     79| FA52010501
2023-11-14 20:25:51.8945–TRACE–2023/11/14 20:25:51:8945| 0|  COM5| R | CommandID     79| FA010401380D0A
2023-11-14 20:25:51.9903–TRACE–2023/11/14 20:25:51:9903| 0|  COM5| S | CommandID     80| FA52030501
2023-11-14 20:25:52.0024–TRACE–2023/11/14 20:25:52:0024| 0|  COM5| R | CommandID     80| FA030401100D0A
2023-11-14 20:25:52.0972–TRACE–2023/11/14 20:25:52:0972| 0|  COM5| S | CommandID     81| FA52020501
2023-11-14 20:25:52.1136–TRACE–2023/11/14 20:25:52:1136| 0|  COM5| R | CommandID     81| FA020401480D0A
2023-11-14 20:25:52.6121–TRACE–2023/11/14 20:25:52:6121| 0|  COM5| S | CommandID     82| FA52010405
2023-11-14 20:25:52.6286–TRACE–2023/11/14 20:25:52:6286| 0|  COM5| R | CommandID     82| FA0104120E0D0A
2023-11-14 20:25:52.7225–TRACE–2023/11/14 20:25:52:7225| 0|  COM5| S | CommandID     83| FA52020405
2023-11-14 20:25:52.7380–TRACE–2023/11/14 20:25:52:7380| 0|  COM5| R | CommandID     83| FA02041F140D0A
2023-11-14 20:25:52.8319–TRACE–2023/11/14 20:25:52:8319| 0|  COM5| S | CommandID     84| FA52030405
2023-11-14 20:25:52.8472–TRACE–2023/11/14 20:25:52:8472| 0|  COM5| R | CommandID     84| FA03044E370D0A
2023-11-14 20:25:52.9419–TRACE–2023/11/14 20:25:52:9418| 0|  COM5| S | CommandID     85| FA52010501
2023-11-14 20:25:52.9567–TRACE–2023/11/14 20:25:52:9566| 0|  COM5| R | CommandID     85| FA0104013C0D0A
2023-11-14 20:25:53.0530–TRACE–2023/11/14 20:25:53:0529| 0|  COM5| S | CommandID     86| FA52030501
2023-11-14 20:25:53.0654–TRACE–2023/11/14 20:25:53:0654| 0|  COM5| R | CommandID     86| FA030401500D0A
2023-11-14 20:25:53.1620–TRACE–2023/11/14 20:25:53:1620| 0|  COM5| S | CommandID     87| FA52020501
2023-11-14 20:25:53.1748–TRACE–2023/11/14 20:25:53:1748| 0|  COM5| R | CommandID     87| FA020401240D0A
2023-11-14 20:25:53.6746–TRACE–2023/11/14 20:25:53:6746| 0|  COM5| S | CommandID     88| FA52010405
2023-11-14 20:25:53.6925–TRACE–2023/11/14 20:25:53:6925| 0|  COM5| R | CommandID     88| FA01041E2A0D0A
2023-11-14 20:25:53.7872–TRACE–2023/11/14 20:25:53:7872| 0|  COM5| S | CommandID     89| FA52020405
2023-11-14 20:25:53.7995–TRACE–2023/11/14 20:25:53:7995| 0|  COM5| R | CommandID     89| FA020449170D0A
2023-11-14 20:25:53.8958–TRACE–2023/11/14 20:25:53:8958| 0|  COM5| S | CommandID     90| FA52030405
2023-11-14 20:25:53.9109–TRACE–2023/11/14 20:25:53:9109| 0|  COM5| R | CommandID     90| FA03043A470D0A
2023-11-14 20:25:54.0077–TRACE–2023/11/14 20:25:54:0077| 0|  COM5| S | CommandID     91| FA52010501
2023-11-14 20:25:54.0356–TRACE–2023/11/14 20:25:54:0356| 0|  COM5| R | CommandID     91| FA010401540D0A
2023-11-14 20:25:54.1139–TRACE–2023/11/14 20:25:54:1139| 0|  COM5| S | CommandID     92| FA52030501
2023-11-14 20:25:54.1288–TRACE–2023/11/14 20:25:54:1288| 0|  COM5| R | CommandID     92| FA030401340D0A
2023-11-14 20:25:54.2269–TRACE–2023/11/14 20:25:54:2269| 0|  COM5| S | CommandID     93| FA52020501
2023-11-14 20:25:54.2393–TRACE–2023/11/14 20:25:54:2393| 0|  COM5| R | CommandID     93| FA020401040D0A
2023-11-14 20:25:54.7309–TRACE–2023/11/14 20:25:54:7309| 0|  COM5| S | CommandID     94| FA52010405
2023-11-14 20:25:54.7591–TRACE–2023/11/14 20:25:54:7591| 0|  COM5| R | CommandID     94| FA010431440D0A
2023-11-14 20:25:54.8338–TRACE–2023/11/14 20:25:54:8338| 0|  COM5| S | CommandID     95| FA52020405
2023-11-14 20:25:54.8480–TRACE–2023/11/14 20:25:54:8480| 0|  COM5| R | CommandID     95| FA0204210B0D0A
2023-11-14 20:25:54.9447–TRACE–2023/11/14 20:25:54:9447| 0|  COM5| S | CommandID     96| FA52030405
2023-11-14 20:25:54.9565–TRACE–2023/11/14 20:25:54:9565| 0|  COM5| R | CommandID     96| FA03043C350D0A
2023-11-14 20:25:55.0532–TRACE–2023/11/14 20:25:55:0531| 0|  COM5| S | CommandID     97| FA52010501
2023-11-14 20:25:55.0654–TRACE–2023/11/14 20:25:55:0654| 0|  COM5| R | CommandID     97| FA010401040D0A
2023-11-14 20:25:55.1648–TRACE–2023/11/14 20:25:55:1648| 0|  COM5| S | CommandID     98| FA52030501
2023-11-14 20:25:55.1918–TRACE–2023/11/14 20:25:55:1918| 0|  COM5| R | CommandID     98| FA030401200D0A
2023-11-14 20:25:55.2731–TRACE–2023/11/14 20:25:55:2731| 0|  COM5| S | CommandID     99| FA52020501
2023-11-14 20:25:55.3007–TRACE–2023/11/14 20:25:55:3007| 0|  COM5| R | CommandID     99| FA020401040D0A
2023-11-14 20:25:55.7743–TRACE–2023/11/14 20:25:55:7742| 0|  COM5| S | CommandID    100| FA52010405
2023-11-14 20:25:55.8025–TRACE–2023/11/14 20:25:55:8024| 0|  COM5| R | CommandID    100| FA01042C2D0D0A
2023-11-14 20:25:55.8801–TRACE–2023/11/14 20:25:55:8801| 0|  COM5| S | CommandID    101| FA52020405
2023-11-14 20:25:55.8948–TRACE–2023/11/14 20:25:55:8948| 0|  COM5| R | CommandID    101| FA0204371B0D0A
2023-11-14 20:25:55.9881–TRACE–2023/11/14 20:25:55:9881| 0|  COM5| S | CommandID    102| FA52030405
2023-11-14 20:25:56.0044–TRACE–2023/11/14 20:25:56:0044| 0|  COM5| R | CommandID    102| FA030449250D0A
2023-11-14 20:25:56.0984–TRACE–2023/11/14 20:25:56:0984| 0|  COM5| S | CommandID    103| FA52010501
2023-11-14 20:25:56.1136–TRACE–2023/11/14 20:25:56:1136| 0|  COM5| R | CommandID    103| FA010401600D0A
2023-11-14 20:25:56.2061–TRACE–2023/11/14 20:25:56:2061| 0|  COM5| S | CommandID    104| FA52030501
2023-11-14 20:25:56.2220–TRACE–2023/11/14 20:25:56:2219| 0|  COM5| R | CommandID    104| FA030405540D0A
2023-11-14 20:25:56.3189–TRACE–2023/11/14 20:25:56:3189| 0|  COM5| S | CommandID    105| FA52020501
2023-11-14 20:25:56.3325–TRACE–2023/11/14 20:25:56:3325| 0|  COM5| R | CommandID    105| FA020401180D0A
2023-11-14 20:25:56.8206–TRACE–2023/11/14 20:25:56:8206| 0|  COM5| S | CommandID    106| FA52010405
2023-11-14 20:25:56.8480–TRACE–2023/11/14 20:25:56:8480| 0|  COM5| R | CommandID    106| FA010416180D0A
2023-11-14 20:25:56.9248–TRACE–2023/11/14 20:25:56:9248| 0|  COM5| S | CommandID    107| FA52020405
2023-11-14 20:25:56.9561–TRACE–2023/11/14 20:25:56:9560| 0|  COM5| R | CommandID    107| FA02041A210D0A
2023-11-14 20:25:57.0363–TRACE–2023/11/14 20:25:57:0363| 0|  COM5| S | CommandID    108| FA52030405
2023-11-14 20:25:57.0522–TRACE–2023/11/14 20:25:57:0522| 0|  COM5| R | CommandID    108| FA0304294E0D0A
2023-11-14 20:25:57.1442–TRACE–2023/11/14 20:25:57:1442| 0|  COM5| S | CommandID    109| FA52010501
2023-11-14 20:25:57.1594–TRACE–2023/11/14 20:25:57:1594| 0|  COM5| R | CommandID    109| FA0104011C0D0A
2023-11-14 20:25:57.2543–TRACE–2023/11/14 20:25:57:2543| 0|  COM5| S | CommandID    110| FA52030501
2023-11-14 20:25:57.2870–TRACE–2023/11/14 20:25:57:2870| 0|  COM5| R | CommandID    110| FA0304013C0D0A
2023-11-14 20:25:57.3619–TRACE–2023/11/14 20:25:57:3618| 0|  COM5| S | CommandID    111| FA52020501
2023-11-14 20:25:57.3781–TRACE–2023/11/14 20:25:57:3781| 0|  COM5| R | CommandID    111| FA0204012C0D0A
2023-11-14 20:25:57.8638–TRACE–2023/11/14 20:25:57:8637| 0|  COM5| S | CommandID    112| FA52010405
2023-11-14 20:25:57.8799–TRACE–2023/11/14 20:25:57:8799| 0|  COM5| R | CommandID    112| FA01041F4A0D0A
2023-11-14 20:25:57.9720–TRACE–2023/11/14 20:25:57:9719| 0|  COM5| S | CommandID    113| FA52020405
2023-11-14 20:25:57.9877–TRACE–2023/11/14 20:25:57:9877| 0|  COM5| R | CommandID    113| FA0204250A0D0A
2023-11-14 20:25:58.0823–TRACE–2023/11/14 20:25:58:0823| 0|  COM5| S | CommandID    114| FA52030405
2023-11-14 20:25:58.0963–TRACE–2023/11/14 20:25:58:0963| 0|  COM5| R | CommandID    114| FA03043A4B0D0A
2023-11-14 20:25:58.1911–TRACE–2023/11/14 20:25:58:1911| 0|  COM5| S | CommandID    115| FA52010501
2023-11-14 20:25:58.2073–TRACE–2023/11/14 20:25:58:2073| 0|  COM5| R | CommandID    115| FA0104013C0D0A
2023-11-14 20:25:58.3023–TRACE–2023/11/14 20:25:58:3022| 0|  COM5| S | CommandID    116| FA52030501
2023-11-14 20:25:58.3149–TRACE–2023/11/14 20:25:58:3149| 0|  COM5| R | CommandID    116| FA030401200D0A
2023-11-14 20:25:58.4085–TRACE–2023/11/14 20:25:58:4085| 0|  COM5| S | CommandID    117| FA52020501
2023-11-14 20:25:58.4254–TRACE–2023/11/14 20:25:58:4254| 0|  COM5| R | CommandID    117| FA020401540D0A
2023-11-14 20:25:58.9098–TRACE–2023/11/14 20:25:58:9098| 0|  COM5| S | CommandID    118| FA52010405
2023-11-14 20:25:58.9250–TRACE–2023/11/14 20:25:58:9250| 0|  COM5| R | CommandID    118| FA010448390D0A
2023-11-14 20:25:59.0217–TRACE–2023/11/14 20:25:59:0217| 0|  COM5| S | CommandID    119| FA52020405
2023-11-14 20:25:59.0348–TRACE–2023/11/14 20:25:59:0348| 0|  COM5| R | CommandID    119| FA02043E3F0D0A
2023-11-14 20:25:59.1349–TRACE–2023/11/14 20:25:59:1349| 0|  COM5| S | CommandID    120| FA52030405
2023-11-14 20:25:59.1615–TRACE–2023/11/14 20:25:59:1615| 0|  COM5| R | CommandID    120| FA030440130D0A
2023-11-14 20:25:59.2430–TRACE–2023/11/14 20:25:59:2430| 0|  COM5| S | CommandID    121| FA52010501
2023-11-14 20:25:59.2760–TRACE–2023/11/14 20:25:59:2760| 0|  COM5| R | CommandID    121| FA010401040D0A
2023-11-14 20:25:59.3464–TRACE–2023/11/14 20:25:59:3463| 0|  COM5| S | CommandID    122| FA52030501
2023-11-14 20:25:59.3642–TRACE–2023/11/14 20:25:59:3641| 0|  COM5| R | CommandID    122| FA030401080D0A
2023-11-14 20:25:59.4578–TRACE–2023/11/14 20:25:59:4577| 0|  COM5| S | CommandID    123| FA52020501
2023-11-14 20:25:59.4734–TRACE–2023/11/14 20:25:59:4734| 0|  COM5| R | CommandID    123| FA020401440D0A
2023-11-14 20:25:59.9600–TRACE–2023/11/14 20:25:59:9600| 0|  COM5| S | CommandID    124| FA52010405
2023-11-14 20:25:59.9911–TRACE–2023/11/14 20:25:59:9911| 0|  COM5| R | CommandID    124| FA0104424B0D0A
2023-11-14 20:26:00.0666–TRACE–2023/11/14 20:26:00:0665| 0|  COM5| S | CommandID    125| FA52020405
2023-11-14 20:26:00.0820–TRACE–2023/11/14 20:26:00:0820| 0|  COM5| R | CommandID    125| FA020423490D0A
2023-11-14 20:26:00.1755–TRACE–2023/11/14 20:26:00:1755| 0|  COM5| S | CommandID    126| FA52030405
2023-11-14 20:26:00.1919–TRACE–2023/11/14 20:26:00:1919| 0|  COM5| R | CommandID    126| FA03042E460D0A
2023-11-14 20:26:00.2859–TRACE–2023/11/14 20:26:00:2859| 0|  COM5| S | CommandID    127| FA52010501
2023-11-14 20:26:00.3016–TRACE–2023/11/14 20:26:00:3016| 0|  COM5| R | CommandID    127| FA0104013C0D0A
2023-11-14 20:26:00.3966–TRACE–2023/11/14 20:26:00:3965| 0|  COM5| S | CommandID    128| FA52030501
2023-11-14 20:26:00.4093–TRACE–2023/11/14 20:26:00:4093| 0|  COM5| R | CommandID    128| FA030401200D0A
2023-11-14 20:26:00.5035–TRACE–2023/11/14 20:26:00:5035| 0|  COM5| S | CommandID    129| FA52020501
2023-11-14 20:26:00.5195–TRACE–2023/11/14 20:26:00:5194| 0|  COM5| R | CommandID    129| FA020401600D0A
2023-11-14 20:26:01.0180–TRACE–2023/11/14 20:26:01:0180| 0|  COM5| S | CommandID    130| FA52010405
2023-11-14 20:26:01.0528–TRACE–2023/11/14 20:26:01:0528| 0|  COM5| R | CommandID    130| FA01040E470D0A
2023-11-14 20:26:01.1286–TRACE–2023/11/14 20:26:01:1286| 0|  COM5| S | CommandID    131| FA52020405
2023-11-14 20:26:01.1435–TRACE–2023/11/14 20:26:01:1435| 0|  COM5| R | CommandID    131| FA020449170D0A
2023-11-14 20:26:01.2399–TRACE–2023/11/14 20:26:01:2398| 0|  COM5| S | CommandID    132| FA52030405
2023-11-14 20:26:01.2535–TRACE–2023/11/14 20:26:01:2535| 0|  COM5| R | CommandID    132| FA030416450D0A
2023-11-14 20:26:01.3523–TRACE–2023/11/14 20:26:01:3523| 0|  COM5| S | CommandID    133| FA52010501
2023-11-14 20:26:01.3783–TRACE–2023/11/14 20:26:01:3783| 0|  COM5| R | CommandID    133| FA0104014C0D0A
2023-11-14 20:26:01.4655–TRACE–2023/11/14 20:26:01:4655| 0|  COM5| S | CommandID    134| FA52030501
2023-11-14 20:26:01.4927–TRACE–2023/11/14 20:26:01:4927| 0|  COM5| R | CommandID    134| FA0304012C0D0A
2023-11-14 20:26:01.5698–TRACE–2023/11/14 20:26:01:5698| 0|  COM5| S | CommandID    135| FA52020501
2023-11-14 20:26:01.5823–TRACE–2023/11/14 20:26:01:5823| 0|  COM5| R | CommandID    135| FA020401380D0A
2023-11-14 20:26:02.0833–TRACE–2023/11/14 20:26:02:0833| 0|  COM5| S | CommandID    136| FA52010405
2023-11-14 20:26:02.0964–TRACE–2023/11/14 20:26:02:0963| 0|  COM5| R | CommandID    136| FA010428400D0A
2023-11-14 20:26:02.1923–TRACE–2023/11/14 20:26:02:1923| 0|  COM5| S | CommandID    137| FA52020405
2023-11-14 20:26:02.2062–TRACE–2023/11/14 20:26:02:2061| 0|  COM5| R | CommandID    137| FA020435350D0A
2023-11-14 20:26:02.3031–TRACE–2023/11/14 20:26:02:3031| 0|  COM5| S | CommandID    138| FA52030405
2023-11-14 20:26:02.3170–TRACE–2023/11/14 20:26:02:3170| 0|  COM5| R | CommandID    138| FA03040C380D0A
2023-11-14 20:26:02.4134–TRACE–2023/11/14 20:26:02:4134| 0|  COM5| S | CommandID    139| FA52010501
2023-11-14 20:26:02.4427–TRACE–2023/11/14 20:26:02:4426| 0|  COM5| R | CommandID    139| FA010401340D0A
2023-11-14 20:26:02.5276–TRACE–2023/11/14 20:26:02:5276| 0|  COM5| S | CommandID    140| FA52030501
2023-11-14 20:26:02.5523–TRACE–2023/11/14 20:26:02:5523| 0|  COM5| R | CommandID    140| FA030401580D0A
2023-11-14 20:26:02.6354–TRACE–2023/11/14 20:26:02:6354| 0|  COM5| S | CommandID    141| FA52020501
2023-11-14 20:26:02.6617–TRACE–2023/11/14 20:26:02:6617| 0|  COM5| R | CommandID    141| FA020401080D0A
2023-11-14 20:26:03.1463–TRACE–2023/11/14 20:26:03:1462| 0|  COM5| S | CommandID    142| FA57000201
2023-11-14 20:26:03.1794–TRACE–2023/11/14 20:26:03:1794| 0|  COM5| R | CommandID    142| C30D0A
2023-11-14 20:26:05.1509–TRACE–2023/11/14 20:26:05:1509| 0|  COM5| S | CommandID    143| FA52010002
2023-11-14 20:26:05.1851–TRACE–2023/11/14 20:26:05:1851| 0|  COM5| R | CommandID    143| FA010403040D0A
2023-11-14 20:26:05.1851–TRACE–2023/11/14 20:26:05:1877| 0|  COM5| S | CommandID    144| FA52020002
2023-11-14 20:26:05.2119–TRACE–2023/11/14 20:26:05:2119| 0|  COM5| R | CommandID    144| FA020403040D0A
2023-11-14 20:26:05.2119–TRACE–2023/11/14 20:26:05:2150| 0|  COM5| S | CommandID    145| FA52030002
2023-11-14 20:26:05.2419–TRACE–2023/11/14 20:26:05:2419| 0|  COM5| R | CommandID    145| FA030403040D0A
2023-11-14 20:26:05.2419–TRACE–2023/11/14 20:26:05:2445| 0|  COM5| S | CommandID    146| FA52010001
2023-11-14 20:26:05.2699–TRACE–2023/11/14 20:26:05:2699| 0|  COM5| R | CommandID    146| FA010401020D0A
2023-11-14 20:26:05.2699–TRACE–2023/11/14 20:26:05:2724| 0|  COM5| S | CommandID    147| FA52020001
2023-11-14 20:26:05.2871–TRACE–2023/11/14 20:26:05:2870| 0|  COM5| R | CommandID    147| FA020401020D0A
2023-11-14 20:26:05.2871–TRACE–2023/11/14 20:26:05:2970| 0|  COM5| S | CommandID    148| FA52030001
2023-11-14 20:26:05.3249–TRACE–2023/11/14 20:26:05:3249| 0|  COM5| R | CommandID    148| FA030401020D0A
2023-11-14 20:26:05.3249–TRACE–2023/11/14 20:26:05:3273| 0|  COM5| S | CommandID    149| FA52010401
2023-11-14 20:26:05.3523–TRACE–2023/11/14 20:26:05:3523| 0|  COM5| R | CommandID    149| FA010A0101020304050607080D0A
2023-11-14 20:26:05.3523–TRACE–2023/11/14 20:26:05:3548| 0|  COM5| S | CommandID    150| FA52020401
2023-11-14 20:26:05.3791–TRACE–2023/11/14 20:26:05:3791| 0|  COM5| R | CommandID    150| FA020A0101020304050607080D0A
2023-11-14 20:26:05.3791–TRACE–2023/11/14 20:26:05:3822| 0|  COM5| S | CommandID    151| FA52030401
2023-11-14 20:26:05.3971–TRACE–2023/11/14 20:26:05:3971| 0|  COM5| R | CommandID    151| FA030A0101020304050607080D0A
2023-11-14 20:26:05.3971–TRACE–2023/11/14 20:26:05:4013| 0|  COM5| S | CommandID    152| FA52010101
2023-11-14 20:26:05.4298–TRACE–2023/11/14 20:26:05:4298| 0|  COM5| R | CommandID    152| FA0103640D0A
2023-11-14 20:26:05.4298–TRACE–2023/11/14 20:26:05:4324| 0|  COM5| S | CommandID    153| FA52020101
2023-11-14 20:26:05.4594–TRACE–2023/11/14 20:26:05:4594| 0|  COM5| R | CommandID    153| FA0203640D0A
2023-11-14 20:26:05.4594–TRACE–2023/11/14 20:26:05:4622| 0|  COM5| S | CommandID    154| FA52030101
2023-11-14 20:26:05.4930–TRACE–2023/11/14 20:26:05:4930| 0|  COM5| R | CommandID    154| FA0303640D0A
2023-11-14 20:26:05.4930–TRACE–2023/11/14 20:26:05:4956| 0|  COM5| S | CommandID    155| FA52010402
2023-11-14 20:26:05.5228–TRACE–2023/11/14 20:26:05:5228| 0|  COM5| R | CommandID    155| FA010400890D0A
2023-11-14 20:26:05.5228–TRACE–2023/11/14 20:26:05:5254| 0|  COM5| S | CommandID    156| FA52020402
2023-11-14 20:26:05.5573–TRACE–2023/11/14 20:26:05:5573| 0|  COM5| R | CommandID    156| FA020400850D0A
2023-11-14 20:26:05.5573–TRACE–2023/11/14 20:26:05:5600| 0|  COM5| S | CommandID    157| FA52030402
2023-11-14 20:26:05.5832–TRACE–2023/11/14 20:26:05:5832| 0|  COM5| R | CommandID    157| FA030400850D0A
2023-11-14 20:26:05.5832–TRACE–2023/11/14 20:26:05:5864| 0|  COM5| S | CommandID    158| FA52010403
2023-11-14 20:26:05.6131–TRACE–2023/11/14 20:26:05:6131| 0|  COM5| R | CommandID    158| FA01054557550D0A
2023-11-14 20:26:05.6131–TRACE–2023/11/14 20:26:05:6159| 0|  COM5| S | CommandID    159| FA52020403
2023-11-14 20:26:05.6456–TRACE–2023/11/14 20:26:05:6455| 0|  COM5| R | CommandID    159| FA02054155550D0A
2023-11-14 20:26:05.6456–TRACE–2023/11/14 20:26:05:6483| 0|  COM5| S | CommandID    160| FA52030403
2023-11-14 20:26:05.6771–TRACE–2023/11/14 20:26:05:6771| 0|  COM5| R | CommandID    160| FA03054159550D0A
2023-11-14 20:26:05.6771–TRACE–2023/11/14 20:26:05:6797| 0|  COM5| S | CommandID    161| FA52010404
2023-11-14 20:26:05.7085–TRACE–2023/11/14 20:26:05:7085| 0|  COM5| R | CommandID    161| FA01034B0D0A
2023-11-14 20:26:05.7085–TRACE–2023/11/14 20:26:05:7113| 0|  COM5| S | CommandID    162| FA52020404
2023-11-14 20:26:05.7369–TRACE–2023/11/14 20:26:05:7369| 0|  COM5| R | CommandID    162| FA02034B0D0A
2023-11-14 20:26:05.7369–TRACE–2023/11/14 20:26:05:7398| 0|  COM5| S | CommandID    163| FA52030404
2023-11-14 20:26:05.7533–TRACE–2023/11/14 20:26:05:7533| 0|  COM5| R | CommandID    163| FA03035F0D0A
2023-11-14 20:26:05.7533–TRACE–2023/11/14 20:26:05:7563| 0|  COM5| S | CommandID    164| FA52010405
2023-11-14 20:26:05.7882–TRACE–2023/11/14 20:26:05:7882| 0|  COM5| R | CommandID    164| FA010447470D0A
2023-11-14 20:26:05.8678–TRACE–2023/11/14 20:26:05:8678| 0|  COM5| S | CommandID    165| FA52020405
2023-11-14 20:26:05.8946–TRACE–2023/11/14 20:26:05:8946| 0|  COM5| R | CommandID    165| FA02042A0D0D0A
2023-11-14 20:26:05.9737–TRACE–2023/11/14 20:26:05:9736| 0|  COM5| S | CommandID    166| FA52030405
2023-11-14 20:26:05.9873–TRACE–2023/11/14 20:26:05:9873| 0|  COM5| R | CommandID    166| FA030423420D0A
2023-11-14 20:26:06.0839–TRACE–2023/11/14 20:26:06:0839| 0|  COM5| S | CommandID    167| FA52010501
2023-11-14 20:26:06.0991–TRACE–2023/11/14 20:26:06:0991| 0|  COM5| R | CommandID    167| FA0104012C0D0A
2023-11-14 20:26:06.1867–TRACE–2023/11/14 20:26:06:1867| 0|  COM5| S | CommandID    168| FA52030501
2023-11-14 20:26:06.2098–TRACE–2023/11/14 20:26:06:2097| 0|  COM5| R | CommandID    168| FA030401540D0A
2023-11-14 20:26:06.2963–TRACE–2023/11/14 20:26:06:2963| 0|  COM5| S | CommandID    169| FA52020501
2023-11-14 20:26:06.3218–TRACE–2023/11/14 20:26:06:3218| 0|  COM5| R | CommandID    169| FA020401300D0A
2023-11-14 20:26:06.8089–TRACE–2023/11/14 20:26:06:8089| 0|  COM5| S | CommandID    170| FA52010405
2023-11-14 20:26:06.8337–TRACE–2023/11/14 20:26:06:8337| 0|  COM5| R | CommandID    170| FA0104470A0D0A
2023-11-14 20:26:06.9164–TRACE–2023/11/14 20:26:06:9163| 0|  COM5| S | CommandID    171| FA52020405
2023-11-14 20:26:06.9457–TRACE–2023/11/14 20:26:06:9457| 0|  COM5| R | CommandID    171| FA02040D2E0D0A
2023-11-14 20:26:07.0317–TRACE–2023/11/14 20:26:07:0317| 0|  COM5| S | CommandID    172| FA52030405
2023-11-14 20:26:07.0573–TRACE–2023/11/14 20:26:07:0573| 0|  COM5| R | CommandID    172| FA03043A130D0A
2023-11-14 20:26:07.1336–TRACE–2023/11/14 20:26:07:1336| 0|  COM5| S | CommandID    173| FA52010501
2023-11-14 20:26:07.1600–TRACE–2023/11/14 20:26:07:1599| 0|  COM5| R | CommandID    173| FA010401240D0A
2023-11-14 20:26:07.2411–TRACE–2023/11/14 20:26:07:2411| 0|  COM5| S | CommandID    174| FA52030501
2023-11-14 20:26:07.2695–TRACE–2023/11/14 20:26:07:2695| 0|  COM5| R | CommandID    174| FA030401300D0A
2023-11-14 20:26:07.3514–TRACE–2023/11/14 20:26:07:3514| 0|  COM5| S | CommandID    175| FA52020501
2023-11-14 20:26:07.3808–TRACE–2023/11/14 20:26:07:3808| 0|  COM5| R | CommandID    175| FA020401340D0A
2023-11-14 20:26:07.8612–TRACE–2023/11/14 20:26:07:8612| 0|  COM5| S | CommandID    176| FA52010405
2023-11-14 20:26:07.8869–TRACE–2023/11/14 20:26:07:8869| 0|  COM5| R | CommandID    176| FA010429170D0A
2023-11-14 20:26:07.9620–TRACE–2023/11/14 20:26:07:9619| 0|  COM5| S | CommandID    177| FA52020405
2023-11-14 20:26:07.9904–TRACE–2023/11/14 20:26:07:9904| 0|  COM5| R | CommandID    177| FA0204223E0D0A
2023-11-14 20:26:08.0706–TRACE–2023/11/14 20:26:08:0705| 0|  COM5| S | CommandID    178| FA52030405
2023-11-14 20:26:08.0993–TRACE–2023/11/14 20:26:08:0993| 0|  COM5| R | CommandID    178| FA0304140A0D0A
2023-11-14 20:26:08.1760–TRACE–2023/11/14 20:26:08:1760| 0|  COM5| S | CommandID    179| FA52010501
2023-11-14 20:26:08.1924–TRACE–2023/11/14 20:26:08:1924| 0|  COM5| R | CommandID    179| FA010401180D0A
2023-11-14 20:26:08.2756–TRACE–2023/11/14 20:26:08:2756| 0|  COM5| S | CommandID    180| FA52030501
2023-11-14 20:26:08.3051–TRACE–2023/11/14 20:26:08:3051| 0|  COM5| R | CommandID    180| FA030401540D0A
2023-11-14 20:26:08.3812–TRACE–2023/11/14 20:26:08:3812| 0|  COM5| S | CommandID    181| FA52020501
2023-11-14 20:26:08.3943–TRACE–2023/11/14 20:26:08:3943| 0|  COM5| R | CommandID    181| FA020401140D0A
2023-11-14 20:26:08.8861–TRACE–2023/11/14 20:26:08:8861| 0|  COM5| S | CommandID    182| FA52010405
2023-11-14 20:26:08.9139–TRACE–2023/11/14 20:26:08:9139| 0|  COM5| R | CommandID    182| FA0104173A0D0A
2023-11-14 20:26:08.9883–TRACE–2023/11/14 20:26:08:9883| 0|  COM5| S | CommandID    183| FA52020405
2023-11-14 20:26:09.0035–TRACE–2023/11/14 20:26:09:0034| 0|  COM5| R | CommandID    183| FA020441120D0A
2023-11-14 20:26:09.0968–TRACE–2023/11/14 20:26:09:0968| 0|  COM5| S | CommandID    184| FA52030405
2023-11-14 20:26:09.1123–TRACE–2023/11/14 20:26:09:1123| 0|  COM5| R | CommandID    184| FA0304462F0D0A
2023-11-14 20:26:09.2094–TRACE–2023/11/14 20:26:09:2093| 0|  COM5| S | CommandID    185| FA52010501
2023-11-14 20:26:09.2396–TRACE–2023/11/14 20:26:09:2396| 0|  COM5| R | CommandID    185| FA010401380D0A
2023-11-14 20:26:09.3127–TRACE–2023/11/14 20:26:09:3127| 0|  COM5| S | CommandID    186| FA52030501
2023-11-14 20:26:09.3379–TRACE–2023/11/14 20:26:09:3379| 0|  COM5| R | CommandID    186| FA030401280D0A
2023-11-14 20:26:09.4135–TRACE–2023/11/14 20:26:09:4135| 0|  COM5| S | CommandID    187| FA52020501
2023-11-14 20:26:09.4420–TRACE–2023/11/14 20:26:09:4420| 0|  COM5| R | CommandID    187| FA020401440D0A
2023-11-14 20:26:09.9269–TRACE–2023/11/14 20:26:09:9269| 0|  COM5| S | CommandID    188| FA52010405
2023-11-14 20:26:09.9421–TRACE–2023/11/14 20:26:09:9421| 0|  COM5| R | CommandID    188| FA01042D160D0A
2023-11-14 20:26:10.0361–TRACE–2023/11/14 20:26:10:0361| 0|  COM5| S | CommandID    189| FA52020405
2023-11-14 20:26:10.0498–TRACE–2023/11/14 20:26:10:0498| 0|  COM5| R | CommandID    189| FA02040E3F0D0A
2023-11-14 20:26:10.1491–TRACE–2023/11/14 20:26:10:1491| 0|  COM5| S | CommandID    190| FA52030405
2023-11-14 20:26:10.1757–TRACE–2023/11/14 20:26:10:1757| 0|  COM5| R | CommandID    190| FA03043D4D0D0A
2023-11-14 20:26:10.2562–TRACE–2023/11/14 20:26:10:2562| 0|  COM5| S | CommandID    191| FA52010501
2023-11-14 20:26:10.2858–TRACE–2023/11/14 20:26:10:2858| 0|  COM5| R | CommandID    191| FA010401440D0A
2023-11-14 20:26:10.3649–TRACE–2023/11/14 20:26:10:3648| 0|  COM5| S | CommandID    192| FA52030501
2023-11-14 20:26:10.3794–TRACE–2023/11/14 20:26:10:3794| 0|  COM5| R | CommandID    192| FA0304014C0D0A
2023-11-14 20:26:10.4754–TRACE–2023/11/14 20:26:10:4754| 0|  COM5| S | CommandID    193| FA52020501
2023-11-14 20:26:10.5046–TRACE–2023/11/14 20:26:10:5046| 0|  COM5| R | CommandID    193| FA020401040D0A
2023-11-14 20:26:10.9761–TRACE–2023/11/14 20:26:10:9760| 0|  COM5| S | CommandID    194| FA52010405
2023-11-14 20:26:11.0056–TRACE–2023/11/14 20:26:11:0056| 0|  COM5| R | CommandID    194| FA010439100D0A
2023-11-14 20:26:11.0856–TRACE–2023/11/14 20:26:11:0856| 0|  COM5| S | CommandID    195| FA52020405
2023-11-14 20:26:11.1144–TRACE–2023/11/14 20:26:11:1144| 0|  COM5| R | CommandID    195| FA020420220D0A
2023-11-14 20:26:11.1947–TRACE–2023/11/14 20:26:11:1946| 0|  COM5| S | CommandID    196| FA52030405
2023-11-14 20:26:11.2258–TRACE–2023/11/14 20:26:11:2258| 0|  COM5| R | CommandID    196| FA03040B2E0D0A
2023-11-14 20:26:11.3003–TRACE–2023/11/14 20:26:11:3003| 0|  COM5| S | CommandID    197| FA52010501
2023-11-14 20:26:11.3167–TRACE–2023/11/14 20:26:11:3167| 0|  COM5| R | CommandID    197| FA010401040D0A
2023-11-14 20:26:11.4084–TRACE–2023/11/14 20:26:11:4084| 0|  COM5| S | CommandID    198| FA52030501
2023-11-14 20:26:11.4262–TRACE–2023/11/14 20:26:11:4262| 0|  COM5| R | CommandID    198| FA030401240D0A
2023-11-14 20:26:11.5179–TRACE–2023/11/14 20:26:11:5179| 0|  COM5| S | CommandID    199| FA52020501
2023-11-14 20:26:11.5516–TRACE–2023/11/14 20:26:11:5516| 0|  COM5| R | CommandID    199| FA020401040D0A
