2023-11-30 11:29:32.0016–TRACE–– Start Custom script schedule.
2023-11-30 11:29:32.0016–TRACE–- Currently on iteration : 0
2023-11-30 11:29:32.0016–TRACE–– Enter A-0 step.
2023-11-30 11:29:32.0016–TRACE–- A-1 initial
2023-11-30 11:29:32.0216–TRACE–2023/11/30 11:29:32:0205| 0| COM83| S | CommandID      0| FA57000201
2023-11-30 11:29:32.3388–TRACE–Timeout without any data received.
2023-11-30 11:29:32.3388–TRACE–2023/11/30 11:29:32:3392| 0| COM83| R | CommandID      0| 
2023-11-30 11:29:33.8635–TRACE–- A-2 initial
2023-11-30 11:29:33.8635–TRACE–- Currently on iteration : 1
2023-11-30 11:29:33.8635–TRACE–– End Custom script schedule.
2023-11-30 11:29:43.8017–TRACE–– Start Custom script schedule.
2023-11-30 11:29:43.8017–TRACE–- Currently on iteration : 0
2023-11-30 11:29:43.8017–TRACE–– Enter A-0 step.
2023-11-30 11:29:43.8017–TRACE–- A-1 initial
2023-11-30 11:29:43.8136–TRACE–2023/11/30 11:29:43:8136| 0| COM83| S | CommandID      0| FA57000201
2023-11-30 11:29:44.1166–TRACE–Timeout without any data received.
2023-11-30 11:29:44.1166–TRACE–2023/11/30 11:29:44:1178| 0| COM83| R | CommandID      0| 
2023-11-30 11:29:44.9833–TRACE–- A-2 initial
2023-11-30 11:29:44.9877–TRACE–- Currently on iteration : 1
2023-11-30 11:29:44.9877–TRACE–– End Custom script schedule.
2023-11-30 11:29:55.0992–TRACE–– Start Custom script schedule.
2023-11-30 11:29:55.0992–TRACE–- Currently on iteration : 0
2023-11-30 11:29:55.0992–TRACE–– Enter A-0 step.
2023-11-30 11:29:55.0992–TRACE–- A-1 initial
2023-11-30 11:29:55.0992–TRACE–2023/11/30 11:29:55:1099| 0| COM83| S | CommandID      0| FA57000201
2023-11-30 11:29:55.4268–TRACE–Timeout without any data received.
2023-11-30 11:29:55.4268–TRACE–2023/11/30 11:29:55:4268| 0| COM83| R | CommandID      0| 
2023-11-30 11:29:56.2530–TRACE–- A-2 initial
2023-11-30 11:29:56.2530–TRACE–- Currently on iteration : 1
2023-11-30 11:29:56.2530–TRACE–– End Custom script schedule.
2023-11-30 11:30:18.6337–TRACE–– Start Custom script schedule.
2023-11-30 11:30:18.6437–TRACE–- Currently on iteration : 0
2023-11-30 11:30:18.6437–TRACE–– Enter A-0 step.
2023-11-30 11:30:18.6563–TRACE–- A-1 initial
2023-11-30 11:30:18.6563–TRACE–2023/11/30 11:30:18:6612| 0| COM83| S | CommandID      0| FA57000201
2023-11-30 11:30:18.9888–TRACE–Timeout without any data received.
2023-11-30 11:30:18.9888–TRACE–2023/11/30 11:30:18:9889| 0| COM83| R | CommandID      0| 
2023-11-30 11:30:23.6703–TRACE–- A-1 進入偵測階段
2023-11-30 11:30:23.6780–TRACE–2023/11/30 11:30:23:6780| 0| COM83| S | CommandID      1| FA52010002
2023-11-30 11:30:23.9902–TRACE–Timeout without any data received.
2023-11-30 11:30:23.9902–TRACE–2023/11/30 11:30:23:9903| 0| COM83| R | CommandID      1| 
2023-11-30 11:30:23.9902–TRACE–2023/11/30 11:30:23:9952| 0| COM83| S | CommandID      2| FA52020002
2023-11-30 11:30:24.3139–TRACE–Timeout without any data received.
2023-11-30 11:30:24.3139–TRACE–2023/11/30 11:30:24:3140| 0| COM83| R | CommandID      2| 
2023-11-30 11:30:24.3139–TRACE–2023/11/30 11:30:24:3207| 0| COM83| S | CommandID      3| FA52030002
2023-11-30 11:30:24.6276–TRACE–Timeout without any data received.
2023-11-30 11:30:24.6276–TRACE–2023/11/30 11:30:24:6283| 0| COM83| R | CommandID      3| 
2023-11-30 11:30:24.6276–TRACE–2023/11/30 11:30:24:6329| 0| COM83| S | CommandID      4| FA52010001
2023-11-30 11:30:24.9390–TRACE–Timeout without any data received.
2023-11-30 11:30:24.9390–TRACE–2023/11/30 11:30:24:9391| 0| COM83| R | CommandID      4| 
2023-11-30 11:30:24.9390–TRACE–2023/11/30 11:30:24:9449| 0| COM83| S | CommandID      5| FA52020001
2023-11-30 11:30:25.2571–TRACE–Timeout without any data received.
2023-11-30 11:30:25.2571–TRACE–2023/11/30 11:30:25:2572| 0| COM83| R | CommandID      5| 
2023-11-30 11:30:25.2571–TRACE–2023/11/30 11:30:25:2642| 0| COM83| S | CommandID      6| FA52030001
2023-11-30 11:30:25.5786–TRACE–Timeout without any data received.
2023-11-30 11:30:25.5786–TRACE–2023/11/30 11:30:25:5788| 0| COM83| R | CommandID      6| 
2023-11-30 11:30:25.5786–TRACE–2023/11/30 11:30:25:5834| 0| COM83| S | CommandID      7| FA52010401
2023-11-30 11:30:25.8929–TRACE–Timeout without any data received.
2023-11-30 11:30:25.8929–TRACE–2023/11/30 11:30:25:8936| 0| COM83| R | CommandID      7| 
2023-11-30 11:30:25.9229–TRACE–2023/11/30 11:30:25:9229| 0| COM83| S | CommandID      8| FA52020401
2023-11-30 11:30:27.9375–TRACE–- A-2 initial
2023-11-30 11:30:27.9444–TRACE–- Currently on iteration : 1
2023-11-30 11:30:27.9444–TRACE–– End Custom script schedule.
2023-11-30 11:31:35.4728–TRACE–– Start Custom script schedule.
2023-11-30 11:31:35.4728–TRACE–- Currently on iteration : 0
2023-11-30 11:31:35.4826–TRACE–– Enter A-0 step.
2023-11-30 11:31:35.4990–TRACE–- A-1 initial
2023-11-30 11:31:35.4990–TRACE–2023/11/30 11:31:35:5048| 0| COM88| S | CommandID      0| FA57000201
2023-11-30 11:31:35.8194–TRACE–Timeout without any data received.
2023-11-30 11:31:35.8194–TRACE–2023/11/30 11:31:35:8194| 0| COM88| R | CommandID      0| 
2023-11-30 11:31:36.5990–TRACE–- A-2 initial
2023-11-30 11:31:36.5990–TRACE–- Currently on iteration : 1
2023-11-30 11:31:36.6105–TRACE–– End Custom script schedule.
2023-11-30 11:31:59.0817–TRACE–– Start Custom script schedule.
2023-11-30 11:31:59.0817–TRACE–- Currently on iteration : 0
2023-11-30 11:31:59.0938–TRACE–– Enter A-0 step.
2023-11-30 11:31:59.0938–TRACE–- A-1 initial
2023-11-30 11:31:59.1117–TRACE–2023/11/30 11:31:59:1116| 0| COM88| S | CommandID      0| FA57000201
2023-11-30 11:31:59.1402–TRACE–2023/11/30 11:31:59:1402| 0| COM88| R | CommandID      0| C30D0A
2023-11-30 11:32:04.1122–TRACE–- A-1 進入偵測階段
2023-11-30 11:32:04.1122–TRACE–2023/11/30 11:32:04:1178| 0| COM88| S | CommandID      1| FA52010002
2023-11-30 11:32:04.1466–TRACE–2023/11/30 11:32:04:1466| 0| COM88| R | CommandID      1| FA010403040D0A
2023-11-30 11:32:04.1533–TRACE–2023/11/30 11:32:04:1533| 0| COM88| S | CommandID      2| FA52020002
2023-11-30 11:32:04.1764–TRACE–2023/11/30 11:32:04:1764| 0| COM88| R | CommandID      2| FA020403040D0A
2023-11-30 11:32:04.1845–TRACE–2023/11/30 11:32:04:1844| 0| COM88| S | CommandID      3| FA52030002
2023-11-30 11:32:04.2167–TRACE–2023/11/30 11:32:04:2167| 0| COM88| R | CommandID      3| FA030403040D0A
2023-11-30 11:32:04.2323–TRACE–2023/11/30 11:32:04:2322| 0| COM88| S | CommandID      4| FA52010001
2023-11-30 11:32:04.2550–TRACE–2023/11/30 11:32:04:2550| 0| COM88| R | CommandID      4| FA010401020D0A
2023-11-30 11:32:04.2550–TRACE–2023/11/30 11:32:04:2604| 0| COM88| S | CommandID      5| FA52020001
2023-11-30 11:32:04.2899–TRACE–2023/11/30 11:32:04:2899| 0| COM88| R | CommandID      5| FA020401020D0A
2023-11-30 11:32:04.2958–TRACE–2023/11/30 11:32:04:2958| 0| COM88| S | CommandID      6| FA52030001
2023-11-30 11:32:04.3272–TRACE–2023/11/30 11:32:04:3272| 0| COM88| R | CommandID      6| FA030401020D0A
2023-11-30 11:32:04.3272–TRACE–2023/11/30 11:32:04:3348| 0| COM88| S | CommandID      7| FA52010401
2023-11-30 11:32:04.3803–TRACE–2023/11/30 11:32:04:3803| 0| COM88| R | CommandID      7| FA010A0101020304050607080D0A
2023-11-30 11:32:04.3803–TRACE–2023/11/30 11:32:04:3863| 0| COM88| S | CommandID      8| FA52020401
2023-11-30 11:32:04.4091–TRACE–2023/11/30 11:32:04:4091| 0| COM88| R | CommandID      8| FA020A0101020304050607080D0A
2023-11-30 11:32:04.4091–TRACE–2023/11/30 11:32:04:4154| 0| COM88| S | CommandID      9| FA52030401
2023-11-30 11:32:04.4446–TRACE–2023/11/30 11:32:04:4446| 0| COM88| R | CommandID      9| FA030A0101020304050607080D0A
2023-11-30 11:32:04.4502–TRACE–2023/11/30 11:32:04:4501| 0| COM88| S | CommandID     10| FA52010101
2023-11-30 11:32:04.4906–TRACE–2023/11/30 11:32:04:4906| 0| COM88| R | CommandID     10| FA0103640D0A
2023-11-30 11:32:04.4906–TRACE–2023/11/30 11:32:04:4966| 0| COM88| S | CommandID     11| FA52020101
2023-11-30 11:32:04.5198–TRACE–2023/11/30 11:32:04:5198| 0| COM88| R | CommandID     11| FA0203640D0A
2023-11-30 11:32:04.5198–TRACE–2023/11/30 11:32:04:5267| 0| COM88| S | CommandID     12| FA52030101
2023-11-30 11:32:04.5539–TRACE–2023/11/30 11:32:04:5539| 0| COM88| R | CommandID     12| FA0303640D0A
2023-11-30 11:32:04.5593–TRACE–2023/11/30 11:32:04:5592| 0| COM88| S | CommandID     13| FA52010402
2023-11-30 11:32:04.5951–TRACE–2023/11/30 11:32:04:5951| 0| COM88| R | CommandID     13| FA010400890D0A
2023-11-30 11:32:04.6085–TRACE–2023/11/30 11:32:04:6085| 0| COM88| S | CommandID     14| FA52020402
2023-11-30 11:32:04.6405–TRACE–2023/11/30 11:32:04:6404| 0| COM88| R | CommandID     14| FA020400870D0A
2023-11-30 11:32:04.6405–TRACE–2023/11/30 11:32:04:6469| 0| COM88| S | CommandID     15| FA52030402
2023-11-30 11:32:04.6752–TRACE–2023/11/30 11:32:04:6752| 0| COM88| R | CommandID     15| FA030400870D0A
2023-11-30 11:32:04.6752–TRACE–2023/11/30 11:32:04:6810| 0| COM88| S | CommandID     16| FA52010403
2023-11-30 11:32:04.7102–TRACE–2023/11/30 11:32:04:7102| 0| COM88| R | CommandID     16| FA01054355550D0A
2023-11-30 11:32:04.7336–TRACE–2023/11/30 11:32:04:7336| 0| COM88| S | CommandID     17| FA52020403
2023-11-30 11:32:04.7642–TRACE–2023/11/30 11:32:04:7642| 0| COM88| R | CommandID     17| FA02055759550D0A
2023-11-30 11:32:04.7642–TRACE–2023/11/30 11:32:04:7713| 0| COM88| S | CommandID     18| FA52030403
2023-11-30 11:32:04.8075–TRACE–2023/11/30 11:32:04:8075| 0| COM88| R | CommandID     18| FA03054559550D0A
2023-11-30 11:32:04.8132–TRACE–2023/11/30 11:32:04:8132| 0| COM88| S | CommandID     19| FA52010404
2023-11-30 11:32:04.8366–TRACE–2023/11/30 11:32:04:8366| 0| COM88| R | CommandID     19| FA01034B0D0A
2023-11-30 11:32:04.8429–TRACE–2023/11/30 11:32:04:8429| 0| COM88| S | CommandID     20| FA52020404
2023-11-30 11:32:04.8933–TRACE–2023/11/30 11:32:04:8933| 0| COM88| R | CommandID     20| FA02034B0D0A
2023-11-30 11:32:04.8933–TRACE–2023/11/30 11:32:04:9002| 0| COM88| S | CommandID     21| FA52030404
2023-11-30 11:32:04.9290–TRACE–2023/11/30 11:32:04:9290| 0| COM88| R | CommandID     21| FA03034B0D0A
2023-11-30 11:32:04.9354–TRACE–2023/11/30 11:32:04:9354| 0| COM88| S | CommandID     22| FA52010405
2023-11-30 11:32:04.9601–TRACE–2023/11/30 11:32:04:9601| 0| COM88| R | CommandID     22| FA01043A0E0D0A
2023-11-30 11:32:04.9679–TRACE–2023/11/30 11:32:04:9679| 0| COM88| S | CommandID     23| FA52020405
2023-11-30 11:32:04.9981–TRACE–2023/11/30 11:32:04:9981| 0| COM88| R | CommandID     23| FA02040E500D0A
2023-11-30 11:32:05.0131–TRACE–2023/11/30 11:32:05:0131| 0| COM88| S | CommandID     24| FA52030405
2023-11-30 11:32:05.0299–TRACE–2023/11/30 11:32:05:0298| 0| COM88| R | CommandID     24| FA030428150D0A
2023-11-30 11:32:05.0299–TRACE–2023/11/30 11:32:05:0347| 0| COM88| S | CommandID     25| FA52010501
2023-11-30 11:32:05.0673–TRACE–2023/11/30 11:32:05:0673| 0| COM88| R | CommandID     25| FA0104012C0D0A
2023-11-30 11:32:05.0673–TRACE–2023/11/30 11:32:05:0741| 0| COM88| S | CommandID     26| FA52030501
2023-11-30 11:32:05.1042–TRACE–2023/11/30 11:32:05:1042| 0| COM88| R | CommandID     26| FA0304014C0D0A
2023-11-30 11:32:05.1128–TRACE–2023/11/30 11:32:05:1128| 0| COM88| S | CommandID     27| FA52020501
2023-11-30 11:32:05.1625–TRACE–2023/11/30 11:32:05:1624| 0| COM88| R | CommandID     27| FA020401340D0A
2023-11-30 11:32:07.2719–TRACE–2023/11/30 11:32:07:2719| 0| COM88| S | CommandID     28| FA52010002
2023-11-30 11:32:07.2968–TRACE–2023/11/30 11:32:07:2968| 0| COM88| R | CommandID     28| FA010403040D0A
2023-11-30 11:32:07.2968–TRACE–2023/11/30 11:32:07:3021| 0| COM88| S | CommandID     29| FA52020002
2023-11-30 11:32:07.3452–TRACE–2023/11/30 11:32:07:3451| 0| COM88| R | CommandID     29| FA020403040D0A
2023-11-30 11:32:07.3452–TRACE–2023/11/30 11:32:07:3516| 0| COM88| S | CommandID     30| FA52030002
2023-11-30 11:32:07.3813–TRACE–2023/11/30 11:32:07:3812| 0| COM88| R | CommandID     30| FA030403040D0A
2023-11-30 11:32:07.3876–TRACE–2023/11/30 11:32:07:3876| 0| COM88| S | CommandID     31| FA52010001
2023-11-30 11:32:07.4139–TRACE–2023/11/30 11:32:07:4138| 0| COM88| R | CommandID     31| FA010401020D0A
2023-11-30 11:32:07.4194–TRACE–2023/11/30 11:32:07:4194| 0| COM88| S | CommandID     32| FA52020001
2023-11-30 11:32:07.4433–TRACE–2023/11/30 11:32:07:4433| 0| COM88| R | CommandID     32| FA020401020D0A
2023-11-30 11:32:07.4982–TRACE–2023/11/30 11:32:07:4982| 0| COM88| S | CommandID     33| FA52030001
2023-11-30 11:32:07.5287–TRACE–2023/11/30 11:32:07:5287| 0| COM88| R | CommandID     33| FA030401020D0A
2023-11-30 11:32:07.5287–TRACE–2023/11/30 11:32:07:5377| 0| COM88| S | CommandID     34| FA52010401
2023-11-30 11:32:07.5654–TRACE–2023/11/30 11:32:07:5654| 0| COM88| R | CommandID     34| FA010A0101020304050607080D0A
2023-11-30 11:32:07.5654–TRACE–2023/11/30 11:32:07:5722| 0| COM88| S | CommandID     35| FA52020401
2023-11-30 11:32:07.6008–TRACE–2023/11/30 11:32:07:6008| 0| COM88| R | CommandID     35| FA020A0101020304050607080D0A
2023-11-30 11:32:07.6076–TRACE–2023/11/30 11:32:07:6076| 0| COM88| S | CommandID     36| FA52030401
2023-11-30 11:32:07.6490–TRACE–2023/11/30 11:32:07:6490| 0| COM88| R | CommandID     36| FA030A0101020304050607080D0A
2023-11-30 11:32:07.6548–TRACE–2023/11/30 11:32:07:6548| 0| COM88| S | CommandID     37| FA52010101
2023-11-30 11:32:07.6899–TRACE–2023/11/30 11:32:07:6899| 0| COM88| R | CommandID     37| FA0103640D0A
2023-11-30 11:32:07.6899–TRACE–2023/11/30 11:32:07:6970| 0| COM88| S | CommandID     38| FA52020101
2023-11-30 11:32:07.7210–TRACE–2023/11/30 11:32:07:7210| 0| COM88| R | CommandID     38| FA0203640D0A
2023-11-30 11:32:07.7210–TRACE–2023/11/30 11:32:07:7262| 0| COM88| S | CommandID     39| FA52030101
2023-11-30 11:32:07.7723–TRACE–2023/11/30 11:32:07:7723| 0| COM88| R | CommandID     39| FA0303640D0A
2023-11-30 11:32:07.7808–TRACE–2023/11/30 11:32:07:7808| 0| COM88| S | CommandID     40| FA52010402
2023-11-30 11:32:07.8124–TRACE–2023/11/30 11:32:07:8124| 0| COM88| R | CommandID     40| FA010400870D0A
2023-11-30 11:32:07.8124–TRACE–2023/11/30 11:32:07:8190| 0| COM88| S | CommandID     41| FA52020402
2023-11-30 11:32:07.8489–TRACE–2023/11/30 11:32:07:8489| 0| COM88| R | CommandID     41| FA020400870D0A
2023-11-30 11:32:07.8489–TRACE–2023/11/30 11:32:07:8539| 0| COM88| S | CommandID     42| FA52030402
2023-11-30 11:32:07.8963–TRACE–2023/11/30 11:32:07:8963| 0| COM88| R | CommandID     42| FA030400870D0A
2023-11-30 11:32:07.9031–TRACE–2023/11/30 11:32:07:9031| 0| COM88| S | CommandID     43| FA52010403
2023-11-30 11:32:07.9298–TRACE–2023/11/30 11:32:07:9298| 0| COM88| R | CommandID     43| FA01054357550D0A
2023-11-30 11:32:07.9395–TRACE–2023/11/30 11:32:07:9394| 0| COM88| S | CommandID     44| FA52020403
2023-11-30 11:32:07.9710–TRACE–2023/11/30 11:32:07:9709| 0| COM88| R | CommandID     44| FA02054555550D0A
2023-11-30 11:32:07.9710–TRACE–2023/11/30 11:32:07:9796| 0| COM88| S | CommandID     45| FA52030403
2023-11-30 11:32:08.0011–TRACE–2023/11/30 11:32:08:0010| 0| COM88| R | CommandID     45| FA03054359550D0A
2023-11-30 11:32:08.0298–TRACE–2023/11/30 11:32:08:0298| 0| COM88| S | CommandID     46| FA52010404
2023-11-30 11:32:08.0623–TRACE–2023/11/30 11:32:08:0622| 0| COM88| R | CommandID     46| FA01034B0D0A
2023-11-30 11:32:08.0623–TRACE–2023/11/30 11:32:08:0691| 0| COM88| S | CommandID     47| FA52020404
2023-11-30 11:32:08.0978–TRACE–2023/11/30 11:32:08:0978| 0| COM88| R | CommandID     47| FA02034B0D0A
2023-11-30 11:32:08.0978–TRACE–2023/11/30 11:32:08:1060| 0| COM88| S | CommandID     48| FA52030404
2023-11-30 11:32:08.1226–TRACE–2023/11/30 11:32:08:1225| 0| COM88| R | CommandID     48| FA03034B0D0A
2023-11-30 11:32:08.1226–TRACE–2023/11/30 11:32:08:1280| 0| COM88| S | CommandID     49| FA52010405
2023-11-30 11:32:08.1601–TRACE–2023/11/30 11:32:08:1601| 0| COM88| R | CommandID     49| FA010434160D0A
2023-11-30 11:32:08.1601–TRACE–2023/11/30 11:32:08:1680| 0| COM88| S | CommandID     50| FA52020405
2023-11-30 11:32:08.1879–TRACE–2023/11/30 11:32:08:1879| 0| COM88| R | CommandID     50| FA02043F2A0D0A
2023-11-30 11:32:08.1879–TRACE–2023/11/30 11:32:08:1964| 0| COM88| S | CommandID     51| FA52030405
2023-11-30 11:32:08.2233–TRACE–2023/11/30 11:32:08:2233| 0| COM88| R | CommandID     51| FA03041C270D0A
2023-11-30 11:32:08.2322–TRACE–2023/11/30 11:32:08:2322| 0| COM88| S | CommandID     52| FA52010501
2023-11-30 11:32:08.2707–TRACE–2023/11/30 11:32:08:2707| 0| COM88| R | CommandID     52| FA0104013C0D0A
2023-11-30 11:32:08.2952–TRACE–2023/11/30 11:32:08:2952| 0| COM88| S | CommandID     53| FA52030501
2023-11-30 11:32:08.3250–TRACE–2023/11/30 11:32:08:3250| 0| COM88| R | CommandID     53| FA030401240D0A
2023-11-30 11:32:08.3250–TRACE–2023/11/30 11:32:08:3362| 0| COM88| S | CommandID     54| FA52020501
2023-11-30 11:32:08.3813–TRACE–2023/11/30 11:32:08:3813| 0| COM88| R | CommandID     54| FA020401240D0A
2023-11-30 11:32:11.0383–TRACE–- A-2 initial
2023-11-30 11:32:11.0461–TRACE–- Currently on iteration : 1
2023-11-30 11:32:11.0461–TRACE–– End Custom script schedule.
2023-11-30 11:32:52.9736–TRACE–– Start Custom script schedule.
2023-11-30 11:32:52.9816–TRACE–- Currently on iteration : 0
2023-11-30 11:32:52.9972–TRACE–– Enter A-0 step.
2023-11-30 11:32:52.9972–TRACE–- A-1 initial
2023-11-30 11:32:52.9972–TRACE–2023/11/30 11:32:53:0094| 0| COM88| S | CommandID      0| FA57000201
2023-11-30 11:32:53.0275–TRACE–2023/11/30 11:32:53:0274| 0| COM88| R | CommandID      0| C30D0A
2023-11-30 11:32:58.0128–TRACE–- A-1 進入偵測階段
2023-11-30 11:32:58.0128–TRACE–2023/11/30 11:32:58:0193| 0| COM88| S | CommandID      1| FA52010002
2023-11-30 11:32:58.0651–TRACE–2023/11/30 11:32:58:0651| 0| COM88| R | CommandID      1| FA010403040D0A
2023-11-30 11:32:58.0759–TRACE–2023/11/30 11:32:58:0759| 0| COM88| S | CommandID      2| FA52020002
2023-11-30 11:32:58.1048–TRACE–2023/11/30 11:32:58:1047| 0| COM88| R | CommandID      2| FA020403040D0A
2023-11-30 11:32:58.1048–TRACE–2023/11/30 11:32:58:1108| 0| COM88| S | CommandID      3| FA52030002
2023-11-30 11:32:58.1404–TRACE–2023/11/30 11:32:58:1403| 0| COM88| R | CommandID      3| FA030403040D0A
2023-11-30 11:32:58.1404–TRACE–2023/11/30 11:32:58:1477| 0| COM88| S | CommandID      4| FA52010001
2023-11-30 11:32:58.1906–TRACE–2023/11/30 11:32:58:1905| 0| COM88| R | CommandID      4| FA010401020D0A
2023-11-30 11:32:58.1983–TRACE–2023/11/30 11:32:58:1983| 0| COM88| S | CommandID      5| FA52020001
2023-11-30 11:32:58.2315–TRACE–2023/11/30 11:32:58:2315| 0| COM88| R | CommandID      5| FA020401020D0A
2023-11-30 11:32:58.2315–TRACE–2023/11/30 11:32:58:2391| 0| COM88| S | CommandID      6| FA52030001
2023-11-30 11:32:58.2700–TRACE–2023/11/30 11:32:58:2699| 0| COM88| R | CommandID      6| FA030401020D0A
2023-11-30 11:32:58.3074–TRACE–2023/11/30 11:32:58:3074| 0| COM88| S | CommandID      7| FA52010401
2023-11-30 11:32:58.3353–TRACE–2023/11/30 11:32:58:3352| 0| COM88| R | CommandID      7| FA010A0101020304050607080D0A
2023-11-30 11:32:58.3450–TRACE–2023/11/30 11:32:58:3450| 0| COM88| S | CommandID      8| FA52020401
2023-11-30 11:32:58.3808–TRACE–2023/11/30 11:32:58:3807| 0| COM88| R | CommandID      8| FA020A0101020304050607080D0A
2023-11-30 11:32:58.3884–TRACE–2023/11/30 11:32:58:3884| 0| COM88| S | CommandID      9| FA52030401
2023-11-30 11:32:58.4255–TRACE–2023/11/30 11:32:58:4255| 0| COM88| R | CommandID      9| FA030A0101020304050607080D0A
2023-11-30 11:32:58.4328–TRACE–2023/11/30 11:32:58:4327| 0| COM88| S | CommandID     10| FA52010101
2023-11-30 11:32:58.4584–TRACE–2023/11/30 11:32:58:4584| 0| COM88| R | CommandID     10| FA0103640D0A
2023-11-30 11:32:58.4664–TRACE–2023/11/30 11:32:58:4664| 0| COM88| S | CommandID     11| FA52020101
2023-11-30 11:32:58.4957–TRACE–2023/11/30 11:32:58:4957| 0| COM88| R | CommandID     11| FA0203640D0A
2023-11-30 11:32:58.4957–TRACE–2023/11/30 11:32:58:5046| 0| COM88| S | CommandID     12| FA52030101
2023-11-30 11:32:58.5489–TRACE–2023/11/30 11:32:58:5489| 0| COM88| R | CommandID     12| FA0303000D0A
2023-11-30 11:32:58.5582–TRACE–2023/11/30 11:32:58:5581| 0| COM88| S | CommandID     13| FA52010402
2023-11-30 11:32:58.5891–TRACE–2023/11/30 11:32:58:5890| 0| COM88| R | CommandID     13| FA010400850D0A
2023-11-30 11:32:58.5891–TRACE–2023/11/30 11:32:58:5964| 0| COM88| S | CommandID     14| FA52020402
2023-11-30 11:32:58.6221–TRACE–2023/11/30 11:32:58:6221| 0| COM88| R | CommandID     14| FA020400890D0A
2023-11-30 11:32:58.6221–TRACE–2023/11/30 11:32:58:6282| 0| COM88| S | CommandID     15| FA52030402
2023-11-30 11:32:58.6850–TRACE–2023/11/30 11:32:58:6850| 0| COM88| R | CommandID     15| FA030400850D0A
2023-11-30 11:32:58.6850–TRACE–2023/11/30 11:32:58:6923| 0| COM88| S | CommandID     16| FA52010403
2023-11-30 11:32:58.7374–TRACE–2023/11/30 11:32:58:7374| 0| COM88| R | CommandID     16| FA01054559550D0A
2023-11-30 11:32:58.7374–TRACE–2023/11/30 11:32:58:7449| 0| COM88| S | CommandID     17| FA52020403
2023-11-30 11:32:58.7735–TRACE–2023/11/30 11:32:58:7735| 0| COM88| R | CommandID     17| FA02054555550D0A
2023-11-30 11:32:58.7933–TRACE–2023/11/30 11:32:58:7933| 0| COM88| S | CommandID     18| FA52030403
2023-11-30 11:32:58.8238–TRACE–2023/11/30 11:32:58:8238| 0| COM88| R | CommandID     18| FA03054157550D0A
2023-11-30 11:32:58.8238–TRACE–2023/11/30 11:32:58:8309| 0| COM88| S | CommandID     19| FA52010404
2023-11-30 11:32:58.8655–TRACE–2023/11/30 11:32:58:8654| 0| COM88| R | CommandID     19| FA01034B0D0A
2023-11-30 11:32:58.8725–TRACE–2023/11/30 11:32:58:8725| 0| COM88| S | CommandID     20| FA52020404
2023-11-30 11:32:58.9095–TRACE–2023/11/30 11:32:58:9095| 0| COM88| R | CommandID     20| FA02034B0D0A
2023-11-30 11:32:58.9183–TRACE–2023/11/30 11:32:58:9182| 0| COM88| S | CommandID     21| FA52030404
2023-11-30 11:32:58.9561–TRACE–2023/11/30 11:32:58:9561| 0| COM88| R | CommandID     21| FA03034B0D0A
2023-11-30 11:32:58.9561–TRACE–2023/11/30 11:32:58:9627| 0| COM88| S | CommandID     22| FA52010405
2023-11-30 11:32:58.9866–TRACE–2023/11/30 11:32:58:9866| 0| COM88| R | CommandID     22| FA01040C4B0D0A
2023-11-30 11:32:58.9866–TRACE–2023/11/30 11:32:58:9932| 0| COM88| S | CommandID     23| FA52020405
2023-11-30 11:32:59.0364–TRACE–2023/11/30 11:32:59:0364| 0| COM88| R | CommandID     23| FA020426210D0A
2023-11-30 11:32:59.0428–TRACE–2023/11/30 11:32:59:0428| 0| COM88| S | CommandID     24| FA52030405
2023-11-30 11:32:59.0630–TRACE–2023/11/30 11:32:59:0630| 0| COM88| R | CommandID     24| FA030414210D0A
2023-11-30 11:32:59.0630–TRACE–2023/11/30 11:32:59:0702| 0| COM88| S | CommandID     25| FA52010501
2023-11-30 11:32:59.0956–TRACE–2023/11/30 11:32:59:0956| 0| COM88| R | CommandID     25| FA010405200D0A
2023-11-30 11:32:59.1208–TRACE–2023/11/30 11:32:59:1208| 0| COM88| S | CommandID     26| FA52030501
2023-11-30 11:32:59.1565–TRACE–2023/11/30 11:32:59:1564| 0| COM88| R | CommandID     26| FA0304013C0D0A
2023-11-30 11:32:59.1565–TRACE–2023/11/30 11:32:59:1633| 0| COM88| S | CommandID     27| FA52020501
2023-11-30 11:32:59.1992–TRACE–2023/11/30 11:32:59:1992| 0| COM88| R | CommandID     27| FA020401200D0A
2023-11-30 11:33:01.0811–TRACE–2023/11/30 11:33:01:0810| 0| COM88| S | CommandID     28| FA52010002
2023-11-30 11:33:01.1080–TRACE–2023/11/30 11:33:01:1080| 0| COM88| R | CommandID     28| FA010403040D0A
2023-11-30 11:33:01.1080–TRACE–2023/11/30 11:33:01:1146| 0| COM88| S | CommandID     29| FA52020002
2023-11-30 11:33:01.1436–TRACE–2023/11/30 11:33:01:1436| 0| COM88| R | CommandID     29| FA020403040D0A
2023-11-30 11:33:01.1541–TRACE–2023/11/30 11:33:01:1541| 0| COM88| S | CommandID     30| FA52030002
2023-11-30 11:33:01.1915–TRACE–2023/11/30 11:33:01:1915| 0| COM88| R | CommandID     30| FA030403040D0A
2023-11-30 11:33:01.1998–TRACE–2023/11/30 11:33:01:1997| 0| COM88| S | CommandID     31| FA52010001
2023-11-30 11:33:01.2314–TRACE–2023/11/30 11:33:01:2314| 0| COM88| R | CommandID     31| FA010401020D0A
2023-11-30 11:33:01.2314–TRACE–2023/11/30 11:33:01:2425| 0| COM88| S | CommandID     32| FA52020001
2023-11-30 11:33:01.2788–TRACE–2023/11/30 11:33:01:2788| 0| COM88| R | CommandID     32| FA020401020D0A
2023-11-30 11:33:01.3084–TRACE–2023/11/30 11:33:01:3084| 0| COM88| S | CommandID     33| FA52030001
2023-11-30 11:33:01.3405–TRACE–2023/11/30 11:33:01:3405| 0| COM88| R | CommandID     33| FA030401020D0A
2023-11-30 11:33:01.3405–TRACE–2023/11/30 11:33:01:3492| 0| COM88| S | CommandID     34| FA52010401
2023-11-30 11:33:01.3780–TRACE–2023/11/30 11:33:01:3779| 0| COM88| R | CommandID     34| FA010A0101020304050607080D0A
2023-11-30 11:33:01.3871–TRACE–2023/11/30 11:33:01:3870| 0| COM88| S | CommandID     35| FA52020401
2023-11-30 11:33:01.4213–TRACE–2023/11/30 11:33:01:4212| 0| COM88| R | CommandID     35| FA020A0101020304050607080D0A
2023-11-30 11:33:01.4213–TRACE–2023/11/30 11:33:01:4276| 0| COM88| S | CommandID     36| FA52030401
2023-11-30 11:33:01.4584–TRACE–2023/11/30 11:33:01:4584| 0| COM88| R | CommandID     36| FA030A0001020304050607080D0A
2023-11-30 11:33:01.4679–TRACE–2023/11/30 11:33:01:4679| 0| COM88| S | CommandID     37| FA52010101
2023-11-30 11:33:01.4999–TRACE–2023/11/30 11:33:01:4998| 0| COM88| R | CommandID     37| FA0103640D0A
2023-11-30 11:33:01.5280–TRACE–2023/11/30 11:33:01:5280| 0| COM88| S | CommandID     38| FA52020101
2023-11-30 11:33:01.5665–TRACE–2023/11/30 11:33:01:5665| 0| COM88| R | CommandID     38| FA0203640D0A
2023-11-30 11:33:01.5763–TRACE–2023/11/30 11:33:01:5763| 0| COM88| S | CommandID     39| FA52030101
2023-11-30 11:33:01.6045–TRACE–2023/11/30 11:33:01:6045| 0| COM88| R | CommandID     39| FA0303640D0A
2023-11-30 11:33:01.6045–TRACE–2023/11/30 11:33:01:6136| 0| COM88| S | CommandID     40| FA52010402
2023-11-30 11:33:01.6645–TRACE–2023/11/30 11:33:01:6645| 0| COM88| R | CommandID     40| FA010400870D0A
2023-11-30 11:33:01.6746–TRACE–2023/11/30 11:33:01:6746| 0| COM88| S | CommandID     41| FA52020402
2023-11-30 11:33:01.7043–TRACE–2023/11/30 11:33:01:7043| 0| COM88| R | CommandID     41| FA020400850D0A
2023-11-30 11:33:01.7043–TRACE–2023/11/30 11:33:01:7132| 0| COM88| S | CommandID     42| FA52030402
2023-11-30 11:33:01.7550–TRACE–2023/11/30 11:33:01:7550| 0| COM88| R | CommandID     42| FA030400890D0A
2023-11-30 11:33:01.7631–TRACE–2023/11/30 11:33:01:7631| 0| COM88| S | CommandID     43| FA52010403
2023-11-30 11:33:01.7918–TRACE–2023/11/30 11:33:01:7917| 0| COM88| R | CommandID     43| FA01054157550D0A
2023-11-30 11:33:01.7918–TRACE–2023/11/30 11:33:01:8001| 0| COM88| S | CommandID     44| FA52020403
2023-11-30 11:33:01.8299–TRACE–2023/11/30 11:33:01:8299| 0| COM88| R | CommandID     44| FA02054359550D0A
2023-11-30 11:33:01.8561–TRACE–2023/11/30 11:33:01:8561| 0| COM88| S | CommandID     45| FA52030403
2023-11-30 11:33:01.8899–TRACE–2023/11/30 11:33:01:8898| 0| COM88| R | CommandID     45| FA03054555550D0A
2023-11-30 11:33:01.9016–TRACE–2023/11/30 11:33:01:9016| 0| COM88| S | CommandID     46| FA52010404
2023-11-30 11:33:01.9366–TRACE–2023/11/30 11:33:01:9366| 0| COM88| R | CommandID     46| FA01034B0D0A
2023-11-30 11:33:01.9366–TRACE–2023/11/30 11:33:01:9458| 0| COM88| S | CommandID     47| FA52020404
2023-11-30 11:33:01.9847–TRACE–2023/11/30 11:33:01:9847| 0| COM88| R | CommandID     47| FA02034B0D0A
2023-11-30 11:33:01.9952–TRACE–2023/11/30 11:33:01:9952| 0| COM88| S | CommandID     48| FA52030404
2023-11-30 11:33:02.0304–TRACE–2023/11/30 11:33:02:0304| 0| COM88| R | CommandID     48| FA03034B0D0A
2023-11-30 11:33:02.0304–TRACE–2023/11/30 11:33:02:0377| 0| COM88| S | CommandID     49| FA52010405
2023-11-30 11:33:02.0663–TRACE–2023/11/30 11:33:02:0663| 0| COM88| R | CommandID     49| FA0104113D0D0A
2023-11-30 11:33:02.0903–TRACE–2023/11/30 11:33:02:0903| 0| COM88| S | CommandID     50| FA52020405
2023-11-30 11:33:02.1237–TRACE–2023/11/30 11:33:02:1237| 0| COM88| R | CommandID     50| FA020426250D0A
2023-11-30 11:33:02.1237–TRACE–2023/11/30 11:33:02:1324| 0| COM88| S | CommandID     51| FA52030405
2023-11-30 11:33:02.1612–TRACE–2023/11/30 11:33:02:1612| 0| COM88| R | CommandID     51| FA03043E100D0A
2023-11-30 11:33:02.1735–TRACE–2023/11/30 11:33:02:1735| 0| COM88| S | CommandID     52| FA52010501
2023-11-30 11:33:02.2259–TRACE–2023/11/30 11:33:02:2259| 0| COM88| R | CommandID     52| FA010401000D0A
2023-11-30 11:33:02.2386–TRACE–2023/11/30 11:33:02:2386| 0| COM88| S | CommandID     53| FA52030501
2023-11-30 11:33:02.2696–TRACE–2023/11/30 11:33:02:2696| 0| COM88| R | CommandID     53| FA0304015C0D0A
2023-11-30 11:33:02.2780–TRACE–2023/11/30 11:33:02:2779| 0| COM88| S | CommandID     54| FA52020501
2023-11-30 11:33:02.3157–TRACE–2023/11/30 11:33:02:3157| 0| COM88| R | CommandID     54| FA020401600D0A
2023-11-30 11:33:04.1700–TRACE–2023/11/30 11:33:04:1700| 0| COM88| S | CommandID     55| FA52010002
2023-11-30 11:33:04.2019–TRACE–2023/11/30 11:33:04:2019| 0| COM88| R | CommandID     55| FA010403040D0A
2023-11-30 11:33:04.2019–TRACE–2023/11/30 11:33:04:2082| 0| COM88| S | CommandID     56| FA52020002
2023-11-30 11:33:04.2529–TRACE–2023/11/30 11:33:04:2529| 0| COM88| R | CommandID     56| FA020403040D0A
2023-11-30 11:33:04.2602–TRACE–2023/11/30 11:33:04:2602| 0| COM88| S | CommandID     57| FA52030002
2023-11-30 11:33:04.2914–TRACE–2023/11/30 11:33:04:2914| 0| COM88| R | CommandID     57| FA030403040D0A
2023-11-30 11:33:04.2985–TRACE–2023/11/30 11:33:04:2985| 0| COM88| S | CommandID     58| FA52010001
2023-11-30 11:33:04.3452–TRACE–2023/11/30 11:33:04:3452| 0| COM88| R | CommandID     58| FA010401020D0A
2023-11-30 11:33:04.3452–TRACE–2023/11/30 11:33:04:3520| 0| COM88| S | CommandID     59| FA52020001
2023-11-30 11:33:04.3775–TRACE–2023/11/30 11:33:04:3775| 0| COM88| R | CommandID     59| FA020401020D0A
2023-11-30 11:33:04.3775–TRACE–2023/11/30 11:33:04:3851| 0| COM88| S | CommandID     60| FA52030001
2023-11-30 11:33:04.4101–TRACE–2023/11/30 11:33:04:4101| 0| COM88| R | CommandID     60| FA030401020D0A
2023-11-30 11:33:04.4346–TRACE–2023/11/30 11:33:04:4346| 0| COM88| S | CommandID     61| FA52010401
2023-11-30 11:33:04.4650–TRACE–2023/11/30 11:33:04:4650| 0| COM88| R | CommandID     61| FA010A0101020304050607080D0A
2023-11-30 11:33:04.4650–TRACE–2023/11/30 11:33:04:4731| 0| COM88| S | CommandID     62| FA52020401
2023-11-30 11:33:04.5034–TRACE–2023/11/30 11:33:04:5034| 0| COM88| R | CommandID     62| FA020A0101020304050607080D0A
2023-11-30 11:33:04.5110–TRACE–2023/11/30 11:33:04:5110| 0| COM88| S | CommandID     63| FA52030401
2023-11-30 11:33:04.5498–TRACE–2023/11/30 11:33:04:5498| 0| COM88| R | CommandID     63| FA030A0101020304050607080D0A
2023-11-30 11:33:04.5498–TRACE–2023/11/30 11:33:04:5570| 0| COM88| S | CommandID     64| FA52010101
2023-11-30 11:33:04.5839–TRACE–2023/11/30 11:33:04:5839| 0| COM88| R | CommandID     64| FA0103640D0A
2023-11-30 11:33:04.5912–TRACE–2023/11/30 11:33:04:5912| 0| COM88| S | CommandID     65| FA52020101
2023-11-30 11:33:04.6264–TRACE–2023/11/30 11:33:04:6264| 0| COM88| R | CommandID     65| FA0203640D0A
2023-11-30 11:33:04.6264–TRACE–2023/11/30 11:33:04:6338| 0| COM88| S | CommandID     66| FA52030101
2023-11-30 11:33:04.6561–TRACE–2023/11/30 11:33:04:6561| 0| COM88| R | CommandID     66| FA0303640D0A
2023-11-30 11:33:04.6561–TRACE–2023/11/30 11:33:04:6649| 0| COM88| S | CommandID     67| FA52010402
2023-11-30 11:33:04.6931–TRACE–2023/11/30 11:33:04:6931| 0| COM88| R | CommandID     67| FA010400870D0A
2023-11-30 11:33:04.7153–TRACE–2023/11/30 11:33:04:7153| 0| COM88| S | CommandID     68| FA52020402
2023-11-30 11:33:04.7455–TRACE–2023/11/30 11:33:04:7455| 0| COM88| R | CommandID     68| FA020400890D0A
2023-11-30 11:33:04.7455–TRACE–2023/11/30 11:33:04:7554| 0| COM88| S | CommandID     69| FA52030402
2023-11-30 11:33:04.7862–TRACE–2023/11/30 11:33:04:7862| 0| COM88| R | CommandID     69| FA030400890D0A
2023-11-30 11:33:04.7935–TRACE–2023/11/30 11:33:04:7935| 0| COM88| S | CommandID     70| FA52010403
2023-11-30 11:33:04.8296–TRACE–2023/11/30 11:33:04:8295| 0| COM88| R | CommandID     70| FA01054355550D0A
2023-11-30 11:33:04.8296–TRACE–2023/11/30 11:33:04:8366| 0| COM88| S | CommandID     71| FA52020403
2023-11-30 11:33:04.8581–TRACE–2023/11/30 11:33:04:8581| 0| COM88| R | CommandID     71| FA02054559550D0A
2023-11-30 11:33:04.8581–TRACE–2023/11/30 11:33:04:8649| 0| COM88| S | CommandID     72| FA52030403
2023-11-30 11:33:04.9054–TRACE–2023/11/30 11:33:04:9054| 0| COM88| R | CommandID     72| FA03054359550D0A
2023-11-30 11:33:04.9054–TRACE–2023/11/30 11:33:04:9120| 0| COM88| S | CommandID     73| FA52010404
2023-11-30 11:33:04.9434–TRACE–2023/11/30 11:33:04:9434| 0| COM88| R | CommandID     73| FA01034B0D0A
2023-11-30 11:33:04.9509–TRACE–2023/11/30 11:33:04:9509| 0| COM88| S | CommandID     74| FA52020404
2023-11-30 11:33:04.9800–TRACE–2023/11/30 11:33:04:9800| 0| COM88| R | CommandID     74| FA02034B0D0A
2023-11-30 11:33:04.9956–TRACE–2023/11/30 11:33:04:9955| 0| COM88| S | CommandID     75| FA52030404
2023-11-30 11:33:05.0173–TRACE–2023/11/30 11:33:05:0173| 0| COM88| R | CommandID     75| FA03034B0D0A
2023-11-30 11:33:05.0173–TRACE–2023/11/30 11:33:05:0243| 0| COM88| S | CommandID     76| FA52010405
2023-11-30 11:33:05.0481–TRACE–2023/11/30 11:33:05:0481| 0| COM88| R | CommandID     76| FA01040C440D0A
2023-11-30 11:33:05.0481–TRACE–2023/11/30 11:33:05:0557| 0| COM88| S | CommandID     77| FA52020405
2023-11-30 11:33:05.1092–TRACE–2023/11/30 11:33:05:1092| 0| COM88| R | CommandID     77| FA02040D110D0A
2023-11-30 11:33:05.1092–TRACE–2023/11/30 11:33:05:1171| 0| COM88| S | CommandID     78| FA52030405
2023-11-30 11:33:05.1447–TRACE–2023/11/30 11:33:05:1447| 0| COM88| R | CommandID     78| FA03041F4F0D0A
2023-11-30 11:33:05.1529–TRACE–2023/11/30 11:33:05:1529| 0| COM88| S | CommandID     79| FA52010501
2023-11-30 11:33:05.1911–TRACE–2023/11/30 11:33:05:1910| 0| COM88| R | CommandID     79| FA010401200D0A
2023-11-30 11:33:05.1911–TRACE–2023/11/30 11:33:05:1980| 0| COM88| S | CommandID     80| FA52030501
2023-11-30 11:33:05.2205–TRACE–2023/11/30 11:33:05:2205| 0| COM88| R | CommandID     80| FA0304015C0D0A
2023-11-30 11:33:05.2205–TRACE–2023/11/30 11:33:05:2273| 0| COM88| S | CommandID     81| FA52020501
2023-11-30 11:33:05.2542–TRACE–2023/11/30 11:33:05:2541| 0| COM88| R | CommandID     81| FA020401540D0A
2023-11-30 11:33:07.2298–TRACE–2023/11/30 11:33:07:2298| 0| COM88| S | CommandID     82| FA52010002
2023-11-30 11:33:07.2634–TRACE–2023/11/30 11:33:07:2634| 0| COM88| R | CommandID     82| FA010403040D0A
2023-11-30 11:33:07.2634–TRACE–2023/11/30 11:33:07:2725| 0| COM88| S | CommandID     83| FA52020002
2023-11-30 11:33:07.3151–TRACE–2023/11/30 11:33:07:3151| 0| COM88| R | CommandID     83| FA020403040D0A
2023-11-30 11:33:07.3151–TRACE–2023/11/30 11:33:07:3228| 0| COM88| S | CommandID     84| FA52030002
2023-11-30 11:33:07.3478–TRACE–2023/11/30 11:33:07:3478| 0| COM88| R | CommandID     84| FA030403040D0A
2023-11-30 11:33:07.3550–TRACE–2023/11/30 11:33:07:3550| 0| COM88| S | CommandID     85| FA52010001
2023-11-30 11:33:07.3922–TRACE–2023/11/30 11:33:07:3921| 0| COM88| R | CommandID     85| FA010401020D0A
2023-11-30 11:33:07.4011–TRACE–2023/11/30 11:33:07:4010| 0| COM88| S | CommandID     86| FA52020001
2023-11-30 11:33:07.4327–TRACE–2023/11/30 11:33:07:4327| 0| COM88| R | CommandID     86| FA020401020D0A
2023-11-30 11:33:07.4327–TRACE–2023/11/30 11:33:07:4408| 0| COM88| S | CommandID     87| FA52030001
2023-11-30 11:33:07.4894–TRACE–2023/11/30 11:33:07:4894| 0| COM88| R | CommandID     87| FA030401020D0A
2023-11-30 11:33:07.4988–TRACE–2023/11/30 11:33:07:4988| 0| COM88| S | CommandID     88| FA52010401
2023-11-30 11:33:07.5297–TRACE–2023/11/30 11:33:07:5297| 0| COM88| R | CommandID     88| FA010A0001020304050607080D0A
2023-11-30 11:33:07.5297–TRACE–2023/11/30 11:33:07:5367| 0| COM88| S | CommandID     89| FA52020401
2023-11-30 11:33:07.5816–TRACE–2023/11/30 11:33:07:5816| 0| COM88| R | CommandID     89| FA020A0101020304050607080D0A
2023-11-30 11:33:07.5891–TRACE–2023/11/30 11:33:07:5891| 0| COM88| S | CommandID     90| FA52030401
2023-11-30 11:33:07.6115–TRACE–2023/11/30 11:33:07:6115| 0| COM88| R | CommandID     90| FA030A0101020304050607080D0A
2023-11-30 11:33:07.6204–TRACE–2023/11/30 11:33:07:6204| 0| COM88| S | CommandID     91| FA52010101
2023-11-30 11:33:07.6599–TRACE–2023/11/30 11:33:07:6599| 0| COM88| R | CommandID     91| FA0103640D0A
2023-11-30 11:33:07.6677–TRACE–2023/11/30 11:33:07:6677| 0| COM88| S | CommandID     92| FA52020101
2023-11-30 11:33:07.7016–TRACE–2023/11/30 11:33:07:7016| 0| COM88| R | CommandID     92| FA0203640D0A
2023-11-30 11:33:07.7016–TRACE–2023/11/30 11:33:07:7113| 0| COM88| S | CommandID     93| FA52030101
2023-11-30 11:33:07.7533–TRACE–2023/11/30 11:33:07:7533| 0| COM88| R | CommandID     93| FA0303640D0A
2023-11-30 11:33:07.7533–TRACE–2023/11/30 11:33:07:7602| 0| COM88| S | CommandID     94| FA52010402
2023-11-30 11:33:07.7854–TRACE–2023/11/30 11:33:07:7854| 0| COM88| R | CommandID     94| FA010400850D0A
2023-11-30 11:33:07.7933–TRACE–2023/11/30 11:33:07:7933| 0| COM88| S | CommandID     95| FA52020402
2023-11-30 11:33:07.8299–TRACE–2023/11/30 11:33:07:8298| 0| COM88| R | CommandID     95| FA020400870D0A
2023-11-30 11:33:07.8299–TRACE–2023/11/30 11:33:07:8376| 0| COM88| S | CommandID     96| FA52030402
2023-11-30 11:33:07.8611–TRACE–2023/11/30 11:33:07:8611| 0| COM88| R | CommandID     96| FA030400870D0A
2023-11-30 11:33:07.8611–TRACE–2023/11/30 11:33:07:8690| 0| COM88| S | CommandID     97| FA52010403
2023-11-30 11:33:07.9057–TRACE–2023/11/30 11:33:07:9057| 0| COM88| R | CommandID     97| FA01054555550D0A
2023-11-30 11:33:07.9057–TRACE–2023/11/30 11:33:07:9144| 0| COM88| S | CommandID     98| FA52020403
2023-11-30 11:33:07.9427–TRACE–2023/11/30 11:33:07:9426| 0| COM88| R | CommandID     98| FA02054555550D0A
2023-11-30 11:33:07.9715–TRACE–2023/11/30 11:33:07:9715| 0| COM88| S | CommandID     99| FA52030403
2023-11-30 11:33:07.9969–TRACE–2023/11/30 11:33:07:9968| 0| COM88| R | CommandID     99| FA03054357550D0A
2023-11-30 11:33:08.0116–TRACE–2023/11/30 11:33:08:0116| 0| COM88| S | CommandID    100| FA52010404
2023-11-30 11:33:08.0419–TRACE–2023/11/30 11:33:08:0419| 0| COM88| R | CommandID    100| FA01034B0D0A
2023-11-30 11:33:08.0419–TRACE–2023/11/30 11:33:08:0493| 0| COM88| S | CommandID    101| FA52020404
2023-11-30 11:33:08.0877–TRACE–2023/11/30 11:33:08:0877| 0| COM88| R | CommandID    101| FA02034B0D0A
2023-11-30 11:33:08.1058–TRACE–2023/11/30 11:33:08:1058| 0| COM88| S | CommandID    102| FA52030404
2023-11-30 11:33:08.1368–TRACE–2023/11/30 11:33:08:1368| 0| COM88| R | CommandID    102| FA03034B0D0A
2023-11-30 11:33:08.1368–TRACE–2023/11/30 11:33:08:1450| 0| COM88| S | CommandID    103| FA52010405
2023-11-30 11:33:08.1710–TRACE–2023/11/30 11:33:08:1710| 0| COM88| R | CommandID    103| FA010446220D0A
2023-11-30 11:33:08.1853–TRACE–2023/11/30 11:33:08:1853| 0| COM88| S | CommandID    104| FA52020405
2023-11-30 11:33:08.2173–TRACE–2023/11/30 11:33:08:2173| 0| COM88| R | CommandID    104| FA020439100D0A
2023-11-30 11:33:08.2173–TRACE–2023/11/30 11:33:08:2267| 0| COM88| S | CommandID    105| FA52030405
2023-11-30 11:33:08.2529–TRACE–2023/11/30 11:33:08:2529| 0| COM88| R | CommandID    105| FA03042C0C0D0A
2023-11-30 11:33:08.2621–TRACE–2023/11/30 11:33:08:2621| 0| COM88| S | CommandID    106| FA52010501
2023-11-30 11:33:08.2995–TRACE–2023/11/30 11:33:08:2995| 0| COM88| R | CommandID    106| FA010401600D0A
2023-11-30 11:33:08.3093–TRACE–2023/11/30 11:33:08:3093| 0| COM88| S | CommandID    107| FA52030501
2023-11-30 11:33:08.3473–TRACE–2023/11/30 11:33:08:3473| 0| COM88| R | CommandID    107| FA030401300D0A
2023-11-30 11:33:08.3710–TRACE–2023/11/30 11:33:08:3710| 0| COM88| S | CommandID    108| FA52020501
2023-11-30 11:33:08.4089–TRACE–2023/11/30 11:33:08:4088| 0| COM88| R | CommandID    108| FA020401380D0A
2023-11-30 11:33:10.3051–TRACE–2023/11/30 11:33:10:3050| 0| COM88| S | CommandID    109| FA52010002
2023-11-30 11:33:10.3265–TRACE–2023/11/30 11:33:10:3265| 0| COM88| R | CommandID    109| FA010403040D0A
2023-11-30 11:33:10.3265–TRACE–2023/11/30 11:33:10:3341| 0| COM88| S | CommandID    110| FA52020002
2023-11-30 11:33:10.3645–TRACE–2023/11/30 11:33:10:3645| 0| COM88| R | CommandID    110| FA020403040D0A
2023-11-30 11:33:10.3726–TRACE–2023/11/30 11:33:10:3726| 0| COM88| S | CommandID    111| FA52030002
2023-11-30 11:33:10.4093–TRACE–2023/11/30 11:33:10:4093| 0| COM88| R | CommandID    111| FA030403040D0A
2023-11-30 11:33:10.4210–TRACE–2023/11/30 11:33:10:4210| 0| COM88| S | CommandID    112| FA52010001
2023-11-30 11:33:10.4533–TRACE–2023/11/30 11:33:10:4533| 0| COM88| R | CommandID    112| FA010401020D0A
2023-11-30 11:33:10.4533–TRACE–2023/11/30 11:33:10:4610| 0| COM88| S | CommandID    113| FA52020001
2023-11-30 11:33:10.5036–TRACE–2023/11/30 11:33:10:5036| 0| COM88| R | CommandID    113| FA020401020D0A
2023-11-30 11:33:10.5147–TRACE–2023/11/30 11:33:10:5147| 0| COM88| S | CommandID    114| FA52030001
2023-11-30 11:33:10.5444–TRACE–2023/11/30 11:33:10:5444| 0| COM88| R | CommandID    114| FA030401020D0A
2023-11-30 11:33:10.5578–TRACE–2023/11/30 11:33:10:5578| 0| COM88| S | CommandID    115| FA52010401
2023-11-30 11:33:10.5831–TRACE–2023/11/30 11:33:10:5831| 0| COM88| R | CommandID    115| FA010A0101020304050607080D0A
2023-11-30 11:33:10.5948–TRACE–2023/11/30 11:33:10:5948| 0| COM88| S | CommandID    116| FA52020401
2023-11-30 11:33:10.6239–TRACE–2023/11/30 11:33:10:6239| 0| COM88| R | CommandID    116| FA020A0101020304050607080D0A
2023-11-30 11:33:10.6375–TRACE–2023/11/30 11:33:10:6375| 0| COM88| S | CommandID    117| FA52030401
2023-11-30 11:33:10.6679–TRACE–2023/11/30 11:33:10:6679| 0| COM88| R | CommandID    117| FA030A0101020304050607080D0A
2023-11-30 11:33:10.6679–TRACE–2023/11/30 11:33:10:6757| 0| COM88| S | CommandID    118| FA52010101
2023-11-30 11:33:10.7082–TRACE–2023/11/30 11:33:10:7082| 0| COM88| R | CommandID    118| FA0103640D0A
2023-11-30 11:33:10.7304–TRACE–2023/11/30 11:33:10:7304| 0| COM88| S | CommandID    119| FA52020101
2023-11-30 11:33:10.7606–TRACE–2023/11/30 11:33:10:7606| 0| COM88| R | CommandID    119| FA0203640D0A
2023-11-30 11:33:10.7606–TRACE–2023/11/30 11:33:10:7688| 0| COM88| S | CommandID    120| FA52030101
2023-11-30 11:33:10.7985–TRACE–2023/11/30 11:33:10:7985| 0| COM88| R | CommandID    120| FA0303640D0A
2023-11-30 11:33:10.8252–TRACE–2023/11/30 11:33:10:8252| 0| COM88| S | CommandID    121| FA52010402
2023-11-30 11:33:10.8588–TRACE–2023/11/30 11:33:10:8588| 0| COM88| R | CommandID    121| FA010400890D0A
2023-11-30 11:33:10.8588–TRACE–2023/11/30 11:33:10:8673| 0| COM88| S | CommandID    122| FA52020402
2023-11-30 11:33:10.8915–TRACE–2023/11/30 11:33:10:8914| 0| COM88| R | CommandID    122| FA020400870D0A
2023-11-30 11:33:10.9191–TRACE–2023/11/30 11:33:10:9191| 0| COM88| S | CommandID    123| FA52030402
2023-11-30 11:33:10.9522–TRACE–2023/11/30 11:33:10:9522| 0| COM88| R | CommandID    123| FA030400870D0A
2023-11-30 11:33:10.9522–TRACE–2023/11/30 11:33:10:9610| 0| COM88| S | CommandID    124| FA52010403
2023-11-30 11:33:10.9862–TRACE–2023/11/30 11:33:10:9861| 0| COM88| R | CommandID    124| FA01054559550D0A
2023-11-30 11:33:11.0111–TRACE–2023/11/30 11:33:11:0111| 0| COM88| S | CommandID    125| FA52020403
2023-11-30 11:33:11.0423–TRACE–2023/11/30 11:33:11:0423| 0| COM88| R | CommandID    125| FA02054359550D0A
2023-11-30 11:33:11.0423–TRACE–2023/11/30 11:33:11:0511| 0| COM88| S | CommandID    126| FA52030403
2023-11-30 11:33:11.0924–TRACE–2023/11/30 11:33:11:0924| 0| COM88| R | CommandID    126| FA03054557550D0A
2023-11-30 11:33:11.1135–TRACE–2023/11/30 11:33:11:1135| 0| COM88| S | CommandID    127| FA52010404
2023-11-30 11:33:11.1440–TRACE–2023/11/30 11:33:11:1439| 0| COM88| R | CommandID    127| FA01034B0D0A
2023-11-30 11:33:11.1543–TRACE–2023/11/30 11:33:11:1543| 0| COM88| S | CommandID    128| FA52020404
2023-11-30 11:33:11.1913–TRACE–2023/11/30 11:33:11:1913| 0| COM88| R | CommandID    128| FA02035F0D0A
2023-11-30 11:33:11.1997–TRACE–2023/11/30 11:33:11:1997| 0| COM88| S | CommandID    129| FA52030404
2023-11-30 11:33:11.2339–TRACE–2023/11/30 11:33:11:2339| 0| COM88| R | CommandID    129| FA03034B0D0A
2023-11-30 11:33:11.2339–TRACE–2023/11/30 11:33:11:2428| 0| COM88| S | CommandID    130| FA52010405
2023-11-30 11:33:11.2840–TRACE–2023/11/30 11:33:11:2840| 0| COM88| R | CommandID    130| FA010410410D0A
2023-11-30 11:33:11.2922–TRACE–2023/11/30 11:33:11:2922| 0| COM88| S | CommandID    131| FA52020405
2023-11-30 11:33:11.3155–TRACE–2023/11/30 11:33:11:3155| 0| COM88| R | CommandID    131| FA02040E0F0D0A
2023-11-30 11:33:11.3251–TRACE–2023/11/30 11:33:11:3251| 0| COM88| S | CommandID    132| FA52030405
2023-11-30 11:33:11.3607–TRACE–2023/11/30 11:33:11:3607| 0| COM88| R | CommandID    132| FA03044B160D0A
2023-11-30 11:33:11.3698–TRACE–2023/11/30 11:33:11:3698| 0| COM88| S | CommandID    133| FA52010501
2023-11-30 11:33:11.4020–TRACE–2023/11/30 11:33:11:4019| 0| COM88| R | CommandID    133| FA010401100D0A
2023-11-30 11:33:11.4020–TRACE–2023/11/30 11:33:11:4107| 0| COM88| S | CommandID    134| FA52030501
2023-11-30 11:33:11.4419–TRACE–2023/11/30 11:33:11:4419| 0| COM88| R | CommandID    134| FA0304013C0D0A
2023-11-30 11:33:11.4506–TRACE–2023/11/30 11:33:11:4506| 0| COM88| S | CommandID    135| FA52020501
2023-11-30 11:33:11.4825–TRACE–2023/11/30 11:33:11:4825| 0| COM88| R | CommandID    135| FA020401200D0A
2023-11-30 11:33:13.5396–TRACE–- A-2 initial
2023-11-30 11:33:13.5509–TRACE–- Currently on iteration : 1
2023-11-30 11:33:13.5596–TRACE–– End Custom script schedule.
2023-11-30 11:35:50.5453–TRACE–– Start Custom script schedule.
2023-11-30 11:35:50.5453–TRACE–- Currently on iteration : 0
2023-11-30 11:35:50.5703–TRACE–– Enter A-0 step.
2023-11-30 11:35:50.5703–TRACE–- A-1 initial
2023-11-30 11:35:50.5703–TRACE–2023/11/30 11:35:50:5797| 0| COM88| S | CommandID      0| FA57000201
2023-11-30 11:35:50.5905–TRACE–2023/11/30 11:35:50:5905| 0| COM88| R | CommandID      0| C30D0A
2023-11-30 11:35:55.5920–TRACE–- A-1 進入偵測階段
2023-11-30 11:35:55.5920–TRACE–2023/11/30 11:35:55:5968| 0| COM88| S | CommandID      1| FA52010002
2023-11-30 11:35:55.6148–TRACE–2023/11/30 11:35:55:6148| 0| COM88| R | CommandID      1| FA010403040D0A
2023-11-30 11:35:55.6148–TRACE–2023/11/30 11:35:55:6232| 0| COM88| S | CommandID      2| FA52020002
2023-11-30 11:35:55.6546–TRACE–2023/11/30 11:35:55:6546| 0| COM88| R | CommandID      2| FA020403040D0A
2023-11-30 11:35:55.6546–TRACE–2023/11/30 11:35:55:6580| 0| COM88| S | CommandID      3| FA52030002
2023-11-30 11:35:55.6846–TRACE–2023/11/30 11:35:55:6846| 0| COM88| R | CommandID      3| FA030403040D0A
2023-11-30 11:35:55.7095–TRACE–2023/11/30 11:35:55:7095| 0| COM88| S | CommandID      4| FA52010001
2023-11-30 11:35:55.7265–TRACE–2023/11/30 11:35:55:7265| 0| COM88| R | CommandID      4| FA010401020D0A
2023-11-30 11:35:55.7265–TRACE–2023/11/30 11:35:55:7295| 0| COM88| S | CommandID      5| FA52020001
2023-11-30 11:35:55.7612–TRACE–2023/11/30 11:35:55:7612| 0| COM88| R | CommandID      5| FA020401020D0A
2023-11-30 11:35:55.7612–TRACE–2023/11/30 11:35:55:7669| 0| COM88| S | CommandID      6| FA52030001
2023-11-30 11:35:55.7942–TRACE–2023/11/30 11:35:55:7942| 0| COM88| R | CommandID      6| FA030401020D0A
2023-11-30 11:35:55.7942–TRACE–2023/11/30 11:35:55:7983| 0| COM88| S | CommandID      7| FA52010401
2023-11-30 11:35:55.8219–TRACE–2023/11/30 11:35:55:8219| 0| COM88| R | CommandID      7| FA010A0101020304050607080D0A
2023-11-30 11:35:55.8219–TRACE–2023/11/30 11:35:55:8256| 0| COM88| S | CommandID      8| FA52020401
2023-11-30 11:35:55.8573–TRACE–2023/11/30 11:35:55:8573| 0| COM88| R | CommandID      8| FA020A0101020304050607080D0A
2023-11-30 11:35:55.8573–TRACE–2023/11/30 11:35:55:8606| 0| COM88| S | CommandID      9| FA52030401
2023-11-30 11:35:55.8863–TRACE–2023/11/30 11:35:55:8862| 0| COM88| R | CommandID      9| FA030A0101020304050607080D0A
2023-11-30 11:35:55.8863–TRACE–2023/11/30 11:35:55:8899| 0| COM88| S | CommandID     10| FA52010101
2023-11-30 11:35:55.9185–TRACE–2023/11/30 11:35:55:9185| 0| COM88| R | CommandID     10| FA0103640D0A
2023-11-30 11:35:55.9185–TRACE–2023/11/30 11:35:55:9218| 0| COM88| S | CommandID     11| FA52020101
2023-11-30 11:35:55.9429–TRACE–2023/11/30 11:35:55:9428| 0| COM88| R | CommandID     11| FA0203640D0A
2023-11-30 11:35:55.9429–TRACE–2023/11/30 11:35:55:9466| 0| COM88| S | CommandID     12| FA52030101
2023-11-30 11:35:55.9764–TRACE–2023/11/30 11:35:55:9764| 0| COM88| R | CommandID     12| FA0303640D0A
2023-11-30 11:35:55.9764–TRACE–2023/11/30 11:35:55:9804| 0| COM88| S | CommandID     13| FA52010402
2023-11-30 11:35:56.0121–TRACE–2023/11/30 11:35:56:0121| 0| COM88| R | CommandID     13| FA010400850D0A
2023-11-30 11:35:56.0121–TRACE–2023/11/30 11:35:56:0154| 0| COM88| S | CommandID     14| FA52020402
2023-11-30 11:35:56.0453–TRACE–2023/11/30 11:35:56:0453| 0| COM88| R | CommandID     14| FA020400870D0A
2023-11-30 11:35:56.0453–TRACE–2023/11/30 11:35:56:0487| 0| COM88| S | CommandID     15| FA52030402
2023-11-30 11:35:56.0735–TRACE–2023/11/30 11:35:56:0734| 0| COM88| R | CommandID     15| FA030400870D0A
2023-11-30 11:35:56.0735–TRACE–2023/11/30 11:35:56:0771| 0| COM88| S | CommandID     16| FA52010403
2023-11-30 11:35:56.1056–TRACE–2023/11/30 11:35:56:1056| 0| COM88| R | CommandID     16| FA01054557550D0A
2023-11-30 11:35:56.1056–TRACE–2023/11/30 11:35:56:1086| 0| COM88| S | CommandID     17| FA52020403
2023-11-30 11:35:56.1358–TRACE–2023/11/30 11:35:56:1358| 0| COM88| R | CommandID     17| FA02054559550D0A
2023-11-30 11:35:56.1358–TRACE–2023/11/30 11:35:56:1410| 0| COM88| S | CommandID     18| FA52030403
2023-11-30 11:35:56.1715–TRACE–2023/11/30 11:35:56:1715| 0| COM88| R | CommandID     18| FA03054157550D0A
2023-11-30 11:35:56.1778–TRACE–2023/11/30 11:35:56:1778| 0| COM88| S | CommandID     19| FA52010404
2023-11-30 11:35:56.2097–TRACE–2023/11/30 11:35:56:2096| 0| COM88| R | CommandID     19| FA01034B0D0A
2023-11-30 11:35:56.2097–TRACE–2023/11/30 11:35:56:2140| 0| COM88| S | CommandID     20| FA52020404
2023-11-30 11:35:56.2403–TRACE–2023/11/30 11:35:56:2403| 0| COM88| R | CommandID     20| FA02034B0D0A
2023-11-30 11:35:56.2403–TRACE–2023/11/30 11:35:56:2445| 0| COM88| S | CommandID     21| FA52030404
2023-11-30 11:35:56.2747–TRACE–2023/11/30 11:35:56:2747| 0| COM88| R | CommandID     21| FA03034B0D0A
2023-11-30 11:35:56.2747–TRACE–2023/11/30 11:35:56:2783| 0| COM88| S | CommandID     22| FA52010405
2023-11-30 11:35:56.3206–TRACE–2023/11/30 11:35:56:3206| 0| COM88| R | CommandID     22| FA01040F2A0D0A
2023-11-30 11:35:56.3206–TRACE–2023/11/30 11:35:56:3250| 0| COM88| S | CommandID     23| FA52020405
2023-11-30 11:35:56.3582–TRACE–2023/11/30 11:35:56:3582| 0| COM88| R | CommandID     23| FA02041B3C0D0A
2023-11-30 11:35:56.3582–TRACE–2023/11/30 11:35:56:3623| 0| COM88| S | CommandID     24| FA52030405
2023-11-30 11:35:56.3893–TRACE–2023/11/30 11:35:56:3893| 0| COM88| R | CommandID     24| FA030450390D0A
2023-11-30 11:35:56.3893–TRACE–2023/11/30 11:35:56:3940| 0| COM88| S | CommandID     25| FA52010501
2023-11-30 11:35:56.4206–TRACE–2023/11/30 11:35:56:4206| 0| COM88| R | CommandID     25| FA010401000D0A
2023-11-30 11:35:56.4206–TRACE–2023/11/30 11:35:56:4244| 0| COM88| S | CommandID     26| FA52030501
2023-11-30 11:35:56.4641–TRACE–2023/11/30 11:35:56:4641| 0| COM88| R | CommandID     26| FA030401400D0A
2023-11-30 11:35:56.4641–TRACE–2023/11/30 11:35:56:4691| 0| COM88| S | CommandID     27| FA52020501
2023-11-30 11:35:56.4922–TRACE–2023/11/30 11:35:56:4922| 0| COM88| R | CommandID     27| FA020401440D0A
2023-11-30 11:36:00.6926–TRACE–2023/11/30 11:36:00:6926| 0| COM88| S | CommandID     28| FA52010002
2023-11-30 11:36:00.7238–TRACE–2023/11/30 11:36:00:7238| 0| COM88| R | CommandID     28| FA010403040D0A
2023-11-30 11:36:00.7238–TRACE–2023/11/30 11:36:00:7283| 0| COM88| S | CommandID     29| FA52020002
2023-11-30 11:36:00.7574–TRACE–2023/11/30 11:36:00:7574| 0| COM88| R | CommandID     29| FA020403040D0A
2023-11-30 11:36:00.7574–TRACE–2023/11/30 11:36:00:7617| 0| COM88| S | CommandID     30| FA52030002
2023-11-30 11:36:00.7918–TRACE–2023/11/30 11:36:00:7917| 0| COM88| R | CommandID     30| FA030403040D0A
2023-11-30 11:36:00.7918–TRACE–2023/11/30 11:36:00:7981| 0| COM88| S | CommandID     31| FA52010001
2023-11-30 11:36:00.8249–TRACE–2023/11/30 11:36:00:8248| 0| COM88| R | CommandID     31| FA010401020D0A
2023-11-30 11:36:00.8493–TRACE–2023/11/30 11:36:00:8492| 0| COM88| S | CommandID     32| FA52020001
2023-11-30 11:36:00.8768–TRACE–2023/11/30 11:36:00:8768| 0| COM88| R | CommandID     32| FA020401020D0A
2023-11-30 11:36:00.8807–TRACE–2023/11/30 11:36:00:8807| 0| COM88| S | CommandID     33| FA52030001
2023-11-30 11:36:00.9082–TRACE–2023/11/30 11:36:00:9082| 0| COM88| R | CommandID     33| FA030401020D0A
2023-11-30 11:36:00.9133–TRACE–2023/11/30 11:36:00:9133| 0| COM88| S | CommandID     34| FA52010401
2023-11-30 11:36:00.9456–TRACE–2023/11/30 11:36:00:9455| 0| COM88| R | CommandID     34| FA010A0101020304050607080D0A
2023-11-30 11:36:00.9456–TRACE–2023/11/30 11:36:00:9503| 0| COM88| S | CommandID     35| FA52020401
2023-11-30 11:36:00.9816–TRACE–2023/11/30 11:36:00:9816| 0| COM88| R | CommandID     35| FA020A0101020304050607080D0A
2023-11-30 11:36:00.9816–TRACE–2023/11/30 11:36:00:9883| 0| COM88| S | CommandID     36| FA52030401
2023-11-30 11:36:01.0215–TRACE–2023/11/30 11:36:01:0215| 0| COM88| R | CommandID     36| FA030A0101020304050607080D0A
2023-11-30 11:36:01.0215–TRACE–2023/11/30 11:36:01:0257| 0| COM88| S | CommandID     37| FA52010101
2023-11-30 11:36:01.0525–TRACE–2023/11/30 11:36:01:0524| 0| COM88| R | CommandID     37| FA0103000D0A
2023-11-30 11:36:01.0525–TRACE–2023/11/30 11:36:01:0569| 0| COM88| S | CommandID     38| FA52020101
2023-11-30 11:36:01.0850–TRACE–2023/11/30 11:36:01:0849| 0| COM88| R | CommandID     38| FA0203640D0A
2023-11-30 11:36:01.0850–TRACE–2023/11/30 11:36:01:0893| 0| COM88| S | CommandID     39| FA52030101
2023-11-30 11:36:01.1214–TRACE–2023/11/30 11:36:01:1214| 0| COM88| R | CommandID     39| FA0303640D0A
2023-11-30 11:36:01.1214–TRACE–2023/11/30 11:36:01:1262| 0| COM88| S | CommandID     40| FA52010402
2023-11-30 11:36:01.1537–TRACE–2023/11/30 11:36:01:1537| 0| COM88| R | CommandID     40| FA010400870D0A
2023-11-30 11:36:01.1537–TRACE–2023/11/30 11:36:01:1578| 0| COM88| S | CommandID     41| FA52020402
2023-11-30 11:36:01.1899–TRACE–2023/11/30 11:36:01:1898| 0| COM88| R | CommandID     41| FA020400870D0A
2023-11-30 11:36:01.1944–TRACE–2023/11/30 11:36:01:1944| 0| COM88| S | CommandID     42| FA52030402
2023-11-30 11:36:01.2164–TRACE–2023/11/30 11:36:01:2164| 0| COM88| R | CommandID     42| FA030400850D0A
2023-11-30 11:36:01.2164–TRACE–2023/11/30 11:36:01:2206| 0| COM88| S | CommandID     43| FA52010403
2023-11-30 11:36:01.2650–TRACE–2023/11/30 11:36:01:2649| 0| COM88| R | CommandID     43| FA01054557550D0A
2023-11-30 11:36:01.2650–TRACE–2023/11/30 11:36:01:2698| 0| COM88| S | CommandID     44| FA52020403
2023-11-30 11:36:01.2961–TRACE–2023/11/30 11:36:01:2961| 0| COM88| R | CommandID     44| FA02054155550D0A
2023-11-30 11:36:01.3042–TRACE–2023/11/30 11:36:01:3042| 0| COM88| S | CommandID     45| FA52030403
2023-11-30 11:36:01.3347–TRACE–2023/11/30 11:36:01:3347| 0| COM88| R | CommandID     45| FA03054357550D0A
2023-11-30 11:36:01.3347–TRACE–2023/11/30 11:36:01:3432| 0| COM88| S | CommandID     46| FA52010404
2023-11-30 11:36:01.3708–TRACE–2023/11/30 11:36:01:3708| 0| COM88| R | CommandID     46| FA01034B0D0A
2023-11-30 11:36:01.3853–TRACE–2023/11/30 11:36:01:3853| 0| COM88| S | CommandID     47| FA52020404
2023-11-30 11:36:01.4118–TRACE–2023/11/30 11:36:01:4118| 0| COM88| R | CommandID     47| FA02034B0D0A
2023-11-30 11:36:01.4118–TRACE–2023/11/30 11:36:01:4177| 0| COM88| S | CommandID     48| FA52030404
2023-11-30 11:36:01.4461–TRACE–2023/11/30 11:36:01:4461| 0| COM88| R | CommandID     48| FA03034B0D0A
2023-11-30 11:36:01.4461–TRACE–2023/11/30 11:36:01:4516| 0| COM88| S | CommandID     49| FA52010405
2023-11-30 11:36:01.4744–TRACE–2023/11/30 11:36:01:4743| 0| COM88| R | CommandID     49| FA01042A2A0D0A
2023-11-30 11:36:01.4744–TRACE–2023/11/30 11:36:01:4789| 0| COM88| S | CommandID     50| FA52020405
2023-11-30 11:36:01.5086–TRACE–2023/11/30 11:36:01:5086| 0| COM88| R | CommandID     50| FA020413240D0A
2023-11-30 11:36:01.5086–TRACE–2023/11/30 11:36:01:5155| 0| COM88| S | CommandID     51| FA52030405
2023-11-30 11:36:01.5489–TRACE–2023/11/30 11:36:01:5489| 0| COM88| R | CommandID     51| FA030441130D0A
2023-11-30 11:36:01.5562–TRACE–2023/11/30 11:36:01:5562| 0| COM88| S | CommandID     52| FA52010501
2023-11-30 11:36:01.5850–TRACE–2023/11/30 11:36:01:5849| 0| COM88| R | CommandID     52| FA010401400D0A
2023-11-30 11:36:01.5850–TRACE–2023/11/30 11:36:01:5894| 0| COM88| S | CommandID     53| FA52030501
2023-11-30 11:36:01.6209–TRACE–2023/11/30 11:36:01:6209| 0| COM88| R | CommandID     53| FA030401480D0A
2023-11-30 11:36:01.6322–TRACE–2023/11/30 11:36:01:6322| 0| COM88| S | CommandID     54| FA52020501
2023-11-30 11:36:01.6575–TRACE–2023/11/30 11:36:01:6575| 0| COM88| R | CommandID     54| FA020401200D0A
2023-11-30 11:36:05.7484–TRACE–2023/11/30 11:36:05:7484| 0| COM88| S | CommandID     55| FA52010002
2023-11-30 11:36:05.7727–TRACE–2023/11/30 11:36:05:7727| 0| COM88| R | CommandID     55| FA010403040D0A
2023-11-30 11:36:05.7869–TRACE–2023/11/30 11:36:05:7869| 0| COM88| S | CommandID     56| FA52020002
2023-11-30 11:36:05.8094–TRACE–2023/11/30 11:36:05:8094| 0| COM88| R | CommandID     56| FA020403040D0A
2023-11-30 11:36:05.8094–TRACE–2023/11/30 11:36:05:8134| 0| COM88| S | CommandID     57| FA52030002
2023-11-30 11:36:05.8417–TRACE–2023/11/30 11:36:05:8417| 0| COM88| R | CommandID     57| FA030403040D0A
2023-11-30 11:36:05.8417–TRACE–2023/11/30 11:36:05:8460| 0| COM88| S | CommandID     58| FA52010001
2023-11-30 11:36:05.8752–TRACE–2023/11/30 11:36:05:8752| 0| COM88| R | CommandID     58| FA010401020D0A
2023-11-30 11:36:05.8752–TRACE–2023/11/30 11:36:05:8793| 0| COM88| S | CommandID     59| FA52020001
2023-11-30 11:36:05.9224–TRACE–2023/11/30 11:36:05:9224| 0| COM88| R | CommandID     59| FA020401020D0A
2023-11-30 11:36:05.9272–TRACE–2023/11/30 11:36:05:9271| 0| COM88| S | CommandID     60| FA52030001
2023-11-30 11:36:05.9584–TRACE–2023/11/30 11:36:05:9583| 0| COM88| R | CommandID     60| FA030401020D0A
2023-11-30 11:36:05.9584–TRACE–2023/11/30 11:36:05:9655| 0| COM88| S | CommandID     61| FA52010401
2023-11-30 11:36:05.9927–TRACE–2023/11/30 11:36:05:9927| 0| COM88| R | CommandID     61| FA010A0101020304050607080D0A
2023-11-30 11:36:05.9927–TRACE–2023/11/30 11:36:05:9993| 0| COM88| S | CommandID     62| FA52020401
2023-11-30 11:36:06.0238–TRACE–2023/11/30 11:36:06:0237| 0| COM88| R | CommandID     62| FA020A0101020304050607080D0A
2023-11-30 11:36:06.0387–TRACE–2023/11/30 11:36:06:0387| 0| COM88| S | CommandID     63| FA52030401
2023-11-30 11:36:06.0593–TRACE–2023/11/30 11:36:06:0593| 0| COM88| R | CommandID     63| FA030A0101020304050607080D0A
2023-11-30 11:36:06.0593–TRACE–2023/11/30 11:36:06:0658| 0| COM88| S | CommandID     64| FA52010101
2023-11-30 11:36:06.0942–TRACE–2023/11/30 11:36:06:0942| 0| COM88| R | CommandID     64| FA0103640D0A
2023-11-30 11:36:06.1009–TRACE–2023/11/30 11:36:06:1009| 0| COM88| S | CommandID     65| FA52020101
2023-11-30 11:36:06.1210–TRACE–2023/11/30 11:36:06:1210| 0| COM88| R | CommandID     65| FA0203640D0A
2023-11-30 11:36:06.1210–TRACE–2023/11/30 11:36:06:1260| 0| COM88| S | CommandID     66| FA52030101
2023-11-30 11:36:06.1710–TRACE–2023/11/30 11:36:06:1710| 0| COM88| R | CommandID     66| FA0303640D0A
2023-11-30 11:36:06.1710–TRACE–2023/11/30 11:36:06:1761| 0| COM88| S | CommandID     67| FA52010402
2023-11-30 11:36:06.2025–TRACE–2023/11/30 11:36:06:2025| 0| COM88| R | CommandID     67| FA010400890D0A
2023-11-30 11:36:06.2082–TRACE–2023/11/30 11:36:06:2082| 0| COM88| S | CommandID     68| FA52020402
2023-11-30 11:36:06.2281–TRACE–2023/11/30 11:36:06:2280| 0| COM88| R | CommandID     68| FA020400850D0A
2023-11-30 11:36:06.2281–TRACE–2023/11/30 11:36:06:2326| 0| COM88| S | CommandID     69| FA52030402
2023-11-30 11:36:06.2732–TRACE–2023/11/30 11:36:06:2732| 0| COM88| R | CommandID     69| FA030400850D0A
2023-11-30 11:36:06.2732–TRACE–2023/11/30 11:36:06:2782| 0| COM88| S | CommandID     70| FA52010403
2023-11-30 11:36:06.3023–TRACE–2023/11/30 11:36:06:3023| 0| COM88| R | CommandID     70| FA01054555550D0A
2023-11-30 11:36:06.3023–TRACE–2023/11/30 11:36:06:3090| 0| COM88| S | CommandID     71| FA52020403
2023-11-30 11:36:06.3356–TRACE–2023/11/30 11:36:06:3356| 0| COM88| R | CommandID     71| FA02054357550D0A
2023-11-30 11:36:06.3356–TRACE–2023/11/30 11:36:06:3410| 0| COM88| S | CommandID     72| FA52030403
2023-11-30 11:36:06.3991–TRACE–2023/11/30 11:36:06:3991| 0| COM88| R | CommandID     72| FA03054555550D0A
2023-11-30 11:36:06.3991–TRACE–2023/11/30 11:36:06:4042| 0| COM88| S | CommandID     73| FA52010404
2023-11-30 11:36:06.4294–TRACE–2023/11/30 11:36:06:4294| 0| COM88| R | CommandID     73| FA01034B0D0A
2023-11-30 11:36:06.4294–TRACE–2023/11/30 11:36:06:4346| 0| COM88| S | CommandID     74| FA52020404
2023-11-30 11:36:06.4600–TRACE–2023/11/30 11:36:06:4600| 0| COM88| R | CommandID     74| FA02034B0D0A
2023-11-30 11:36:06.4600–TRACE–2023/11/30 11:36:06:4657| 0| COM88| S | CommandID     75| FA52030404
2023-11-30 11:36:06.4895–TRACE–2023/11/30 11:36:06:4895| 0| COM88| R | CommandID     75| FA03034B0D0A
2023-11-30 11:36:06.4895–TRACE–2023/11/30 11:36:06:4953| 0| COM88| S | CommandID     76| FA52010405
2023-11-30 11:36:06.5293–TRACE–2023/11/30 11:36:06:5293| 0| COM88| R | CommandID     76| FA0104334C0D0A
2023-11-30 11:36:06.5363–TRACE–2023/11/30 11:36:06:5363| 0| COM88| S | CommandID     77| FA52020405
2023-11-30 11:36:06.5544–TRACE–2023/11/30 11:36:06:5544| 0| COM88| R | CommandID     77| FA02044A2F0D0A
2023-11-30 11:36:06.5544–TRACE–2023/11/30 11:36:06:5593| 0| COM88| S | CommandID     78| FA52030405
2023-11-30 11:36:06.5981–TRACE–2023/11/30 11:36:06:5981| 0| COM88| R | CommandID     78| FA03040A290D0A
2023-11-30 11:36:06.6031–TRACE–2023/11/30 11:36:06:6031| 0| COM88| S | CommandID     79| FA52010501
2023-11-30 11:36:06.6377–TRACE–2023/11/30 11:36:06:6377| 0| COM88| R | CommandID     79| FA010401240D0A
2023-11-30 11:36:06.6468–TRACE–2023/11/30 11:36:06:6468| 0| COM88| S | CommandID     80| FA52030501
2023-11-30 11:36:06.6771–TRACE–2023/11/30 11:36:06:6771| 0| COM88| R | CommandID     80| FA030401480D0A
2023-11-30 11:36:06.6771–TRACE–2023/11/30 11:36:06:6838| 0| COM88| S | CommandID     81| FA52020501
2023-11-30 11:36:06.7089–TRACE–2023/11/30 11:36:06:7089| 0| COM88| R | CommandID     81| FA020401440D0A
2023-11-30 11:36:10.8137–TRACE–2023/11/30 11:36:10:8137| 0| COM88| S | CommandID     82| FA52010002
2023-11-30 11:36:10.8407–TRACE–2023/11/30 11:36:10:8407| 0| COM88| R | CommandID     82| FA010403040D0A
2023-11-30 11:36:10.8407–TRACE–2023/11/30 11:36:10:8453| 0| COM88| S | CommandID     83| FA52020002
2023-11-30 11:36:10.8736–TRACE–2023/11/30 11:36:10:8736| 0| COM88| R | CommandID     83| FA020403040D0A
2023-11-30 11:36:10.8736–TRACE–2023/11/30 11:36:10:8779| 0| COM88| S | CommandID     84| FA52030002
2023-11-30 11:36:10.9218–TRACE–2023/11/30 11:36:10:9217| 0| COM88| R | CommandID     84| FA030403040D0A
2023-11-30 11:36:10.9269–TRACE–2023/11/30 11:36:10:9269| 0| COM88| S | CommandID     85| FA52010001
2023-11-30 11:36:10.9613–TRACE–2023/11/30 11:36:10:9613| 0| COM88| R | CommandID     85| FA010401020D0A
2023-11-30 11:36:10.9613–TRACE–2023/11/30 11:36:10:9683| 0| COM88| S | CommandID     86| FA52020001
2023-11-30 11:36:10.9934–TRACE–2023/11/30 11:36:10:9934| 0| COM88| R | CommandID     86| FA020401020D0A
2023-11-30 11:36:10.9934–TRACE–2023/11/30 11:36:11:0012| 0| COM88| S | CommandID     87| FA52030001
2023-11-30 11:36:11.0440–TRACE–2023/11/30 11:36:11:0440| 0| COM88| R | CommandID     87| FA030401020D0A
2023-11-30 11:36:11.0440–TRACE–2023/11/30 11:36:11:0502| 0| COM88| S | CommandID     88| FA52010401
2023-11-30 11:36:11.0735–TRACE–2023/11/30 11:36:11:0735| 0| COM88| R | CommandID     88| FA010A0101020304050607080D0A
2023-11-30 11:36:11.0735–TRACE–2023/11/30 11:36:11:0778| 0| COM88| S | CommandID     89| FA52020401
2023-11-30 11:36:11.1038–TRACE–2023/11/30 11:36:11:1038| 0| COM88| R | CommandID     89| FA020A0101020304050607080D0A
2023-11-30 11:36:11.1164–TRACE–2023/11/30 11:36:11:1164| 0| COM88| S | CommandID     90| FA52030401
2023-11-30 11:36:11.1465–TRACE–2023/11/30 11:36:11:1465| 0| COM88| R | CommandID     90| FA030A0101020304050607080D0A
2023-11-30 11:36:11.1465–TRACE–2023/11/30 11:36:11:1518| 0| COM88| S | CommandID     91| FA52010101
2023-11-30 11:36:11.1799–TRACE–2023/11/30 11:36:11:1798| 0| COM88| R | CommandID     91| FA0103640D0A
2023-11-30 11:36:11.1799–TRACE–2023/11/30 11:36:11:1861| 0| COM88| S | CommandID     92| FA52020101
2023-11-30 11:36:11.2114–TRACE–2023/11/30 11:36:11:2114| 0| COM88| R | CommandID     92| FA0203640D0A
2023-11-30 11:36:11.2248–TRACE–2023/11/30 11:36:11:2248| 0| COM88| S | CommandID     93| FA52030101
2023-11-30 11:36:11.2548–TRACE–2023/11/30 11:36:11:2548| 0| COM88| R | CommandID     93| FA0303640D0A
2023-11-30 11:36:11.2548–TRACE–2023/11/30 11:36:11:2602| 0| COM88| S | CommandID     94| FA52010402
2023-11-30 11:36:11.3007–TRACE–2023/11/30 11:36:11:3007| 0| COM88| R | CommandID     94| FA010400870D0A
2023-11-30 11:36:11.3068–TRACE–2023/11/30 11:36:11:3067| 0| COM88| S | CommandID     95| FA52020402
2023-11-30 11:36:11.3348–TRACE–2023/11/30 11:36:11:3348| 0| COM88| R | CommandID     95| FA020400890D0A
2023-11-30 11:36:11.3348–TRACE–2023/11/30 11:36:11:3401| 0| COM88| S | CommandID     96| FA52030402
2023-11-30 11:36:11.3747–TRACE–2023/11/30 11:36:11:3747| 0| COM88| R | CommandID     96| FA030400870D0A
2023-11-30 11:36:11.3818–TRACE–2023/11/30 11:36:11:3817| 0| COM88| S | CommandID     97| FA52010403
2023-11-30 11:36:11.4109–TRACE–2023/11/30 11:36:11:4109| 0| COM88| R | CommandID     97| FA01054159550D0A
2023-11-30 11:36:11.4109–TRACE–2023/11/30 11:36:11:4158| 0| COM88| S | CommandID     98| FA52020403
2023-11-30 11:36:11.4668–TRACE–2023/11/30 11:36:11:4668| 0| COM88| R | CommandID     98| FA02055957550D0A
2023-11-30 11:36:11.4736–TRACE–2023/11/30 11:36:11:4736| 0| COM88| S | CommandID     99| FA52030403
2023-11-30 11:36:11.4954–TRACE–2023/11/30 11:36:11:4954| 0| COM88| R | CommandID     99| FA03054159550D0A
2023-11-30 11:36:11.4954–TRACE–2023/11/30 11:36:11:5010| 0| COM88| S | CommandID    100| FA52010404
2023-11-30 11:36:11.5289–TRACE–2023/11/30 11:36:11:5289| 0| COM88| R | CommandID    100| FA01034B0D0A
2023-11-30 11:36:11.5289–TRACE–2023/11/30 11:36:11:5338| 0| COM88| S | CommandID    101| FA52020404
2023-11-30 11:36:11.5546–TRACE–2023/11/30 11:36:11:5546| 0| COM88| R | CommandID    101| FA02034B0D0A
2023-11-30 11:36:11.5693–TRACE–2023/11/30 11:36:11:5693| 0| COM88| S | CommandID    102| FA52030404
2023-11-30 11:36:11.5894–TRACE–2023/11/30 11:36:11:5894| 0| COM88| R | CommandID    102| FA03034B0D0A
2023-11-30 11:36:11.5894–TRACE–2023/11/30 11:36:11:5946| 0| COM88| S | CommandID    103| FA52010405
2023-11-30 11:36:11.6158–TRACE–2023/11/30 11:36:11:6158| 0| COM88| R | CommandID    103| FA01044D0B0D0A
2023-11-30 11:36:11.6158–TRACE–2023/11/30 11:36:11:6219| 0| COM88| S | CommandID    104| FA52020405
2023-11-30 11:36:11.6851–TRACE–2023/11/30 11:36:11:6851| 0| COM88| R | CommandID    104| FA020444430D0A
2023-11-30 11:36:11.6851–TRACE–2023/11/30 11:36:11:6906| 0| COM88| S | CommandID    105| FA52030405
2023-11-30 11:36:11.7185–TRACE–2023/11/30 11:36:11:7185| 0| COM88| R | CommandID    105| FA03040D340D0A
2023-11-30 11:36:11.7240–TRACE–2023/11/30 11:36:11:7240| 0| COM88| S | CommandID    106| FA52010501
2023-11-30 11:36:11.7466–TRACE–2023/11/30 11:36:11:7466| 0| COM88| R | CommandID    106| FA010401280D0A
2023-11-30 11:36:11.7466–TRACE–2023/11/30 11:36:11:7525| 0| COM88| S | CommandID    107| FA52030501
2023-11-30 11:36:11.8103–TRACE–2023/11/30 11:36:11:8103| 0| COM88| R | CommandID    107| FA030401280D0A
2023-11-30 11:36:11.8103–TRACE–2023/11/30 11:36:11:8162| 0| COM88| S | CommandID    108| FA52020501
2023-11-30 11:36:11.8430–TRACE–2023/11/30 11:36:11:8430| 0| COM88| R | CommandID    108| FA020401400D0A
2023-11-30 11:36:14.2216–TRACE–- A-2 initial
2023-11-30 11:36:14.2328–TRACE–- Currently on iteration : 1
2023-11-30 11:36:14.2408–TRACE–– End Custom script schedule.
2023-11-30 11:36:31.4527–TRACE–– Start Custom script schedule.
2023-11-30 11:36:31.4606–TRACE–- Currently on iteration : 0
2023-11-30 11:36:31.4606–TRACE–– Enter A-0 step.
2023-11-30 11:36:31.4606–TRACE–- A-1 initial
2023-11-30 11:36:31.4783–TRACE–2023/11/30 11:36:31:4782| 0| COM88| S | CommandID      0| FA57000201
2023-11-30 11:36:31.5128–TRACE–2023/11/30 11:36:31:5127| 0| COM88| R | CommandID      0| C30D0A
2023-11-30 11:36:36.4924–TRACE–- A-1 進入偵測階段
2023-11-30 11:36:36.4924–TRACE–2023/11/30 11:36:36:4983| 0| COM88| S | CommandID      1| FA52010002
2023-11-30 11:36:36.5258–TRACE–2023/11/30 11:36:36:5258| 0| COM88| R | CommandID      1| FA010403040D0A
2023-11-30 11:36:36.5258–TRACE–2023/11/30 11:36:36:5326| 0| COM88| S | CommandID      2| FA52020002
2023-11-30 11:36:36.5767–TRACE–2023/11/30 11:36:36:5766| 0| COM88| R | CommandID      2| FA020403040D0A
2023-11-30 11:36:36.5846–TRACE–2023/11/30 11:36:36:5846| 0| COM88| S | CommandID      3| FA52030002
2023-11-30 11:36:36.6145–TRACE–2023/11/30 11:36:36:6145| 0| COM88| R | CommandID      3| FA030403040D0A
2023-11-30 11:36:36.6145–TRACE–2023/11/30 11:36:36:6205| 0| COM88| S | CommandID      4| FA52010001
2023-11-30 11:36:36.6459–TRACE–2023/11/30 11:36:36:6459| 0| COM88| R | CommandID      4| FA010401020D0A
2023-11-30 11:36:36.6613–TRACE–2023/11/30 11:36:36:6612| 0| COM88| S | CommandID      5| FA52020001
2023-11-30 11:36:36.6928–TRACE–2023/11/30 11:36:36:6928| 0| COM88| R | CommandID      5| FA020401020D0A
2023-11-30 11:36:36.6928–TRACE–2023/11/30 11:36:36:7019| 0| COM88| S | CommandID      6| FA52030001
2023-11-30 11:36:36.7328–TRACE–2023/11/30 11:36:36:7328| 0| COM88| R | CommandID      6| FA030401020D0A
2023-11-30 11:36:36.7328–TRACE–2023/11/30 11:36:36:7381| 0| COM88| S | CommandID      7| FA52010401
2023-11-30 11:36:36.7799–TRACE–2023/11/30 11:36:36:7798| 0| COM88| R | CommandID      7| FA010A0101020304050607080D0A
2023-11-30 11:36:36.7877–TRACE–2023/11/30 11:36:36:7877| 0| COM88| S | CommandID      8| FA52020401
2023-11-30 11:36:36.8243–TRACE–2023/11/30 11:36:36:8242| 0| COM88| R | CommandID      8| FA020A0101020304050607080D0A
2023-11-30 11:36:36.8243–TRACE–2023/11/30 11:36:36:8305| 0| COM88| S | CommandID      9| FA52030401
2023-11-30 11:36:36.8520–TRACE–2023/11/30 11:36:36:8520| 0| COM88| R | CommandID      9| FA030A0101020304050607080D0A
2023-11-30 11:36:36.8654–TRACE–2023/11/30 11:36:36:8653| 0| COM88| S | CommandID     10| FA52010101
2023-11-30 11:36:36.8957–TRACE–2023/11/30 11:36:36:8957| 0| COM88| R | CommandID     10| FA0103640D0A
2023-11-30 11:36:36.8957–TRACE–2023/11/30 11:36:36:9059| 0| COM88| S | CommandID     11| FA52020101
2023-11-30 11:36:36.9306–TRACE–2023/11/30 11:36:36:9306| 0| COM88| R | CommandID     11| FA0203640D0A
2023-11-30 11:36:36.9306–TRACE–2023/11/30 11:36:36:9364| 0| COM88| S | CommandID     12| FA52030101
2023-11-30 11:36:36.9652–TRACE–2023/11/30 11:36:36:9651| 0| COM88| R | CommandID     12| FA0303640D0A
2023-11-30 11:36:36.9652–TRACE–2023/11/30 11:36:36:9705| 0| COM88| S | CommandID     13| FA52010402
2023-11-30 11:36:36.9982–TRACE–2023/11/30 11:36:36:9981| 0| COM88| R | CommandID     13| FA010400890D0A
2023-11-30 11:36:37.0052–TRACE–2023/11/30 11:36:37:0051| 0| COM88| S | CommandID     14| FA52020402
2023-11-30 11:36:37.0273–TRACE–2023/11/30 11:36:37:0273| 0| COM88| R | CommandID     14| FA020400890D0A
2023-11-30 11:36:37.0273–TRACE–2023/11/30 11:36:37:0336| 0| COM88| S | CommandID     15| FA52030402
2023-11-30 11:36:37.0750–TRACE–2023/11/30 11:36:37:0750| 0| COM88| R | CommandID     15| FA030400870D0A
2023-11-30 11:36:37.0821–TRACE–2023/11/30 11:36:37:0821| 0| COM88| S | CommandID     16| FA52010403
2023-11-30 11:36:37.1109–TRACE–2023/11/30 11:36:37:1109| 0| COM88| R | CommandID     16| FA01054555550D0A
2023-11-30 11:36:37.1201–TRACE–2023/11/30 11:36:37:1200| 0| COM88| S | CommandID     17| FA52020403
2023-11-30 11:36:37.1536–TRACE–2023/11/30 11:36:37:1535| 0| COM88| R | CommandID     17| FA02054555550D0A
2023-11-30 11:36:37.1536–TRACE–2023/11/30 11:36:37:1600| 0| COM88| S | CommandID     18| FA52030403
2023-11-30 11:36:37.1842–TRACE–2023/11/30 11:36:37:1842| 0| COM88| R | CommandID     18| FA03054559550D0A
2023-11-30 11:36:37.1842–TRACE–2023/11/30 11:36:37:1906| 0| COM88| S | CommandID     19| FA52010404
2023-11-30 11:36:37.2110–TRACE–2023/11/30 11:36:37:2110| 0| COM88| R | CommandID     19| FA01034B0D0A
2023-11-30 11:36:37.2110–TRACE–2023/11/30 11:36:37:2217| 0| COM88| S | CommandID     20| FA52020404
2023-11-30 11:36:37.2709–TRACE–2023/11/30 11:36:37:2709| 0| COM88| R | CommandID     20| FA02035F0D0A
2023-11-30 11:36:37.2709–TRACE–2023/11/30 11:36:37:2802| 0| COM88| S | CommandID     21| FA52030404
2023-11-30 11:36:37.3047–TRACE–2023/11/30 11:36:37:3047| 0| COM88| R | CommandID     21| FA03034B0D0A
2023-11-30 11:36:37.3047–TRACE–2023/11/30 11:36:37:3165| 0| COM88| S | CommandID     22| FA52010405
2023-11-30 11:36:37.3569–TRACE–2023/11/30 11:36:37:3568| 0| COM88| R | CommandID     22| FA010418230D0A
2023-11-30 11:36:37.3644–TRACE–2023/11/30 11:36:37:3644| 0| COM88| S | CommandID     23| FA52020405
2023-11-30 11:36:37.3876–TRACE–2023/11/30 11:36:37:3876| 0| COM88| R | CommandID     23| FA02043E290D0A
2023-11-30 11:36:37.3945–TRACE–2023/11/30 11:36:37:3945| 0| COM88| S | CommandID     24| FA52030405
2023-11-30 11:36:37.4223–TRACE–2023/11/30 11:36:37:4223| 0| COM88| R | CommandID     24| FA03041E1C0D0A
2023-11-30 11:36:37.4296–TRACE–2023/11/30 11:36:37:4296| 0| COM88| S | CommandID     25| FA52010501
2023-11-30 11:36:37.4662–TRACE–2023/11/30 11:36:37:4662| 0| COM88| R | CommandID     25| FA0104010C0D0A
2023-11-30 11:36:37.4732–TRACE–2023/11/30 11:36:37:4732| 0| COM88| S | CommandID     26| FA52030501
2023-11-30 11:36:37.4981–TRACE–2023/11/30 11:36:37:4981| 0| COM88| R | CommandID     26| FA0304014C0D0A
2023-11-30 11:36:37.5058–TRACE–2023/11/30 11:36:37:5058| 0| COM88| S | CommandID     27| FA52020501
2023-11-30 11:36:37.5427–TRACE–2023/11/30 11:36:37:5426| 0| COM88| R | CommandID     27| FA0204014C0D0A
2023-11-30 11:36:41.5716–TRACE–2023/11/30 11:36:41:5716| 0| COM88| S | CommandID     28| FA52010002
2023-11-30 11:36:41.6027–TRACE–2023/11/30 11:36:41:6027| 0| COM88| R | CommandID     28| FA010403040D0A
2023-11-30 11:36:41.6142–TRACE–2023/11/30 11:36:41:6141| 0| COM88| S | CommandID     29| FA52020002
2023-11-30 11:36:41.6379–TRACE–2023/11/30 11:36:41:6379| 0| COM88| R | CommandID     29| FA020403040D0A
2023-11-30 11:36:41.6379–TRACE–2023/11/30 11:36:41:6433| 0| COM88| S | CommandID     30| FA52030002
2023-11-30 11:36:41.6728–TRACE–2023/11/30 11:36:41:6728| 0| COM88| R | CommandID     30| FA030403040D0A
2023-11-30 11:36:41.6822–TRACE–2023/11/30 11:36:41:6821| 0| COM88| S | CommandID     31| FA52010001
2023-11-30 11:36:41.7308–TRACE–2023/11/30 11:36:41:7307| 0| COM88| R | CommandID     31| FA010401020D0A
2023-11-30 11:36:41.7388–TRACE–2023/11/30 11:36:41:7388| 0| COM88| S | CommandID     32| FA52020001
2023-11-30 11:36:41.7699–TRACE–2023/11/30 11:36:41:7699| 0| COM88| R | CommandID     32| FA020401020D0A
2023-11-30 11:36:41.7699–TRACE–2023/11/30 11:36:41:7814| 0| COM88| S | CommandID     33| FA52030001
2023-11-30 11:36:41.8255–TRACE–2023/11/30 11:36:41:8255| 0| COM88| R | CommandID     33| FA030401020D0A
2023-11-30 11:36:41.8341–TRACE–2023/11/30 11:36:41:8340| 0| COM88| S | CommandID     34| FA52010401
2023-11-30 11:36:41.8650–TRACE–2023/11/30 11:36:41:8650| 0| COM88| R | CommandID     34| FA010A0101020304050607080D0A
2023-11-30 11:36:41.8650–TRACE–2023/11/30 11:36:41:8735| 0| COM88| S | CommandID     35| FA52020401
2023-11-30 11:36:41.9026–TRACE–2023/11/30 11:36:41:9025| 0| COM88| R | CommandID     35| FA020A0101020304050607080D0A
2023-11-30 11:36:41.9277–TRACE–2023/11/30 11:36:41:9277| 0| COM88| S | CommandID     36| FA52030401
2023-11-30 11:36:41.9610–TRACE–2023/11/30 11:36:41:9610| 0| COM88| R | CommandID     36| FA030A0101020304050607080D0A
2023-11-30 11:36:41.9610–TRACE–2023/11/30 11:36:41:9716| 0| COM88| S | CommandID     37| FA52010101
2023-11-30 11:36:41.9948–TRACE–2023/11/30 11:36:41:9948| 0| COM88| R | CommandID     37| FA0103640D0A
2023-11-30 11:36:41.9948–TRACE–2023/11/30 11:36:42:0014| 0| COM88| S | CommandID     38| FA52020101
2023-11-30 11:36:42.0444–TRACE–2023/11/30 11:36:42:0444| 0| COM88| R | CommandID     38| FA0203640D0A
2023-11-30 11:36:42.0526–TRACE–2023/11/30 11:36:42:0526| 0| COM88| S | CommandID     39| FA52030101
2023-11-30 11:36:42.0837–TRACE–2023/11/30 11:36:42:0836| 0| COM88| R | CommandID     39| FA0303640D0A
2023-11-30 11:36:42.0837–TRACE–2023/11/30 11:36:42:0914| 0| COM88| S | CommandID     40| FA52010402
2023-11-30 11:36:42.1225–TRACE–2023/11/30 11:36:42:1224| 0| COM88| R | CommandID     40| FA010400870D0A
2023-11-30 11:36:42.1297–TRACE–2023/11/30 11:36:42:1297| 0| COM88| S | CommandID     41| FA52020402
2023-11-30 11:36:42.1604–TRACE–2023/11/30 11:36:42:1603| 0| COM88| R | CommandID     41| FA020400850D0A
2023-11-30 11:36:42.1604–TRACE–2023/11/30 11:36:42:1689| 0| COM88| S | CommandID     42| FA52030402
2023-11-30 11:36:42.1948–TRACE–2023/11/30 11:36:42:1947| 0| COM88| R | CommandID     42| FA030400870D0A
2023-11-30 11:36:42.2080–TRACE–2023/11/30 11:36:42:2079| 0| COM88| S | CommandID     43| FA52010403
2023-11-30 11:36:42.2477–TRACE–2023/11/30 11:36:42:2477| 0| COM88| R | CommandID     43| FA01054555550D0A
2023-11-30 11:36:42.2544–TRACE–2023/11/30 11:36:42:2544| 0| COM88| S | CommandID     44| FA52020403
2023-11-30 11:36:42.2772–TRACE–2023/11/30 11:36:42:2771| 0| COM88| R | CommandID     44| FA02054355550D0A
2023-11-30 11:36:42.2772–TRACE–2023/11/30 11:36:42:2847| 0| COM88| S | CommandID     45| FA52030403
2023-11-30 11:36:42.3200–TRACE–2023/11/30 11:36:42:3200| 0| COM88| R | CommandID     45| FA03054155550D0A
2023-11-30 11:36:42.3200–TRACE–2023/11/30 11:36:42:3268| 0| COM88| S | CommandID     46| FA52010404
2023-11-30 11:36:42.3482–TRACE–2023/11/30 11:36:42:3482| 0| COM88| R | CommandID     46| FA01034B0D0A
2023-11-30 11:36:42.3482–TRACE–2023/11/30 11:36:42:3549| 0| COM88| S | CommandID     47| FA52020404
2023-11-30 11:36:42.3986–TRACE–2023/11/30 11:36:42:3985| 0| COM88| R | CommandID     47| FA02034B0D0A
2023-11-30 11:36:42.4121–TRACE–2023/11/30 11:36:42:4120| 0| COM88| S | CommandID     48| FA52030404
2023-11-30 11:36:42.4413–TRACE–2023/11/30 11:36:42:4412| 0| COM88| R | CommandID     48| FA03034B0D0A
2023-11-30 11:36:42.4413–TRACE–2023/11/30 11:36:42:4479| 0| COM88| S | CommandID     49| FA52010405
2023-11-30 11:36:42.4784–TRACE–2023/11/30 11:36:42:4784| 0| COM88| R | CommandID     49| FA01040C500D0A
2023-11-30 11:36:42.4784–TRACE–2023/11/30 11:36:42:4860| 0| COM88| S | CommandID     50| FA52020405
2023-11-30 11:36:42.5283–TRACE–2023/11/30 11:36:42:5283| 0| COM88| R | CommandID     50| FA02042F350D0A
2023-11-30 11:36:42.5380–TRACE–2023/11/30 11:36:42:5380| 0| COM88| S | CommandID     51| FA52030405
2023-11-30 11:36:42.5664–TRACE–2023/11/30 11:36:42:5664| 0| COM88| R | CommandID     51| FA03040B4C0D0A
2023-11-30 11:36:42.5664–TRACE–2023/11/30 11:36:42:5736| 0| COM88| S | CommandID     52| FA52010501
2023-11-30 11:36:42.6003–TRACE–2023/11/30 11:36:42:6002| 0| COM88| R | CommandID     52| FA010401380D0A
2023-11-30 11:36:42.6003–TRACE–2023/11/30 11:36:42:6082| 0| COM88| S | CommandID     53| FA52030501
2023-11-30 11:36:42.6392–TRACE–2023/11/30 11:36:42:6392| 0| COM88| R | CommandID     53| FA030401440D0A
2023-11-30 11:36:42.6484–TRACE–2023/11/30 11:36:42:6484| 0| COM88| S | CommandID     54| FA52020501
2023-11-30 11:36:42.6802–TRACE–2023/11/30 11:36:42:6802| 0| COM88| R | CommandID     54| FA020401580D0A
2023-11-30 11:36:44.8896–TRACE–- A-2 initial
2023-11-30 11:36:44.9001–TRACE–- Currently on iteration : 1
2023-11-30 11:36:44.9260–TRACE–– End Custom script schedule.
